[Warn  - 10:32:32 pm] OmniSharp.Extensions.LanguageServer.Server.LspServerOutputFilter: Tried to send request or notification before initialization was completed and will be sent later OutgoingNotification { Method = powerShell/executionStatusChanged, Params = Microsoft.PowerShell.EditorServices.Services.PowerShellContext.ExecutionStatusChangedEventArgs, TraceParent = , TraceState =  } | @Request='OutgoingNotification { Method = powerShell/executionStatusChanged, Params = Microsoft.PowerShell.EditorServices.Services.PowerShellContext.ExecutionStatusChangedEventArgs, TraceParent = , TraceState =  }'
[Warn  - 10:32:32 pm] OmniSharp.Extensions.LanguageServer.Server.LspServerOutputFilter: Tried to send request or notification before initialization was completed and will be sent later OutgoingNotification { Method = powerShell/executionStatusChanged, Params = Microsoft.PowerShell.EditorServices.Services.PowerShellContext.ExecutionStatusChangedEventArgs, TraceParent = , TraceState =  } | @Request='OutgoingNotification { Method = powerShell/executionStatusChanged, Params = Microsoft.PowerShell.EditorServices.Services.PowerShellContext.ExecutionStatusChangedEventArgs, TraceParent = , TraceState =  }'
[Error - 10:32:32 pm] Microsoft.PowerShell.EditorServices.Services.PowerShellContextService: Execution of the following command(s) completed with errors:

    Import-Module /home/bazza/.vscode-oss/extensions/panekj.powershell-2021.10.0-universal/modules/PowerShellEditorServices/Commands/PowerShellEditorServices.Commands.psd1

 | 
[Warn  - 10:32:32 pm] OmniSharp.Extensions.LanguageServer.Server.LspServerOutputFilter: Tried to send request or notification before initialization was completed and will be sent later OutgoingNotification { Method = powerShell/executionStatusChanged, Params = Microsoft.PowerShell.EditorServices.Services.PowerShellContext.ExecutionStatusChangedEventArgs, TraceParent = , TraceState =  } | @Request='OutgoingNotification { Method = powerShell/executionStatusChanged, Params = Microsoft.PowerShell.EditorServices.Services.PowerShellContext.ExecutionStatusChangedEventArgs, TraceParent = , TraceState =  }'
[Warn  - 10:32:32 pm] OmniSharp.Extensions.LanguageServer.Server.LspServerOutputFilter: Tried to send request or notification before initialization was completed and will be sent later OutgoingNotification { Method = powerShell/executionStatusChanged, Params = Microsoft.PowerShell.EditorServices.Services.PowerShellContext.ExecutionStatusChangedEventArgs, TraceParent = , TraceState =  } | @Request='OutgoingNotification { Method = powerShell/executionStatusChanged, Params = Microsoft.PowerShell.EditorServices.Services.PowerShellContext.ExecutionStatusChangedEventArgs, TraceParent = , TraceState =  }'
[Error - 10:32:32 pm] Microsoft.PowerShell.EditorServices.Handlers.PsesConfigurationHandler: Could not resolve Script Analyzer settings path due to null or empty workspaceRootPath. | 
[Warn  - 10:32:32 pm] OmniSharp.Extensions.LanguageServer.Server.Configuration.DidChangeConfigurationProvider: No ConfigurationItems have been defined, configuration won't surface any configuration from the client! | 
[Error - 10:32:33 pm] Microsoft.PowerShell.EditorServices.Services.WorkspaceService: Could not resolve relative script path
    baseFilePath = 
        relativePath = PSScriptAnalyzerSettings.psd1

System.ArgumentNullException: Value cannot be null. (Parameter 'path1')
   at System.ArgumentNullException.Throw(String paramName)
   at System.IO.Path.Combine(String path1, String path2)
   at Microsoft.PowerShell.EditorServices.Services.WorkspaceService.ResolveRelativeScriptPath(String baseFilePath, String relativePath) in D:\a\1\s\src\PowerShellEditorServices\Services\Workspace\WorkspaceService.cs:line 524 | 
[Warn  - 10:35:38 pm] Microsoft.PowerShell.EditorServices.Handlers.PsesCodeActionHandler: textDocument/codeAction skipping diagnostic with empty Code field: PowerShell You must provide a value expression following the '=' operator. | 
[Warn  - 10:35:48 pm] Microsoft.PowerShell.EditorServices.Handlers.PsesCodeActionHandler: textDocument/codeAction skipping diagnostic with empty Code field: PowerShell You must provide a value expression following the '=' operator. | 
[Warn  - 10:35:55 pm] Microsoft.PowerShell.EditorServices.Handlers.PsesCodeActionHandler: textDocument/codeAction skipping diagnostic with empty Code field: PowerShell Array index expression is missing or not valid. | 
[Warn  - 10:35:57 pm] Microsoft.PowerShell.EditorServices.Handlers.PsesCodeActionHandler: textDocument/codeAction skipping diagnostic with empty Code field: PowerShell Unexpected token '$]' in expression or statement. | 
[Warn  - 10:36:07 pm] Microsoft.PowerShell.EditorServices.Handlers.PsesCodeActionHandler: textDocument/codeAction skipping diagnostic with empty Code field: PowerShell You must provide a value expression following the '=' operator. | 
[Warn  - 10:36:12 pm] Microsoft.PowerShell.EditorServices.Handlers.PsesCodeActionHandler: textDocument/codeAction skipping diagnostic with empty Code field: PowerShell Array index expression is missing or not valid. | 
[Warn  - 10:36:23 pm] Microsoft.PowerShell.EditorServices.Handlers.PsesCodeActionHandler: textDocument/codeAction skipping diagnostic with empty Code field: PowerShell You must provide a value expression following the '=' operator. | 
[Warn  - 10:37:25 pm] Microsoft.PowerShell.EditorServices.Handlers.PsesCodeActionHandler: textDocument/codeAction skipping diagnostic with empty Code field: PowerShell Array index expression is missing or not valid. | 
[Warn  - 10:37:31 pm] Microsoft.PowerShell.EditorServices.Handlers.PsesCodeActionHandler: textDocument/codeAction skipping diagnostic with empty Code field: PowerShell Array index expression is missing or not valid. | 
[Warn  - 10:37:48 pm] Microsoft.PowerShell.EditorServices.Handlers.PsesCodeActionHandler: textDocument/codeAction skipping diagnostic with empty Code field: PowerShell You must provide a value expression following the '=' operator. | 
[Warn  - 10:37:52 pm] Microsoft.PowerShell.EditorServices.Handlers.PsesCodeActionHandler: textDocument/codeAction skipping diagnostic with empty Code field: PowerShell Array index expression is missing or not valid. | 
[Warn  - 10:44:27 pm] Microsoft.PowerShell.EditorServices.Handlers.PsesCodeActionHandler: textDocument/codeAction skipping diagnostic with empty Code field: PowerShell Missing opening '(' after keyword 'for'. | 
[Warn  - 10:44:35 pm] Microsoft.PowerShell.EditorServices.Handlers.PsesCodeActionHandler: textDocument/codeAction skipping diagnostic with empty Code field: PowerShell Missing statement body in for loop. | 
[Warn  - 10:44:37 pm] Microsoft.PowerShell.EditorServices.Handlers.PsesCodeActionHandler: textDocument/codeAction skipping diagnostic with empty Code field: PowerShell Missing statement body in for loop. | 
[Warn  - 10:44:56 pm] Microsoft.PowerShell.EditorServices.Handlers.PsesCodeActionHandler: textDocument/codeAction skipping diagnostic with empty Code field: PowerShell Missing statement body in for loop. | 
[Warn  - 10:44:58 pm] Microsoft.PowerShell.EditorServices.Handlers.PsesCodeActionHandler: textDocument/codeAction skipping diagnostic with empty Code field: PowerShell Missing statement body in for loop. | 
[Warn  - 10:45:08 pm] Microsoft.PowerShell.EditorServices.Handlers.PsesCodeActionHandler: textDocument/codeAction skipping diagnostic with empty Code field: PowerShell Missing statement body in for loop. | 
[Warn  - 10:45:49 pm] Microsoft.PowerShell.EditorServices.Handlers.PsesCodeActionHandler: textDocument/codeAction skipping diagnostic with empty Code field: PowerShell Missing closing ')' after expression in 'for' statement. | 
[Warn  - 10:45:52 pm] Microsoft.PowerShell.EditorServices.Handlers.PsesCodeActionHandler: textDocument/codeAction skipping diagnostic with empty Code field: PowerShell Missing closing ')' after expression in 'for' statement. | 
[Warn  - 10:45:54 pm] Microsoft.PowerShell.EditorServices.Handlers.PsesCodeActionHandler: textDocument/codeAction skipping diagnostic with empty Code field: PowerShell Missing closing ')' after expression in 'for' statement. | 
[Warn  - 10:45:55 pm] Microsoft.PowerShell.EditorServices.Handlers.PsesCodeActionHandler: textDocument/codeAction skipping diagnostic with empty Code field: PowerShell Missing closing ')' after expression in 'for' statement. | 
[Warn  - 10:46:03 pm] Microsoft.PowerShell.EditorServices.Handlers.PsesCodeActionHandler: textDocument/codeAction skipping diagnostic with empty Code field: PowerShell You must provide a value expression following the '-lt' operator. | 
[Warn  - 10:46:03 pm] Microsoft.PowerShell.EditorServices.Handlers.PsesCodeActionHandler: textDocument/codeAction skipping diagnostic with empty Code field: PowerShell Missing closing ')' after expression in 'for' statement. | 
[Warn  - 10:46:08 pm] Microsoft.PowerShell.EditorServices.Handlers.PsesCodeActionHandler: textDocument/codeAction skipping diagnostic with empty Code field: PowerShell Missing closing ')' after expression in 'for' statement. | 
[Warn  - 10:46:11 pm] Microsoft.PowerShell.EditorServices.Handlers.PsesCodeActionHandler: textDocument/codeAction skipping diagnostic with empty Code field: PowerShell Missing closing ')' after expression in 'for' statement. | 
[Warn  - 10:46:16 pm] Microsoft.PowerShell.EditorServices.Handlers.PsesCodeActionHandler: textDocument/codeAction skipping diagnostic with empty Code field: PowerShell Missing closing ')' after expression in 'for' statement. | 
[Warn  - 10:46:21 pm] Microsoft.PowerShell.EditorServices.Handlers.PsesCodeActionHandler: textDocument/codeAction skipping diagnostic with empty Code field: PowerShell Missing closing ')' after expression in 'for' statement. | 
[Warn  - 6:17:41 pm] Microsoft.PowerShell.EditorServices.Handlers.PsesCodeActionHandler: textDocument/codeAction skipping diagnostic with empty Code field: PowerShell Unexpected token '{' in expression or statement. | 
[Warn  - 6:17:41 pm] Microsoft.PowerShell.EditorServices.Handlers.PsesCodeActionHandler: textDocument/codeAction skipping diagnostic with empty Code field: PowerShell Missing closing ')' after expression in 'for' statement. | 
[Warn  - 6:17:41 pm] Microsoft.PowerShell.EditorServices.Handlers.PsesCodeActionHandler: textDocument/codeAction skipping diagnostic with empty Code field: PowerShell Unexpected token '{' in expression or statement. | 
[Warn  - 6:17:41 pm] Microsoft.PowerShell.EditorServices.Handlers.PsesCodeActionHandler: textDocument/codeAction skipping diagnostic with empty Code field: PowerShell Missing closing ')' after expression in 'for' statement. | 
[Warn  - 6:17:44 pm] Microsoft.PowerShell.EditorServices.Handlers.PsesCodeActionHandler: textDocument/codeAction skipping diagnostic with empty Code field: PowerShell Unexpected token '{' in expression or statement. | 
