Handbrake Version: 1.0.7 (2017041000)

** (ghb:3870): WARNING **: Inhibit failed: The name org.freedesktop.PowerManagement was not provided by any .service files
[11:37:07] gtkgui: Modified Preset: /General/Very Fast 576p25
[11:37:07] 1 job(s) to process
[11:37:07] json job:
{
    "Audio": {
        "AudioList": [
            {
                "Bitrate": 160,
                "CompressionLevel": -1.0,
                "DRC": 0.0,
                "DitherMethod": "auto",
                "Encoder": "av_aac",
                "Gain": 0.0,
                "Mixdown": "dpl1",
                "NormalizeMixLevel": false,
                "PresetEncoder": "av_aac",
                "Quality": -3.0,
                "Samplerate": "auto",
                "Track": 0
            }
        ],
        "CopyMask": [
            "copy:aac"
        ],
        "FallbackEncoder": "av_aac"
    },
    "Destination": {
        "ChapterList": [
            {
                "Name": "Chapter 1"
            },
            {
                "Name": "Chapter 2"
            },
            {
                "Name": "Chapter 3"
            },
            {
                "Name": "Chapter 4"
            },
            {
                "Name": "Chapter 5"
            },
            {
                "Name": "Chapter 6"
            },
            {
                "Name": "Chapter 7"
            },
            {
                "Name": "Chapter 8"
            },
            {
                "Name": "Chapter 9"
            },
            {
                "Name": "Chapter 10"
            },
            {
                "Name": "Chapter 11"
            },
            {
                "Name": "Chapter 12"
            },
            {
                "Name": "Chapter 13"
            },
            {
                "Name": "Chapter 14"
            },
            {
                "Name": "Chapter 15"
            },
            {
                "Name": "Chapter 16"
            }
        ],
        "ChapterMarkers": true,
        "File": "/media/mythfs/tv/conman/5x17.mkv",
        "Mp4Options": {
            "IpodAtom": false,
            "Mp4Optimize": false
        },
        "Mux": "mkv"
    },
    "Filters": {
        "FilterList": [
            {
                "ID": 3,
                "Settings": {
                    "block-height": "16",
                    "block-thresh": "80",
                    "block-width": "16",
                    "filter-mode": "1",
                    "mode": "0",
                    "motion-thresh": "2",
                    "spatial-metric": "2",
                    "spatial-thresh": "3"
                }
            },
            {
                "ID": 4,
                "Settings": {
                    "mode": "7"
                }
            },
            {
                "ID": 6,
                "Settings": {
                    "mode": 2,
                    "rate": "27000000/1080000"
                }
            },
            {
                "ID": 11,
                "Settings": {
                    "crop-bottom": 0,
                    "crop-left": 0,
                    "crop-right": 0,
                    "crop-top": 0,
                    "height": 576,
                    "width": 720
                }
            }
        ]
    },
    "Metadata": {
        "Name": "ANGEL_S5_DISC5"
    },
    "PAR": {
        "Den": 45,
        "Num": 64
    },
    "SequenceID": 0,
    "Source": {
        "Angle": 0,
        "Path": "/dev/sr0",
        "Range": {
            "End": 16,
            "Start": 1,
            "Type": "chapter"
        },
        "Title": 2
    },
    "Subtitle": {
        "Search": {
            "Burn": true,
            "Default": false,
            "Enable": false,
            "Forced": false
        },
        "SubtitleList": [
            {
                "Burn": true,
                "Default": false,
                "Forced": false,
                "Track": 2
            },
            {
                "Burn": false,
                "Default": false,
                "Forced": false,
                "Track": 9
            }
        ]
    },
    "Video": {
        "ColorMatrixCode": 0,
        "Encoder": "x264",
        "Level": "3.1",
        "OpenCL": false,
        "Options": "",
        "Preset": "veryfast",
        "Profile": "main",
        "QSV": {
            "AsyncDepth": 4,
            "Decode": false
        },
        "Quality": 22.0,
        "Tune": "",
        "Turbo": false,
        "TwoPass": false
    }
}
[11:37:07] CPU: 
[11:37:07]  - logical processor count: 4
[11:37:07] hb_scan: path=/dev/sr0, title_index=2
disc.c:352: error opening file BDMV/index.bdmv
disc.c:352: error opening file BDMV/BACKUP/index.bdmv
[11:37:08] bd: not a bd - trying as a stream/file instead
[11:37:08] dvd: Region mask 0xfe
libdvdnav: Using dvdnav version 5.0.1
libdvdnav: DVD Title: ANGEL_S5_DISC5
libdvdnav: DVD Serial Number: 316F50DB
libdvdnav: DVD Title (Alternative): ANGEL_S5_DISC5
libdvdnav: DVD disk reports itself with Region mask 0x00f50000. Regions: 2 4

libdvdread: Attempting to retrieve all CSS keys
libdvdread: This can take a _long_ time, please be patient

libdvdread: Get key for /VIDEO_TS/VIDEO_TS.VOB at 0x0001fa40
libdvdread: Elapsed time 0
libdvdread: Get key for /VIDEO_TS/VTS_01_0.VOB at 0x0001fdcd
libdvdread: Elapsed time 1
libdvdread: Get key for /VIDEO_TS/VTS_01_1.VOB at 0x000245cd
libdvdread: Elapsed time 0
libdvdread: Get key for /VIDEO_TS/VTS_02_1.VOB at 0x0039da47
libdvdread: Elapsed time 5
libdvdread: Get key for /VIDEO_TS/VTS_03_1.VOB at 0x003a00b6
libdvdread: Elapsed time 0
libdvdread: Get key for /VIDEO_TS/VTS_04_1.VOB at 0x003b0963
libdvdread: Elapsed time 0
libdvdread: Found 4 VTS's
libdvdread: Elapsed time 6
[11:37:14] scan: DVD has 10 title(s)
[11:37:14] scan: scanning title 2
[11:37:14] scan: opening IFO for VTS 1
[11:37:14] scan: duration is 00:40:25 (2425720 ms)
[11:37:14] pgc_id: 2, pgn: 1: pgc: 0x7f3fd8857a00
[11:37:14] scan: vts=1, ttn=2, cells=0->15, blocks=929577->3642425, 921470 blocks
[11:37:14] scan: checking audio 1
[11:37:14] scan: id=0x80bd, lang=English (AC3), 3cc=eng ext=0
[11:37:14] scan: checking audio 2
[11:37:14] scan: id=0x81bd, lang=Francais (AC3), 3cc=fra ext=0
[11:37:14] scan: checking audio 3
[11:37:14] scan: id=0x82bd, lang=English (AC3), 3cc=eng ext=3
[11:37:14] scan: checking subtitle 1
[11:37:14] scan: id=0x20bd, lang=dansk, 3cc=dan ext=0
[11:37:14] scan: checking subtitle 2
[11:37:14] scan: id=0x21bd, lang=Nederlands, 3cc=nld ext=0
[11:37:14] scan: checking subtitle 3
[11:37:14] scan: id=0x22bd, lang=English, 3cc=eng ext=0
[11:37:14] scan: checking subtitle 4
[11:37:14] scan: id=0x23bd, lang=suomi, 3cc=fin ext=0
[11:37:14] scan: checking subtitle 5
[11:37:14] scan: id=0x24bd, lang=Francais, 3cc=fra ext=0
[11:37:14] scan: checking subtitle 6
[11:37:14] scan: id=0x25bd, lang=norsk, 3cc=nor ext=0
[11:37:14] scan: checking subtitle 7
[11:37:14] scan: id=0x26bd, lang=svenska, 3cc=swe ext=0
[11:37:14] scan: checking subtitle 8
[11:37:14] scan: id=0x27bd, lang=Francais, 3cc=fra ext=1
[11:37:14] scan: checking subtitle 9
[11:37:14] scan: id=0x28bd, lang=Nederlands, 3cc=nld ext=0
[11:37:14] scan: checking subtitle 10
[11:37:14] scan: id=0x29bd, lang=English, 3cc=eng ext=0
[11:37:14] scan: checking subtitle 11
[11:37:14] scan: id=0x2abd, lang=Francais, 3cc=fra ext=0
[11:37:14] scan: title 2 has 16 chapters
[11:37:14] scan: chap 1 c=0->0, b=929577->1063419 (133843), 330320 ms
[11:37:14] scan: chap 2 c=1->1, b=1063420->1101805 (38386), 103280 ms
[11:37:14] scan: chap 3 c=2->2, b=1101806->1156051 (54246), 143240 ms
[11:37:14] scan: chap 4 c=3->3, b=1156052->1213137 (57086), 168720 ms
[11:37:14] scan: chap 5 c=4->4, b=1213138->1276606 (63469), 168200 ms
[11:37:14] scan: chap 6 c=5->5, b=1276607->1346212 (69606), 178200 ms
[11:37:14] scan: chap 7 c=6->6, b=1346213->1411309 (65097), 173240 ms
[11:37:14] scan: chap 8 c=7->7, b=1411310->1486288 (74979), 181600 ms
[11:37:14] scan: chap 9 c=8->8, b=1486289->1522437 (36149), 95040 ms
[11:37:14] scan: chap 10 c=9->9, b=1522438->1565327 (42890), 96480 ms
[11:37:14] scan: chap 11 c=10->10, b=1565328->1676618 (111291), 290360 ms
[11:37:14] scan: chap 12 c=11->11, b=1676619->1712072 (35454), 94800 ms
[11:37:14] scan: chap 13 c=12->12, b=1712073->1759685 (47613), 131720 ms
[11:37:14] scan: chap 14 c=13->13, b=1759686->1825661 (65976), 186400 ms
[11:37:14] scan: chap 15 c=14->14, b=1825662->1850994 (25333), 83640 ms
[11:37:14] scan: chap 16 c=15->15, b=3642374->3642425 (52), 480 ms
[11:37:14] scan: aspect = 16:9
[11:37:14] scan: decoding previews for title 2
libdvdnav: DVD disk reports itself with Region mask 0x00f50000. Regions: 2 4
[11:37:14] scan: title angle(s) 1
[ac3 @ 0x7f3fd80ffca0] frame sync error
[11:37:15] scan: audio 0x82bd: ac3, rate=48000Hz, bitrate=192000 English (AC3) (Director's Commentary 1) (2.0 ch) (Dolby Surround)
[ac3 @ 0x7f3fd80ffc40] frame sync error
[11:37:15] scan: audio 0x81bd: ac3, rate=48000Hz, bitrate=192000 Francais (AC3) (2.0 ch) (Dolby Surround)
[ac3 @ 0x7f3fd80ffc40] frame sync error
[11:37:15] scan: audio 0x80bd: ac3, rate=48000Hz, bitrate=192000 English (AC3) (2.0 ch) (Dolby Surround)
[11:37:17] scan: 10 previews, 720x576, 25.000 fps, autocrop = 0/0/0/0, aspect 16:9, PAR 64:45
[11:37:17] libhb: scan thread found 1 valid title(s)
[11:37:17] starting job
[11:37:17] decomb filter thread started for segment 1
[11:37:17] decomb filter thread started for segment 0
[11:37:17] decomb filter thread started for segment 2
[11:37:17] decomb filter thread started for segment 3
[11:37:17] decomb check thread started for segment 0
[11:37:17] decomb check thread started for segment 1
[11:37:17] decomb check thread started for segment 2
[11:37:17] decomb check thread started for segment 3
[11:37:17] yadif thread started for segment 0
[11:37:17] yadif thread started for segment 1
[11:37:17] yadif thread started for segment 2
[11:37:17] yadif thread started for segment 3
[11:37:17] job configuration:
[11:37:17]  * source
[11:37:17]    + /dev/sr0
[11:37:17]    + title 2, chapter(s) 1 to 16
[11:37:17]  * destination
[11:37:17]    + /media/mythfs/tv/conman/5x17.mkv
[11:37:17]    + container: Matroska (libavformat)
[11:37:17]      + chapter markers
[11:37:17]  * video track
[11:37:17]    + decoder: mpeg2video
[11:37:17]      + bitrate 7500 kbps
[11:37:17]    + filters
[11:37:17]      + Comb Detect (mode=0:spatial-metric=2:motion-thresh=2:spatial-thresh=3:filter-mode=1:block-thresh=80:block-width=16:block-height=16)
[11:37:17]      + Decomb (mode=39)
[11:37:17]      + Framerate Shaper (mode=2:rate=27000000/1080000)
[11:37:17]        + frame rate: 25.000 fps -> peak rate limited to 25.000 fps
[11:37:17]      + Subtitle renderer ()
[11:37:17]      + Crop and Scale (width=720:height=576:crop-top=0:crop-bottom=0:crop-left=0:crop-right=0)
[11:37:17]        + source: 720 * 576, crop (0/0/0/0): 720 * 576, scale: 720 * 576
[11:37:17]    + Output geometry
[11:37:17]      + storage dimensions: 720 x 576
[11:37:17]      + pixel aspect ratio: 64 : 45
[11:37:17]      + display dimensions: 1024 x 576
[11:37:17]    + encoder: H.264 (libx264)
[11:37:17]      + preset:  veryfast
[11:37:17]      + profile: main
[11:37:17]      + level:   3.1
[11:37:17]      + quality: 22.00 (RF)
[11:37:17]  * subtitle track 1, English (track 2, id 0x22bd) Picture [VOBSUB] -> Render/Burn-in
[11:37:17]  * subtitle track 2, English (track 9, id 0x29bd) Picture [VOBSUB] -> Passthrough
[11:37:17]  * audio track 1
[11:37:17]    + decoder: English (AC3) (2.0 ch) (Dolby Surround) (track 1, id 0x80bd)
[11:37:17]      + bitrate: 192 kbps, samplerate: 48000 Hz
[11:37:17]    + mixdown: Dolby Surround
[11:37:17]    + encoder: AAC (libavcodec)
[11:37:17]      + bitrate: 160 kbps, samplerate: 48000 Hz
[11:37:17] dvd: Region mask 0xfe
libdvdnav: Using dvdnav version 5.0.1
libdvdnav: DVD Title: ANGEL_S5_DISC5
libdvdnav: DVD Serial Number: 316F50DB
libdvdnav: DVD Title (Alternative): ANGEL_S5_DISC5
libdvdnav: DVD disk reports itself with Region mask 0x00f50000. Regions: 2 4

libdvdread: Attempting to retrieve all CSS keys
libdvdread: This can take a _long_ time, please be patient

libdvdread: Get key for /VIDEO_TS/VIDEO_TS.VOB at 0x0001fa40
libdvdread: Elapsed time 0
libdvdread: Get key for /VIDEO_TS/VTS_01_0.VOB at 0x0001fdcd
libdvdread: Elapsed time 0
libdvdread: Get key for /VIDEO_TS/VTS_01_1.VOB at 0x000245cd
libdvdread: Elapsed time 0
libdvdread: Get key for /VIDEO_TS/VTS_02_1.VOB at 0x0039da47
libdvdread: Elapsed time 5
libdvdread: Get key for /VIDEO_TS/VTS_03_1.VOB at 0x003a00b6
libdvdread: Elapsed time 0
libdvdread: Get key for /VIDEO_TS/VTS_04_1.VOB at 0x003b0963
libdvdread: Elapsed time 0
libdvdread: Found 4 VTS's
libdvdread: Elapsed time 5
libdvdnav: DVD disk reports itself with Region mask 0x00f50000. Regions: 2 4
[11:37:24] sync: expecting 60643 video frames
[11:37:24] encx264: encoding at constant RF 22.000000
[11:37:24] encx264: unparsed options: level=3.1:ref=1:8x8dct=0:weightp=1:subme=2:mixed-refs=0:trellis=0:vbv-bufsize=14000:vbv-maxrate=14000:rc-lookahead=10
x264 [info]: using SAR=64/45
x264 [info]: using cpu capabilities: MMX2 SSE2Fast SSSE3 SSE4.2 AVX XOP FMA4 LZCNT
x264 [info]: profile Main, level 3.1
[11:37:24] sync: first pts audio 0x80bd is 0
[11:37:24] sync: first pts video is 7200
[11:37:24] sync: "Chapter 1" (1) at frame 1 time 7200
[11:37:25] sync: first pts subtitle 0x29bd is 309600
[11:37:27] sync: first pts subtitle 0x22bd is 1296000
[11:38:28] sync: "Chapter 2" (2) at frame 8257 time 29728800
[11:38:46] sync: "Chapter 3" (3) at frame 10839 time 39024000
[11:39:11] sync: "Chapter 4" (4) at frame 14420 time 51915600
[11:39:38] sync: "Chapter 5" (5) at frame 18638 time 67100400
[11:40:07] sync: "Chapter 6" (6) at frame 22843 time 82238400
[11:40:39] sync: "Chapter 7" (7) at frame 27298 time 98276400
[11:41:10] sync: "Chapter 8" (8) at frame 31629 time 113868000
[11:41:44] sync: "Chapter 9" (9) at frame 36169 time 130212000
[11:42:01] sync: "Chapter 10" (10) at frame 38545 time 138765600
[11:42:21] sync: "Chapter 11" (11) at frame 40957 time 147448800
[11:43:18] sync: "Chapter 12" (12) at frame 48216 time 173581200
[11:43:34] sync: "Chapter 13" (13) at frame 50586 time 182113200
[11:43:56] sync: "Chapter 14" (14) at frame 53879 time 193968000
[11:44:26] sync: "Chapter 15" (15) at frame 58539 time 210744000
[11:44:37] reader: done. 2 scr changes
[11:44:38] work: average encoding speed for job is 139.839996 fps
[11:44:38] comb detect: heavy 93 | light 1118 | uncombed 59419 | total 60630
[11:44:38] decomb: deinterlaced 93 | blended 1118 | unfiltered 59419 | total 60630
[11:44:38] vfr: 60630 frames output, 0 dropped and 0 duped for CFR/PFR
[11:44:38] vfr: lost time: 0 (0 frames)
[11:44:38] vfr: gained time: 0 (0 frames) (0 not accounted for)
[11:44:38] ac3-decoder done: 75788 frames, 0 decoder errors
[11:44:38] mpeg2video-decoder done: 60632 frames, 0 decoder errors
[11:44:38] sync: got 60630 frames, 60643 expected
[11:44:38] sync: framerate min 25.000 fps, max 25.000 fps, avg 25.000 fps
x264 [info]: frame I:844   Avg QP:18.21  size: 17569
x264 [info]: frame P:16265 Avg QP:21.77  size:  4648
x264 [info]: frame B:43521 Avg QP:22.56  size:  1223
x264 [info]: consecutive B-frames:  3.1%  1.6%  5.6% 89.7%
x264 [info]: mb I  I16..4: 58.9%  0.0% 41.1%
x264 [info]: mb P  I16..4: 14.6%  0.0%  2.2%  P16..4: 23.7% 10.1%  4.3%  0.0%  0.0%    skip:45.2%
x264 [info]: mb B  I16..4:  1.8%  0.0%  0.1%  B16..8: 11.6%  3.3%  0.3%  direct: 6.2%  skip:76.7%  L0:39.1% L1:49.1% BI:11.8%
x264 [info]: coded y,uvDC,uvAC intra: 27.5% 37.9% 6.2% inter: 4.6% 7.3% 0.1%
x264 [info]: i16 v,h,dc,p: 57% 20% 15%  8%
x264 [info]: i4 v,h,dc,ddl,ddr,vr,hd,vl,hu: 33% 17% 20%  5%  5%  6%  4%  6%  3%
x264 [info]: i8c dc,h,v,p: 58% 15% 24%  2%
x264 [info]: Weighted P-Frames: Y:2.0% UV:1.1%
x264 [info]: kb/s:473.91
[11:44:38] mux: track 0, 60630 frames, 143640996 bytes, 473.80 kbps, fifo 8192
[11:44:38] mux: track 1, 113682 frames, 48545374 bytes, 160.13 kbps, fifo 16384
[11:44:38] mux: track 2, 748 frames, 1787960 bytes, 5.90 kbps, fifo 128
[11:44:38] libhb: work result = 0
