Handbrake Version: 1.0.7 (2017041000)

** (ghb:3870): WARNING **: Inhibit failed: The name org.freedesktop.PowerManagement was not provided by any .service files
[11:44:38] gtkgui: Modified Preset: /General/Very Fast 576p25
[11:44:38] 1 job(s) to process
[11:44:38] json job:
{
    "Audio": {
        "AudioList": [
            {
                "Bitrate": 160,
                "CompressionLevel": -1.0,
                "DRC": 0.0,
                "DitherMethod": "auto",
                "Encoder": "av_aac",
                "Gain": 0.0,
                "Mixdown": "dpl1",
                "NormalizeMixLevel": false,
                "PresetEncoder": "av_aac",
                "Quality": -3.0,
                "Samplerate": "auto",
                "Track": 0
            }
        ],
        "CopyMask": [
            "copy:aac"
        ],
        "FallbackEncoder": "av_aac"
    },
    "Destination": {
        "ChapterList": [
            {
                "Name": "Chapter 1"
            },
            {
                "Name": "Chapter 2"
            },
            {
                "Name": "Chapter 3"
            },
            {
                "Name": "Chapter 4"
            },
            {
                "Name": "Chapter 5"
            },
            {
                "Name": "Chapter 6"
            },
            {
                "Name": "Chapter 7"
            },
            {
                "Name": "Chapter 8"
            },
            {
                "Name": "Chapter 9"
            },
            {
                "Name": "Chapter 10"
            },
            {
                "Name": "Chapter 11"
            },
            {
                "Name": "Chapter 12"
            },
            {
                "Name": "Chapter 13"
            },
            {
                "Name": "Chapter 14"
            },
            {
                "Name": "Chapter 15"
            },
            {
                "Name": "Chapter 16"
            }
        ],
        "ChapterMarkers": true,
        "File": "/media/mythfs/tv/Angel/5x18.mkv",
        "Mp4Options": {
            "IpodAtom": false,
            "Mp4Optimize": false
        },
        "Mux": "mkv"
    },
    "Filters": {
        "FilterList": [
            {
                "ID": 3,
                "Settings": {
                    "block-height": "16",
                    "block-thresh": "80",
                    "block-width": "16",
                    "filter-mode": "1",
                    "mode": "0",
                    "motion-thresh": "2",
                    "spatial-metric": "2",
                    "spatial-thresh": "3"
                }
            },
            {
                "ID": 4,
                "Settings": {
                    "mode": "7"
                }
            },
            {
                "ID": 6,
                "Settings": {
                    "mode": 2,
                    "rate": "27000000/1080000"
                }
            },
            {
                "ID": 11,
                "Settings": {
                    "crop-bottom": 0,
                    "crop-left": 2,
                    "crop-right": 0,
                    "crop-top": 0,
                    "height": 576,
                    "width": 718
                }
            }
        ]
    },
    "Metadata": {
        "Name": "ANGEL_S5_DISC5"
    },
    "PAR": {
        "Den": 45,
        "Num": 64
    },
    "SequenceID": 0,
    "Source": {
        "Angle": 0,
        "Path": "/dev/sr0",
        "Range": {
            "End": 16,
            "Start": 1,
            "Type": "chapter"
        },
        "Title": 3
    },
    "Subtitle": {
        "Search": {
            "Burn": true,
            "Default": false,
            "Enable": false,
            "Forced": false
        },
        "SubtitleList": [
            {
                "Burn": true,
                "Default": false,
                "Forced": false,
                "Track": 2
            },
            {
                "Burn": false,
                "Default": false,
                "Forced": false,
                "Track": 9
            }
        ]
    },
    "Video": {
        "ColorMatrixCode": 0,
        "Encoder": "x264",
        "Level": "3.1",
        "OpenCL": false,
        "Options": "",
        "Preset": "veryfast",
        "Profile": "main",
        "QSV": {
            "AsyncDepth": 4,
            "Decode": false
        },
        "Quality": 22.0,
        "Tune": "",
        "Turbo": false,
        "TwoPass": false
    }
}
[11:44:38] CPU: 
[11:44:38]  - logical processor count: 4
[11:44:38] hb_scan: path=/dev/sr0, title_index=3
disc.c:352: error opening file BDMV/index.bdmv
disc.c:352: error opening file BDMV/BACKUP/index.bdmv
[11:44:39] bd: not a bd - trying as a stream/file instead
[11:44:39] dvd: Region mask 0xfe
libdvdnav: Using dvdnav version 5.0.1
libdvdnav: DVD Title: ANGEL_S5_DISC5
libdvdnav: DVD Serial Number: 316F50DB
libdvdnav: DVD Title (Alternative): ANGEL_S5_DISC5
libdvdnav: DVD disk reports itself with Region mask 0x00f50000. Regions: 2 4

libdvdread: Attempting to retrieve all CSS keys
libdvdread: This can take a _long_ time, please be patient

libdvdread: Get key for /VIDEO_TS/VIDEO_TS.VOB at 0x0001fa40
libdvdread: Elapsed time 0
libdvdread: Get key for /VIDEO_TS/VTS_01_0.VOB at 0x0001fdcd
libdvdread: Elapsed time 1
libdvdread: Get key for /VIDEO_TS/VTS_01_1.VOB at 0x000245cd
libdvdread: Elapsed time 0
libdvdread: Get key for /VIDEO_TS/VTS_02_1.VOB at 0x0039da47
libdvdread: Elapsed time 5
libdvdread: Get key for /VIDEO_TS/VTS_03_1.VOB at 0x003a00b6
libdvdread: Elapsed time 0
libdvdread: Get key for /VIDEO_TS/VTS_04_1.VOB at 0x003b0963
libdvdread: Elapsed time 0
libdvdread: Found 4 VTS's
libdvdread: Elapsed time 6
[11:44:45] scan: DVD has 10 title(s)
[11:44:45] scan: scanning title 3
[11:44:45] scan: opening IFO for VTS 1
[11:44:45] scan: duration is 00:40:45 (2445280 ms)
[11:44:45] pgc_id: 3, pgn: 1: pgc: 0x7f4018008a80
[11:44:45] scan: vts=1, ttn=3, cells=0->15, blocks=1850995->3642425, 896689 blocks
[11:44:45] scan: checking audio 1
[11:44:45] scan: id=0x80bd, lang=English (AC3), 3cc=eng ext=0
[11:44:45] scan: checking audio 2
[11:44:45] scan: id=0x81bd, lang=Francais (AC3), 3cc=fra ext=0
[11:44:45] scan: checking audio 3
[11:44:45] scan: audio channel is not active
[11:44:45] scan: checking subtitle 1
[11:44:45] scan: id=0x20bd, lang=dansk, 3cc=dan ext=0
[11:44:45] scan: checking subtitle 2
[11:44:45] scan: id=0x21bd, lang=Nederlands, 3cc=nld ext=0
[11:44:45] scan: checking subtitle 3
[11:44:45] scan: id=0x22bd, lang=English, 3cc=eng ext=0
[11:44:45] scan: checking subtitle 4
[11:44:45] scan: id=0x23bd, lang=suomi, 3cc=fin ext=0
[11:44:45] scan: checking subtitle 5
[11:44:45] scan: id=0x24bd, lang=Francais, 3cc=fra ext=0
[11:44:45] scan: checking subtitle 6
[11:44:45] scan: id=0x25bd, lang=norsk, 3cc=nor ext=0
[11:44:45] scan: checking subtitle 7
[11:44:45] scan: id=0x26bd, lang=svenska, 3cc=swe ext=0
[11:44:45] scan: checking subtitle 8
[11:44:45] scan: id=0x27bd, lang=Francais, 3cc=fra ext=1
[11:44:45] scan: checking subtitle 9
[11:44:45] scan: id=0x28bd, lang=Nederlands, 3cc=nld ext=0
[11:44:45] scan: checking subtitle 10
[11:44:45] scan: id=0x29bd, lang=English, 3cc=eng ext=0
[11:44:45] scan: checking subtitle 11
[11:44:45] scan: id=0x2abd, lang=Francais, 3cc=fra ext=0
[11:44:45] scan: title 3 has 16 chapters
[11:44:45] scan: chap 1 c=0->0, b=1850995->1943689 (92695), 246400 ms
[11:44:45] scan: chap 2 c=1->1, b=1943690->1991375 (47686), 120640 ms
[11:44:45] scan: chap 3 c=2->2, b=1991376->2065351 (73976), 193720 ms
[11:44:45] scan: chap 4 c=3->3, b=2065352->2115066 (49715), 126560 ms
[11:44:45] scan: chap 5 c=4->4, b=2115067->2198794 (83728), 222080 ms
[11:44:45] scan: chap 6 c=5->5, b=2198795->2242727 (43933), 122840 ms
[11:44:45] scan: chap 7 c=6->6, b=2242728->2337553 (94826), 271120 ms
[11:44:45] scan: chap 8 c=7->7, b=2337554->2364519 (26966), 75320 ms
[11:44:45] scan: chap 9 c=8->8, b=2364520->2404889 (40370), 108400 ms
[11:44:45] scan: chap 10 c=9->9, b=2404890->2450818 (45929), 130560 ms
[11:44:45] scan: chap 11 c=10->10, b=2450819->2557894 (107076), 298360 ms
[11:44:45] scan: chap 12 c=11->11, b=2557895->2600071 (42177), 116400 ms
[11:44:45] scan: chap 13 c=12->12, b=2600072->2650616 (50545), 135720 ms
[11:44:45] scan: chap 14 c=13->13, b=2650617->2676281 (25665), 71320 ms
[11:44:45] scan: chap 15 c=14->14, b=2676282->2747631 (71350), 205360 ms
[11:44:45] scan: chap 16 c=15->15, b=3642374->3642425 (52), 480 ms
[11:44:45] scan: aspect = 16:9
[11:44:45] scan: decoding previews for title 3
libdvdnav: DVD disk reports itself with Region mask 0x00f50000. Regions: 2 4
[11:44:45] scan: title angle(s) 1
[ac3 @ 0x7f40185f33e0] frame sync error
[11:44:46] scan: audio 0x81bd: ac3, rate=48000Hz, bitrate=192000 Francais (AC3) (2.0 ch) (Dolby Surround)
[ac3 @ 0x7f40185f33e0] frame sync error
[11:44:46] scan: audio 0x80bd: ac3, rate=48000Hz, bitrate=192000 English (AC3) (2.0 ch) (Dolby Surround)
[11:44:48] scan: 10 previews, 720x576, 25.000 fps, autocrop = 0/0/2/0, aspect 16:9, PAR 64:45
[11:44:48] libhb: scan thread found 1 valid title(s)
[11:44:48] starting job
[11:44:48] decomb filter thread started for segment 1
[11:44:48] decomb filter thread started for segment 0
[11:44:48] decomb filter thread started for segment 2
[11:44:48] decomb filter thread started for segment 3
[11:44:48] decomb check thread started for segment 0
[11:44:48] decomb check thread started for segment 1
[11:44:48] decomb check thread started for segment 2
[11:44:48] decomb check thread started for segment 3
[11:44:48] yadif thread started for segment 0
[11:44:48] yadif thread started for segment 1
[11:44:48] yadif thread started for segment 2
[11:44:48] yadif thread started for segment 3
[11:44:48] job configuration:
[11:44:48]  * source
[11:44:48]    + /dev/sr0
[11:44:48]    + title 3, chapter(s) 1 to 16
[11:44:48]  * destination
[11:44:48]    + /media/mythfs/tv/Angel/5x18.mkv
[11:44:48]    + container: Matroska (libavformat)
[11:44:48]      + chapter markers
[11:44:48]  * video track
[11:44:48]    + decoder: mpeg2video
[11:44:48]      + bitrate 7500 kbps
[11:44:48]    + filters
[11:44:48]      + Comb Detect (mode=0:spatial-metric=2:motion-thresh=2:spatial-thresh=3:filter-mode=1:block-thresh=80:block-width=16:block-height=16)
[11:44:48]      + Decomb (mode=39)
[11:44:48]      + Framerate Shaper (mode=2:rate=27000000/1080000)
[11:44:48]        + frame rate: 25.000 fps -> peak rate limited to 25.000 fps
[11:44:48]      + Subtitle renderer ()
[11:44:48]      + Crop and Scale (width=718:height=576:crop-top=0:crop-bottom=0:crop-left=2:crop-right=0)
[11:44:48]        + source: 720 * 576, crop (0/0/2/0): 718 * 576, scale: 718 * 576
[11:44:48]    + Output geometry
[11:44:48]      + storage dimensions: 718 x 576
[11:44:48]      + pixel aspect ratio: 64 : 45
[11:44:48]      + display dimensions: 1021 x 576
[11:44:48]    + encoder: H.264 (libx264)
[11:44:48]      + preset:  veryfast
[11:44:48]      + profile: main
[11:44:48]      + level:   3.1
[11:44:48]      + quality: 22.00 (RF)
[11:44:48]  * subtitle track 1, English (track 2, id 0x22bd) Picture [VOBSUB] -> Render/Burn-in
[11:44:48]  * subtitle track 2, English (track 9, id 0x29bd) Picture [VOBSUB] -> Passthrough
[11:44:48]  * audio track 1
[11:44:48]    + decoder: English (AC3) (2.0 ch) (Dolby Surround) (track 1, id 0x80bd)
[11:44:48]      + bitrate: 192 kbps, samplerate: 48000 Hz
[11:44:48]    + mixdown: Dolby Surround
[11:44:48]    + encoder: AAC (libavcodec)
[11:44:48]      + bitrate: 160 kbps, samplerate: 48000 Hz
[11:44:48] dvd: Region mask 0xfe
libdvdnav: Using dvdnav version 5.0.1
libdvdnav: DVD Title: ANGEL_S5_DISC5
libdvdnav: DVD Serial Number: 316F50DB
libdvdnav: DVD Title (Alternative): ANGEL_S5_DISC5
libdvdnav: DVD disk reports itself with Region mask 0x00f50000. Regions: 2 4

libdvdread: Attempting to retrieve all CSS keys
libdvdread: This can take a _long_ time, please be patient

libdvdread: Get key for /VIDEO_TS/VIDEO_TS.VOB at 0x0001fa40
libdvdread: Elapsed time 0
libdvdread: Get key for /VIDEO_TS/VTS_01_0.VOB at 0x0001fdcd
libdvdread: Elapsed time 0
libdvdread: Get key for /VIDEO_TS/VTS_01_1.VOB at 0x000245cd
libdvdread: Elapsed time 0
libdvdread: Get key for /VIDEO_TS/VTS_02_1.VOB at 0x0039da47
libdvdread: Elapsed time 5
libdvdread: Get key for /VIDEO_TS/VTS_03_1.VOB at 0x003a00b6
libdvdread: Elapsed time 0
libdvdread: Get key for /VIDEO_TS/VTS_04_1.VOB at 0x003b0963
libdvdread: Elapsed time 0
libdvdread: Found 4 VTS's
libdvdread: Elapsed time 5
libdvdnav: DVD disk reports itself with Region mask 0x00f50000. Regions: 2 4
[11:44:55] sync: expecting 61132 video frames
[11:44:55] encx264: encoding at constant RF 22.000000
[11:44:55] encx264: unparsed options: level=3.1:ref=1:8x8dct=0:weightp=1:subme=2:mixed-refs=0:trellis=0:vbv-bufsize=14000:vbv-maxrate=14000:rc-lookahead=10
x264 [info]: using SAR=64/45
x264 [info]: using cpu capabilities: MMX2 SSE2Fast SSSE3 SSE4.2 AVX XOP FMA4 LZCNT
x264 [info]: profile Main, level 3.1
[11:44:55] sync: first pts audio 0x80bd is 0
[11:44:55] sync: first pts video is 7200
[11:44:55] sync: "Chapter 1" (1) at frame 1 time 7200
[11:44:59] sync: first pts subtitle 0x22bd is 1987200
[11:45:43] sync: "Chapter 2" (2) at frame 6159 time 22176000
[11:46:06] sync: "Chapter 3" (3) at frame 9175 time 33033600
[11:46:43] sync: "Chapter 4" (4) at frame 14018 time 50468400
[11:47:10] sync: "Chapter 5" (5) at frame 17182 time 61858800
[11:47:52] sync: "Chapter 6" (6) at frame 22734 time 81846000
[11:48:14] sync: "Chapter 7" (7) at frame 25805 time 92901600
[11:49:02] sync: "Chapter 8" (8) at frame 32583 time 117302400
[11:49:15] sync: "Chapter 9" (9) at frame 34466 time 124081200
[11:49:36] sync: "Chapter 10" (10) at frame 37176 time 133837200
[11:50:00] sync: "Chapter 11" (11) at frame 40440 time 145587600
[11:50:55] sync: "Chapter 12" (12) at frame 47899 time 172440000
[11:51:16] sync: "Chapter 13" (13) at frame 50809 time 182916000
[11:51:42] sync: "Chapter 14" (14) at frame 54202 time 195130800
[11:51:54] sync: "Chapter 15" (15) at frame 55985 time 201549600
[11:52:29] reader: done. 2 scr changes
[11:52:30] work: average encoding speed for job is 134.552063 fps
[11:52:30] comb detect: heavy 86 | light 728 | uncombed 60305 | total 61119
[11:52:30] decomb: deinterlaced 86 | blended 728 | unfiltered 60305 | total 61119
[11:52:30] vfr: 61119 frames output, 0 dropped and 0 duped for CFR/PFR
[11:52:30] vfr: lost time: 0 (0 frames)
[11:52:30] vfr: gained time: 0 (0 frames) (0 not accounted for)
[11:52:30] ac3-decoder done: 76400 frames, 0 decoder errors
[11:52:30] mpeg2video-decoder done: 61121 frames, 0 decoder errors
[11:52:30] sync: got 61119 frames, 61132 expected
[11:52:30] sync: framerate min 25.000 fps, max 25.000 fps, avg 25.000 fps
x264 [info]: frame I:824   Avg QP:18.17  size: 16860
x264 [info]: frame P:16055 Avg QP:21.76  size:  4324
x264 [info]: frame B:44240 Avg QP:22.42  size:  1076
x264 [info]: consecutive B-frames:  2.9%  1.1%  2.0% 94.0%
x264 [info]: mb I  I16..4: 60.5%  0.0% 39.5%
x264 [info]: mb P  I16..4: 15.2%  0.0%  1.9%  P16..4: 23.3%  9.7%  3.8%  0.0%  0.0%    skip:46.1%
x264 [info]: mb B  I16..4:  1.7%  0.0%  0.1%  B16..8: 11.9%  3.0%  0.2%  direct: 5.8%  skip:77.3%  L0:39.1% L1:50.8% BI:10.1%
x264 [info]: coded y,uvDC,uvAC intra: 26.0% 37.7% 6.6% inter: 4.0% 6.8% 0.1%
x264 [info]: i16 v,h,dc,p: 58% 19% 15%  8%
x264 [info]: i4 v,h,dc,ddl,ddr,vr,hd,vl,hu: 32% 16% 21%  5%  5%  7%  4%  6%  3%
x264 [info]: i8c dc,h,v,p: 57% 14% 26%  3%
x264 [info]: Weighted P-Frames: Y:2.1% UV:1.4%
x264 [info]: kb/s:428.46
[11:52:30] mux: track 0, 61119 frames, 130910438 bytes, 428.36 kbps, fifo 8192
[11:52:30] mux: track 1, 114600 frames, 48953932 bytes, 160.18 kbps, fifo 16384
[11:52:30] mux: track 2, 0 frames, 0 bytes, 0.00 kbps, fifo 8
[11:52:30] libhb: work result = 0
