Handbrake Version: 1.0.7 (2017041000)

** (ghb:3870): WARNING **: Inhibit failed: The name org.freedesktop.PowerManagement was not provided by any .service files
[16:14:53] gtkgui: Modified Preset: /General/Very Fast 576p25
[16:14:53] 1 job(s) to process
[16:14:53] json job:
{
    "Audio": {
        "AudioList": [
            {
                "Bitrate": 160,
                "CompressionLevel": -1.0,
                "DRC": 0.0,
                "DitherMethod": "auto",
                "Encoder": "av_aac",
                "Gain": 0.0,
                "Mixdown": "dpl1",
                "NormalizeMixLevel": false,
                "PresetEncoder": "av_aac",
                "Quality": -3.0,
                "Samplerate": "auto",
                "Track": 0
            }
        ],
        "CopyMask": [
            "copy:aac"
        ],
        "FallbackEncoder": "av_aac"
    },
    "Destination": {
        "ChapterList": [
            {
                "Name": "Chapter 1"
            },
            {
                "Name": "Chapter 2"
            },
            {
                "Name": "Chapter 3"
            },
            {
                "Name": "Chapter 4"
            },
            {
                "Name": "Chapter 5"
            },
            {
                "Name": "Chapter 6"
            },
            {
                "Name": "Chapter 7"
            },
            {
                "Name": "Chapter 8"
            },
            {
                "Name": "Chapter 9"
            },
            {
                "Name": "Chapter 10"
            },
            {
                "Name": "Chapter 11"
            },
            {
                "Name": "Chapter 12"
            },
            {
                "Name": "Chapter 13"
            },
            {
                "Name": "Chapter 14"
            },
            {
                "Name": "Chapter 15"
            },
            {
                "Name": "Chapter 16"
            }
        ],
        "ChapterMarkers": true,
        "File": "/media/mythfs/tv/Angel/5x21.mkv",
        "Mp4Options": {
            "IpodAtom": false,
            "Mp4Optimize": false
        },
        "Mux": "mkv"
    },
    "Filters": {
        "FilterList": [
            {
                "ID": 3,
                "Settings": {
                    "block-height": "16",
                    "block-thresh": "80",
                    "block-width": "16",
                    "filter-mode": "1",
                    "mode": "0",
                    "motion-thresh": "2",
                    "spatial-metric": "2",
                    "spatial-thresh": "3"
                }
            },
            {
                "ID": 4,
                "Settings": {
                    "mode": "7"
                }
            },
            {
                "ID": 6,
                "Settings": {
                    "mode": 2,
                    "rate": "27000000/1080000"
                }
            },
            {
                "ID": 11,
                "Settings": {
                    "crop-bottom": 0,
                    "crop-left": 2,
                    "crop-right": 0,
                    "crop-top": 0,
                    "height": 576,
                    "width": 718
                }
            }
        ]
    },
    "Metadata": {
        "Name": "ANGEL_S5_DISC6"
    },
    "PAR": {
        "Den": 45,
        "Num": 64
    },
    "SequenceID": 0,
    "Source": {
        "Angle": 0,
        "Path": "/dev/sr0",
        "Range": {
            "End": 16,
            "Start": 1,
            "Type": "chapter"
        },
        "Title": 2
    },
    "Subtitle": {
        "Search": {
            "Burn": true,
            "Default": false,
            "Enable": false,
            "Forced": false
        },
        "SubtitleList": [
            {
                "Burn": true,
                "Default": false,
                "Forced": false,
                "Track": 2
            },
            {
                "Burn": false,
                "Default": false,
                "Forced": false,
                "Track": 9
            }
        ]
    },
    "Video": {
        "ColorMatrixCode": 0,
        "Encoder": "x264",
        "Level": "3.1",
        "OpenCL": false,
        "Options": "",
        "Preset": "veryfast",
        "Profile": "main",
        "QSV": {
            "AsyncDepth": 4,
            "Decode": false
        },
        "Quality": 22.0,
        "Tune": "",
        "Turbo": false,
        "TwoPass": false
    }
}
[16:14:53] CPU: 
[16:14:53]  - logical processor count: 4
[16:14:53] hb_scan: path=/dev/sr0, title_index=2
disc.c:352: error opening file BDMV/index.bdmv
disc.c:352: error opening file BDMV/BACKUP/index.bdmv
[16:14:54] bd: not a bd - trying as a stream/file instead
[16:14:54] dvd: Region mask 0xfe
libdvdnav: Using dvdnav version 5.0.1
libdvdnav: DVD Title: ANGEL_S5_DISC6
libdvdnav: DVD Serial Number: 317051A5
libdvdnav: DVD Title (Alternative): ANGEL_S5_DISC6
libdvdnav: DVD disk reports itself with Region mask 0x00f50000. Regions: 2 4

libdvdread: Attempting to retrieve all CSS keys
libdvdread: This can take a _long_ time, please be patient

libdvdread: Get key for /VIDEO_TS/VIDEO_TS.VOB at 0x00020c10
libdvdread: Elapsed time 0
libdvdread: Get key for /VIDEO_TS/VTS_01_1.VOB at 0x00020f6c
libdvdread: Elapsed time 6
libdvdread: Get key for /VIDEO_TS/VTS_02_1.VOB at 0x000235db
libdvdread: Elapsed time 0
libdvdread: Get key for /VIDEO_TS/VTS_03_0.VOB at 0x00033eae
libdvdread: Elapsed time 0
libdvdread: Get key for /VIDEO_TS/VTS_03_1.VOB at 0x00037e87
libdvdread: Elapsed time 1
libdvdread: Get key for /VIDEO_TS/VTS_04_1.VOB at 0x002e0464
libdvdread: Elapsed time 0
libdvdread: Found 4 VTS's
libdvdread: Elapsed time 7
[16:15:01] scan: DVD has 12 title(s)
[16:15:01] scan: scanning title 2
[16:15:01] scan: opening IFO for VTS 3
[16:15:01] scan: duration is 00:41:56 (2516800 ms)
[16:15:01] pgc_id: 2, pgn: 1: pgc: 0x7f3fd0400f60
[16:15:01] scan: vts=3, ttn=2, cells=0->15, blocks=902755->2786711, 925130 blocks
[16:15:01] scan: checking audio 1
[16:15:01] scan: id=0x80bd, lang=English (AC3), 3cc=eng ext=0
[16:15:01] scan: checking audio 2
[16:15:01] scan: id=0x81bd, lang=Francais (AC3), 3cc=fra ext=0
[16:15:01] scan: checking audio 3
[16:15:01] scan: audio channel is not active
[16:15:01] scan: checking subtitle 1
[16:15:01] scan: id=0x20bd, lang=dansk, 3cc=dan ext=0
[16:15:01] scan: checking subtitle 2
[16:15:01] scan: id=0x21bd, lang=Nederlands, 3cc=nld ext=0
[16:15:01] scan: checking subtitle 3
[16:15:01] scan: id=0x22bd, lang=English, 3cc=eng ext=0
[16:15:01] scan: checking subtitle 4
[16:15:01] scan: id=0x23bd, lang=suomi, 3cc=fin ext=0
[16:15:01] scan: checking subtitle 5
[16:15:01] scan: id=0x24bd, lang=Francais, 3cc=fra ext=0
[16:15:01] scan: checking subtitle 6
[16:15:01] scan: id=0x25bd, lang=norsk, 3cc=nor ext=0
[16:15:01] scan: checking subtitle 7
[16:15:01] scan: id=0x26bd, lang=svenska, 3cc=swe ext=0
[16:15:01] scan: checking subtitle 8
[16:15:01] scan: id=0x27bd, lang=Francais, 3cc=fra ext=1
[16:15:01] scan: checking subtitle 9
[16:15:01] scan: id=0x28bd, lang=Nederlands, 3cc=nld ext=0
[16:15:01] scan: checking subtitle 10
[16:15:01] scan: id=0x29bd, lang=English, 3cc=eng ext=0
[16:15:01] scan: checking subtitle 11
[16:15:01] scan: id=0x2abd, lang=Francais, 3cc=fra ext=0
[16:15:01] scan: title 2 has 16 chapters
[16:15:01] scan: chap 1 c=0->0, b=902755->936906 (34152), 86040 ms
[16:15:01] scan: chap 2 c=1->1, b=936907->1028777 (91871), 239320 ms
[16:15:01] scan: chap 3 c=2->2, b=1028778->1137061 (108284), 267440 ms
[16:15:01] scan: chap 4 c=3->3, b=1137062->1224768 (87707), 234920 ms
[16:15:01] scan: chap 5 c=4->4, b=1224769->1264784 (40016), 97920 ms
[16:15:01] scan: chap 6 c=5->5, b=1264785->1336581 (71797), 202440 ms
[16:15:01] scan: chap 7 c=6->6, b=1336582->1407057 (70476), 199720 ms
[16:15:01] scan: chap 8 c=7->7, b=1407058->1435289 (28232), 79400 ms
[16:15:01] scan: chap 9 c=8->8, b=1435290->1479386 (44097), 127320 ms
[16:15:01] scan: chap 10 c=9->9, b=1479387->1534125 (54739), 146640 ms
[16:15:01] scan: chap 11 c=10->10, b=1534126->1605233 (71108), 193920 ms
[16:15:01] scan: chap 12 c=11->11, b=1605234->1626420 (21187), 61920 ms
[16:15:01] scan: chap 13 c=12->12, b=1626421->1672847 (46427), 135040 ms
[16:15:01] scan: chap 14 c=13->13, b=1672848->1714186 (41339), 106440 ms
[16:15:01] scan: chap 15 c=14->14, b=1714187->1827832 (113646), 337840 ms
[16:15:01] scan: chap 16 c=15->15, b=2786660->2786711 (52), 480 ms
[16:15:01] scan: aspect = 16:9
[16:15:01] scan: decoding previews for title 2
libdvdnav: DVD disk reports itself with Region mask 0x00f50000. Regions: 2 4
[16:15:02] scan: title angle(s) 1
[ac3 @ 0x7f3fd04cb980] frame sync error
[16:15:02] scan: audio 0x81bd: ac3, rate=48000Hz, bitrate=192000 Francais (AC3) (2.0 ch) (Dolby Surround)
[ac3 @ 0x7f3fd04cb980] frame sync error
[16:15:02] scan: audio 0x80bd: ac3, rate=48000Hz, bitrate=192000 English (AC3) (2.0 ch) (Dolby Surround)
[16:15:04] scan: 10 previews, 720x576, 25.000 fps, autocrop = 0/0/2/0, aspect 16:9, PAR 64:45
[16:15:04] libhb: scan thread found 1 valid title(s)
[16:15:04] starting job
[16:15:04] decomb filter thread started for segment 0
[16:15:04] decomb filter thread started for segment 2
[16:15:04] decomb filter thread started for segment 1
[16:15:04] decomb filter thread started for segment 3
[16:15:04] decomb check thread started for segment 0
[16:15:04] decomb check thread started for segment 1
[16:15:04] decomb check thread started for segment 2
[16:15:04] decomb check thread started for segment 3
[16:15:04] yadif thread started for segment 0
[16:15:04] yadif thread started for segment 1
[16:15:04] yadif thread started for segment 2
[16:15:04] yadif thread started for segment 3
[16:15:04] job configuration:
[16:15:04]  * source
[16:15:04]    + /dev/sr0
[16:15:04]    + title 2, chapter(s) 1 to 16
[16:15:04]  * destination
[16:15:04]    + /media/mythfs/tv/Angel/5x21.mkv
[16:15:04]    + container: Matroska (libavformat)
[16:15:04]      + chapter markers
[16:15:04]  * video track
[16:15:04]    + decoder: mpeg2video
[16:15:04]      + bitrate 7500 kbps
[16:15:04]    + filters
[16:15:04]      + Comb Detect (mode=0:spatial-metric=2:motion-thresh=2:spatial-thresh=3:filter-mode=1:block-thresh=80:block-width=16:block-height=16)
[16:15:04]      + Decomb (mode=39)
[16:15:04]      + Framerate Shaper (mode=2:rate=27000000/1080000)
[16:15:04]        + frame rate: 25.000 fps -> peak rate limited to 25.000 fps
[16:15:04]      + Subtitle renderer ()
[16:15:04]      + Crop and Scale (width=718:height=576:crop-top=0:crop-bottom=0:crop-left=2:crop-right=0)
[16:15:04]        + source: 720 * 576, crop (0/0/2/0): 718 * 576, scale: 718 * 576
[16:15:04]    + Output geometry
[16:15:04]      + storage dimensions: 718 x 576
[16:15:04]      + pixel aspect ratio: 64 : 45
[16:15:04]      + display dimensions: 1021 x 576
[16:15:04]    + encoder: H.264 (libx264)
[16:15:04]      + preset:  veryfast
[16:15:04]      + profile: main
[16:15:04]      + level:   3.1
[16:15:04]      + quality: 22.00 (RF)
[16:15:04]  * subtitle track 1, English (track 2, id 0x22bd) Picture [VOBSUB] -> Render/Burn-in
[16:15:04]  * subtitle track 2, English (track 9, id 0x29bd) Picture [VOBSUB] -> Passthrough
[16:15:04]  * audio track 1
[16:15:04]    + decoder: English (AC3) (2.0 ch) (Dolby Surround) (track 1, id 0x80bd)
[16:15:04]      + bitrate: 192 kbps, samplerate: 48000 Hz
[16:15:04]    + mixdown: Dolby Surround
[16:15:04]    + encoder: AAC (libavcodec)
[16:15:04]      + bitrate: 160 kbps, samplerate: 48000 Hz
[16:15:04] dvd: Region mask 0xfe
libdvdnav: Using dvdnav version 5.0.1
libdvdnav: DVD Title: ANGEL_S5_DISC6
libdvdnav: DVD Serial Number: 317051A5
libdvdnav: DVD Title (Alternative): ANGEL_S5_DISC6
libdvdnav: DVD disk reports itself with Region mask 0x00f50000. Regions: 2 4

libdvdread: Attempting to retrieve all CSS keys
libdvdread: This can take a _long_ time, please be patient

libdvdread: Get key for /VIDEO_TS/VIDEO_TS.VOB at 0x00020c10
libdvdread: Elapsed time 0
libdvdread: Get key for /VIDEO_TS/VTS_01_1.VOB at 0x00020f6c
libdvdread: Elapsed time 5
libdvdread: Get key for /VIDEO_TS/VTS_02_1.VOB at 0x000235db
libdvdread: Elapsed time 0
libdvdread: Get key for /VIDEO_TS/VTS_03_0.VOB at 0x00033eae
libdvdread: Elapsed time 0
libdvdread: Get key for /VIDEO_TS/VTS_03_1.VOB at 0x00037e87
libdvdread: Elapsed time 1
libdvdread: Get key for /VIDEO_TS/VTS_04_1.VOB at 0x002e0464
libdvdread: Elapsed time 0
libdvdread: Found 4 VTS's
libdvdread: Elapsed time 6
libdvdnav: DVD disk reports itself with Region mask 0x00f50000. Regions: 2 4
[16:15:12] sync: expecting 62920 video frames
[16:15:12] encx264: encoding at constant RF 22.000000
[16:15:12] encx264: unparsed options: level=3.1:ref=1:8x8dct=0:weightp=1:subme=2:mixed-refs=0:trellis=0:vbv-bufsize=14000:vbv-maxrate=14000:rc-lookahead=10
x264 [info]: using SAR=64/45
x264 [info]: using cpu capabilities: MMX2 SSE2Fast SSSE3 SSE4.2 AVX XOP FMA4 LZCNT
x264 [info]: profile Main, level 3.1
[16:15:12] sync: first pts audio 0x80bd is 0
[16:15:12] sync: first pts video is 7200
[16:15:12] sync: "Chapter 1" (1) at frame 1 time 7200
[16:15:13] sync: first pts subtitle 0x22bd is 255600
[16:15:34] sync: "Chapter 2" (2) at frame 2150 time 7743600
[16:16:19] sync: "Chapter 3" (3) at frame 8133 time 29282400
[16:17:11] sync: "Chapter 4" (4) at frame 14819 time 53352000
[16:17:56] sync: "Chapter 5" (5) at frame 20692 time 74494800
[16:18:16] sync: "Chapter 6" (6) at frame 23140 time 83307600
[16:18:52] sync: "Chapter 7" (7) at frame 28201 time 101527200
[16:19:28] sync: "Chapter 8" (8) at frame 33194 time 119502000
[16:19:42] sync: "Chapter 9" (9) at frame 35179 time 126648000
[16:20:06] sync: "Chapter 10" (10) at frame 38362 time 138106800
[16:20:35] sync: "Chapter 11" (11) at frame 42028 time 151304400
[16:21:10] sync: "Chapter 12" (12) at frame 46876 time 168757200
[16:21:23] sync: "Chapter 13" (13) at frame 48424 time 174330000
[16:21:48] sync: "Chapter 14" (14) at frame 51800 time 186483600
[16:22:09] sync: "Chapter 15" (15) at frame 54461 time 196063200
[16:23:07] reader: done. 2 scr changes
[16:23:08] work: average encoding speed for job is 132.400620 fps
[16:23:08] comb detect: heavy 94 | light 571 | uncombed 62242 | total 62907
[16:23:08] decomb: deinterlaced 94 | blended 571 | unfiltered 62242 | total 62907
[16:23:08] vfr: 62907 frames output, 0 dropped and 0 duped for CFR/PFR
[16:23:08] vfr: lost time: 0 (0 frames)
[16:23:08] vfr: gained time: 0 (0 frames) (0 not accounted for)
[16:23:08] ac3-decoder done: 78635 frames, 0 decoder errors
[16:23:08] mpeg2video-decoder done: 62909 frames, 0 decoder errors
[16:23:08] sync: got 62907 frames, 62920 expected
[16:23:08] sync: framerate min 25.000 fps, max 25.000 fps, avg 25.000 fps
x264 [info]: frame I:801   Avg QP:18.56  size: 18002
x264 [info]: frame P:16772 Avg QP:21.85  size:  4228
x264 [info]: frame B:45334 Avg QP:22.47  size:  1091
x264 [info]: consecutive B-frames:  3.4%  1.1%  1.7% 93.9%
x264 [info]: mb I  I16..4: 60.0%  0.0% 40.0%
x264 [info]: mb P  I16..4: 14.6%  0.0%  1.8%  P16..4: 23.5%  9.5%  3.8%  0.0%  0.0%    skip:46.9%
x264 [info]: mb B  I16..4:  1.6%  0.0%  0.1%  B16..8: 11.2%  2.9%  0.2%  direct: 7.0%  skip:76.9%  L0:39.0% L1:50.6% BI:10.4%
x264 [info]: coded y,uvDC,uvAC intra: 25.9% 42.5% 8.1% inter: 4.0% 8.2% 0.1%
x264 [info]: i16 v,h,dc,p: 56% 19% 16%  9%
x264 [info]: i4 v,h,dc,ddl,ddr,vr,hd,vl,hu: 31% 15% 21%  6%  5%  7%  5%  7%  4%
x264 [info]: i8c dc,h,v,p: 56% 15% 25%  3%
x264 [info]: Weighted P-Frames: Y:2.2% UV:1.2%
x264 [info]: kb/s:428.52
[16:23:08] mux: track 0, 62907 frames, 134758719 bytes, 428.42 kbps, fifo 8192
[16:23:08] mux: track 1, 117953 frames, 50396794 bytes, 160.22 kbps, fifo 16384
[16:23:08] mux: track 2, 0 frames, 0 bytes, 0.00 kbps, fifo 8
[16:23:08] libhb: work result = 0
