Handbrake Version: 1.0.7 (2017041000)

** (ghb:3870): WARNING **: Inhibit failed: The name org.freedesktop.PowerManagement was not provided by any .service files
[16:23:08] gtkgui: Modified Preset: /General/Very Fast 576p25
[16:23:08] 1 job(s) to process
[16:23:08] json job:
{
    "Audio": {
        "AudioList": [
            {
                "Bitrate": 160,
                "CompressionLevel": -1.0,
                "DRC": 0.0,
                "DitherMethod": "auto",
                "Encoder": "av_aac",
                "Gain": 0.0,
                "Mixdown": "dpl1",
                "NormalizeMixLevel": false,
                "PresetEncoder": "av_aac",
                "Quality": -3.0,
                "Samplerate": "auto",
                "Track": 0
            }
        ],
        "CopyMask": [
            "copy:aac"
        ],
        "FallbackEncoder": "av_aac"
    },
    "Destination": {
        "ChapterList": [
            {
                "Name": "Chapter 1"
            },
            {
                "Name": "Chapter 2"
            },
            {
                "Name": "Chapter 3"
            },
            {
                "Name": "Chapter 4"
            },
            {
                "Name": "Chapter 5"
            },
            {
                "Name": "Chapter 6"
            },
            {
                "Name": "Chapter 7"
            },
            {
                "Name": "Chapter 8"
            },
            {
                "Name": "Chapter 9"
            },
            {
                "Name": "Chapter 10"
            },
            {
                "Name": "Chapter 11"
            },
            {
                "Name": "Chapter 12"
            },
            {
                "Name": "Chapter 13"
            },
            {
                "Name": "Chapter 14"
            },
            {
                "Name": "Chapter 15"
            },
            {
                "Name": "Chapter 16"
            }
        ],
        "ChapterMarkers": true,
        "File": "/media/mythfs/tv/Angel/5x22.mkv",
        "Mp4Options": {
            "IpodAtom": false,
            "Mp4Optimize": false
        },
        "Mux": "mkv"
    },
    "Filters": {
        "FilterList": [
            {
                "ID": 3,
                "Settings": {
                    "block-height": "16",
                    "block-thresh": "80",
                    "block-width": "16",
                    "filter-mode": "1",
                    "mode": "0",
                    "motion-thresh": "2",
                    "spatial-metric": "2",
                    "spatial-thresh": "3"
                }
            },
            {
                "ID": 4,
                "Settings": {
                    "mode": "7"
                }
            },
            {
                "ID": 6,
                "Settings": {
                    "mode": 2,
                    "rate": "27000000/1080000"
                }
            },
            {
                "ID": 11,
                "Settings": {
                    "crop-bottom": 0,
                    "crop-left": 2,
                    "crop-right": 0,
                    "crop-top": 0,
                    "height": 576,
                    "width": 718
                }
            }
        ]
    },
    "Metadata": {
        "Name": "ANGEL_S5_DISC6"
    },
    "PAR": {
        "Den": 45,
        "Num": 64
    },
    "SequenceID": 0,
    "Source": {
        "Angle": 0,
        "Path": "/dev/sr0",
        "Range": {
            "End": 16,
            "Start": 1,
            "Type": "chapter"
        },
        "Title": 3
    },
    "Subtitle": {
        "Search": {
            "Burn": true,
            "Default": false,
            "Enable": false,
            "Forced": false
        },
        "SubtitleList": [
            {
                "Burn": true,
                "Default": false,
                "Forced": false,
                "Track": 2
            },
            {
                "Burn": false,
                "Default": false,
                "Forced": false,
                "Track": 9
            }
        ]
    },
    "Video": {
        "ColorMatrixCode": 0,
        "Encoder": "x264",
        "Level": "3.1",
        "OpenCL": false,
        "Options": "",
        "Preset": "veryfast",
        "Profile": "main",
        "QSV": {
            "AsyncDepth": 4,
            "Decode": false
        },
        "Quality": 22.0,
        "Tune": "",
        "Turbo": false,
        "TwoPass": false
    }
}
[16:23:08] CPU: 
[16:23:08]  - logical processor count: 4
[16:23:08] hb_scan: path=/dev/sr0, title_index=3
disc.c:352: error opening file BDMV/index.bdmv
disc.c:352: error opening file BDMV/BACKUP/index.bdmv
[16:23:09] bd: not a bd - trying as a stream/file instead
[16:23:09] dvd: Region mask 0xfe
libdvdnav: Using dvdnav version 5.0.1
libdvdnav: DVD Title: ANGEL_S5_DISC6
libdvdnav: DVD Serial Number: 317051A5
libdvdnav: DVD Title (Alternative): ANGEL_S5_DISC6
libdvdnav: DVD disk reports itself with Region mask 0x00f50000. Regions: 2 4

libdvdread: Attempting to retrieve all CSS keys
libdvdread: This can take a _long_ time, please be patient

libdvdread: Get key for /VIDEO_TS/VIDEO_TS.VOB at 0x00020c10
libdvdread: Elapsed time 0
libdvdread: Get key for /VIDEO_TS/VTS_01_1.VOB at 0x00020f6c
libdvdread: Elapsed time 6
libdvdread: Get key for /VIDEO_TS/VTS_02_1.VOB at 0x000235db
libdvdread: Elapsed time 0
libdvdread: Get key for /VIDEO_TS/VTS_03_0.VOB at 0x00033eae
libdvdread: Elapsed time 0
libdvdread: Get key for /VIDEO_TS/VTS_03_1.VOB at 0x00037e87
libdvdread: Elapsed time 1
libdvdread: Get key for /VIDEO_TS/VTS_04_1.VOB at 0x002e0464
libdvdread: Elapsed time 0
libdvdread: Found 4 VTS's
libdvdread: Elapsed time 7
[16:23:16] scan: DVD has 12 title(s)
[16:23:16] scan: scanning title 3
[16:23:16] scan: opening IFO for VTS 3
[16:23:16] scan: duration is 00:42:00 (2520000 ms)
[16:23:16] pgc_id: 3, pgn: 1: pgc: 0x7f3fc800ee90
[16:23:16] scan: vts=3, ttn=3, cells=0->15, blocks=1827833->2786711, 958879 blocks
[16:23:16] scan: checking audio 1
[16:23:16] scan: id=0x80bd, lang=English (AC3), 3cc=eng ext=0
[16:23:16] scan: checking audio 2
[16:23:16] scan: id=0x81bd, lang=Francais (AC3), 3cc=fra ext=0
[16:23:16] scan: checking audio 3
[16:23:16] scan: id=0x82bd, lang=English (AC3), 3cc=eng ext=3
[16:23:16] scan: checking subtitle 1
[16:23:16] scan: id=0x20bd, lang=dansk, 3cc=dan ext=0
[16:23:16] scan: checking subtitle 2
[16:23:16] scan: id=0x21bd, lang=Nederlands, 3cc=nld ext=0
[16:23:16] scan: checking subtitle 3
[16:23:16] scan: id=0x22bd, lang=English, 3cc=eng ext=0
[16:23:16] scan: checking subtitle 4
[16:23:16] scan: id=0x23bd, lang=suomi, 3cc=fin ext=0
[16:23:16] scan: checking subtitle 5
[16:23:16] scan: id=0x24bd, lang=Francais, 3cc=fra ext=0
[16:23:16] scan: checking subtitle 6
[16:23:16] scan: id=0x25bd, lang=norsk, 3cc=nor ext=0
[16:23:16] scan: checking subtitle 7
[16:23:16] scan: id=0x26bd, lang=svenska, 3cc=swe ext=0
[16:23:16] scan: checking subtitle 8
[16:23:16] scan: id=0x27bd, lang=Francais, 3cc=fra ext=1
[16:23:16] scan: checking subtitle 9
[16:23:16] scan: id=0x28bd, lang=Nederlands, 3cc=nld ext=0
[16:23:16] scan: checking subtitle 10
[16:23:16] scan: id=0x29bd, lang=English, 3cc=eng ext=0
[16:23:16] scan: checking subtitle 11
[16:23:16] scan: id=0x2abd, lang=Francais, 3cc=fra ext=0
[16:23:16] scan: title 3 has 16 chapters
[16:23:16] scan: chap 1 c=0->0, b=1827833->1904210 (76378), 183360 ms
[16:23:16] scan: chap 2 c=1->1, b=1904211->1982407 (78197), 213480 ms
[16:23:16] scan: chap 3 c=2->2, b=1982408->2024200 (41793), 111800 ms
[16:23:16] scan: chap 4 c=3->3, b=2024201->2101488 (77288), 205520 ms
[16:23:16] scan: chap 5 c=4->4, b=2101489->2173857 (72369), 171600 ms
[16:23:16] scan: chap 6 c=5->5, b=2173858->2229024 (55167), 156240 ms
[16:23:16] scan: chap 7 c=6->6, b=2229025->2303536 (74512), 206200 ms
[16:23:16] scan: chap 8 c=7->7, b=2303537->2351461 (47925), 122520 ms
[16:23:16] scan: chap 9 c=8->8, b=2351462->2377550 (26089), 70280 ms
[16:23:16] scan: chap 10 c=9->9, b=2377551->2412718 (35168), 93120 ms
[16:23:16] scan: chap 11 c=10->10, b=2412719->2464935 (52217), 139720 ms
[16:23:16] scan: chap 12 c=11->11, b=2464936->2549845 (84910), 204720 ms
[16:23:16] scan: chap 13 c=12->12, b=2549846->2598735 (48890), 124440 ms
[16:23:16] scan: chap 14 c=13->13, b=2598736->2675626 (76891), 217000 ms
[16:23:16] scan: chap 15 c=14->14, b=2675627->2786659 (111033), 299520 ms
[16:23:16] scan: chap 16 c=15->15, b=2786660->2786711 (52), 480 ms
[16:23:16] scan: aspect = 16:9
[16:23:16] scan: decoding previews for title 3
libdvdnav: DVD disk reports itself with Region mask 0x00f50000. Regions: 2 4
[16:23:16] scan: title angle(s) 1
[ac3 @ 0x7f3fc8022fc0] frame sync error
[16:23:17] scan: audio 0x82bd: ac3, rate=48000Hz, bitrate=192000 English (AC3) (Director's Commentary 1) (2.0 ch) (Dolby Surround)
[ac3 @ 0x7f3fc8022fc0] frame sync error
[16:23:17] scan: audio 0x81bd: ac3, rate=48000Hz, bitrate=192000 Francais (AC3) (2.0 ch) (Dolby Surround)
[ac3 @ 0x7f3fc8022fc0] frame sync error
[16:23:17] scan: audio 0x80bd: ac3, rate=48000Hz, bitrate=192000 English (AC3) (2.0 ch) (Dolby Surround)
[16:23:19] scan: 10 previews, 720x576, 25.000 fps, autocrop = 0/0/2/0, aspect 16:9, PAR 64:45
[16:23:19] libhb: scan thread found 1 valid title(s)
[16:23:19] starting job
[16:23:19] decomb filter thread started for segment 0
[16:23:19] decomb filter thread started for segment 1
[16:23:19] decomb filter thread started for segment 3
[16:23:19] decomb check thread started for segment 0
[16:23:19] decomb filter thread started for segment 2
[16:23:19] decomb check thread started for segment 2
[16:23:19] decomb check thread started for segment 3
[16:23:19] yadif thread started for segment 0
[16:23:19] yadif thread started for segment 2
[16:23:19] yadif thread started for segment 1
[16:23:19] decomb check thread started for segment 1
[16:23:19] job configuration:
[16:23:19]  * source
[16:23:19]    + /dev/sr0
[16:23:19]    + title 3, chapter(s) 1 to 16
[16:23:19]  * destination
[16:23:19]    + /media/mythfs/tv/Angel/5x22.mkv
[16:23:19]    + container: Matroska (libavformat)
[16:23:19]      + chapter markers
[16:23:19]  * video track
[16:23:19]    + decoder: mpeg2video
[16:23:19]      + bitrate 7500 kbps
[16:23:19]    + filters
[16:23:19]      + Comb Detect (mode=0:spatial-metric=2:motion-thresh=2:spatial-thresh=3:filter-mode=1:block-thresh=80:block-width=16:block-height=16)
[16:23:19]      + Decomb (mode=39)
[16:23:19]      + Framerate Shaper (mode=2:rate=27000000/1080000)
[16:23:19]        + frame rate: 25.000 fps -> peak rate limited to 25.000 fps
[16:23:19]      + Subtitle renderer ()
[16:23:19]      + Crop and Scale (width=718:height=576:crop-top=0:crop-bottom=0:crop-left=2:crop-right=0)
[16:23:19] yadif thread started for segment 3
[16:23:19]        + source: 720 * 576, crop (0/0/2/0): 718 * 576, scale: 718 * 576
[16:23:19]    + Output geometry
[16:23:19]      + storage dimensions: 718 x 576
[16:23:19]      + pixel aspect ratio: 64 : 45
[16:23:19]      + display dimensions: 1021 x 576
[16:23:19]    + encoder: H.264 (libx264)
[16:23:19]      + preset:  veryfast
[16:23:19]      + profile: main
[16:23:19]      + level:   3.1
[16:23:19]      + quality: 22.00 (RF)
[16:23:19]  * subtitle track 1, English (track 2, id 0x22bd) Picture [VOBSUB] -> Render/Burn-in
[16:23:19]  * subtitle track 2, English (track 9, id 0x29bd) Picture [VOBSUB] -> Passthrough
[16:23:19]  * audio track 1
[16:23:19]    + decoder: English (AC3) (2.0 ch) (Dolby Surround) (track 1, id 0x80bd)
[16:23:19]      + bitrate: 192 kbps, samplerate: 48000 Hz
[16:23:19]    + mixdown: Dolby Surround
[16:23:19]    + encoder: AAC (libavcodec)
[16:23:19]      + bitrate: 160 kbps, samplerate: 48000 Hz
[16:23:19] dvd: Region mask 0xfe
libdvdnav: Using dvdnav version 5.0.1
libdvdnav: DVD Title: ANGEL_S5_DISC6
libdvdnav: DVD Serial Number: 317051A5
libdvdnav: DVD Title (Alternative): ANGEL_S5_DISC6
libdvdnav: DVD disk reports itself with Region mask 0x00f50000. Regions: 2 4

libdvdread: Attempting to retrieve all CSS keys
libdvdread: This can take a _long_ time, please be patient

libdvdread: Get key for /VIDEO_TS/VIDEO_TS.VOB at 0x00020c10
libdvdread: Elapsed time 0
libdvdread: Get key for /VIDEO_TS/VTS_01_1.VOB at 0x00020f6c
libdvdread: Elapsed time 5
libdvdread: Get key for /VIDEO_TS/VTS_02_1.VOB at 0x000235db
libdvdread: Elapsed time 0
libdvdread: Get key for /VIDEO_TS/VTS_03_0.VOB at 0x00033eae
libdvdread: Elapsed time 0
libdvdread: Get key for /VIDEO_TS/VTS_03_1.VOB at 0x00037e87
libdvdread: Elapsed time 1
libdvdread: Get key for /VIDEO_TS/VTS_04_1.VOB at 0x002e0464
libdvdread: Elapsed time 0
libdvdread: Found 4 VTS's
libdvdread: Elapsed time 6
libdvdnav: DVD disk reports itself with Region mask 0x00f50000. Regions: 2 4
[16:23:27] sync: expecting 63000 video frames
[16:23:27] encx264: encoding at constant RF 22.000000
[16:23:27] encx264: unparsed options: level=3.1:ref=1:8x8dct=0:weightp=1:subme=2:mixed-refs=0:trellis=0:vbv-bufsize=14000:vbv-maxrate=14000:rc-lookahead=10
x264 [info]: using SAR=64/45
x264 [info]: using cpu capabilities: MMX2 SSE2Fast SSSE3 SSE4.2 AVX XOP FMA4 LZCNT
x264 [info]: profile Main, level 3.1
[16:23:27] sync: first pts audio 0x80bd is 0
[16:23:27] sync: first pts video is 7200
[16:23:27] sync: "Chapter 1" (1) at frame 1 time 7200
[16:23:27] sync: first pts subtitle 0x22bd is 194400
[16:23:27] sync: first pts subtitle 0x29bd is 194400
[16:24:05] sync: "Chapter 2" (2) at frame 4583 time 16502400
[16:24:42] sync: "Chapter 3" (3) at frame 9920 time 35715600
[16:25:01] sync: "Chapter 4" (4) at frame 12715 time 45777600
[16:25:37] sync: "Chapter 5" (5) at frame 17853 time 64274400
[16:26:12] sync: "Chapter 6" (6) at frame 22143 time 79718400
[16:26:39] sync: "Chapter 7" (7) at frame 26049 time 93780000
[16:27:13] sync: "Chapter 8" (8) at frame 31204 time 112338000
[16:27:35] sync: "Chapter 9" (9) at frame 34267 time 123364800
[16:27:48] sync: "Chapter 10" (10) at frame 36024 time 129690000
[16:28:06] sync: "Chapter 11" (11) at frame 38352 time 138070800
[16:28:32] sync: "Chapter 12" (12) at frame 41845 time 150645600
[16:29:13] sync: "Chapter 13" (13) at frame 46963 time 169070400
[16:29:36] sync: "Chapter 14" (14) at frame 50074 time 180270000
[16:30:14] sync: "Chapter 15" (15) at frame 55499 time 199800000
[16:31:14] reader: done. 2 scr changes
[16:31:14] work: average encoding speed for job is 134.770386 fps
[16:31:15] comb detect: heavy 253 | light 568 | uncombed 62166 | total 62987
[16:31:15] decomb: deinterlaced 253 | blended 568 | unfiltered 62166 | total 62987
[16:31:15] vfr: 62987 frames output, 0 dropped and 0 duped for CFR/PFR
[16:31:15] vfr: lost time: 0 (0 frames)
[16:31:15] vfr: gained time: 0 (0 frames) (0 not accounted for)
[16:31:15] ac3-decoder done: 78735 frames, 0 decoder errors
[16:31:15] mpeg2video-decoder done: 62989 frames, 0 decoder errors
[16:31:15] sync: got 62987 frames, 63000 expected
[16:31:15] sync: framerate min 25.000 fps, max 25.000 fps, avg 25.000 fps
x264 [info]: frame I:833   Avg QP:18.59  size: 17436
x264 [info]: frame P:17144 Avg QP:21.88  size:  4569
x264 [info]: frame B:45010 Avg QP:22.44  size:  1308
x264 [info]: consecutive B-frames:  4.1%  1.2%  2.0% 92.7%
x264 [info]: mb I  I16..4: 60.0%  0.0% 40.0%
x264 [info]: mb P  I16..4: 17.6%  0.0%  2.1%  P16..4: 23.6%  9.6%  3.8%  0.0%  0.0%    skip:43.2%
x264 [info]: mb B  I16..4:  2.3%  0.0%  0.1%  B16..8: 12.9%  3.5%  0.3%  direct: 7.3%  skip:73.6%  L0:40.0% L1:50.1% BI: 9.9%
x264 [info]: coded y,uvDC,uvAC intra: 25.6% 39.4% 6.4% inter: 4.6% 8.5% 0.1%
x264 [info]: i16 v,h,dc,p: 56% 19% 16%  9%
x264 [info]: i4 v,h,dc,ddl,ddr,vr,hd,vl,hu: 31% 16% 22%  5%  5%  7%  4%  6%  3%
x264 [info]: i8c dc,h,v,p: 57% 15% 25%  3%
x264 [info]: Weighted P-Frames: Y:1.5% UV:0.7%
x264 [info]: kb/s:481.70
[16:31:15] mux: track 0, 62987 frames, 151678018 bytes, 481.59 kbps, fifo 8192
[16:31:15] mux: track 1, 118103 frames, 50455569 bytes, 160.20 kbps, fifo 16384
[16:31:15] mux: track 2, 719 frames, 1792884 bytes, 5.69 kbps, fifo 64
[16:31:15] libhb: work result = 0
