Handbrake Version: 0.10.0 (2014121000)

** (ghb:2256): WARNING **: Inhibit failed: The name org.freedesktop.PowerManagement was not provided by any .service files
[09:44:28] CPU: 
[09:44:28]  - logical processor count: 4
[09:44:28] hb_scan: path=/dev/sr0, title_index=6
index_parse.c:191: indx_parse(): error opening /dev/sr0/BDMV/index.bdmv
index_parse.c:191: indx_parse(): error opening /dev/sr0/BDMV/BACKUP/index.bdmv
bluray.c:2356: nav_get_title_list(/dev/sr0) failed
[09:44:28] bd: not a bd - trying as a stream/file instead
[09:44:28] dvd: Region mask 0xfe
libdvdnav: Using dvdnav version 5.0.1
libdvdnav: DVD disk reports itself with Region mask 0x00f70000. Regions: 4

libdvdread: Attempting to retrieve all CSS keys
libdvdread: This can take a _long_ time, please be patient

libdvdread: Get key for /VIDEO_TS/VIDEO_TS.VOB at 0x00000138
libdvdread: Elapsed time 0
libdvdread: Get key for /VIDEO_TS/VTS_01_0.VOB at 0x0000019c
libdvdread: Elapsed time 0
libdvdread: Get key for /VIDEO_TS/VTS_01_1.VOB at 0x00009ad2
libdvdread: Elapsed time 0
libdvdread: Get key for /VIDEO_TS/VTS_02_0.VOB at 0x0000ad6b
libdvdread: Elapsed time 0
libdvdread: Get key for /VIDEO_TS/VTS_02_1.VOB at 0x0000adb8
libdvdread: Elapsed time 0
libdvdread: Get key for /VIDEO_TS/VTS_03_0.VOB at 0x0000c39d
libdvdread: Elapsed time 0
libdvdread: Get key for /VIDEO_TS/VTS_03_1.VOB at 0x0000c3ea
libdvdread: Elapsed time 0
libdvdread: Get key for /VIDEO_TS/VTS_04_0.VOB at 0x00010a0f
libdvdread: Elapsed time 0
libdvdread: Get key for /VIDEO_TS/VTS_04_1.VOB at 0x00010a5c
libdvdread: Elapsed time 0
libdvdread: Get key for /VIDEO_TS/VTS_05_0.VOB at 0x0001c25a
libdvdread: Elapsed time 0
libdvdread: Get key for /VIDEO_TS/VTS_05_1.VOB at 0x0001c2a7
libdvdread: Elapsed time 0
libdvdread: Found 5 VTS's
libdvdread: Elapsed time 0
[09:44:30] scan: DVD has 6 title(s)
[09:44:30] scan: scanning title 6
[09:44:30] scan: opening IFO for VTS 5
[09:44:30] scan: duration is 01:43:35 (6215080 ms)
[09:44:30] pgc_id: 1, pgn: 1: pgc: 0x7fbbc4085220
[09:44:30] scan: vts=5, ttn=1, cells=0->12, blocks=0->3422342, 3422343 blocks
[09:44:30] scan: checking audio 1
[09:44:30] scan: id=0x80bd, lang=English (AC3), 3cc=eng ext=0
[09:44:30] scan: checking audio 2
[09:44:30] scan: id=0x81bd, lang=English (AC3), 3cc=eng ext=0
[09:44:30] scan: checking audio 3
[09:44:30] scan: id=0x82bd, lang=English (AC3), 3cc=eng ext=0
[09:44:30] scan: checking subtitle 1
[09:44:30] scan: id=0x20bd, lang=English, 3cc=eng ext=0
[09:44:30] scan: title 6 has 13 chapters
[09:44:30] scan: chap 1 c=0->0, b=0->286518 (286519), 543760 ms
[09:44:30] scan: chap 2 c=1->1, b=286519->583602 (297084), 534000 ms
[09:44:30] scan: chap 3 c=2->2, b=583603->912448 (328846), 563320 ms
[09:44:30] scan: chap 4 c=3->3, b=912449->1216119 (303671), 575360 ms
[09:44:30] scan: chap 5 c=4->4, b=1216120->1515530 (299411), 521600 ms
[09:44:30] scan: chap 6 c=5->5, b=1515531->1840952 (325422), 549160 ms
[09:44:30] scan: chap 7 c=6->6, b=1840953->2143532 (302580), 545240 ms
[09:44:30] scan: chap 8 c=7->7, b=2143533->2427633 (284101), 526840 ms
[09:44:30] scan: chap 9 c=8->8, b=2427634->2720150 (292517), 543360 ms
[09:44:30] scan: chap 10 c=9->9, b=2720151->3036513 (316363), 588840 ms
[09:44:30] scan: chap 11 c=10->10, b=3036514->3331782 (295269), 540520 ms
[09:44:30] scan: chap 12 c=11->11, b=3331783->3422282 (90500), 182400 ms
[09:44:30] scan: chap 13 c=12->12, b=3422283->3422342 (60), 680 ms
[09:44:30] scan: aspect = 1.77778
[09:44:30] scan: decoding previews for title 6
libdvdnav: DVD disk reports itself with Region mask 0x00f70000. Regions: 4
[09:44:31] scan: title angle(s) 1
[ac3 @ 0x7fbbc400b9a0] frame sync error
[ac3 @ 0x7fbbc400c2a0] frame sync error
[09:44:31] scan: audio 0x81bd: ac3, rate=48000Hz, bitrate=224000 English (AC3) (2.0 ch)
[ac3 @ 0x7fbbc400c2a0] frame sync error
[09:44:31] scan: audio 0x82bd: ac3, rate=48000Hz, bitrate=192000 English (AC3) (2.0 ch)
[ac3 @ 0x7fbbc400b0e0] frame sync error
[09:44:31] scan: audio 0x80bd: ac3, rate=48000Hz, bitrate=448000 English (AC3) (5.1 ch)
[09:44:34] scan: 10 previews, 720x576, 25.000 fps, autocrop = 74/74/0/0, aspect 16:9, PAR 64:45
[09:44:34] libhb: scan thread found 1 valid title(s)
[09:44:36] gtkgui: Modified Preset: Regular->Normal
[09:44:36] 1 job(s) to process
[09:44:36] starting job
[09:44:36] sync: expecting 155377 video frames
[09:44:36] job configuration:
[09:44:36]  * source
[09:44:36]    + /dev/sr0
[09:44:36]    + title 6, chapter(s) 1 to 13
[09:44:36]  * destination
[09:44:36]    + /media/mythfs/videos/Charlies Country.m4v
[09:44:36]    + container: MPEG-4 (libavformat)
[09:44:36]      + chapter markers
[09:44:36]  * video track
[09:44:36]    + decoder: mpeg2video
[09:44:36]      + bitrate 9800 kbps
[09:44:36]    + filters
[09:44:36]      + Framerate Shaper (0:27000000:1080000)
[09:44:36]        + frame rate: same as source (around 25.000 fps)
[09:44:36]      + Crop and Scale (720:428:74:74:0:0)
[09:44:36]        + source: 720 * 576, crop (74/74/0/0): 720 * 428, scale: 720 * 428
[09:44:36]    + loose anamorphic
[09:44:36]      + storage dimensions: 720 * 428, mod 2
[09:44:36]      + pixel aspect ratio: 64 / 45
[09:44:36]      + display dimensions: 1024 * 428
[09:44:36]    + encoder: H.264 (libx264)
[09:44:36]      + preset:  veryfast
[09:44:36]      + profile: main
[09:44:36]      + level:   4.0
[09:44:36]      + quality: 20.00 (RF)
[09:44:36]  * subtitle track 1, English (track 1, id 0x20bd) Picture [VOBSUB] -> Passthrough
[09:44:36]  * subtitle track 2, English (track 1, id 0x20bd) Picture [VOBSUB] -> Passthrough
[09:44:36]  * audio track 1
[09:44:36]    + decoder: English (AC3) (5.1 ch) (track 1, id 0x80bd)
[09:44:36]      + bitrate: 448 kbps, samplerate: 48000 Hz
[09:44:36]    + mixdown: Dolby Pro Logic II
[09:44:36]    + encoder: AAC (libavcodec)
[09:44:36]      + bitrate: 160 kbps, samplerate: 48000 Hz
[09:44:36] dvd: Region mask 0xfe
libdvdnav: Using dvdnav version 5.0.1
libdvdnav: DVD disk reports itself with Region mask 0x00f70000. Regions: 4

libdvdread: Attempting to retrieve all CSS keys
libdvdread: This can take a _long_ time, please be patient

libdvdread: Get key for /VIDEO_TS/VIDEO_TS.VOB at 0x00000138
libdvdread: Elapsed time 0
libdvdread: Get key for /VIDEO_TS/VTS_01_0.VOB at 0x0000019c
libdvdread: Elapsed time 0
libdvdread: Get key for /VIDEO_TS/VTS_01_1.VOB at 0x00009ad2
libdvdread: Elapsed time 0
libdvdread: Get key for /VIDEO_TS/VTS_02_0.VOB at 0x0000ad6b
libdvdread: Elapsed time 0
libdvdread: Get key for /VIDEO_TS/VTS_02_1.VOB at 0x0000adb8
libdvdread: Elapsed time 0
libdvdread: Get key for /VIDEO_TS/VTS_03_0.VOB at 0x0000c39d
libdvdread: Elapsed time 0
libdvdread: Get key for /VIDEO_TS/VTS_03_1.VOB at 0x0000c3ea
libdvdread: Elapsed time 0
libdvdread: Get key for /VIDEO_TS/VTS_04_0.VOB at 0x00010a0f
libdvdread: Elapsed time 0
libdvdread: Get key for /VIDEO_TS/VTS_04_1.VOB at 0x00010a5c
libdvdread: Elapsed time 0
libdvdread: Get key for /VIDEO_TS/VTS_05_0.VOB at 0x0001c25a
libdvdread: Elapsed time 0
libdvdread: Get key for /VIDEO_TS/VTS_05_1.VOB at 0x0001c2a7
libdvdread: Elapsed time 0
libdvdread: Found 5 VTS's
libdvdread: Elapsed time 0
libdvdnav: DVD disk reports itself with Region mask 0x00f70000. Regions: 4
[09:44:36] encx264: encoding at constant RF 20.000000
[09:44:36] encx264: unparsed options: level=4.0:ref=1:8x8dct=0:weightp=1:subme=2:mixed-refs=0:trellis=0:vbv-bufsize=25000:vbv-maxrate=20000:rc-lookahead=10
x264 [info]: using SAR=64/45
x264 [info]: using cpu capabilities: MMX2 SSE2Fast SSSE3 SSE4.2 AVX XOP FMA4 LZCNT
x264 [info]: profile Main, level 4.0
[09:44:37] reader: first SCR 146 id 0xe0 DTS 21600
[09:44:37] mpeg2video: "Chapter 1" (1) at frame 0 time 3600
[09:44:37] sync: first pts is 3600
[09:47:56] mpeg2video: "Chapter 2" (2) at frame 13594 time 48942000
[09:50:48] mpeg2video: "Chapter 3" (3) at frame 26944 time 97002000
[09:53:34] mpeg2video: "Chapter 4" (4) at frame 41027 time 147700800
[09:55:51] mpeg2video: "Chapter 5" (5) at frame 55411 time 199483200
[09:57:55] mpeg2video: "Chapter 6" (6) at frame 68451 time 246427200
[10:00:00] mpeg2video: "Chapter 7" (7) at frame 82180 time 295851600
[10:01:56] mpeg2video: "Chapter 8" (8) at frame 95811 time 344923200
[10:03:53] mpeg2video: "Chapter 9" (9) at frame 108982 time 392338800
[10:06:03] mpeg2video: "Chapter 10" (10) at frame 122566 time 441241200
[10:08:40] mpeg2video: "Chapter 11" (11) at frame 137287 time 494236800
[10:11:25] mpeg2video: "Chapter 12" (12) at frame 150802 time 542890800
[10:12:21] mpeg2video: "Chapter 13" (13) at frame 155362 time 559306800
[10:12:21] reader: done. 1 scr changes
[10:12:21] work: average encoding speed for job is 93.271629 fps
[10:12:21] sync: got 155377 frames, 155377 expected
[10:12:21] render: lost time: 0 (0 frames)
[10:12:21] render: gained time: 0 (0 frames) (0 not accounted for)
[10:12:21] mpeg2video-decoder done: 155377 frames, 0 decoder errors, 0 drops
x264 [info]: frame I:953   Avg QP:16.90  size: 32447
x264 [info]: frame P:55396 Avg QP:20.56  size:  7133
x264 [info]: frame B:99028 Avg QP:22.56  size:  1035
x264 [info]: consecutive B-frames:  6.0% 21.6% 16.8% 55.7%
x264 [info]: mb I  I16..4: 19.4%  0.0% 80.6%
x264 [info]: mb P  I16..4:  5.4%  0.0%  1.9%  P16..4: 37.5% 18.1% 12.4%  0.0%  0.0%    skip:24.7%
x264 [info]: mb B  I16..4:  0.5%  0.0%  0.1%  B16..8: 10.8%  3.8%  0.6%  direct: 5.5%  skip:78.7%  L0:29.3% L1:48.7% BI:22.1%
x264 [info]: coded y,uvDC,uvAC intra: 41.5% 49.9% 14.6% inter: 13.1% 8.3% 0.2%
x264 [info]: i16 v,h,dc,p: 52% 21% 19%  9%
x264 [info]: i4 v,h,dc,ddl,ddr,vr,hd,vl,hu: 33% 14% 17%  5%  6%  8%  5%  7%  4%
x264 [info]: i8c dc,h,v,p: 55% 15% 26%  4%
x264 [info]: Weighted P-Frames: Y:1.9% UV:0.6%
x264 [info]: kb/s:680.36
[10:12:21] ac3-decoder done: 0 frames, 0 decoder errors, 0 drops
[10:12:21] mux: track 0, 155377 frames, 528519431 bytes, 680.31 kbps, fifo 8192
[10:12:21] mux: track 1, 291330 frames, 124419800 bytes, 160.15 kbps, fifo 16384
[10:12:21] mux: track 2, 429 frames, 1197892 bytes, 1.54 kbps, fifo 64
[10:12:21] mux: track 3, 429 frames, 1197892 bytes, 1.54 kbps, fifo 64
[10:12:22] libhb: work result = 0
