Handbrake Version: 1.0.2 (2017012900)

** (ghb:2494): WARNING **: Inhibit failed: The name org.freedesktop.PowerManagement was not provided by any .service files
[10:57:53] gtkgui: Preset: /General/Fast 720p30
[10:57:53] 1 job(s) to process
[10:57:53] json job:
{
    "Audio": {
        "AudioList": [
            {
                "Bitrate": 160,
                "CompressionLevel": -1.0,
                "DRC": 0.0,
                "DitherMethod": "auto",
                "Encoder": "av_aac",
                "Gain": 0.0,
                "Mixdown": "dpl2",
                "NormalizeMixLevel": false,
                "PresetEncoder": "av_aac",
                "Quality": -3.0,
                "Samplerate": "auto",
                "Track": 0
            }
        ],
        "CopyMask": [
            "copy:aac"
        ],
        "FallbackEncoder": "av_aac"
    },
    "Destination": {
        "ChapterList": [
            {
                "Name": "Chapter 1"
            },
            {
                "Name": "Chapter 2"
            },
            {
                "Name": "Chapter 3"
            },
            {
                "Name": "Chapter 4"
            },
            {
                "Name": "Chapter 5"
            },
            {
                "Name": "Chapter 6"
            },
            {
                "Name": "Chapter 7"
            },
            {
                "Name": "Chapter 8"
            },
            {
                "Name": "Chapter 9"
            },
            {
                "Name": "Chapter 10"
            },
            {
                "Name": "Chapter 11"
            },
            {
                "Name": "Chapter 12"
            },
            {
                "Name": "Chapter 13"
            },
            {
                "Name": "Chapter 14"
            },
            {
                "Name": "Chapter 15"
            },
            {
                "Name": "Chapter 16"
            },
            {
                "Name": "Chapter 17"
            }
        ],
        "ChapterMarkers": true,
        "File": "/media/mythfs/tv/Buffy/Season 6/Jack.Reacher.Never.Go.Back.2016.NORDiC.1080p.WEB-DL.x264-UNiTAiL.m4v",
        "Mp4Options": {
            "IpodAtom": false,
            "Mp4Optimize": false
        },
        "Mux": "m4v"
    },
    "Filters": {
        "FilterList": [
            {
                "ID": 3,
                "Settings": {
                    "block-height": "16",
                    "block-thresh": "40",
                    "block-width": "16",
                    "filter-mode": "2",
                    "mode": "3",
                    "motion-thresh": "1",
                    "spatial-metric": "2",
                    "spatial-thresh": "1"
                }
            },
            {
                "ID": 4,
                "Settings": {
                    "mode": "7"
                }
            },
            {
                "ID": 6,
                "Settings": {
                    "mode": 2,
                    "rate": "27000000/900000"
                }
            },
            {
                "ID": 11,
                "Settings": {
                    "crop-bottom": 0,
                    "crop-left": 0,
                    "crop-right": 0,
                    "crop-top": 0,
                    "height": 720,
                    "width": 1280
                }
            }
        ]
    },
    "Metadata": {
        "Name": "www.DANiSHBiTS.org"
    },
    "PAR": {
        "Den": 3200,
        "Num": 4311
    },
    "SequenceID": 0,
    "Source": {
        "Angle": 0,
        "Path": "/media/mythfs/downloads/complete/videos/Jack.Reacher.Never.Go.Back.2016.NORDiC.1080p.WEB-DL.x264-UNiTAiL/Jack.Reacher.Never.Go.Back.2016.NORDiC.1080p.WEB-DL.x264-UNiTAiL.mkv",
        "Range": {
            "End": 17,
            "Start": 1,
            "Type": "chapter"
        },
        "Title": 1
    },
    "Subtitle": {
        "Search": {
            "Burn": true,
            "Default": false,
            "Enable": false,
            "Forced": false
        },
        "SubtitleList": []
    },
    "Video": {
        "ColorMatrixCode": 0,
        "Encoder": "x264",
        "Level": "3.1",
        "OpenCL": false,
        "Options": "",
        "Preset": "fast",
        "Profile": "main",
        "QSV": {
            "AsyncDepth": 4,
            "Decode": false
        },
        "Quality": 21.0,
        "Tune": "",
        "Turbo": false,
        "TwoPass": false
    }
}
[10:57:53] CPU: 
[10:57:53]  - logical processor count: 4
[10:57:53] hb_scan: path=/media/mythfs/downloads/complete/videos/Jack.Reacher.Never.Go.Back.2016.NORDiC.1080p.WEB-DL.x264-UNiTAiL/Jack.Reacher.Never.Go.Back.2016.NORDiC.1080p.WEB-DL.x264-UNiTAiL.mkv, title_index=1
udfread ERROR: ECMA 167 Volume Recognition failed
disc.c:274: failed opening UDF image /media/mythfs/downloads/complete/videos/Jack.Reacher.Never.Go.Back.2016.NORDiC.1080p.WEB-DL.x264-UNiTAiL/Jack.Reacher.Never.Go.Back.2016.NORDiC.1080p.WEB-DL.x264-UNiTAiL.mkv
disc.c:352: error opening file BDMV/index.bdmv
disc.c:352: error opening file BDMV/BACKUP/index.bdmv
[10:57:53] bd: not a bd - trying as a stream/file instead
libdvdnav: Using dvdnav version 5.0.3
libdvdread:DVDOpenFileUDF:UDFFindFile /VIDEO_TS/VIDEO_TS.IFO failed
libdvdread:DVDOpenFileUDF:UDFFindFile /VIDEO_TS/VIDEO_TS.BUP failed
libdvdread: Can't open file VIDEO_TS.IFO.
libdvdnav: vm: failed to read VIDEO_TS.IFO
[10:57:53] dvd: not a dvd - trying as a stream/file instead
Input #0, matroska,webm, from '/media/mythfs/downloads/complete/videos/Jack.Reacher.Never.Go.Back.2016.NORDiC.1080p.WEB-DL.x264-UNiTAiL/Jack.Reacher.Never.Go.Back.2016.NORDiC.1080p.WEB-DL.x264-UNiTAiL.mkv':
  Metadata:
    title           : www.DANiSHBiTS.org
    encoder         : libebml v1.3.4 + libmatroska v1.4.5
    creation_time   : 2017-01-17T19:50:23.000000Z
  Duration: 01:58:29.44, start: 0.000000, bitrate: 4964 kb/s
    Chapter #0:0: start 0.000000, end 419.000000
    Metadata:
      title           : Chapter 1
    Chapter #0:1: start 419.000000, end 919.000000
    Metadata:
      title           : Chapter 2
    Chapter #0:2: start 919.000000, end 1233.000000
    Metadata:
      title           : Chapter 3
    Chapter #0:3: start 1233.000000, end 1743.000000
    Metadata:
      title           : Chapter 4
    Chapter #0:4: start 1743.000000, end 2074.000000
    Metadata:
      title           : Chapter 5
    Chapter #0:5: start 2074.000000, end 2559.000000
    Metadata:
      title           : Chapter 6
    Chapter #0:6: start 2559.000000, end 2967.000000
    Metadata:
      title           : Chapter 7
    Chapter #0:7: start 2967.000000, end 3523.000000
    Metadata:
      title           : Chapter 8
    Chapter #0:8: start 3523.000000, end 3789.000000
    Metadata:
      title           : Chapter 9
    Chapter #0:9: start 3789.000000, end 4174.000000
    Metadata:
      title           : Chapter 10
    Chapter #0:10: start 4174.000000, end 4504.000000
    Metadata:
      title           : Chapter 11
    Chapter #0:11: start 4504.000000, end 4918.000000
    Metadata:
      title           : Chapter 12
    Chapter #0:12: start 4918.000000, end 5226.000000
    Metadata:
      title           : Chapter 13
    Chapter #0:13: start 5226.000000, end 5653.000000
    Metadata:
      title           : Chapter 14
    Chapter #0:14: start 5653.000000, end 6403.000000
    Metadata:
      title           : Chapter 15
    Chapter #0:15: start 6403.000000, end 6810.000000
    Metadata:
      title           : Chapter 16
    Chapter #0:16: start 6810.000000, end 7109.442000
    Metadata:
      title           : Chapter 17
    Stream #0:0(eng): Video: h264 (High), yuv420p(tv, bt709, progressive), 1916x800 [SAR 1:1 DAR 479:200], 24 fps, 24 tbr, 1k tbn, 2k tbc (default)
    Metadata:
      title           : EVO
      BPS             : 4578887
      BPS-eng         : 4578887
      DURATION        : 01:58:29.442000000
      DURATION-eng    : 01:58:29.442000000
      NUMBER_OF_FRAMES: 170456
      NUMBER_OF_FRAMES-eng: 170456
      NUMBER_OF_BYTES : 4069166605
      NUMBER_OF_BYTES-eng: 4069166605
      _STATISTICS_WRITING_APP: mkvmerge v9.6.0 ('Slave To Your Mind') 32bit
      _STATISTICS_WRITING_APP-eng: mkvmerge v9.6.0 ('Slave To Your Mind') 32bit
      _STATISTICS_WRITING_DATE_UTC: 2017-01-17 19:50:23
      _STATISTICS_WRITING_DATE_UTC-eng: 2017-01-17 19:50:23
      _STATISTICS_TAGS: BPS DURATION NUMBER_OF_FRAMES NUMBER_OF_BYTES
      _STATISTICS_TAGS-eng: BPS DURATION NUMBER_OF_FRAMES NUMBER_OF_BYTES
    Stream #0:1(eng): Audio: ac3, 48000 Hz, 5.1(side), fltp, 384 kb/s (default)
    Metadata:
      BPS             : 384000
      BPS-eng         : 384000
      DURATION        : 01:58:08.192000000
      DURATION-eng    : 01:58:08.192000000
      NUMBER_OF_FRAMES: 221506
      NUMBER_OF_FRAMES-eng: 221506
      NUMBER_OF_BYTES : 340233216
      NUMBER_OF_BYTES-eng: 340233216
      _STATISTICS_WRITING_APP: mkvmerge v9.6.0 ('Slave To Your Mind') 32bit
      _STATISTICS_WRITING_APP-eng: mkvmerge v9.6.0 ('Slave To Your Mind') 32bit
      _STATISTICS_WRITING_DATE_UTC: 2017-01-17 19:50:23
      _STATISTICS_WRITING_DATE_UTC-eng: 2017-01-17 19:50:23
      _STATISTICS_TAGS: BPS DURATION NUMBER_OF_FRAMES NUMBER_OF_BYTES
      _STATISTICS_TAGS-eng: BPS DURATION NUMBER_OF_FRAMES NUMBER_OF_BYTES
    Stream #0:2(dan): Subtitle: subrip (default)
    Metadata:
      BPS             : 45
      BPS-eng         : 45
      DURATION        : 01:53:04.525000000
      DURATION-eng    : 01:53:04.525000000
      NUMBER_OF_FRAMES: 983
      NUMBER_OF_FRAMES-eng: 983
      NUMBER_OF_BYTES : 38314
      NUMBER_OF_BYTES-eng: 38314
      _STATISTICS_WRITING_APP: mkvmerge v9.6.0 ('Slave To Your Mind') 32bit
      _STATISTICS_WRITING_APP-eng: mkvmerge v9.6.0 ('Slave To Your Mind') 32bit
      _STATISTICS_WRITING_DATE_UTC: 2017-01-17 19:50:23
      _STATISTICS_WRITING_DATE_UTC-eng: 2017-01-17 19:50:23
      _STATISTICS_TAGS: BPS DURATION NUMBER_OF_FRAMES NUMBER_OF_BYTES
      _STATISTICS_TAGS-eng: BPS DURATION NUMBER_OF_FRAMES NUMBER_OF_BYTES
    Stream #0:3(swe): Subtitle: subrip
    Metadata:
      BPS             : 46
      BPS-eng         : 46
      DURATION        : 01:53:05.864000000
      DURATION-eng    : 01:53:05.864000000
      NUMBER_OF_FRAMES: 1267
      NUMBER_OF_FRAMES-eng: 1267
      NUMBER_OF_BYTES : 39247
      NUMBER_OF_BYTES-eng: 39247
      _STATISTICS_WRITING_APP: mkvmerge v9.6.0 ('Slave To Your Mind') 32bit
      _STATISTICS_WRITING_APP-eng: mkvmerge v9.6.0 ('Slave To Your Mind') 32bit
      _STATISTICS_WRITING_DATE_UTC: 2017-01-17 19:50:23
      _STATISTICS_WRITING_DATE_UTC-eng: 2017-01-17 19:50:23
      _STATISTICS_TAGS: BPS DURATION NUMBER_OF_FRAMES NUMBER_OF_BYTES
      _STATISTICS_TAGS-eng: BPS DURATION NUMBER_OF_FRAMES NUMBER_OF_BYTES
    Stream #0:4(nor): Subtitle: subrip
    Metadata:
      BPS             : 44
      BPS-eng         : 44
      DURATION        : 01:52:13.990000000
      DURATION-eng    : 01:52:13.990000000
      NUMBER_OF_FRAMES: 1275
      NUMBER_OF_FRAMES-eng: 1275
      NUMBER_OF_BYTES : 37830
      NUMBER_OF_BYTES-eng: 37830
      _STATISTICS_WRITING_APP: mkvmerge v9.6.0 ('Slave To Your Mind') 32bit
      _STATISTICS_WRITING_APP-eng: mkvmerge v9.6.0 ('Slave To Your Mind') 32bit
      _STATISTICS_WRITING_DATE_UTC: 2017-01-17 19:50:23
      _STATISTICS_WRITING_DATE_UTC-eng: 2017-01-17 19:50:23
      _STATISTICS_TAGS: BPS DURATION NUMBER_OF_FRAMES NUMBER_OF_BYTES
      _STATISTICS_TAGS-eng: BPS DURATION NUMBER_OF_FRAMES NUMBER_OF_BYTES
    Stream #0:5(fin): Subtitle: subrip
    Metadata:
      BPS             : 50
      BPS-eng         : 50
      DURATION        : 01:52:13.780000000
      DURATION-eng    : 01:52:13.780000000
      NUMBER_OF_FRAMES: 1428
      NUMBER_OF_FRAMES-eng: 1428
      NUMBER_OF_BYTES : 42390
      NUMBER_OF_BYTES-eng: 42390
      _STATISTICS_WRITING_APP: mkvmerge v9.6.0 ('Slave To Your Mind') 32bit
      _STATISTICS_WRITING_APP-eng: mkvmerge v9.6.0 ('Slave To Your Mind') 32bit
      _STATISTICS_WRITING_DATE_UTC: 2017-01-17 19:50:23
      _STATISTICS_WRITING_DATE_UTC-eng: 2017-01-17 19:50:23
      _STATISTICS_TAGS: BPS DURATION NUMBER_OF_FRAMES NUMBER_OF_BYTES
      _STATISTICS_TAGS-eng: BPS DURATION NUMBER_OF_FRAMES NUMBER_OF_BYTES
[10:57:53] add_ffmpeg_subtitle: unknown subtitle stream type: 0x17808
[10:57:53] add_ffmpeg_subtitle: unknown subtitle stream type: 0x17808
[10:57:53] add_ffmpeg_subtitle: unknown subtitle stream type: 0x17808
[10:57:53] add_ffmpeg_subtitle: unknown subtitle stream type: 0x17808
[10:57:53] scan: decoding previews for title 1
[10:57:53] scan: audio 0x1: ac3, rate=48000Hz, bitrate=384000 English (AC3) (5.1 ch)
[10:57:54] scan: 10 previews, 1916x800, 24.000 fps, autocrop = 0/0/0/0, aspect 2.40:1, PAR 1:1
[10:57:54] libhb: scan thread found 1 valid title(s)
[10:57:54] starting job
[10:57:54] decomb filter thread started for segment 2
[10:57:54] decomb filter thread started for segment 1
[10:57:54] decomb filter thread started for segment 3
[10:57:54] decomb check thread started for segment 0
[10:57:54] decomb check thread started for segment 1
[10:57:54] decomb check thread started for segment 2
[10:57:54] decomb check thread started for segment 3
[10:57:54] mask filter thread started for segment 0
[10:57:54] mask filter thread started for segment 1
[10:57:54] mask filter thread started for segment 2
[10:57:54] decomb filter thread started for segment 0
[10:57:54] mask filter thread started for segment 3
[10:57:54] mask erode thread started for segment 0
[10:57:54] mask erode thread started for segment 1
[10:57:54] mask erode thread started for segment 3
[10:57:54] mask erode thread started for segment 2
[10:57:54] mask dilate thread started for segment 0
[10:57:54] mask dilate thread started for segment 1
[10:57:54] mask dilate thread started for segment 2
[10:57:54] mask dilate thread started for segment 3
[10:57:54] yadif thread started for segment 0
[10:57:54] yadif thread started for segment 1
[10:57:54] yadif thread started for segment 2
[10:57:54] yadif thread started for segment 3
[10:57:54] job configuration:
[10:57:54]  * source
[10:57:54]    + /media/mythfs/downloads/complete/videos/Jack.Reacher.Never.Go.Back.2016.NORDiC.1080p.WEB-DL.x264-UNiTAiL/Jack.Reacher.Never.Go.Back.2016.NORDiC.1080p.WEB-DL.x264-UNiTAiL.mkv
[10:57:54]    + title 1, chapter(s) 1 to 17
[10:57:54]    + container: matroska,webm
[10:57:54]    + data rate: 4964 kbps
[10:57:54]  * destination
[10:57:54]    + /media/mythfs/tv/Buffy/Season 6/Jack.Reacher.Never.Go.Back.2016.NORDiC.1080p.WEB-DL.x264-UNiTAiL.m4v
[10:57:54]    + container: MPEG-4 (libavformat)
[10:57:54]      + chapter markers
[10:57:54]  * video track
[10:57:54]    + decoder: h264
[10:57:54]    + filters
[10:57:54]      + Comb Detect (mode=3:spatial-metric=2:motion-thresh=1:spatial-thresh=1:filter-mode=2:block-thresh=40:block-width=16:block-height=16)
[10:57:54]      + Decomb (mode=39)
[10:57:54]      + Framerate Shaper (mode=2:rate=27000000/900000)
[10:57:54]        + frame rate: 24.000 fps -> peak rate limited to 30.000 fps
[10:57:54]      + Crop and Scale (width=1280:height=720:crop-top=0:crop-bottom=0:crop-left=0:crop-right=0)
[10:57:54]        + source: 1916 * 800, crop (0/0/0/0): 1916 * 800, scale: 1280 * 720
[10:57:54]    + Output geometry
[10:57:54]      + storage dimensions: 1280 x 720
[10:57:54]      + pixel aspect ratio: 4311 : 3200
[10:57:54]      + display dimensions: 1724 x 720
[10:57:54]    + encoder: H.264 (libx264)
[10:57:54]      + preset:  fast
[10:57:54]      + profile: main
[10:57:54]      + level:   3.1
[10:57:54]      + quality: 21.00 (RF)
[10:57:54]  * audio track 1
[10:57:54]    + decoder: English (AC3) (5.1 ch) (track 1, id 0x1)
[10:57:54]      + bitrate: 384 kbps, samplerate: 48000 Hz
[10:57:54]    + mixdown: Dolby Pro Logic II
[10:57:54]    + encoder: AAC (libavcodec)
[10:57:54]      + bitrate: 160 kbps, samplerate: 48000 Hz
[10:57:54] sync: expecting 170626 video frames
[10:57:54] encavcodecaInit: Unknown avcodec option stereo_mode
[10:57:54] encx264: min-keyint: 24, keyint: 240
[10:57:54] encx264: encoding at constant RF 21.000000
[10:57:54] encx264: unparsed options: level=3.1:ref=2:8x8dct=0:weightp=1:subme=6:vbv-bufsize=14000:vbv-maxrate=14000:rc-lookahead=30
x264 [info]: using SAR=4311/3200
x264 [info]: using cpu capabilities: MMX2 SSE2Fast SSSE3 SSE4.2 AVX XOP FMA4 LZCNT
x264 [info]: profile Main, level 3.1
[10:57:54] sync: first pts video is 0
[10:57:54] sync: "Chapter 1" (1) at frame 1 time 0
[10:57:54] sync: first pts audio 0x1 is 0
[11:03:58] sync: "Chapter 2" (2) at frame 10047 time 37708980
[11:10:40] sync: "Chapter 3" (3) at frame 22035 time 82708980
[11:14:40] sync: "Chapter 4" (4) at frame 29564 time 110971020
[11:22:27] sync: "Chapter 5" (5) at frame 41792 time 156871980
[11:27:28] sync: "Chapter 6" (6) at frame 49728 time 186661680
[11:34:03] sync: "Chapter 7" (7) at frame 61356 time 230310330
[11:40:00] sync: "Chapter 8" (8) at frame 71138 time 267029610
[11:48:32] sync: "Chapter 9" (9) at frame 84470 time 317074590
[11:52:01] sync: "Chapter 10" (10) at frame 90847 time 341012190
[11:57:54] sync: "Chapter 11" (11) at frame 100077 time 375659430
[12:02:07] sync: "Chapter 12" (12) at frame 107989 time 405359040
[12:08:34] sync: "Chapter 13" (13) at frame 117916 time 442622730
[12:12:47] sync: "Chapter 14" (14) at frame 125301 time 470344260
[12:20:49] sync: "Chapter 15" (15) at frame 135538 time 508771290
[12:33:23] sync: "Chapter 16" (16) at frame 153520 time 576271950
[12:39:30] sync: "Chapter 17" (17) at frame 163279 time 612904200
[12:41:58] reader: done. 1 scr changes
[12:42:00] work: average encoding speed for job is 27.288456 fps
[12:42:00] comb detect: heavy 163 | light 2128 | uncombed 168165 | total 170456
[12:42:00] decomb: deinterlaced 163 | blended 2128 | unfiltered 168165 | total 170456
[12:42:00] vfr: 170456 frames output, 0 dropped and 0 duped for CFR/PFR
[12:42:00] vfr: lost time: 0 (0 frames)
[12:42:00] vfr: gained time: 0 (0 frames) (0 not accounted for)
[12:42:00] ac3-decoder done: 221506 frames, 0 decoder errors
[12:42:00] h264-decoder done: 170456 frames, 0 decoder errors
[12:42:00] sync: got 170456 frames, 170626 expected
[12:42:00] sync: framerate min 17.341 fps, max 24.000 fps, avg 23.976 fps
x264 [info]: frame I:2819  Avg QP:17.67  size: 68808
x264 [info]: frame P:48098 Avg QP:20.58  size: 17533
x264 [info]: frame B:119539 Avg QP:21.93  size:  6105
x264 [info]: consecutive B-frames:  5.1%  3.1%  3.3% 88.5%
x264 [info]: mb I  I16..4: 29.9%  0.0% 70.1%
x264 [info]: mb P  I16..4:  6.2%  0.0%  7.0%  P16..4: 39.2% 15.0%  9.2%  0.0%  0.0%    skip:23.3%
x264 [info]: mb B  I16..4:  6.2%  0.0%  0.9%  B16..8: 24.5%  5.9%  0.3%  direct:12.4%  skip:49.8%  L0:41.7% L1:50.4% BI: 8.0%
x264 [info]: coded y,uvDC,uvAC intra: 45.2% 68.8% 29.3% inter: 11.2% 21.2% 0.7%
x264 [info]: i16 v,h,dc,p: 43% 17% 20% 20%
x264 [info]: i4 v,h,dc,ddl,ddr,vr,hd,vl,hu: 29% 16% 19%  6%  7%  8%  5%  6%  4%
x264 [info]: i8c dc,h,v,p: 55% 15% 24%  6%
x264 [info]: Weighted P-Frames: Y:1.9% UV:1.3%
x264 [info]: ref P L0: 67.8% 32.2%
x264 [info]: ref B L0: 82.8% 17.2%
x264 [info]: ref B L1: 96.2%  3.8%
x264 [info]: kb/s:1988.42
[12:42:00] mux: track 0, 170456 frames, 1766964616 bytes, 1988.30 kbps, fifo 4096
[12:42:00] mux: track 1, 332259 frames, 144050145 bytes, 162.09 kbps, fifo 8192
[12:42:00] libhb: work result = 0
