Handbrake Version: 1.3.3 (2020080400)
[11:50:25] gtkgui: Custom Preset: /General/vp972025
[11:50:25] Starting work at: Sat Aug 29 11:50:25 2020

[11:50:25] 1 job(s) to process
[11:50:25] json job:
{
    "Audio": {
        "AudioList": [
            {
                "Bitrate": 160,
                "CompressionLevel": -1.0,
                "DRC": 0.0,
                "DitherMethod": "auto",
                "Encoder": "av_aac",
                "Gain": 0.0,
                "Mixdown": "stereo",
                "NormalizeMixLevel": false,
                "PresetEncoder": "av_aac",
                "Quality": -3.0,
                "Samplerate": 0,
                "Track": 0
            }
        ],
        "CopyMask": [
            "copy:aac"
        ],
        "FallbackEncoder": "av_aac"
    },
    "Destination": {
        "AlignAVStart": false,
        "ChapterList": [
            {
                "Duration": {
                    "Hours": 0,
                    "Minutes": 3,
                    "Seconds": 15,
                    "Ticks": 17539200
                },
                "Name": "Chapter 1"
            },
            {
                "Duration": {
                    "Hours": 0,
                    "Minutes": 9,
                    "Seconds": 31,
                    "Ticks": 51400800
                },
                "Name": "Chapter 2"
            },
            {
                "Duration": {
                    "Hours": 0,
                    "Minutes": 8,
                    "Seconds": 55,
                    "Ticks": 48157200
                },
                "Name": "Chapter 3"
            },
            {
                "Duration": {
                    "Hours": 0,
                    "Minutes": 5,
                    "Seconds": 2,
                    "Ticks": 27216000
                },
                "Name": "Chapter 4"
            },
            {
                "Duration": {
                    "Hours": 0,
                    "Minutes": 7,
                    "Seconds": 23,
                    "Ticks": 39830400
                },
                "Name": "Chapter 5"
            },
            {
                "Duration": {
                    "Hours": 0,
                    "Minutes": 4,
                    "Seconds": 44,
                    "Ticks": 25578000
                },
                "Name": "Chapter 6"
            },
            {
                "Duration": {
                    "Hours": 0,
                    "Minutes": 5,
                    "Seconds": 18,
                    "Ticks": 28591200
                },
                "Name": "Chapter 7"
            },
            {
                "Duration": {
                    "Hours": 0,
                    "Minutes": 5,
                    "Seconds": 39,
                    "Ticks": 30546000
                },
                "Name": "Chapter 8"
            },
            {
                "Duration": {
                    "Hours": 0,
                    "Minutes": 5,
                    "Seconds": 4,
                    "Ticks": 27342000
                },
                "Name": "Chapter 9"
            },
            {
                "Duration": {
                    "Hours": 0,
                    "Minutes": 5,
                    "Seconds": 54,
                    "Ticks": 31827600
                },
                "Name": "Chapter 10"
            },
            {
                "Duration": {
                    "Hours": 0,
                    "Minutes": 9,
                    "Seconds": 2,
                    "Ticks": 48776400
                },
                "Name": "Chapter 11"
            },
            {
                "Duration": {
                    "Hours": 0,
                    "Minutes": 1,
                    "Seconds": 18,
                    "Ticks": 7020000
                },
                "Name": "Chapter 12"
            },
            {
                "Duration": {
                    "Hours": 0,
                    "Minutes": 0,
                    "Seconds": 1,
                    "Ticks": 90000
                },
                "Name": "Chapter 13"
            }
        ],
        "ChapterMarkers": true,
        "File": "/media/mythfs/videos/S&M DVD1",
        "InlineParameterSets": false,
        "Mp4Options": {
            "IpodAtom": false,
            "Mp4Optimize": false
        },
        "Mux": "mkv"
    },
    "Filters": {
        "FilterList": [
            {
                "ID": 3,
                "Settings": {
                    "block-height": "16",
                    "block-thresh": "40",
                    "block-width": "16",
                    "filter-mode": "2",
                    "mode": "3",
                    "motion-thresh": "1",
                    "spatial-metric": "2",
                    "spatial-thresh": "1"
                }
            },
            {
                "ID": 4,
                "Settings": {
                    "mode": "7"
                }
            },
            {
                "ID": 6,
                "Settings": {
                    "mode": 2,
                    "rate": "27000000/1080000"
                }
            },
            {
                "ID": 12,
                "Settings": {
                    "crop-bottom": 0,
                    "crop-left": 0,
                    "crop-right": 0,
                    "crop-top": 0,
                    "height": 576,
                    "width": 576
                }
            }
        ]
    },
    "Metadata": {
        "Name": "VIDEO_TS"
    },
    "PAR": {
        "Den": 3,
        "Num": 4
    },
    "SequenceID": 0,
    "Source": {
        "Angle": 0,
        "Path": "/media/mythfs/downloads/complete/Metalica and the San Francisco Symphony Orchestra/DVD 1/VIDEO_TS",
        "Range": {
            "End": 13,
            "Start": 1,
            "Type": "chapter"
        },
        "Title": 1
    },
    "Subtitle": {
        "Search": {
            "Burn": true,
            "Default": false,
            "Enable": true,
            "Forced": true
        },
        "SubtitleList": []
    },
    "Video": {
        "ColorFormat": 0,
        "ColorMatrix": 6,
        "ColorPrimaries": 5,
        "ColorRange": 1,
        "ColorTransfer": 1,
        "Encoder": "VP9",
        "Level": "auto",
        "Options": "",
        "Preset": "medium",
        "Profile": "auto",
        "QSV": {
            "AsyncDepth": 4,
            "Decode": false
        },
        "Quality": 19.0,
        "Tune": "",
        "Turbo": false,
        "TwoPass": false
    }
}
[11:50:25] CPU: 
[11:50:25]  - logical processor count: 4
[11:50:25] Intel Quick Sync Video support: no
[11:50:25] hb_scan: path=/media/mythfs/downloads/complete/Metalica and the San Francisco Symphony Orchestra/DVD 1/VIDEO_TS, title_index=1
disc.c:424: error opening file BDMV/index.bdmv
disc.c:424: error opening file BDMV/BACKUP/index.bdmv
bluray.c:2585: nav_get_title_list(/media/mythfs/downloads/complete/Metalica and the San Francisco Symphony Orchestra/DVD 1/VIDEO_TS/) failed
[11:50:25] bd: not a bd - trying as a stream/file instead
libdvdnav: Using dvdnav version 6.0.1
libdvdread: Couldn't find device name.
libdvdnav: Can't read name block. Probably not a DVD-ROM device.
libdvdnav: vm: dvd_read_name failed
libdvdnav: DVD disk reports itself with Region mask 0x00c00000. Regions: 1 2 3 4 5 6
libdvdread: Couldn't find device name.
[11:50:25] scan: DVD has 4 title(s)
[11:50:25] scan: scanning title 1
[11:50:25] dvd: Skipping multi-angle cells 4-8
[11:50:25] dvd: Skipping multi-angle cells 12-16
[11:50:25] dvd: Skipping multi-angle cells 4-8
[11:50:25] dvd: Skipping multi-angle cells 12-16
[11:50:25] dvd: Skipping multi-angle cells 4-8
[11:50:25] dvd: Skipping multi-angle cells 12-16
[11:50:25] dvd: Skipping multi-angle cells 4-8
[11:50:25] dvd: Skipping multi-angle cells 12-16
[11:50:25] dvd: Skipping multi-angle cells 12-16
[11:50:25] dvd: Skipping multi-angle cells 12-16
[11:50:25] dvd: Skipping multi-angle cells 4-8
[11:50:25] dvd: Skipping multi-angle cells 12-16
[11:50:25] scan: duration is 01:11:05 (4265720 ms)
[11:50:25] pgc_id: 1, pgn: 1: pgc: 0x7f13a800f7d0
[11:50:25] scan: checking audio 1
[11:50:25] scan: id=0x80bd, lang=English (AC3), 3cc=eng ext=0
[11:50:25] scan: checking audio 2
[11:50:25] scan: id=0x81bd, lang=English (AC3), 3cc=eng ext=0
[11:50:25] scan: checking audio 3
[11:50:25] scan: id=0x82bd, lang=English (AC3), 3cc=eng ext=0
[11:50:25] scan: checking audio 4
[11:50:25] scan: id=0x83bd, lang=English (AC3), 3cc=eng ext=0
[11:50:25] scan: checking subtitle 1
[11:50:25] scan: id=0x20bd, lang=English (4:3) [VOBSUB], 3cc=eng ext=0
[11:50:25] scan: checking subtitle 2
[11:50:25] scan: id=0x21bd, lang=English (4:3) [VOBSUB], 3cc=eng ext=0
[11:50:25] scan: title 1 has 13 chapters
[11:50:25] scan: chap 1, 194880 ms
[11:50:25] scan: chap 2, 571120 ms
[11:50:25] scan: chap 3, 535080 ms
[11:50:25] scan: chap 4, 302400 ms
[11:50:25] scan: chap 5, 442560 ms
[11:50:25] scan: chap 6, 284200 ms
[11:50:25] scan: chap 7, 317680 ms
[11:50:25] scan: chap 8, 339400 ms
[11:50:25] scan: chap 9, 303800 ms
[11:50:25] scan: chap 10, 353640 ms
[11:50:25] scan: chap 11, 541960 ms
[11:50:25] scan: chap 12, 78000 ms
[11:50:25] scan: chap 13, 1000 ms
[11:50:25] scan: aspect = 4:3
[11:50:25] scan: decoding previews for title 1
[11:50:25] dvd: Skipping multi-angle cells 4-8
[11:50:25] dvd: Skipping multi-angle cells 12-16
[11:50:25] dvd: Skipping multi-angle cells 4-8
[11:50:25] dvd: Skipping multi-angle cells 12-16
[11:50:25] dvd: Skipping multi-angle cells 4-8
[11:50:25] dvd: Skipping multi-angle cells 12-16
[11:50:25] dvd: Skipping multi-angle cells 4-8
[11:50:25] dvd: Skipping multi-angle cells 12-16
[11:50:25] dvd: Skipping multi-angle cells 12-16
[11:50:25] dvd: Skipping multi-angle cells 12-16
[11:50:25] dvd: Skipping multi-angle cells 4-8
[11:50:25] dvd: Skipping multi-angle cells 12-16
libdvdnav: DVD disk reports itself with Region mask 0x00c00000. Regions: 1 2 3 4 5 6
[11:50:25] scan: title angle(s) 5
[11:50:25] scan: audio 0x81bd: ac3, rate=48000Hz, bitrate=256000 English (AC3) (2.0 ch) (256 kbps)
[11:50:25] scan: audio 0x82bd: ac3, rate=48000Hz, bitrate=256000 English (AC3) (2.0 ch) (256 kbps)
[11:50:25] scan: audio 0x80bd: ac3, rate=48000Hz, bitrate=448000 English (AC3) (5.1 ch) (448 kbps)
libdvdnav: DVD disk reports itself with Region mask 0x00c00000. Regions: 1 2 3 4 5 6
[11:50:27] scan: 10 previews, 720x576, 25.000 fps, autocrop = 0/0/6/4, aspect 4:3, PAR 16:15
[11:50:27] scan: removing audio 0x83bd because no bitrate found
[11:50:27] libhb: scan thread found 1 valid title(s)
[11:50:27] Starting Task: Subtitle Scan
[11:50:27] job configuration:
[11:50:27]  * source
[11:50:27]    + /media/mythfs/downloads/complete/Metalica and the San Francisco Symphony Orchestra/DVD 1/VIDEO_TS
[11:50:27]    + title 1, chapter(s) 1 to 13
[11:50:27]  * destination
[11:50:27]    + /media/mythfs/videos/S&M DVD1
[11:50:27]    + container: Matroska (libavformat)
[11:50:27]      + chapter markers
[11:50:27]  * video track
[11:50:27]    + decoder: mpeg2video
[11:50:27]      + bitrate 200 kbps
[11:50:27]    + filters
[11:50:27]      + Comb Detect (mode=3:spatial-metric=2:motion-thresh=1:spatial-thresh=1:filter-mode=2:block-thresh=40:block-width=16:block-height=16)
[11:50:27]      + Decomb (mode=39)
[11:50:27]      + Framerate Shaper (mode=2:rate=27000000/1080000)
[11:50:27]        + frame rate: 25.000 fps -> peak rate limited to 25.000 fps
[11:50:27]      + Crop and Scale (width=576:height=576:crop-top=0:crop-bottom=0:crop-left=0:crop-right=0)
[11:50:27]        + source: 720 * 576, crop (0/0/0/0): 720 * 576, scale: 576 * 576
[11:50:27]    + Output geometry
[11:50:27]      + storage dimensions: 576 x 576
[11:50:27]      + pixel aspect ratio: 4 : 3
[11:50:27]      + display dimensions: 768 x 576
[11:50:27]  * Foreign Audio Search: Render/Burn-in, Forced Only
[11:50:27]    + subtitle, English (4:3) [VOBSUB] (track 0, id 0x20bd, Picture)
[11:50:27]    + subtitle, English (4:3) [VOBSUB] (track 1, id 0x21bd, Picture)
libdvdnav: Using dvdnav version 6.0.1
libdvdread: Couldn't find device name.
libdvdnav: Can't read name block. Probably not a DVD-ROM device.
libdvdnav: vm: dvd_read_name failed
libdvdnav: DVD disk reports itself with Region mask 0x00c00000. Regions: 1 2 3 4 5 6
libdvdread: Couldn't find device name.
[11:50:27] dvd: Skipping multi-angle cells 4-8
[11:50:27] dvd: Skipping multi-angle cells 12-16
[11:50:27] dvd: Skipping multi-angle cells 4-8
[11:50:27] dvd: Skipping multi-angle cells 12-16
[11:50:27] dvd: Skipping multi-angle cells 4-8
[11:50:27] dvd: Skipping multi-angle cells 12-16
[11:50:27] dvd: Skipping multi-angle cells 4-8
[11:50:27] dvd: Skipping multi-angle cells 12-16
[11:50:27] dvd: Skipping multi-angle cells 12-16
[11:50:27] dvd: Skipping multi-angle cells 12-16
[11:50:27] dvd: Skipping multi-angle cells 4-8
[11:50:27] dvd: Skipping multi-angle cells 12-16
libdvdnav: DVD disk reports itself with Region mask 0x00c00000. Regions: 1 2 3 4 5 6
[11:50:27] sync: expecting 106643 video frames
[11:50:34] reader: done. 7 scr changes
[11:50:34] work: average encoding speed for job is 0.000000 fps
[11:50:34] comb detect: heavy 0 | light 0 | uncombed 0 | total 0
[11:50:34] decomb: deinterlaced 0 | blended 0 | unfiltered 0 | total 0
[11:50:34] vfr: 0 frames output, 0 dropped and 0 duped for CFR/PFR
[11:50:34] vfr: lost time: 0 (0 frames)
[11:50:34] vfr: gained time: 0 (0 frames) (0 not accounted for)
[11:50:34] mpeg2video-decoder done: 0 frames, 0 decoder errors
[11:50:34] sync: got 0 frames, 106643 expected
[11:50:34] Subtitle track 0 (id 0x20bd) 'English (4:3) [VOBSUB]': 0 hits (0 forced)
[11:50:34] Subtitle track 1 (id 0x21bd) 'English (4:3) [VOBSUB]': 0 hits (0 forced)
[11:50:34] No candidate detected during subtitle scan
[11:50:34] Starting Task: Encoding Pass
[11:50:34] job configuration:
[11:50:34]  * source
[11:50:34]    + /media/mythfs/downloads/complete/Metalica and the San Francisco Symphony Orchestra/DVD 1/VIDEO_TS
[11:50:34]    + title 1, chapter(s) 1 to 13
[11:50:34]  * destination
[11:50:34]    + /media/mythfs/videos/S&M DVD1
[11:50:34]    + container: Matroska (libavformat)
[11:50:34]      + chapter markers
[11:50:34]  * video track
[11:50:34]    + decoder: mpeg2video
[11:50:34]      + bitrate 200 kbps
[11:50:34]    + filters
[11:50:34]      + Comb Detect (mode=3:spatial-metric=2:motion-thresh=1:spatial-thresh=1:filter-mode=2:block-thresh=40:block-width=16:block-height=16)
[11:50:34]      + Decomb (mode=39)
[11:50:34]      + Framerate Shaper (mode=2:rate=27000000/1080000)
[11:50:34]        + frame rate: 25.000 fps -> peak rate limited to 25.000 fps
[11:50:34]      + Crop and Scale (width=576:height=576:crop-top=0:crop-bottom=0:crop-left=0:crop-right=0)
[11:50:34]        + source: 720 * 576, crop (0/0/0/0): 720 * 576, scale: 576 * 576
[11:50:34]    + Output geometry
[11:50:34]      + storage dimensions: 576 x 576
[11:50:34]      + pixel aspect ratio: 4 : 3
[11:50:34]      + display dimensions: 768 x 576
[11:50:34]    + encoder: VP9 (libvpx)
[11:50:34]      + preset:  medium
[11:50:34]      + quality: 19.00 (CQ)
[11:50:34]      + color profile: 5-1-6
[11:50:34]  * audio track 1
[11:50:34]    + decoder: English (AC3) (5.1 ch) (448 kbps) (track 1, id 0x80bd)
[11:50:34]      + bitrate: 448 kbps, samplerate: 48000 Hz
[11:50:34]    + mixdown: Stereo
[11:50:34]    + dither: triangular
[11:50:34]    + encoder: AAC (libavcodec)
[11:50:34]      + bitrate: 160 kbps, samplerate: 48000 Hz
libdvdnav: Using dvdnav version 6.0.1
libdvdread: Couldn't find device name.
libdvdnav: Can't read name block. Probably not a DVD-ROM device.
libdvdnav: vm: dvd_read_name failed
libdvdnav: DVD disk reports itself with Region mask 0x00c00000. Regions: 1 2 3 4 5 6
libdvdread: Couldn't find device name.
[11:50:34] dvd: Skipping multi-angle cells 4-8
[11:50:34] dvd: Skipping multi-angle cells 12-16
[11:50:34] dvd: Skipping multi-angle cells 4-8
[11:50:34] dvd: Skipping multi-angle cells 12-16
[11:50:34] dvd: Skipping multi-angle cells 4-8
[11:50:34] dvd: Skipping multi-angle cells 12-16
[11:50:34] dvd: Skipping multi-angle cells 4-8
[11:50:34] dvd: Skipping multi-angle cells 12-16
[11:50:34] dvd: Skipping multi-angle cells 12-16
[11:50:34] dvd: Skipping multi-angle cells 12-16
[11:50:34] dvd: Skipping multi-angle cells 4-8
[11:50:34] dvd: Skipping multi-angle cells 12-16
libdvdnav: DVD disk reports itself with Region mask 0x00c00000. Regions: 1 2 3 4 5 6
[11:50:34] sync: expecting 106643 video frames
[11:50:34] encavcodecInit: VP9 encoder
[11:50:34] encavcodec: encoding at CQ 19.00
[11:50:34] encavcodec: encoding with stored aspect 4/3
[libvpx-vp9 @ 0x7f13a03cec00] v1.9.0
[11:50:34] sync: first pts video is 0
[11:50:34] sync: "Chapter 1" (1) at frame 1 time 0
[11:50:34] sync: first pts audio 0x80bd is 0
[11:57:28] sync: "Chapter 2" (2) at frame 4875 time 17546400
[12:23:42] sync: "Chapter 3" (3) at frame 19153 time 68947200
[12:48:52] sync: "Chapter 4" (4) at frame 32530 time 117104400
[13:02:42] sync: "Chapter 5" (5) at frame 40090 time 144320400
[13:22:31] sync: "Chapter 6" (6) at frame 51154 time 184150800
[13:35:31] sync: "Chapter 7" (7) at frame 58259 time 209728800
[13:50:31] sync: "Chapter 8" (8) at frame 66201 time 238318560
[14:05:51] sync: "Chapter 9" (9) at frame 74686 time 268864560
[14:20:04] sync: "Chapter 10" (10) at frame 82281 time 296206560
[14:35:38] sync: "Chapter 11" (11) at frame 91122 time 328034160
[14:58:49] sync: "Chapter 12" (12) at frame 104671 time 376810560
[15:02:19] reader: done. 7 scr changes
[15:02:21] 4264.704102s: Video -> Film
[15:02:21] sync: "Chapter 13" (13) at frame 106619 time 383823360
[15:02:27] work: average encoding speed for job is 9.262144 fps
[15:02:27] comb detect: heavy 101745 | light 2306 | uncombed 2568 | total 106619
[15:02:27] decomb: deinterlaced 101745 | blended 2306 | unfiltered 2568 | total 106619
[15:02:27] vfr: 106619 frames output, 0 dropped and 0 duped for CFR/PFR
[15:02:27] vfr: lost time: 0 (0 frames)
[15:02:27] vfr: gained time: 0 (0 frames) (0 not accounted for)
[15:02:27] ac3-decoder done: 133271 frames, 0 decoder errors
[15:02:27] mpeg2video-decoder done: 106619 frames, 0 decoder errors
[15:02:27] sync: got 106619 frames, 106643 expected
[15:02:27] sync: framerate min 25.000 fps, max 41.667 fps, avg 25.000 fps
[aac @ 0x7f13a02c2540] Qavg: 209.377
[15:02:27] mux: track 0, 106619 frames, 1092619567 bytes, 2049.56 kbps, fifo 2048
[15:02:27] mux: track 1, 199907 frames, 85569881 bytes, 160.51 kbps, fifo 4096
[15:02:27] Finished work at: Sat Aug 29 15:02:27 2020

[15:02:27] libhb: work result = 0
