Handbrake Version: 0.10.2 (2015071700)

** (ghb:5052): WARNING **: Inhibit failed: The name org.freedesktop.PowerManagement was not provided by any .service files
[18:13:42] CPU: 
[18:13:42]  - logical processor count: 4
[18:13:42] hb_scan: path=/dev/sr0, title_index=3
disc.c:332: error opening file BDMV/index.bdmv
disc.c:332: error opening file BDMV/BACKUP/index.bdmv
[18:13:42] bd: not a bd - trying as a stream/file instead
[18:13:42] dvd: Region mask 0xfe
libdvdnav: Using dvdnav version 5.0.2
libdvdnav: DVD Title: SPARTACUS_SEASON1_DISC1
libdvdnav: DVD Serial Number: 3d5481fc
libdvdnav: DVD Title (Alternative): 
libdvdnav: DVD disk reports itself with Region mask 0x00f70000. Regions: 4

libdvdread: Attempting to retrieve all CSS keys
libdvdread: This can take a _long_ time, please be patient

libdvdread: Get key for /VIDEO_TS/VIDEO_TS.VOB at 0x00000147
libdvdread: Elapsed time 0
libdvdread: Get key for /VIDEO_TS/VTS_01_0.VOB at 0x00000577
libdvdread: Elapsed time 0
libdvdread: Get key for /VIDEO_TS/VTS_01_1.VOB at 0x0000a844
libdvdread: Elapsed time 0
libdvdread: Get key for /VIDEO_TS/VTS_02_0.VOB at 0x000ed91d
libdvdread: Elapsed time 0
libdvdread: Get key for /VIDEO_TS/VTS_02_1.VOB at 0x000eda39
libdvdread: Elapsed time 0
libdvdread: Get key for /VIDEO_TS/VTS_03_0.VOB at 0x001d6e14
libdvdread: Elapsed time 0
libdvdread: Get key for /VIDEO_TS/VTS_03_1.VOB at 0x001d6f30
libdvdread: Elapsed time 0
libdvdread: Get key for /VIDEO_TS/VTS_04_0.VOB at 0x002b4bd3
libdvdread: Elapsed time 0
libdvdread: Get key for /VIDEO_TS/VTS_04_1.VOB at 0x002b4cef
libdvdread: Elapsed time 0
libdvdread: Get key for /VIDEO_TS/VTS_05_0.VOB at 0x0038d5a2
libdvdread: Elapsed time 0
libdvdread: Get key for /VIDEO_TS/VTS_05_1.VOB at 0x0038d6be
libdvdread: Elapsed time 0
libdvdread: Get key for /VIDEO_TS/VTS_06_0.VOB at 0x0038d76e
libdvdread: Elapsed time 0
libdvdread: Get key for /VIDEO_TS/VTS_06_1.VOB at 0x0038d88a
libdvdread: Elapsed time 0
libdvdread: Get key for /VIDEO_TS/VTS_07_0.VOB at 0x0038d93a
libdvdread: Elapsed time 0
libdvdread: Get key for /VIDEO_TS/VTS_07_1.VOB at 0x0038da56
libdvdread: Elapsed time 0
libdvdread: Found 7 VTS's
libdvdread: Elapsed time 0
[18:13:43] scan: DVD has 13 title(s)
[18:13:43] scan: scanning title 3
[18:13:43] scan: opening IFO for VTS 2
[18:13:43] scan: duration is 00:55:07 (3307500 ms)
[18:13:43] pgc_id: 1, pgn: 1: pgc: 0x7fcdf4012d80
[18:13:43] scan: vts=2, ttn=1, cells=0->7, blocks=0->955148, 940809 blocks
[18:13:43] scan: checking audio 1
[18:13:43] scan: id=0x80bd, lang=English (AC3), 3cc=eng ext=1
[18:13:43] scan: checking subtitle 1
[18:13:43] scan: id=0x20bd, lang=English (Closed Caption), 3cc=eng ext=5
[18:13:43] scan: title 3 has 8 chapters
[18:13:43] scan: chap 1 c=0->0, b=0->153500 (153501), 566967 ms
[18:13:43] scan: chap 2 c=1->1, b=153501->301303 (147803), 585600 ms
[18:13:43] scan: chap 3 c=2->2, b=301304->441413 (140110), 483834 ms
[18:13:43] scan: chap 4 c=3->3, b=441414->613462 (172049), 568200 ms
[18:13:43] scan: chap 5 c=4->4, b=613463->725272 (111810), 383233 ms
[18:13:43] scan: chap 6 c=5->5, b=725273->914946 (189674), 607767 ms
[18:13:43] scan: chap 7 c=6->6, b=914947->940666 (25720), 111400 ms
[18:13:43] scan: chap 8 c=7->7, b=955007->955148 (142), 500 ms
[18:13:43] scan: aspect = 1.77778
[18:13:43] scan: decoding previews for title 3
libdvdnav: DVD disk reports itself with Region mask 0x00f70000. Regions: 4
[18:13:43] scan: title angle(s) 1
[ac3 @ 0x7fcdf41318e0] frame sync error
[ac3 @ 0x7fcdf4318080] frame sync error
[18:13:43] scan: audio 0x80bd: ac3, rate=48000Hz, bitrate=448000 English (AC3) (5.1 ch)
[18:13:43] scan: 10 previews, 720x480, 23.976 fps, autocrop = 0/0/0/0, aspect 16:9, PAR 32:27
[18:13:43] libhb: scan thread found 1 valid title(s)
[18:13:45] gtkgui: Preset: Regular->Normal
[18:13:45] 1 job(s) to process
[18:13:45] starting job
[18:13:45] sync: expecting 79300 video frames
[18:13:45] job configuration:
[18:13:45]  * source
[18:13:45]    + /dev/sr0
[18:13:45]    + title 3, chapter(s) 1 to 8
[18:13:45]  * destination
[18:13:45]    + /media/mythfs/tv/Sparticus/Spartacus 1x02.m4v
[18:13:45]    + container: MPEG-4 (libavformat)
[18:13:45]      + chapter markers
[18:13:45]  * video track
[18:13:45]    + decoder: mpeg2video
[18:13:45]      + bitrate 9800 kbps
[18:13:45]    + filters
[18:13:45]      + Framerate Shaper (0:27000000:5400000)
[18:13:45]        + frame rate: same as source (around 5.000 fps)
[18:13:45]      + Crop and Scale (720:480:0:0:0:0)
[18:13:45]        + source: 720 * 480, crop (0/0/0/0): 720 * 480, scale: 720 * 480
[18:13:45]    + loose anamorphic
[18:13:45]      + storage dimensions: 720 * 480, mod 2
[18:13:45]      + pixel aspect ratio: 32 / 27
[18:13:45]      + display dimensions: 853 * 480
[18:13:45]    + encoder: H.264 (libx264)
[18:13:45]      + preset:  veryfast
[18:13:45]      + profile: main
[18:13:45]      + level:   4.0
[18:13:45]      + quality: 20.00 (RF)
[18:13:45]  * audio track 1
[18:13:45]    + decoder: English (AC3) (5.1 ch) (track 1, id 0x80bd)
[18:13:45]      + bitrate: 448 kbps, samplerate: 48000 Hz
[18:13:45]    + mixdown: Dolby Pro Logic II
[18:13:45]    + encoder: AAC (libavcodec)
[18:13:45]      + bitrate: 160 kbps, samplerate: 48000 Hz
[18:13:45] dvd: Region mask 0xfe
libdvdnav: Using dvdnav version 5.0.2
libdvdnav: DVD Title: SPARTACUS_SEASON1_DISC1
libdvdnav: DVD Serial Number: 3d5481fc
libdvdnav: DVD Title (Alternative): 
libdvdnav: DVD disk reports itself with Region mask 0x00f70000. Regions: 4

libdvdread: Attempting to retrieve all CSS keys
libdvdread: This can take a _long_ time, please be patient

libdvdread: Get key for /VIDEO_TS/VIDEO_TS.VOB at 0x00000147
libdvdread: Elapsed time 0
libdvdread: Get key for /VIDEO_TS/VTS_01_0.VOB at 0x00000577
libdvdread: Elapsed time 0
libdvdread: Get key for /VIDEO_TS/VTS_01_1.VOB at 0x0000a844
libdvdread: Elapsed time 0
libdvdread: Get key for /VIDEO_TS/VTS_02_0.VOB at 0x000ed91d
libdvdread: Elapsed time 0
libdvdread: Get key for /VIDEO_TS/VTS_02_1.VOB at 0x000eda39
libdvdread: Elapsed time 0
libdvdread: Get key for /VIDEO_TS/VTS_03_0.VOB at 0x001d6e14
libdvdread: Elapsed time 0
libdvdread: Get key for /VIDEO_TS/VTS_03_1.VOB at 0x001d6f30
libdvdread: Elapsed time 0
libdvdread: Get key for /VIDEO_TS/VTS_04_0.VOB at 0x002b4bd3
libdvdread: Elapsed time 0
libdvdread: Get key for /VIDEO_TS/VTS_04_1.VOB at 0x002b4cef
libdvdread: Elapsed time 0
libdvdread: Get key for /VIDEO_TS/VTS_05_0.VOB at 0x0038d5a2
libdvdread: Elapsed time 0
libdvdread: Get key for /VIDEO_TS/VTS_05_1.VOB at 0x0038d6be
libdvdread: Elapsed time 0
libdvdread: Get key for /VIDEO_TS/VTS_06_0.VOB at 0x0038d76e
libdvdread: Elapsed time 0
libdvdread: Get key for /VIDEO_TS/VTS_06_1.VOB at 0x0038d88a
libdvdread: Elapsed time 0
libdvdread: Get key for /VIDEO_TS/VTS_07_0.VOB at 0x0038d93a
libdvdread: Elapsed time 0
libdvdread: Get key for /VIDEO_TS/VTS_07_1.VOB at 0x0038da56
libdvdread: Elapsed time 0
libdvdread: Found 7 VTS's
libdvdread: Elapsed time 0
libdvdnav: DVD disk reports itself with Region mask 0x00f70000. Regions: 4
[18:13:45] encx264: min-keyint: 5, keyint: 50
[18:13:45] encx264: encoding at constant RF 20.000000
[18:13:45] encx264: unparsed options: level=4.0:ref=1:8x8dct=0:weightp=1:subme=2:mixed-refs=0:trellis=0:vbv-bufsize=25000:vbv-maxrate=20000:rc-lookahead=10
x264 [info]: using SAR=32/27
x264 [info]: using cpu capabilities: MMX2 SSE2Fast SSSE3 SSE4.2 AVX XOP FMA4 LZCNT
x264 [info]: profile Main, level 4.0
[18:13:47] reader: first SCR 146 id 0xe0 DTS 22254
[18:13:47] mpeg2video: "Chapter 1" (1) at frame 0 time 3003
[18:13:47] sync: first pts is 3003
[18:15:03] mpeg2video: "Chapter 2" (2) at frame 13610 time 51081030
[18:16:17] mpeg2video: "Chapter 3" (3) at frame 27664 time 103836232
[18:17:22] mpeg2video: "Chapter 4" (4) at frame 39276 time 147424777
[18:18:43] mpeg2video: "Chapter 5" (5) at frame 52913 time 198615417
[18:19:31] mpeg2video: "Chapter 6" (6) at frame 62111 time 233142409
[18:20:55] mpeg2video: "Chapter 7" (7) at frame 76697 time 287894607
[18:21:09] reader: done. 1 scr changes
[18:21:09] work: average encoding speed for job is 179.680435 fps
[18:21:09] sync: got 79371 frames, 79300 expected
[18:21:09] render: lost time: 0 (0 frames)
[18:21:09] render: gained time: 0 (0 frames) (0 not accounted for)
[18:21:09] mpeg2video-decoder done: 79371 frames, 0 decoder errors, 0 drops
x264 [info]: frame I:2215  Avg QP:17.20  size: 27963
x264 [info]: frame P:34421 Avg QP:20.49  size:  7336
x264 [info]: frame B:42735 Avg QP:21.97  size:  1606
x264 [info]: consecutive B-frames: 17.5% 25.9% 18.8% 37.7%
x264 [info]: mb I  I16..4: 27.7%  0.0% 72.3%
x264 [info]: mb P  I16..4: 11.4%  0.0%  2.5%  P16..4: 37.1% 18.2% 10.8%  0.0%  0.0%    skip:20.0%
x264 [info]: mb B  I16..4:  1.3%  0.0%  0.1%  B16..8: 16.4%  4.8%  0.6%  direct:10.2%  skip:66.6%  L0:32.7% L1:48.1% BI:19.2%
x264 [info]: coded y,uvDC,uvAC intra: 43.2% 59.7% 16.9% inter: 14.2% 16.9% 0.5%
x264 [info]: i16 v,h,dc,p: 47% 20% 21% 12%
x264 [info]: i4 v,h,dc,ddl,ddr,vr,hd,vl,hu: 29% 16% 17%  6%  7%  8%  5%  7%  5%
x264 [info]: i8c dc,h,v,p: 51% 16% 27%  6%
x264 [info]: Weighted P-Frames: Y:7.2% UV:2.9%
x264 [info]: kb/s:925.76
[18:21:09] ac3-decoder done: 0 frames, 0 decoder errors, 0 drops
[18:21:09] mux: track 0, 79371 frames, 382980472 bytes, 925.52 kbps, fifo 4096
[18:21:09] mux: track 1, 155169 frames, 66237704 bytes, 160.07 kbps, fifo 8192
[18:21:09] libhb: work result = 0
