Handbrake Version: 0.10.2 (2015071700)

** (ghb:1002): WARNING **: Inhibit failed: The name org.freedesktop.PowerManagement was not provided by any .service files
[16:11:41] CPU: 
[16:11:41]  - logical processor count: 4
[16:11:41] hb_scan: path=/dev/sr0, title_index=3
disc.c:332: error opening file BDMV/index.bdmv
disc.c:332: error opening file BDMV/BACKUP/index.bdmv
[16:11:41] bd: not a bd - trying as a stream/file instead
[16:11:41] dvd: Region mask 0xfe
libdvdnav: Using dvdnav version 5.0.2
libdvdnav: DVD Title: SPARTACUS_SEASON1_DISC1
libdvdnav: DVD Serial Number: 3d5481fc
libdvdnav: DVD Title (Alternative): 
libdvdnav: DVD disk reports itself with Region mask 0x00f70000. Regions: 4

libdvdread: Attempting to retrieve all CSS keys
libdvdread: This can take a _long_ time, please be patient

libdvdread: Get key for /VIDEO_TS/VIDEO_TS.VOB at 0x00000147
libdvdread: Elapsed time 0
libdvdread: Get key for /VIDEO_TS/VTS_01_0.VOB at 0x00000577
libdvdread: Elapsed time 0
libdvdread: Get key for /VIDEO_TS/VTS_01_1.VOB at 0x0000a844
libdvdread: Elapsed time 0
libdvdread: Get key for /VIDEO_TS/VTS_02_0.VOB at 0x000ed91d
libdvdread: Elapsed time 0
libdvdread: Get key for /VIDEO_TS/VTS_02_1.VOB at 0x000eda39
libdvdread: Elapsed time 0
libdvdread: Get key for /VIDEO_TS/VTS_03_0.VOB at 0x001d6e14
libdvdread: Elapsed time 0
libdvdread: Get key for /VIDEO_TS/VTS_03_1.VOB at 0x001d6f30
libdvdread: Elapsed time 0
libdvdread: Get key for /VIDEO_TS/VTS_04_0.VOB at 0x002b4bd3
libdvdread: Elapsed time 0
libdvdread: Get key for /VIDEO_TS/VTS_04_1.VOB at 0x002b4cef
libdvdread: Elapsed time 0
libdvdread: Get key for /VIDEO_TS/VTS_05_0.VOB at 0x0038d5a2
libdvdread: Elapsed time 0
libdvdread: Get key for /VIDEO_TS/VTS_05_1.VOB at 0x0038d6be
libdvdread: Elapsed time 0
libdvdread: Get key for /VIDEO_TS/VTS_06_0.VOB at 0x0038d76e
libdvdread: Elapsed time 0
libdvdread: Get key for /VIDEO_TS/VTS_06_1.VOB at 0x0038d88a
libdvdread: Elapsed time 0
libdvdread: Get key for /VIDEO_TS/VTS_07_0.VOB at 0x0038d93a
libdvdread: Elapsed time 0
libdvdread: Get key for /VIDEO_TS/VTS_07_1.VOB at 0x0038da56
libdvdread: Elapsed time 0
libdvdread: Found 7 VTS's
libdvdread: Elapsed time 0
[16:11:41] scan: DVD has 13 title(s)
[16:11:41] scan: scanning title 3
[16:11:41] scan: opening IFO for VTS 2
[16:11:41] scan: duration is 00:55:07 (3307500 ms)
[16:11:41] pgc_id: 1, pgn: 1: pgc: 0x7f2a44fcea90
[16:11:41] scan: vts=2, ttn=1, cells=0->7, blocks=0->955148, 940809 blocks
[16:11:41] scan: checking audio 1
[16:11:41] scan: id=0x80bd, lang=English (AC3), 3cc=eng ext=1
[16:11:41] scan: checking subtitle 1
[16:11:41] scan: id=0x20bd, lang=English (Closed Caption), 3cc=eng ext=5
[16:11:41] scan: title 3 has 8 chapters
[16:11:41] scan: chap 1 c=0->0, b=0->153500 (153501), 566967 ms
[16:11:41] scan: chap 2 c=1->1, b=153501->301303 (147803), 585600 ms
[16:11:41] scan: chap 3 c=2->2, b=301304->441413 (140110), 483834 ms
[16:11:41] scan: chap 4 c=3->3, b=441414->613462 (172049), 568200 ms
[16:11:41] scan: chap 5 c=4->4, b=613463->725272 (111810), 383233 ms
[16:11:41] scan: chap 6 c=5->5, b=725273->914946 (189674), 607767 ms
[16:11:41] scan: chap 7 c=6->6, b=914947->940666 (25720), 111400 ms
[16:11:41] scan: chap 8 c=7->7, b=955007->955148 (142), 500 ms
[16:11:41] scan: aspect = 1.77778
[16:11:41] scan: decoding previews for title 3
libdvdnav: DVD disk reports itself with Region mask 0x00f70000. Regions: 4
[16:11:41] scan: title angle(s) 1
[ac3 @ 0x7f2a450ed640] frame sync error
[ac3 @ 0x7f2a453d3a60] frame sync error
[16:11:41] scan: audio 0x80bd: ac3, rate=48000Hz, bitrate=448000 English (AC3) (5.1 ch)
[16:11:41] scan: 10 previews, 720x480, 23.976 fps, autocrop = 0/0/0/0, aspect 16:9, PAR 32:27
[16:11:42] libhb: scan thread found 1 valid title(s)
[16:11:44] gtkgui: Preset: Regular->Normal
[16:11:44] 1 job(s) to process
[16:11:44] starting job
[16:11:44] sync: expecting 79300 video frames
[16:11:44] job configuration:
[16:11:44]  * source
[16:11:44]    + /dev/sr0
[16:11:44]    + title 3, chapter(s) 1 to 8
[16:11:44]  * destination
[16:11:44]    + /media/mythfs/tv/Buffy/Season 1/Spartacus 1x02.m4v
[16:11:44]    + container: MPEG-4 (libavformat)
[16:11:44]      + chapter markers
[16:11:44]  * video track
[16:11:44]    + decoder: mpeg2video
[16:11:44]      + bitrate 9800 kbps
[16:11:44]    + filters
[16:11:44]      + Framerate Shaper (0:27000000:5400000)
[16:11:44]        + frame rate: same as source (around 5.000 fps)
[16:11:44]      + Crop and Scale (720:480:0:0:0:0)
[16:11:44]        + source: 720 * 480, crop (0/0/0/0): 720 * 480, scale: 720 * 480
[16:11:44]    + loose anamorphic
[16:11:44]      + storage dimensions: 720 * 480, mod 2
[16:11:44]      + pixel aspect ratio: 32 / 27
[16:11:44]      + display dimensions: 853 * 480
[16:11:44]    + encoder: H.264 (libx264)
[16:11:44]      + preset:  veryfast
[16:11:44]      + profile: main
[16:11:44]      + level:   4.0
[16:11:44]      + quality: 20.00 (RF)
[16:11:44]  * audio track 1
[16:11:44]    + decoder: English (AC3) (5.1 ch) (track 1, id 0x80bd)
[16:11:44]      + bitrate: 448 kbps, samplerate: 48000 Hz
[16:11:44]    + mixdown: Dolby Pro Logic II
[16:11:44]    + encoder: AAC (libavcodec)
[16:11:44]      + bitrate: 160 kbps, samplerate: 48000 Hz
[16:11:44] dvd: Region mask 0xfe
libdvdnav: Using dvdnav version 5.0.2
libdvdnav: DVD Title: SPARTACUS_SEASON1_DISC1
libdvdnav: DVD Serial Number: 3d5481fc
libdvdnav: DVD Title (Alternative): 
libdvdnav: DVD disk reports itself with Region mask 0x00f70000. Regions: 4

libdvdread: Attempting to retrieve all CSS keys
libdvdread: This can take a _long_ time, please be patient

libdvdread: Get key for /VIDEO_TS/VIDEO_TS.VOB at 0x00000147
libdvdread: Elapsed time 0
libdvdread: Get key for /VIDEO_TS/VTS_01_0.VOB at 0x00000577
libdvdread: Elapsed time 0
libdvdread: Get key for /VIDEO_TS/VTS_01_1.VOB at 0x0000a844
libdvdread: Elapsed time 0
libdvdread: Get key for /VIDEO_TS/VTS_02_0.VOB at 0x000ed91d
libdvdread: Elapsed time 0
libdvdread: Get key for /VIDEO_TS/VTS_02_1.VOB at 0x000eda39
libdvdread: Elapsed time 0
libdvdread: Get key for /VIDEO_TS/VTS_03_0.VOB at 0x001d6e14
libdvdread: Elapsed time 0
libdvdread: Get key for /VIDEO_TS/VTS_03_1.VOB at 0x001d6f30
libdvdread: Elapsed time 0
libdvdread: Get key for /VIDEO_TS/VTS_04_0.VOB at 0x002b4bd3
libdvdread: Elapsed time 0
libdvdread: Get key for /VIDEO_TS/VTS_04_1.VOB at 0x002b4cef
libdvdread: Elapsed time 0
libdvdread: Get key for /VIDEO_TS/VTS_05_0.VOB at 0x0038d5a2
libdvdread: Elapsed time 0
libdvdread: Get key for /VIDEO_TS/VTS_05_1.VOB at 0x0038d6be
libdvdread: Elapsed time 0
libdvdread: Get key for /VIDEO_TS/VTS_06_0.VOB at 0x0038d76e
libdvdread: Elapsed time 0
libdvdread: Get key for /VIDEO_TS/VTS_06_1.VOB at 0x0038d88a
libdvdread: Elapsed time 0
libdvdread: Get key for /VIDEO_TS/VTS_07_0.VOB at 0x0038d93a
libdvdread: Elapsed time 0
libdvdread: Get key for /VIDEO_TS/VTS_07_1.VOB at 0x0038da56
libdvdread: Elapsed time 0
libdvdread: Found 7 VTS's
libdvdread: Elapsed time 0
libdvdnav: DVD disk reports itself with Region mask 0x00f70000. Regions: 4
[16:11:44] reader: first SCR 146 id 0xe0 DTS 22254
[16:11:44] encx264: min-keyint: 5, keyint: 50
[16:11:44] encx264: encoding at constant RF 20.000000
[16:11:44] encx264: unparsed options: level=4.0:ref=1:8x8dct=0:weightp=1:subme=2:mixed-refs=0:trellis=0:vbv-bufsize=25000:vbv-maxrate=20000:rc-lookahead=10
x264 [info]: using SAR=32/27
x264 [info]: using cpu capabilities: MMX2 SSE2Fast SSSE3 SSE4.2 AVX XOP FMA4 LZCNT
x264 [info]: profile Main, level 4.0
[16:11:44] mpeg2video: "Chapter 1" (1) at frame 0 time 3003
[16:11:44] sync: first pts is 3003
