Handbrake Version: 0.10.2 (2015071700)

** (ghb:871): WARNING **: Inhibit failed: The name org.freedesktop.PowerManagement was not provided by any .service files
[16:18:52] CPU: 
[16:18:52]  - logical processor count: 4
[16:18:52] hb_scan: path=/dev/sr0, title_index=3
disc.c:332: error opening file BDMV/index.bdmv
disc.c:332: error opening file BDMV/BACKUP/index.bdmv
[16:18:52] bd: not a bd - trying as a stream/file instead
[16:18:53] dvd: Region mask 0xfe
libdvdnav: Using dvdnav version 5.0.2
libdvdnav: DVD Title: SPARTACUS_SEASON1_DISC1
libdvdnav: DVD Serial Number: 3d5481fc
libdvdnav: DVD Title (Alternative): 
libdvdnav: DVD disk reports itself with Region mask 0x00f70000. Regions: 4

libdvdread: Attempting to retrieve all CSS keys
libdvdread: This can take a _long_ time, please be patient

libdvdread: Get key for /VIDEO_TS/VIDEO_TS.VOB at 0x00000147
libdvdread: Elapsed time 0
libdvdread: Get key for /VIDEO_TS/VTS_01_0.VOB at 0x00000577
libdvdread: Elapsed time 0
libdvdread: Get key for /VIDEO_TS/VTS_01_1.VOB at 0x0000a844
libdvdread: Elapsed time 0
libdvdread: Get key for /VIDEO_TS/VTS_02_0.VOB at 0x000ed91d
libdvdread: Elapsed time 0
libdvdread: Get key for /VIDEO_TS/VTS_02_1.VOB at 0x000eda39
libdvdread: Elapsed time 0
libdvdread: Get key for /VIDEO_TS/VTS_03_0.VOB at 0x001d6e14
libdvdread: Elapsed time 0
libdvdread: Get key for /VIDEO_TS/VTS_03_1.VOB at 0x001d6f30
libdvdread: Elapsed time 0
libdvdread: Get key for /VIDEO_TS/VTS_04_0.VOB at 0x002b4bd3
libdvdread: Elapsed time 0
libdvdread: Get key for /VIDEO_TS/VTS_04_1.VOB at 0x002b4cef
libdvdread: Elapsed time 0
libdvdread: Get key for /VIDEO_TS/VTS_05_0.VOB at 0x0038d5a2
libdvdread: Elapsed time 0
libdvdread: Get key for /VIDEO_TS/VTS_05_1.VOB at 0x0038d6be
libdvdread: Elapsed time 0
libdvdread: Get key for /VIDEO_TS/VTS_06_0.VOB at 0x0038d76e
libdvdread: Elapsed time 0
libdvdread: Get key for /VIDEO_TS/VTS_06_1.VOB at 0x0038d88a
libdvdread: Elapsed time 0
libdvdread: Get key for /VIDEO_TS/VTS_07_0.VOB at 0x0038d93a
libdvdread: Elapsed time 0
libdvdread: Get key for /VIDEO_TS/VTS_07_1.VOB at 0x0038da56
libdvdread: Elapsed time 0
libdvdread: Found 7 VTS's
libdvdread: Elapsed time 0
[16:18:55] scan: DVD has 13 title(s)
[16:18:55] scan: scanning title 3
[16:18:55] scan: opening IFO for VTS 2
[16:18:55] scan: duration is 00:55:07 (3307500 ms)
[16:18:55] pgc_id: 1, pgn: 1: pgc: 0x7f00c4010f30
[16:18:55] scan: vts=2, ttn=1, cells=0->7, blocks=0->955148, 940809 blocks
[16:18:55] scan: checking audio 1
[16:18:55] scan: id=0x80bd, lang=English (AC3), 3cc=eng ext=1
[16:18:55] scan: checking subtitle 1
[16:18:55] scan: id=0x20bd, lang=English (Closed Caption), 3cc=eng ext=5
[16:18:55] scan: title 3 has 8 chapters
[16:18:55] scan: chap 1 c=0->0, b=0->153500 (153501), 566967 ms
[16:18:55] scan: chap 2 c=1->1, b=153501->301303 (147803), 585600 ms
[16:18:55] scan: chap 3 c=2->2, b=301304->441413 (140110), 483834 ms
[16:18:55] scan: chap 4 c=3->3, b=441414->613462 (172049), 568200 ms
[16:18:55] scan: chap 5 c=4->4, b=613463->725272 (111810), 383233 ms
[16:18:55] scan: chap 6 c=5->5, b=725273->914946 (189674), 607767 ms
[16:18:55] scan: chap 7 c=6->6, b=914947->940666 (25720), 111400 ms
[16:18:55] scan: chap 8 c=7->7, b=955007->955148 (142), 500 ms
[16:18:55] scan: aspect = 1.77778
[16:18:55] scan: decoding previews for title 3
libdvdnav: DVD disk reports itself with Region mask 0x00f70000. Regions: 4
[16:18:55] scan: title angle(s) 1
[ac3 @ 0x7f00c412fae0] frame sync error
[ac3 @ 0x7f00c4415f00] frame sync error
[16:18:55] scan: audio 0x80bd: ac3, rate=48000Hz, bitrate=448000 English (AC3) (5.1 ch)
[16:18:57] scan: 10 previews, 720x480, 23.976 fps, autocrop = 0/0/0/0, aspect 16:9, PAR 32:27
[16:18:57] libhb: scan thread found 1 valid title(s)
[16:18:59] gtkgui: Preset: Regular->Normal
[16:18:59] 1 job(s) to process
[16:18:59] starting job
[16:18:59] sync: expecting 79300 video frames
[16:18:59] job configuration:
[16:18:59]  * source
[16:18:59]    + /dev/sr0
[16:18:59]    + title 3, chapter(s) 1 to 8
[16:18:59]  * destination
[16:18:59]    + /media/mythfs/tv/Buffy/Season 1/Spartacus 1x02.m4v
[16:18:59]    + container: MPEG-4 (libavformat)
[16:18:59]      + chapter markers
[16:18:59]  * video track
[16:18:59]    + decoder: mpeg2video
[16:18:59]      + bitrate 9800 kbps
[16:18:59]    + filters
[16:18:59]      + Framerate Shaper (0:27000000:5400000)
[16:18:59]        + frame rate: same as source (around 5.000 fps)
[16:18:59]      + Crop and Scale (720:480:0:0:0:0)
[16:18:59]        + source: 720 * 480, crop (0/0/0/0): 720 * 480, scale: 720 * 480
[16:18:59]    + loose anamorphic
[16:18:59]      + storage dimensions: 720 * 480, mod 2
[16:18:59]      + pixel aspect ratio: 32 / 27
[16:18:59]      + display dimensions: 853 * 480
[16:18:59]    + encoder: H.264 (libx264)
[16:18:59]      + preset:  veryfast
[16:18:59]      + profile: main
[16:18:59]      + level:   4.0
[16:18:59]      + quality: 20.00 (RF)
[16:18:59]  * audio track 1
[16:18:59]    + decoder: English (AC3) (5.1 ch) (track 1, id 0x80bd)
[16:18:59]      + bitrate: 448 kbps, samplerate: 48000 Hz
[16:18:59]    + mixdown: Dolby Pro Logic II
[16:18:59]    + encoder: AAC (libavcodec)
[16:18:59]      + bitrate: 160 kbps, samplerate: 48000 Hz
[16:18:59] dvd: Region mask 0xfe
libdvdnav: Using dvdnav version 5.0.2
libdvdnav: DVD Title: SPARTACUS_SEASON1_DISC1
libdvdnav: DVD Serial Number: 3d5481fc
libdvdnav: DVD Title (Alternative): 
libdvdnav: DVD disk reports itself with Region mask 0x00f70000. Regions: 4

libdvdread: Attempting to retrieve all CSS keys
libdvdread: This can take a _long_ time, please be patient

libdvdread: Get key for /VIDEO_TS/VIDEO_TS.VOB at 0x00000147
libdvdread: Elapsed time 0
libdvdread: Get key for /VIDEO_TS/VTS_01_0.VOB at 0x00000577
libdvdread: Elapsed time 0
libdvdread: Get key for /VIDEO_TS/VTS_01_1.VOB at 0x0000a844
libdvdread: Elapsed time 0
libdvdread: Get key for /VIDEO_TS/VTS_02_0.VOB at 0x000ed91d
libdvdread: Elapsed time 0
libdvdread: Get key for /VIDEO_TS/VTS_02_1.VOB at 0x000eda39
libdvdread: Elapsed time 0
libdvdread: Get key for /VIDEO_TS/VTS_03_0.VOB at 0x001d6e14
libdvdread: Elapsed time 0
libdvdread: Get key for /VIDEO_TS/VTS_03_1.VOB at 0x001d6f30
libdvdread: Elapsed time 0
libdvdread: Get key for /VIDEO_TS/VTS_04_0.VOB at 0x002b4bd3
libdvdread: Elapsed time 0
libdvdread: Get key for /VIDEO_TS/VTS_04_1.VOB at 0x002b4cef
libdvdread: Elapsed time 0
libdvdread: Get key for /VIDEO_TS/VTS_05_0.VOB at 0x0038d5a2
libdvdread: Elapsed time 0
libdvdread: Get key for /VIDEO_TS/VTS_05_1.VOB at 0x0038d6be
libdvdread: Elapsed time 0
libdvdread: Get key for /VIDEO_TS/VTS_06_0.VOB at 0x0038d76e
libdvdread: Elapsed time 0
libdvdread: Get key for /VIDEO_TS/VTS_06_1.VOB at 0x0038d88a
libdvdread: Elapsed time 0
libdvdread: Get key for /VIDEO_TS/VTS_07_0.VOB at 0x0038d93a
libdvdread: Elapsed time 0
libdvdread: Get key for /VIDEO_TS/VTS_07_1.VOB at 0x0038da56
libdvdread: Elapsed time 0
libdvdread: Found 7 VTS's
libdvdread: Elapsed time 0
libdvdnav: DVD disk reports itself with Region mask 0x00f70000. Regions: 4
[16:18:59] encx264: min-keyint: 5, keyint: 50
[16:18:59] encx264: encoding at constant RF 20.000000
[16:18:59] encx264: unparsed options: level=4.0:ref=1:8x8dct=0:weightp=1:subme=2:mixed-refs=0:trellis=0:vbv-bufsize=25000:vbv-maxrate=20000:rc-lookahead=10
x264 [info]: using SAR=32/27
x264 [info]: using cpu capabilities: MMX2 SSE2Fast SSSE3 SSE4.2 AVX XOP FMA4 LZCNT
x264 [info]: profile Main, level 4.0
[16:18:59] reader: first SCR 146 id 0xe0 DTS 22254
[16:18:59] mpeg2video: "Chapter 1" (1) at frame 0 time 3003
[16:18:59] sync: first pts is 3003
[16:20:24] mpeg2video: "Chapter 2" (2) at frame 13610 time 51081030
[16:21:42] mpeg2video: "Chapter 3" (3) at frame 27664 time 103836232
[16:22:51] mpeg2video: "Chapter 4" (4) at frame 39276 time 147424777
[16:24:17] mpeg2video: "Chapter 5" (5) at frame 52913 time 198615417
[16:25:41] mpeg2video: "Chapter 6" (6) at frame 62111 time 233142409
[16:40:38] dvdnav: Read Error, Error reading from DVD.
[16:40:38] reader: done. 1 scr changes
[16:40:38] work: average encoding speed for job is 49.578350 fps
[16:40:38] sync: got 64366 frames, 79300 expected
[16:40:38] render: lost time: 0 (0 frames)
[16:40:38] render: gained time: 0 (0 frames) (0 not accounted for)
[16:40:38] mpeg2video-decoder done: 64366 frames, 0 decoder errors, 0 drops
x264 [info]: frame I:1775  Avg QP:17.19  size: 26780
x264 [info]: frame P:27202 Avg QP:20.42  size:  6794
x264 [info]: frame B:35389 Avg QP:21.95  size:  1560
x264 [info]: consecutive B-frames: 16.1% 25.5% 18.6% 39.8%
x264 [info]: mb I  I16..4: 28.9%  0.0% 71.1%
x264 [info]: mb P  I16..4: 11.9%  0.0%  2.3%  P16..4: 36.6% 17.8% 10.2%  0.0%  0.0%    skip:21.3%
x264 [info]: mb B  I16..4:  1.4%  0.0%  0.1%  B16..8: 16.6%  4.7%  0.6%  direct:10.3%  skip:66.3%  L0:33.1% L1:48.3% BI:18.6%
x264 [info]: coded y,uvDC,uvAC intra: 41.7% 59.3% 16.3% inter: 12.8% 16.4% 0.2%
x264 [info]: i16 v,h,dc,p: 47% 20% 22% 12%
x264 [info]: i4 v,h,dc,ddl,ddr,vr,hd,vl,hu: 29% 16% 16%  6%  7%  8%  5%  7%  5%
x264 [info]: i8c dc,h,v,p: 50% 16% 28%  6%
x264 [info]: Weighted P-Frames: Y:7.0% UV:3.0%
x264 [info]: kb/s:856.84
[16:40:38] ac3-decoder done: 0 frames, 0 decoder errors, 0 drops
[16:40:38] mux: track 0, 64366 frames, 287457965 bytes, 856.61 kbps, fifo 4096
[16:40:38] mux: track 1, 125822 frames, 53760935 bytes, 160.21 kbps, fifo 8192
[16:40:38] libhb: work result = 0
