Handbrake Version: 1.3.0 (2019111100)
[21:44:39] gtkgui: Modified Preset: /General/Fast 1080p30
[21:44:39] Starting work at: Sat Feb  1 21:44:39 2020

[21:44:39] 1 job(s) to process
[21:44:39] json job:
{
    "Audio": {
        "AudioList": [
            {
                "Bitrate": 160,
                "CompressionLevel": -1.0,
                "DRC": 0.0,
                "DitherMethod": "auto",
                "Encoder": "av_aac",
                "Gain": 0.0,
                "Mixdown": "stereo",
                "NormalizeMixLevel": false,
                "PresetEncoder": "av_aac",
                "Quality": -3.0,
                "Samplerate": 0,
                "Track": 0
            }
        ],
        "CopyMask": [
            "copy:aac"
        ],
        "FallbackEncoder": "av_aac"
    },
    "Destination": {
        "AlignAVStart": false,
        "ChapterList": [
            {
                "Duration": {
                    "Hours": 0,
                    "Minutes": 6,
                    "Seconds": 40,
                    "Ticks": 36017230
                },
                "Name": "Chapter 1"
            },
            {
                "Duration": {
                    "Hours": 0,
                    "Minutes": 5,
                    "Seconds": 23,
                    "Ticks": 29065286
                },
                "Name": "Chapter 2"
            },
            {
                "Duration": {
                    "Hours": 0,
                    "Minutes": 7,
                    "Seconds": 6,
                    "Ticks": 38314526
                },
                "Name": "Chapter 3"
            },
            {
                "Duration": {
                    "Hours": 0,
                    "Minutes": 8,
                    "Seconds": 49,
                    "Ticks": 47575028
                },
                "Name": "Chapter 4"
            },
            {
                "Duration": {
                    "Hours": 0,
                    "Minutes": 4,
                    "Seconds": 43,
                    "Ticks": 25514240
                },
                "Name": "Chapter 5"
            },
            {
                "Duration": {
                    "Hours": 0,
                    "Minutes": 7,
                    "Seconds": 51,
                    "Ticks": 42406112
                },
                "Name": "Chapter 6"
            },
            {
                "Duration": {
                    "Hours": 0,
                    "Minutes": 6,
                    "Seconds": 54,
                    "Ticks": 37222186
                },
                "Name": "Chapter 7"
            },
            {
                "Duration": {
                    "Hours": 0,
                    "Minutes": 6,
                    "Seconds": 56,
                    "Ticks": 37432394
                },
                "Name": "Chapter 8"
            },
            {
                "Duration": {
                    "Hours": 0,
                    "Minutes": 6,
                    "Seconds": 11,
                    "Ticks": 33393360
                },
                "Name": "Chapter 9"
            },
            {
                "Duration": {
                    "Hours": 0,
                    "Minutes": 9,
                    "Seconds": 42,
                    "Ticks": 52421120
                },
                "Name": "Chapter 10"
            },
            {
                "Duration": {
                    "Hours": 0,
                    "Minutes": 6,
                    "Seconds": 8,
                    "Ticks": 33100568
                },
                "Name": "Chapter 11"
            },
            {
                "Duration": {
                    "Hours": 0,
                    "Minutes": 9,
                    "Seconds": 11,
                    "Ticks": 49560760
                },
                "Name": "Chapter 12"
            },
            {
                "Duration": {
                    "Hours": 0,
                    "Minutes": 0,
                    "Seconds": 0,
                    "Ticks": 37536
                },
                "Name": "Chapter 13"
            }
        ],
        "ChapterMarkers": true,
        "File": "/media/mythfs/videos/What We Do in the Shadows (2014)/What We Do in the Shadows.mkv",
        "InlineParameterSets": false,
        "Mp4Options": {
            "IpodAtom": false,
            "Mp4Optimize": false
        },
        "Mux": "mkv"
    },
    "Filters": {
        "FilterList": [
            {
                "ID": 3,
                "Settings": {
                    "block-height": "16",
                    "block-thresh": "40",
                    "block-width": "16",
                    "filter-mode": "2",
                    "mode": "3",
                    "motion-thresh": "1",
                    "spatial-metric": "2",
                    "spatial-thresh": "1"
                }
            },
            {
                "ID": 4,
                "Settings": {
                    "mode": "7"
                }
            },
            {
                "ID": 6,
                "Settings": {
                    "mode": 2,
                    "rate": "27000000/900000"
                }
            },
            {
                "ID": 12,
                "Settings": {
                    "crop-bottom": 22,
                    "crop-left": 0,
                    "crop-right": 0,
                    "crop-top": 22,
                    "height": 1036,
                    "width": 1920
                }
            }
        ]
    },
    "Metadata": {
        "Name": "5 Zimmer Küche Sarg"
    },
    "PAR": {
        "Den": 1,
        "Num": 1
    },
    "SequenceID": 0,
    "Source": {
        "Angle": 0,
        "Path": "/media/mythfs/downloads/complete/videos/What.We.Do.in.the.Shadows.2014.COMPLETE.BLURAY-XORBiTANT/xorbitant-what.we.do.in.the.shadows.iso",
        "Range": {
            "End": 13,
            "Start": 1,
            "Type": "chapter"
        },
        "Title": 1
    },
    "Subtitle": {
        "Search": {
            "Burn": true,
            "Default": false,
            "Enable": true,
            "Forced": true
        },
        "SubtitleList": []
    },
    "Video": {
        "ColorFormat": 0,
        "ColorMatrix": 1,
        "ColorPrimaries": 1,
        "ColorRange": 1,
        "ColorTransfer": 1,
        "Encoder": "x264",
        "Level": "4.0",
        "Options": "",
        "Preset": "fast",
        "Profile": "main",
        "QSV": {
            "AsyncDepth": 4,
            "Decode": false
        },
        "Quality": 22.0,
        "Tune": "",
        "Turbo": false,
        "TwoPass": false
    }
}
[21:44:39] CPU: 
[21:44:39]  - logical processor count: 4
[21:44:39] Intel Quick Sync Video support: no
[21:44:39] hb_scan: path=/media/mythfs/downloads/complete/videos/What.We.Do.in.the.Shadows.2014.COMPLETE.BLURAY-XORBiTANT/xorbitant-what.we.do.in.the.shadows.iso, title_index=1
[21:44:39] scan: BD has 46 title(s)
[21:44:39] bd: scanning title 1
[21:44:39] bd: playlist 00000.MPLS
[21:44:39] bd: duration is 01:25:34 (5134003 ms)
[21:44:39] bd: video id=0x1011, stream type=H.264, format 1080p
[21:44:39] bd: aspect = 16:9
[21:44:39] bd: audio id=0x711100, lang=Deutsch (DTS), 3cc=deu
[21:44:39] bd: audio id=0x1100, lang=Deutsch (DTS-HD MA), 3cc=deu
[21:44:39] bd: audio id=0x711101, lang=Deutsch (DTS), 3cc=deu
[21:44:39] bd: audio id=0x1101, lang=Deutsch (DTS-HD MA), 3cc=deu
[21:44:39] bd: audio id=0x711102, lang=English (DTS), 3cc=eng
[21:44:39] bd: audio id=0x1102, lang=English (DTS-HD MA), 3cc=eng
[21:44:39] bd: subtitle id=0x1200, lang=Deutsch [PGS], 3cc=deu
[21:44:39] bd: chap 1, 400191 ms
[21:44:39] bd: chap 2, 322947 ms
[21:44:39] bd: chap 3, 425716 ms
[21:44:39] bd: chap 4, 528611 ms
[21:44:39] bd: chap 5, 283491 ms
[21:44:39] bd: chap 6, 471179 ms
[21:44:39] bd: chap 7, 413579 ms
[21:44:39] bd: chap 8, 415915 ms
[21:44:39] bd: chap 9, 371037 ms
[21:44:39] bd: chap 10, 582456 ms
[21:44:39] bd: chap 11, 367784 ms
[21:44:39] bd: chap 12, 550675 ms
[21:44:39] bd: chap 13, 417 ms
[21:44:39] bd: title 1 has 13 chapters
[21:44:39] scan: decoding previews for title 1
[21:44:39] scan: title angle(s) 1
[21:44:40] scan: audio 0x711100: dca, rate=48000Hz, bitrate=1536000 Deutsch (DTS) (5.1 ch) (1536 kbps)
[21:44:40] scan: audio 0x1100: dca, rate=48000Hz, bitrate=1 Deutsch (DTS-HD MA) (5.1 ch)
[21:44:40] scan: audio 0x711102: dca, rate=48000Hz, bitrate=1536000 English (DTS) (5.1 ch) (1536 kbps)
[21:44:40] scan: audio 0x1102: dca, rate=48000Hz, bitrate=1 English (DTS-HD MA) (5.1 ch)
[21:44:40] scan: audio 0x711101: dca, rate=48000Hz, bitrate=768000 Deutsch (DTS) (2.0 ch) (768 kbps)
[21:44:40] scan: audio 0x1101: dca, rate=48000Hz, bitrate=1 Deutsch (DTS-HD MA) (2.0 ch)
[21:44:41] scan: 10 previews, 1920x1080, 23.976 fps, autocrop = 22/22/0/0, aspect 16:9, PAR 1:1
[21:44:41] scan: supported video decoders: avcodec qsv
[21:44:41] stream: 4 good frames, 0 errors (0%)
[21:44:41] libhb: scan thread found 1 valid title(s)
[21:44:41] Starting Task: Subtitle Scan
[21:44:41] job configuration:
[21:44:41]  * source
[21:44:41]    + /media/mythfs/downloads/complete/videos/What.We.Do.in.the.Shadows.2014.COMPLETE.BLURAY-XORBiTANT/xorbitant-what.we.do.in.the.shadows.iso
[21:44:41]    + title 1, chapter(s) 1 to 13
[21:44:41]  * destination
[21:44:41]    + /media/mythfs/videos/What We Do in the Shadows (2014)/What We Do in the Shadows.mkv
[21:44:41]    + container: Matroska (libavformat)
[21:44:41]      + chapter markers
[21:44:41]  * video track
[21:44:41]    + decoder: h264
[21:44:41]      + bitrate 200 kbps
[21:44:41]    + filters
[21:44:41]      + Comb Detect (mode=3:spatial-metric=2:motion-thresh=1:spatial-thresh=1:filter-mode=2:block-thresh=40:block-width=16:block-height=16)
[21:44:41]      + Decomb (mode=39)
[21:44:41]      + Framerate Shaper (mode=2:rate=27000000/900000)
[21:44:41]        + frame rate: 23.976 fps -> peak rate limited to 30.000 fps
[21:44:41]      + Crop and Scale (width=1920:height=1036:crop-top=22:crop-bottom=22:crop-left=0:crop-right=0)
[21:44:41]        + source: 1920 * 1080, crop (22/22/0/0): 1920 * 1036, scale: 1920 * 1036
[21:44:41]    + Output geometry
[21:44:41]      + storage dimensions: 1920 x 1036
[21:44:41]      + pixel aspect ratio: 1 : 1
[21:44:41]      + display dimensions: 1920 x 1036
[21:44:41]  * Foreign Audio Search: Render/Burn-in, Forced Only
[21:44:41]    + subtitle, Deutsch [PGS] (track 0, id 0x1200, Picture)
[21:44:41] sync: expecting 123092 video frames
[21:45:01] work: average encoding speed for job is 0.000000 fps
[21:45:01] comb detect: heavy 0 | light 0 | uncombed 0 | total 0
[21:45:01] decomb: deinterlaced 0 | blended 0 | unfiltered 0 | total 0
[21:45:01] vfr: 0 frames output, 0 dropped and 0 duped for CFR/PFR
[21:45:01] vfr: lost time: 0 (0 frames)
[21:45:01] vfr: gained time: 0 (0 frames) (0 not accounted for)
[21:45:01] stream: 10562 good frames, 0 errors (0%)
[21:45:01] h264-decoder done: 0 frames, 0 decoder errors
[21:45:01] sync: got 0 frames, 123092 expected
[21:45:01] Subtitle track 0 (id 0x1200) 'Deutsch [PGS]': 80 hits (0 forced)
[21:45:01] No candidate detected during subtitle scan
[21:45:01] Finished work at: Sat Feb  1 21:45:01 2020

[21:45:01] libhb: work result = 1
