INFO: 2017-04-09 09:13:06,256: perform_upgrade() 'Last run version was 0.6.3 or earlier, current version is 0.6.3'
INFO: 2017-04-09 09:13:06,258: process_command() 'Received command: []'
INFO: 2017-04-09 09:13:06,268: load_banned() 'Missing or invalid banned URLs list, no URLs will be banned'
INFO: 2017-04-09 09:13:07,028: load() 'Jumble loading'
INFO: 2017-04-09 09:13:07,042: _walk_modules() 'Jumble loading module in __init__ from /usr/share/variety/plugins/__init__.py'
INFO: 2017-04-09 09:13:07,044: _walk_modules() 'Jumble loading module in __init__ from /usr/share/variety/plugins/quotes/__init__.py'
INFO: 2017-04-09 09:13:07,044: _walk_modules() 'Jumble loading module in LocalFilesSource from /usr/share/variety/plugins/quotes/LocalFilesSource.py'
INFO: 2017-04-09 09:13:07,063: load() 'Jumble found plugin class: <class 'LocalFilesSource.LocalFilesSource'>: {'author': 'Peter Levi', 'name': 'Local text files', 'version': '0.1', 'description': u'Displays quotes, defined in local text files.\nPut your own txt files in: ~/.config/variety/pluginconfig/quotes/.\nThe file format is:\n\nquote -- author\n.\nsecond quote -- another author\n.\netc...\n\nExample: http://rvelthuis.de/zips/quotes.txt'}'
INFO: 2017-04-09 09:13:07,063: _walk_modules() 'Jumble loading module in QuotesDaddySource from /usr/share/variety/plugins/quotes/QuotesDaddySource.py'
INFO: 2017-04-09 09:13:07,065: load() 'Jumble found plugin class: <class 'QuotesDaddySource.QuotesDaddySource'>: {'author': 'Peter Levi', 'name': 'QuotesDaddy', 'version': '0.1', 'description': u"Fetches quotes from QuotesDaddy's daily quotes RSS feed.\nDoes not support searching by tags or authors."}'
INFO: 2017-04-09 09:13:07,065: _walk_modules() 'Jumble loading module in QuotationsPageSource from /usr/share/variety/plugins/quotes/QuotationsPageSource.py'
INFO: 2017-04-09 09:13:07,138: load() 'Jumble found plugin class: <class 'QuotationsPageSource.QuotationsPageSource'>: {'author': 'Peter Levi', 'name': 'TheQuotationsPage.com', 'version': '0.1', 'description': u'Fetches quotes from TheQuotationsPage.com'}'
INFO: 2017-04-09 09:13:07,139: _walk_modules() 'Jumble loading module in GoodreadsSource from /usr/share/variety/plugins/quotes/GoodreadsSource.py'
INFO: 2017-04-09 09:13:07,191: load() 'Jumble found plugin class: <class 'GoodreadsSource.GoodreadsSource'>: {'author': 'Peter Levi', 'name': 'Goodreads', 'version': '0.1', 'description': u'Fetches quotes from Goodreads.com'}'
INFO: 2017-04-09 09:13:07,192: load_user() 'smart: Loaded smart user: w15csim53d'
ERROR: 2017-04-09 09:13:07,221: read() 'Cannot parse source: False|wn|http://www.wallpapers.net/nature-hd-wallpapers78'
Traceback (most recent call last):
  File "/usr/lib/python2.7/site-packages/variety/Options.py", line 469, in read
    self.sources.append(Options.parse_source(v))
  File "/usr/lib/python2.7/site-packages/variety/Options.py", line 544, in parse_source
    return [enabled, (Options.str_to_type(s[1])), s[2]]
  File "/usr/lib/python2.7/site-packages/variety/Options.py", line 558, in str_to_type
    raise Exception("Unknown source type")
Exception: Unknown source type
INFO: 2017-04-09 09:13:07,238: reload_config() 'Creating new downloader for type 7, location user:www.flickr.com/photos/projectapolloarchive/21288862644/in/album-72157658999650280/;user_id:136485307@N06;'
INFO: 2017-04-09 09:13:07,239: log_options() 'Loaded options:'
INFO: 2017-04-09 09:13:07,239: log_options() 'change_enabled = False'
INFO: 2017-04-09 09:13:07,239: log_options() 'change_interval = 300'
INFO: 2017-04-09 09:13:07,240: log_options() 'change_on_start = False'
INFO: 2017-04-09 09:13:07,240: log_options() 'clipboard_enabled = False'
INFO: 2017-04-09 09:13:07,240: log_options() 'clipboard_hosts = [u'wallbase.cc', u'ns223506.ovh.net', u'wallpapers.net', u'flickr.com', u'imgur.com', u'deviantart.com', u'interfacelift.com', u'vladstudio.com', u'imageshack.us']'
INFO: 2017-04-09 09:13:07,240: log_options() 'clipboard_use_whitelist = True'
INFO: 2017-04-09 09:13:07,241: log_options() 'clock_date_font = Ubuntu Condensed, 30'
INFO: 2017-04-09 09:13:07,241: log_options() 'clock_enabled = False'
INFO: 2017-04-09 09:13:07,241: log_options() 'clock_filter = -density 100 -font `fc-match -f '%{file[0]}' '%CLOCK_FONT_NAME'` -pointsize %CLOCK_FONT_SIZE -gravity SouthEast -fill '#00000044' -annotate 0x0+[%HOFFSET+58]+[%VOFFSET+108] '%H:%M' -fill white -annotate 0x0+[%HOFFSET+60]+[%VOFFSET+110] '%H:%M' -font `fc-match -f '%{file[0]}' '%DATE_FONT_NAME'` -pointsize %DATE_FONT_SIZE -fill '#00000044' -annotate 0x0+[%HOFFSET+58]+[%VOFFSET+58] '%A, %B %d' -fill white -annotate 0x0+[%HOFFSET+60]+[%VOFFSET+60] '%A, %B %d''
INFO: 2017-04-09 09:13:07,241: log_options() 'clock_font = Ubuntu Condensed, 70'
INFO: 2017-04-09 09:13:07,242: log_options() 'configfile = /home/bazza/.config/variety/variety.conf'
INFO: 2017-04-09 09:13:07,242: log_options() 'copyto_enabled = False'
INFO: 2017-04-09 09:13:07,242: log_options() 'copyto_folder = Default'
INFO: 2017-04-09 09:13:07,243: log_options() 'desired_color = [160, 160, 160]'
INFO: 2017-04-09 09:13:07,243: log_options() 'desired_color_enabled = False'
INFO: 2017-04-09 09:13:07,243: log_options() 'download_enabled = True'
INFO: 2017-04-09 09:13:07,243: log_options() 'download_folder = /home/bazza/.config/variety/Downloaded'
INFO: 2017-04-09 09:13:07,244: log_options() 'download_interval = 60'
INFO: 2017-04-09 09:13:07,244: log_options() 'facebook_message = '
INFO: 2017-04-09 09:13:07,244: log_options() 'facebook_show_dialog = True'
INFO: 2017-04-09 09:13:07,244: log_options() 'favorites_folder = /home/bazza/.config/variety/Favorites'
INFO: 2017-04-09 09:13:07,245: log_options() 'favorites_operations = [[u'Downloaded', u'Copy'], [u'Fetched', u'Move'], [u'Others', u'Copy']]'
INFO: 2017-04-09 09:13:07,245: log_options() 'fetched_folder = /home/bazza/.config/variety/Fetched'
INFO: 2017-04-09 09:13:07,245: log_options() 'filters = [[False, u'Keep original', u''], [False, u'Grayscale', u'-type Grayscale'], [False, u'Heavy blur', u'-blur 120x40'], [False, u'Soft blur', u'-blur 20x7'], [False, u'Oil painting', u'-paint 8'], [False, u'Pencil sketch', u'-colorspace gray \\( +clone -tile ~/.config/variety/pencil_tile.png -draw "color 0,0 reset" +clone +swap -compose color_dodge -composite \\) -fx \'u*.2+v*.8\''], [False, u'Pointilism', u'-spread 10 -noise 3'], [False, u'Pixellate', u'-scale 3% -scale 3333%']]'
INFO: 2017-04-09 09:13:07,246: log_options() 'icon = Light'
INFO: 2017-04-09 09:13:07,246: log_options() 'lightness_enabled = False'
INFO: 2017-04-09 09:13:07,246: log_options() 'lightness_mode = 0'
INFO: 2017-04-09 09:13:07,246: log_options() 'min_rating = 4'
INFO: 2017-04-09 09:13:07,247: log_options() 'min_rating_enabled = False'
INFO: 2017-04-09 09:13:07,247: log_options() 'min_size = 80'
INFO: 2017-04-09 09:13:07,247: log_options() 'min_size_enabled = False'
INFO: 2017-04-09 09:13:07,247: log_options() 'quota_enabled = False'
INFO: 2017-04-09 09:13:07,248: log_options() 'quota_size = 500'
INFO: 2017-04-09 09:13:07,248: log_options() 'quotes_authors = '
INFO: 2017-04-09 09:13:07,248: log_options() 'quotes_bg_color = [80, 80, 80]'
INFO: 2017-04-09 09:13:07,248: log_options() 'quotes_bg_opacity = 55'
INFO: 2017-04-09 09:13:07,249: log_options() 'quotes_change_enabled = False'
INFO: 2017-04-09 09:13:07,249: log_options() 'quotes_change_interval = 300'
INFO: 2017-04-09 09:13:07,249: log_options() 'quotes_disabled_sources = [u'QuotesDaddy']'
INFO: 2017-04-09 09:13:07,249: log_options() 'quotes_enabled = True'
INFO: 2017-04-09 09:13:07,250: log_options() 'quotes_favorites_file = /home/bazza/.config/variety/favorite_quotes.txt'
INFO: 2017-04-09 09:13:07,250: log_options() 'quotes_font = Bitstream Charter 30'
INFO: 2017-04-09 09:13:07,250: log_options() 'quotes_hpos = 100'
INFO: 2017-04-09 09:13:07,251: log_options() 'quotes_tags = '
INFO: 2017-04-09 09:13:07,251: log_options() 'quotes_text_color = [255, 255, 255]'
INFO: 2017-04-09 09:13:07,251: log_options() 'quotes_text_shadow = False'
INFO: 2017-04-09 09:13:07,251: log_options() 'quotes_vpos = 40'
INFO: 2017-04-09 09:13:07,252: log_options() 'quotes_width = 70'
INFO: 2017-04-09 09:13:07,252: log_options() 'safe_mode = False'
INFO: 2017-04-09 09:13:07,252: log_options() 'slideshow_custom_enabled = False'
INFO: 2017-04-09 09:13:07,252: log_options() 'slideshow_custom_folder = /home/bazza/Pictures'
INFO: 2017-04-09 09:13:07,253: log_options() 'slideshow_downloads_enabled = False'
INFO: 2017-04-09 09:13:07,253: log_options() 'slideshow_fade = 0.4'
INFO: 2017-04-09 09:13:07,253: log_options() 'slideshow_favorites_enabled = True'
INFO: 2017-04-09 09:13:07,253: log_options() 'slideshow_mode = Fullscreen'
INFO: 2017-04-09 09:13:07,254: log_options() 'slideshow_monitor = All'
INFO: 2017-04-09 09:13:07,254: log_options() 'slideshow_pan = 0.05'
INFO: 2017-04-09 09:13:07,254: log_options() 'slideshow_seconds = 6'
INFO: 2017-04-09 09:13:07,254: log_options() 'slideshow_sort_order = Random'
INFO: 2017-04-09 09:13:07,255: log_options() 'slideshow_sources_enabled = True'
INFO: 2017-04-09 09:13:07,255: log_options() 'slideshow_zoom = 0.2'
INFO: 2017-04-09 09:13:07,255: log_options() 'smart_enabled = True'
INFO: 2017-04-09 09:13:07,255: log_options() 'smart_notice_shown = True'
INFO: 2017-04-09 09:13:07,256: log_options() 'smart_register_shown = True'
INFO: 2017-04-09 09:13:07,256: log_options() 'sources = [[False, 3, u'The Favorites folder'], [False, 4, u'The Fetched folder'], [False, 19, u'Recommended by Variety. Adapts to your taste as you mark images as favorite or trash.'], [False, 20, u'Latest favorites by the other users of Variety. [May contain NSFW images]'], [False, 2, u'/usr/share/backgrounds'], [False, 6, u'Random wallpapers from Desktoppr.co'], [False, 15, u'Bing Photo of the Day'], [False, 16, u'High-resolution photos from Unsplash.com'], [False, 8, u"NASA's Astronomy Picture of the Day"], [False, 11, u'World Sunlight Map - live wallpaper from Die.net'], [False, 14, u'https://www.reddit.com/r/MinimalWallpaper/top/?sort=top&t=year'], [False, 10, u'https://vrty.org/user/~peterlevi/rss'], [True, 7, u'user:www.flickr.com/photos/projectapolloarchive/21288862644/in/album-72157658999650280/;user_id:136485307@N06;'], [False, 7, u'text:colorful;user:www.flickr.com/photos/pinksherbet/;user_id:40645538@N00;'], [False, 7, u'user:www.flickr.com/photos/isayx3/;user_id:52821721@N00;'], [False, 13, u'autumn'], [False, 13, u'nature'], [False, 13, u'macro'], [False, 13, u'leaves'], [False, 13, u'cityscape'], [False, 13, u'tilt shift'], [False, 13, u'bokeh']]'
INFO: 2017-04-09 09:13:07,256: log_options() 'stats_enabled = True'
INFO: 2017-04-09 09:13:07,257: log_options() 'stats_notice_shown = True'
INFO: 2017-04-09 09:13:07,257: log_options() 'sync_enabled = True'
INFO: 2017-04-09 09:13:07,257: log_options() 'use_landscape_enabled = True'
INFO: 2017-04-09 09:13:07,257: reload_config() 'No need to clear prepared queue'
INFO: 2017-04-09 09:13:07,258: start() 'Starting QuotesEngine'
INFO: 2017-04-09 09:13:07,292: load() 'Loading quotes file /usr/share/variety/plugins/quotes/quotes.txt'
INFO: 2017-04-09 09:13:07,378: prepare_thread() 'Quotes prepare thread running'
INFO: 2017-04-09 09:13:07,378: on_options_updated() 'Quotes: clearing prepared and updating plugins'
INFO: 2017-04-09 09:13:07,378: prepare_thread() 'Quotes prepared buffer contains 0 quotes, fetching a quote'
INFO: 2017-04-09 09:13:07,379: regular_change_thread() 'Quotes regular change thread running'
INFO: 2017-04-09 09:13:07,379: get_for_search_url() 'Fetching quotes from Goodreads for search url=http://www.quotationspage.com/random.php3'
INFO: 2017-04-09 09:13:07,380: load_last_change_time() 'Change interval < 6 hours, ignore persisted last_change_time, wait initially the whole interval: 300'
INFO: 2017-04-09 09:13:07,382: update_indicator() 'Setting file info to: /home/bazza/.config/variety/Downloaded/flickr_user_www_flickr_com_photos_projectapolloarchive_21288862644_in_album_72157658999650280__user_id_136485307_N06_/21513743779_a497469844_o.jpg'
INFO: 2017-04-09 09:13:07,418: regular_change_thread() 'regular_change thread running'
INFO: 2017-04-09 09:13:07,420: regular_change_thread() 'regular_change: waiting till user resumes'
INFO: 2017-04-09 09:13:07,420: prepare_thread() 'Prepare thread running'
INFO: 2017-04-09 09:13:07,422: prepare_thread() 'Prepared buffer contains 0 images'
INFO: 2017-04-09 09:13:07,422: prepare_thread() 'Preparing some images'
INFO: 2017-04-09 09:13:07,462: _run() 'sync: Started, hash 40b460ba209afcc8e38e03307ba74ff9'
INFO: 2017-04-09 09:13:07,462: _run() 'sync: Syncing image sources'
INFO: 2017-04-09 09:13:07,467: update_indicator_icon() 'Creating indicator'
INFO: 2017-04-09 09:13:07,482: do_set_wp() 'Calling do_set_wp with /home/bazza/.config/variety/Downloaded/flickr_user_www_flickr_com_photos_projectapolloarchive_21288862644_in_album_72157658999650280__user_id_136485307_N06_/21513743779_a497469844_o.jpg, time: 1491694987.48'
WARNING: 2017-04-09 09:13:07,508: create_menu() 'Variety Slideshow is not installed. Install it with "sudo apt-get install variety-slideshow", read more here: http://peterlevi.com/variety/slideshow/'
INFO: 2017-04-09 09:13:07,520: update_indicator() 'Setting file info to: /home/bazza/.config/variety/Downloaded/flickr_user_www_flickr_com_photos_projectapolloarchive_21288862644_in_album_72157658999650280__user_id_136485307_N06_/21513743779_a497469844_o.jpg'
INFO: 2017-04-09 09:13:07,629: set_from_theme_icon() 'Showing status icon variety-indicator from GTK theme'
INFO: 2017-04-09 09:13:07,650: update_indicator() 'Setting file info to: /home/bazza/.config/variety/Downloaded/flickr_user_www_flickr_com_photos_projectapolloarchive_21288862644_in_album_72157658999650280__user_id_136485307_N06_/21513743779_a497469844_o.jpg'
INFO: 2017-04-09 09:13:08,785: get_for_search_url() 'Used QuotationsPage url http://www.quotationspage.com/random.php3'
INFO: 2017-04-09 09:13:08,922: do_set_wp() 'Calling do_set_wp with /home/bazza/.config/variety/Downloaded/flickr_user_www_flickr_com_photos_projectapolloarchive_21288862644_in_album_72157658999650280__user_id_136485307_N06_/21513743779_a497469844_o.jpg, time: 1491694988.92'
ERROR: 2017-04-09 09:13:09,461: handle_user_http_error() 'smart: Server returned 503, potential reason - server failure?'
ERROR: 2017-04-09 09:13:09,462: _run() 'smart: Could not sync sources'
Traceback (most recent call last):
  File "/usr/lib/python2.7/site-packages/variety/Smart.py", line 483, in _run
    server_data = AttrDict(Util.fetch_json(sync_url, {'data': json.dumps(data)}))
  File "/usr/lib/python2.7/site-packages/variety/Util.py", line 538, in fetch_json
    return Util.request(url, data).json()
  File "/usr/lib/python2.7/site-packages/variety/Util.py", line 511, in request
    r.raise_for_status()
  File "/usr/lib/python2.7/site-packages/requests/models.py", line 909, in raise_for_status
    raise HTTPError(http_error_msg, response=self)
HTTPError: 503 Server Error: Service Temporarily Unavailable for url: https://vrty.org/api/user/w15csim53d/sync-sources?authkey=0838a986112fa896e3a853acc2061804
INFO: 2017-04-09 09:13:09,661: _run() 'sync: Fetching serverside data'
INFO: 2017-04-09 09:13:10,924: prepare_thread() 'Quotes prepared buffer contains 0 quotes, fetching a quote'
ERROR: 2017-04-09 09:13:11,259: handle_user_http_error() 'smart: Server returned 503, potential reason - server failure?'
ERROR: 2017-04-09 09:13:11,260: _run() 'sync: Error'
Traceback (most recent call last):
  File "/usr/lib/python2.7/site-packages/variety/Smart.py", line 527, in _run
    server_data = AttrDict(Util.fetch_json(sync_url))
  File "/usr/lib/python2.7/site-packages/variety/Util.py", line 538, in fetch_json
    return Util.request(url, data).json()
  File "/usr/lib/python2.7/site-packages/variety/Util.py", line 511, in request
    r.raise_for_status()
  File "/usr/lib/python2.7/site-packages/requests/models.py", line 909, in raise_for_status
    raise HTTPError(http_error_msg, response=self)
HTTPError: 503 Server Error: Service Temporarily Unavailable for url: https://vrty.org/api/user/w15csim53d/sync?authkey=0838a986112fa896e3a853acc2061804
INFO: 2017-04-09 09:13:12,930: prepare_thread() 'Quotes prepared buffer contains 1 quotes, fetching a quote'
INFO: 2017-04-09 09:13:12,930: get_for_keyword() 'Fetching quotes from Goodreads for keyword=peace'
INFO: 2017-04-09 09:13:13,402: reload() 'Reloading preferences dialog'
ERROR: 2017-04-09 09:13:13,406: read() 'Cannot parse source: False|wn|http://www.wallpapers.net/nature-hd-wallpapers78'
Traceback (most recent call last):
  File "/usr/lib/python2.7/site-packages/variety/Options.py", line 469, in read
    self.sources.append(Options.parse_source(v))
  File "/usr/lib/python2.7/site-packages/variety/Options.py", line 544, in parse_source
    return [enabled, (Options.str_to_type(s[1])), s[2]]
  File "/usr/lib/python2.7/site-packages/variety/Options.py", line 558, in str_to_type
    raise Exception("Unknown source type")
Exception: Unknown source type
INFO: 2017-04-09 09:13:13,664: load_user() 'smart: Loaded smart user: w15csim53d'
INFO: 2017-04-09 09:13:13,664: _run() 'sync: Started, hash 73021b1a813c9702fa5b62c2da6dd17e'
INFO: 2017-04-09 09:13:13,665: _run() 'sync: Syncing image sources'
INFO: 2017-04-09 09:13:13,806: update_indicator() 'Setting file info to: /home/bazza/.config/variety/Downloaded/flickr_user_www_flickr_com_photos_projectapolloarchive_21288862644_in_album_72157658999650280__user_id_136485307_N06_/21513743779_a497469844_o.jpg'
INFO: 2017-04-09 09:13:15,016: compute_trimmed_offsets() 'Trimmed offsets debug info: w:1680, h:1050, ratio:1.600000, iw:1680, ih:1651, scw:1680, sch:1651, ho:0, vo:300'
ERROR: 2017-04-09 09:13:15,421: handle_user_http_error() 'smart: Server returned 503, potential reason - server failure?'
ERROR: 2017-04-09 09:13:15,422: _run() 'smart: Could not sync sources'
Traceback (most recent call last):
  File "/usr/lib/python2.7/site-packages/variety/Smart.py", line 483, in _run
    server_data = AttrDict(Util.fetch_json(sync_url, {'data': json.dumps(data)}))
  File "/usr/lib/python2.7/site-packages/variety/Util.py", line 538, in fetch_json
    return Util.request(url, data).json()
  File "/usr/lib/python2.7/site-packages/variety/Util.py", line 511, in request
    r.raise_for_status()
  File "/usr/lib/python2.7/site-packages/requests/models.py", line 909, in raise_for_status
    raise HTTPError(http_error_msg, response=self)
HTTPError: 503 Server Error: Service Temporarily Unavailable for url: https://vrty.org/api/user/w15csim53d/sync-sources?authkey=0838a986112fa896e3a853acc2061804
INFO: 2017-04-09 09:13:15,423: _run() 'sync: Fetching serverside data'
INFO: 2017-04-09 09:13:15,569: update_indicator() 'Setting file info to: /home/bazza/.config/variety/Downloaded/flickr_user_www_flickr_com_photos_projectapolloarchive_21288862644_in_album_72157658999650280__user_id_136485307_N06_/21513743779_a497469844_o.jpg'
ERROR: 2017-04-09 09:13:17,042: handle_user_http_error() 'smart: Server returned 503, potential reason - server failure?'
ERROR: 2017-04-09 09:13:17,043: _run() 'sync: Error'
Traceback (most recent call last):
  File "/usr/lib/python2.7/site-packages/variety/Smart.py", line 527, in _run
    server_data = AttrDict(Util.fetch_json(sync_url))
  File "/usr/lib/python2.7/site-packages/variety/Util.py", line 538, in fetch_json
    return Util.request(url, data).json()
  File "/usr/lib/python2.7/site-packages/variety/Util.py", line 511, in request
    r.raise_for_status()
  File "/usr/lib/python2.7/site-packages/requests/models.py", line 909, in raise_for_status
    raise HTTPError(http_error_msg, response=self)
HTTPError: 503 Server Error: Service Temporarily Unavailable for url: https://vrty.org/api/user/w15csim53d/sync?authkey=0838a986112fa896e3a853acc2061804
INFO: 2017-04-09 09:13:18,130: get_from_soup() 'Used Goodreads url https://www.goodreads.com/quotes/tag?utf8=%E2%9C%93&id=peace&page=51'
INFO: 2017-04-09 09:13:20,218: prepare_thread() 'Quotes prepared buffer contains 2 quotes, fetching a quote'
INFO: 2017-04-09 09:13:21,030: prepare_thread() 'After search prepared buffer contains 100 images'
INFO: 2017-04-09 09:13:22,221: prepare_thread() 'Quotes prepared buffer contains 3 quotes, fetching a quote'
INFO: 2017-04-09 09:13:24,223: prepare_thread() 'Quotes prepared buffer contains 4 quotes, fetching a quote'
INFO: 2017-04-09 09:13:26,138: reload() 'Reloading preferences dialog'
ERROR: 2017-04-09 09:13:26,148: read() 'Cannot parse source: False|wn|http://www.wallpapers.net/nature-hd-wallpapers78'
Traceback (most recent call last):
  File "/usr/lib/python2.7/site-packages/variety/Options.py", line 469, in read
    self.sources.append(Options.parse_source(v))
  File "/usr/lib/python2.7/site-packages/variety/Options.py", line 544, in parse_source
    return [enabled, (Options.str_to_type(s[1])), s[2]]
  File "/usr/lib/python2.7/site-packages/variety/Options.py", line 558, in str_to_type
    raise Exception("Unknown source type")
Exception: Unknown source type
INFO: 2017-04-09 09:13:26,226: prepare_thread() 'Quotes prepared buffer contains 5 quotes, fetching a quote'
INFO: 2017-04-09 09:13:27,272: stats_report_config() 'Stats: Reporting config anonymously'
INFO: 2017-04-09 09:13:27,442: server_options_thread() 'Fetching server options from http://tiny.cc/variety-options-063'
INFO: 2017-04-09 09:13:28,227: prepare_thread() 'Quotes prepared buffer contains 6 quotes, fetching a quote'
INFO: 2017-04-09 09:13:28,426: apply() 'Applying preferences'
ERROR: 2017-04-09 09:13:28,436: read() 'Cannot parse source: False|wn|http://www.wallpapers.net/nature-hd-wallpapers78'
Traceback (most recent call last):
  File "/usr/lib/python2.7/site-packages/variety/Options.py", line 469, in read
    self.sources.append(Options.parse_source(v))
  File "/usr/lib/python2.7/site-packages/variety/Options.py", line 544, in parse_source
    return [enabled, (Options.str_to_type(s[1])), s[2]]
  File "/usr/lib/python2.7/site-packages/variety/Options.py", line 558, in str_to_type
    raise Exception("Unknown source type")
Exception: Unknown source type
INFO: 2017-04-09 09:13:28,473: set_visible() 'Showing status icon'
INFO: 2017-04-09 09:13:28,474: log_options() 'Loaded options:'
INFO: 2017-04-09 09:13:28,474: set_from_theme_icon() 'Showing status icon variety-indicator from GTK theme'
INFO: 2017-04-09 09:13:28,474: log_options() 'change_enabled = False'
INFO: 2017-04-09 09:13:28,475: log_options() 'change_interval = 300'
INFO: 2017-04-09 09:13:28,475: log_options() 'change_on_start = False'
INFO: 2017-04-09 09:13:28,476: log_options() 'clipboard_enabled = False'
INFO: 2017-04-09 09:13:28,476: log_options() 'clipboard_hosts = [u'wallbase.cc', u'ns223506.ovh.net', u'wallpapers.net', u'flickr.com', u'imgur.com', u'deviantart.com', u'interfacelift.com', u'vladstudio.com', u'imageshack.us']'
INFO: 2017-04-09 09:13:28,477: log_options() 'clipboard_use_whitelist = True'
INFO: 2017-04-09 09:13:28,477: log_options() 'clock_date_font = Ubuntu Condensed, 30'
INFO: 2017-04-09 09:13:28,478: log_options() 'clock_enabled = False'
INFO: 2017-04-09 09:13:28,478: log_options() 'clock_filter = -density 100 -font `fc-match -f '%{file[0]}' '%CLOCK_FONT_NAME'` -pointsize %CLOCK_FONT_SIZE -gravity SouthEast -fill '#00000044' -annotate 0x0+[%HOFFSET+58]+[%VOFFSET+108] '%H:%M' -fill white -annotate 0x0+[%HOFFSET+60]+[%VOFFSET+110] '%H:%M' -font `fc-match -f '%{file[0]}' '%DATE_FONT_NAME'` -pointsize %DATE_FONT_SIZE -fill '#00000044' -annotate 0x0+[%HOFFSET+58]+[%VOFFSET+58] '%A, %B %d' -fill white -annotate 0x0+[%HOFFSET+60]+[%VOFFSET+60] '%A, %B %d''
INFO: 2017-04-09 09:13:28,478: log_options() 'clock_font = Ubuntu Condensed, 70'
INFO: 2017-04-09 09:13:28,478: log_options() 'configfile = /home/bazza/.config/variety/variety.conf'
INFO: 2017-04-09 09:13:28,479: log_options() 'copyto_enabled = False'
INFO: 2017-04-09 09:13:28,479: log_options() 'copyto_folder = Default'
INFO: 2017-04-09 09:13:28,479: log_options() 'desired_color = [160, 160, 160]'
INFO: 2017-04-09 09:13:28,480: log_options() 'desired_color_enabled = False'
INFO: 2017-04-09 09:13:28,480: log_options() 'download_enabled = True'
INFO: 2017-04-09 09:13:28,480: log_options() 'download_folder = /home/bazza/.config/variety/Downloaded'
INFO: 2017-04-09 09:13:28,480: log_options() 'download_interval = 60'
INFO: 2017-04-09 09:13:28,481: log_options() 'facebook_message = '
INFO: 2017-04-09 09:13:28,481: log_options() 'facebook_show_dialog = True'
INFO: 2017-04-09 09:13:28,481: log_options() 'favorites_folder = /home/bazza/.config/variety/Favorites'
INFO: 2017-04-09 09:13:28,481: log_options() 'favorites_operations = [[u'Downloaded', u'Copy'], [u'Fetched', u'Move'], [u'Others', u'Copy']]'
INFO: 2017-04-09 09:13:28,482: log_options() 'fetched_folder = /home/bazza/.config/variety/Fetched'
INFO: 2017-04-09 09:13:28,482: log_options() 'filters = [[False, u'Keep original', u''], [False, u'Grayscale', u'-type Grayscale'], [False, u'Heavy blur', u'-blur 120x40'], [False, u'Soft blur', u'-blur 20x7'], [False, u'Oil painting', u'-paint 8'], [False, u'Pencil sketch', u'-colorspace gray \\( +clone -tile ~/.config/variety/pencil_tile.png -draw "color 0,0 reset" +clone +swap -compose color_dodge -composite \\) -fx \'u*.2+v*.8\''], [False, u'Pointilism', u'-spread 10 -noise 3'], [False, u'Pixellate', u'-scale 3% -scale 3333%']]'
INFO: 2017-04-09 09:13:28,482: log_options() 'icon = Light'
INFO: 2017-04-09 09:13:28,483: log_options() 'lightness_enabled = False'
INFO: 2017-04-09 09:13:28,483: log_options() 'lightness_mode = 0'
INFO: 2017-04-09 09:13:28,483: log_options() 'min_rating = 4'
INFO: 2017-04-09 09:13:28,483: log_options() 'min_rating_enabled = False'
INFO: 2017-04-09 09:13:28,484: log_options() 'min_size = 80'
INFO: 2017-04-09 09:13:28,484: log_options() 'min_size_enabled = False'
INFO: 2017-04-09 09:13:28,484: log_options() 'quota_enabled = False'
INFO: 2017-04-09 09:13:28,484: log_options() 'quota_size = 500'
INFO: 2017-04-09 09:13:28,485: log_options() 'quotes_authors = '
INFO: 2017-04-09 09:13:28,485: log_options() 'quotes_bg_color = [80, 80, 80]'
INFO: 2017-04-09 09:13:28,485: log_options() 'quotes_bg_opacity = 55'
INFO: 2017-04-09 09:13:28,486: log_options() 'quotes_change_enabled = False'
INFO: 2017-04-09 09:13:28,486: log_options() 'quotes_change_interval = 300'
INFO: 2017-04-09 09:13:28,486: log_options() 'quotes_disabled_sources = [u'QuotesDaddy']'
INFO: 2017-04-09 09:13:28,487: log_options() 'quotes_enabled = True'
INFO: 2017-04-09 09:13:28,487: log_options() 'quotes_favorites_file = /home/bazza/.config/variety/favorite_quotes.txt'
INFO: 2017-04-09 09:13:28,487: log_options() 'quotes_font = Bitstream Charter 30'
INFO: 2017-04-09 09:13:28,488: log_options() 'quotes_hpos = 100'
INFO: 2017-04-09 09:13:28,488: log_options() 'quotes_tags = '
INFO: 2017-04-09 09:13:28,488: log_options() 'quotes_text_color = [255, 255, 255]'
INFO: 2017-04-09 09:13:28,489: log_options() 'quotes_text_shadow = False'
INFO: 2017-04-09 09:13:28,489: log_options() 'quotes_vpos = 40'
INFO: 2017-04-09 09:13:28,489: log_options() 'quotes_width = 70'
INFO: 2017-04-09 09:13:28,489: log_options() 'safe_mode = False'
INFO: 2017-04-09 09:13:28,490: log_options() 'slideshow_custom_enabled = False'
INFO: 2017-04-09 09:13:28,490: log_options() 'slideshow_custom_folder = /home/bazza/Pictures'
INFO: 2017-04-09 09:13:28,490: log_options() 'slideshow_downloads_enabled = False'
INFO: 2017-04-09 09:13:28,490: log_options() 'slideshow_fade = 0.4'
INFO: 2017-04-09 09:13:28,491: log_options() 'slideshow_favorites_enabled = True'
INFO: 2017-04-09 09:13:28,491: log_options() 'slideshow_mode = Fullscreen'
INFO: 2017-04-09 09:13:28,491: log_options() 'slideshow_monitor = All'
INFO: 2017-04-09 09:13:28,491: log_options() 'slideshow_pan = 0.05'
INFO: 2017-04-09 09:13:28,492: log_options() 'slideshow_seconds = 6.0'
INFO: 2017-04-09 09:13:28,492: log_options() 'slideshow_sort_order = Random'
INFO: 2017-04-09 09:13:28,492: log_options() 'slideshow_sources_enabled = True'
INFO: 2017-04-09 09:13:28,492: log_options() 'slideshow_zoom = 0.2'
INFO: 2017-04-09 09:13:28,493: log_options() 'smart_enabled = True'
INFO: 2017-04-09 09:13:28,493: log_options() 'smart_notice_shown = True'
INFO: 2017-04-09 09:13:28,493: log_options() 'smart_register_shown = True'
INFO: 2017-04-09 09:13:28,494: log_options() 'sources = [[False, 3, u'The Favorites folder'], [False, 4, u'The Fetched folder'], [False, 19, u'Recommended by Variety. Adapts to your taste as you mark images as favorite or trash.'], [False, 20, u'Latest favorites by the other users of Variety. [May contain NSFW images]'], [False, 2, u'/usr/share/backgrounds'], [False, 6, u'Random wallpapers from Desktoppr.co'], [False, 15, u'Bing Photo of the Day'], [False, 16, u'High-resolution photos from Unsplash.com'], [False, 8, u"NASA's Astronomy Picture of the Day"], [False, 11, u'World Sunlight Map - live wallpaper from Die.net'], [False, 14, u'https://www.reddit.com/r/MinimalWallpaper/top/?sort=top&t=year'], [False, 10, u'https://vrty.org/user/~peterlevi/rss'], [True, 7, u'user:www.flickr.com/photos/projectapolloarchive/21288862644/in/album-72157658999650280/;user_id:136485307@N06;'], [False, 7, u'text:colorful;user:www.flickr.com/photos/pinksherbet/;user_id:40645538@N00;'], [False, 7, u'user:www.flickr.com/photos/isayx3/;user_id:52821721@N00;'], [False, 13, u'autumn'], [False, 13, u'nature'], [False, 13, u'macro'], [False, 13, u'leaves'], [False, 13, u'cityscape'], [False, 13, u'tilt shift'], [False, 13, u'bokeh']]'
INFO: 2017-04-09 09:13:28,494: log_options() 'stats_enabled = True'
INFO: 2017-04-09 09:13:28,494: log_options() 'stats_notice_shown = True'
INFO: 2017-04-09 09:13:28,494: log_options() 'sync_enabled = True'
INFO: 2017-04-09 09:13:28,495: log_options() 'use_landscape_enabled = True'
INFO: 2017-04-09 09:13:28,495: reload_config() 'No need to clear prepared queue'
INFO: 2017-04-09 09:13:28,496: update_indicator() 'Setting file info to: /home/bazza/.config/variety/Downloaded/flickr_user_www_flickr_com_photos_projectapolloarchive_21288862644_in_album_72157658999650280__user_id_136485307_N06_/21513743779_a497469844_o.jpg'
INFO: 2017-04-09 09:13:28,497: regular_change_thread() 'regular_change: waiting till user resumes'
INFO: 2017-04-09 09:13:28,498: prepare_thread() 'Prepared buffer contains 100 images'
INFO: 2017-04-09 09:13:28,499: update_autostart() 'Removing autostart entry'
INFO: 2017-04-09 09:13:28,597: do_set_wp() 'Calling do_set_wp with /home/bazza/.config/variety/Downloaded/flickr_user_www_flickr_com_photos_projectapolloarchive_21288862644_in_album_72157658999650280__user_id_136485307_N06_/21513743779_a497469844_o.jpg, time: 1491695008.6'
INFO: 2017-04-09 09:13:28,947: server_options_thread() 'Fetched server options: {u'unsplash': {u'min_fill_queue_interval': 1800, u'min_download_interval': 600}, u'wallpapers.net': {u'min_fill_queue_interval': 600, u'min_download_interval': 0}, u'wallhaven': {u'min_fill_queue_interval': 1800, u'min_download_interval': 1800}, u'wallbase': {u'min_fill_queue_interval': 1800, u'min_download_interval': 1800}, u'flickr': {u'min_fill_queue_interval': 1200, u'min_download_interval': 1200}, u'status_message': {u'*': u'', u'0.0.1': u''}}'
INFO: 2017-04-09 09:13:28,954: compute_trimmed_offsets() 'Trimmed offsets debug info: w:1680, h:1050, ratio:1.600000, iw:1680, ih:1651, scw:1680, sch:1651, ho:0, vo:300'
INFO: 2017-04-09 09:13:29,030: update_indicator() 'Setting file info to: /home/bazza/.config/variety/Downloaded/flickr_user_www_flickr_com_photos_projectapolloarchive_21288862644_in_album_72157658999650280__user_id_136485307_N06_/21513743779_a497469844_o.jpg'
INFO: 2017-04-09 09:13:30,230: prepare_thread() 'Quotes prepared buffer contains 7 quotes, fetching a quote'
INFO: 2017-04-09 09:13:32,233: prepare_thread() 'Quotes prepared buffer contains 8 quotes, fetching a quote'
INFO: 2017-04-09 09:13:32,934: trigger_download() 'Triggering one download'
INFO: 2017-04-09 09:13:32,959: parse_server_options() 'Flickr: parsing serverside options'
INFO: 2017-04-09 09:13:32,959: parse_server_options() 'Flickr serverside options: {u'min_fill_queue_interval': 1200, u'min_download_interval': 1200}'
INFO: 2017-04-09 09:13:32,960: download_one() 'Downloading an image from Flickr, user:www.flickr.com/photos/projectapolloarchive/21288862644/in/album-72157658999650280/;user_id:136485307@N06;'
INFO: 2017-04-09 09:13:32,960: download_one() 'Queue size: 0'
INFO: 2017-04-09 09:13:32,960: fill_queue() 'Filling Flickr download queue: user:www.flickr.com/photos/projectapolloarchive/21288862644/in/album-72157658999650280/;user_id:136485307@N06;'
INFO: 2017-04-09 09:13:32,961: fetch() 'Making flickr API call: https://api.flickr.com/services/rest/?method=flickr.photos.search&api_key=0553a848c09bcfd21d3a984d9408c04e&per_page=500&tag_mode=all&format=json&nojsoncallback=1&user_id=136485307@N06'
INFO: 2017-04-09 09:13:33,800: fill_queue() '29 pages in the search results, using page 28'
INFO: 2017-04-09 09:13:33,800: fetch() 'Making flickr API call: https://api.flickr.com/services/rest/?method=flickr.photos.search&api_key=0553a848c09bcfd21d3a984d9408c04e&per_page=500&tag_mode=all&format=json&nojsoncallback=1&user_id=136485307@N06&extras=owner_name,description,tags,o_dims,url_o,url_k,url_h,url_l&page=28'
INFO: 2017-04-09 09:13:34,236: prepare_thread() 'Quotes prepared buffer contains 9 quotes, fetching a quote'
INFO: 2017-04-09 09:13:35,046: process_photos_in_response() 'Queue size is 0, populating with images for size suffix o'
INFO: 2017-04-09 09:13:35,131: process_photos_in_response() 'Queue size is 0, populating with images for size suffix k'
INFO: 2017-04-09 09:13:35,135: process_photos_in_response() 'Queue size is 0, populating with images for size suffix h'
INFO: 2017-04-09 09:13:35,139: process_photos_in_response() 'Queue size is 0, populating with images for size suffix l'
INFO: 2017-04-09 09:13:35,143: fill_queue() 'Flickr queue populated with 0 URLs'
INFO: 2017-04-09 09:13:35,144: download_one() 'Flickr queue empty after fill - too restrictive search parameters or image size preference?'
INFO: 2017-04-09 09:13:35,293: on_quit() 'Quitting'
INFO: 2017-04-09 09:13:35,322: do_set_wp() 'Calling do_set_wp with /home/bazza/.config/variety/Downloaded/flickr_user_www_flickr_com_photos_projectapolloarchive_21288862644_in_album_72157658999650280__user_id_136485307_N06_/21513743779_a497469844_o.jpg, time: 1491695015.32'
INFO: 2017-04-09 09:13:35,347: update_indicator() 'Setting file info to: /home/bazza/.config/variety/Downloaded/flickr_user_www_flickr_com_photos_projectapolloarchive_21288862644_in_album_72157658999650280__user_id_136485307_N06_/21513743779_a497469844_o.jpg'
