{"logTime": "0824/042708", "correlationVector":"aXNbmjXopm2H9oTh6sySeg.1","action":"SyncServerConnectionManagerRequest", "result":"SYNC_SERVER_OK", "context":{"environment":"Prod_AustraliaEast", "server":"GENERAL01000000"}}
{"logTime": "0824/042708", "correlationVector":"aXNbmjXopm2H9oTh6sySeg.2","action":"Commit Response", "result":"SYNCER_OK"}
{"logTime": "0824/042708", "correlationVector":"5HDfwwpf9dldmRtVe3lHby","action":"Commit Request", "result":""}
{"logTime": "0824/042710", "correlationVector":"5HDfwwpf9dldmRtVe3lHby.1","action":"SyncServerConnectionManagerRequest", "result":"SYNC_SERVER_OK", "context":{"environment":"Prod_AustraliaEast", "server":"GENERAL01000003"}}
{"logTime": "0824/042710", "correlationVector":"5HDfwwpf9dldmRtVe3lHby.2","action":"Commit Response", "result":"SYNCER_OK"}
{"logTime": "0824/042710", "correlationVector":"Xu81YnE+aO5rwiY2EXisg1","action":"Commit Request", "result":""}
{"logTime": "0824/042711", "correlationVector":"Xu81YnE+aO5rwiY2EXisg1.1","action":"SyncServerConnectionManagerRequest", "result":"SYNC_SERVER_OK", "context":{"environment":"Prod_AustraliaEast", "server":"GENERAL01000003"}}
{"logTime": "0824/042711", "correlationVector":"Xu81YnE+aO5rwiY2EXisg1.2","action":"Commit Response", "result":"SYNCER_OK"}
{"logTime": "0824/042711", "correlationVector":"KNyimuA/OQAEOeVSjIeMHl","action":"Commit Request", "result":""}
{"logTime": "0824/042712", "correlationVector":"KNyimuA/OQAEOeVSjIeMHl.1","action":"SyncServerConnectionManagerRequest", "result":"SYNC_SERVER_OK", "context":{"environment":"Prod_AustraliaEast", "server":"GENERAL01000008"}}
{"logTime": "0824/042712", "correlationVector":"KNyimuA/OQAEOeVSjIeMHl.2","action":"Commit Response", "result":"SYNCER_OK"}
{"logTime": "0824/042712", "correlationVector":"fwqyC40z7WHAMkERy48bx9","action":"Commit Request", "result":""}
{"logTime": "0824/042713", "correlationVector":"fwqyC40z7WHAMkERy48bx9.1","action":"SyncServerConnectionManagerRequest", "result":"SYNC_SERVER_OK", "context":{"environment":"Prod_AustraliaEast", "server":"GENERAL01000002"}}
{"logTime": "0824/042713", "correlationVector":"fwqyC40z7WHAMkERy48bx9.2","action":"Commit Response", "result":"SYNCER_OK"}
{"logTime": "0824/042713", "correlationVector":"1Lo5IfpwxqVpceBEXMFpth","action":"Commit Request", "result":""}
{"logTime": "0824/042715", "correlationVector":"1Lo5IfpwxqVpceBEXMFpth.1","action":"SyncServerConnectionManagerRequest", "result":"SYNC_SERVER_OK", "context":{"environment":"Prod_AustraliaEast", "server":"GENERAL01000002"}}
{"logTime": "0824/042715", "correlationVector":"1Lo5IfpwxqVpceBEXMFpth.2","action":"Commit Response", "result":"SYNCER_OK"}
{"logTime": "0824/042715", "correlationVector":"hBIjox7MTYC+QBBp4rfNjr","action":"Commit Request", "result":""}
{"logTime": "0824/042716", "correlationVector":"hBIjox7MTYC+QBBp4rfNjr.1","action":"SyncServerConnectionManagerRequest", "result":"SYNC_SERVER_OK", "context":{"environment":"Prod_AustraliaEast", "server":"GENERAL01000006"}}
{"logTime": "0824/042716", "correlationVector":"hBIjox7MTYC+QBBp4rfNjr.2","action":"Commit Response", "result":"SYNCER_OK"}
{"logTime": "0824/042716", "correlationVector":"hBIjox7MTYC+QBBp4rfNjr.3","action":"Commit.Extensions", "result":"Conflict", "context":{"id":"094fa2e2-23d1-4a2d-92ae-7030769d5f34", "isDeleted":"false", "size":"105", "version":"1653348527708"}}
{"logTime": "0824/042716", "correlationVector":"hBIjox7MTYC+QBBp4rfNjr.4","action":"Commit.Extensions", "result":"Conflict", "context":{"id":"303d98ec-2fb7-4f30-966c-917238f33fe5", "isDeleted":"false", "size":"102", "version":"1658726484212"}}
{"logTime": "0824/042716", "correlationVector":"hBIjox7MTYC+QBBp4rfNjr.5","action":"Commit.Extensions", "result":"Conflict", "context":{"id":"187561de-c96d-4a8c-b009-c448d52aecc9", "isDeleted":"false", "size":"110", "version":"1653348527708"}}
{"logTime": "0824/042716", "correlationVector":"hBIjox7MTYC+QBBp4rfNjr.6","action":"Commit.Extensions", "result":"Conflict", "context":{"id":"12316b42-fccd-445b-b6f3-81586a17181f", "isDeleted":"false", "size":"100", "version":"1653348527708"}}
{"logTime": "0824/042716", "correlationVector":"hBIjox7MTYC+QBBp4rfNjr.7","action":"Commit.Extensions", "result":"Conflict", "context":{"id":"4ff1f3db-335a-4d9a-934a-d0997e778e8a", "isDeleted":"false", "size":"111", "version":"1660827211541"}}
{"logTime": "0824/042716", "correlationVector":"Aky+S6VmqqAH/vAp04UyIC","action":"Normal GetUpdate request", "result":""}
{"logTime": "0824/042717", "correlationVector":"Aky+S6VmqqAH/vAp04UyIC.1","action":"SyncServerConnectionManagerRequest", "result":"SYNC_SERVER_OK", "context":{"environment":"Prod_AustraliaEast", "server":"GENERAL01000006"}}
{"logTime": "0824/042717", "correlationVector":"Aky+S6VmqqAH/vAp04UyIC.2","action":"GetUpdates Response", "result":"SERVER_MORE_TO_DOWNLOAD"}
{"logTime": "0824/042717", "correlationVector":"28+2x56QKNPd9XLyhwykRA","action":"Normal GetUpdate request", "result":""}
{"logTime": "0824/042717", "correlationVector":"28+2x56QKNPd9XLyhwykRA.1","action":"SyncServerConnectionManagerRequest", "result":"SYNC_SERVER_OK", "context":{"environment":"Prod_AustraliaEast", "server":"GENERAL01000002"}}
{"logTime": "0824/042717", "correlationVector":"28+2x56QKNPd9XLyhwykRA.2","action":"GetUpdates Response", "result":"SERVER_MORE_TO_DOWNLOAD"}
{"logTime": "0824/042717", "correlationVector":"AaCxvEN5IlRE6cjylANms+","action":"Normal GetUpdate request", "result":""}
{"logTime": "0824/042717", "correlationVector":"AaCxvEN5IlRE6cjylANms+.1","action":"SyncServerConnectionManagerRequest", "result":"SYNC_SERVER_OK", "context":{"environment":"Prod_AustraliaEast", "server":"GENERAL01000009"}}
{"logTime": "0824/042717", "correlationVector":"AaCxvEN5IlRE6cjylANms+.2","action":"GetUpdates Response", "result":"SERVER_MORE_TO_DOWNLOAD"}
{"logTime": "0824/042717", "correlationVector":"clKJmd6j2+Dbv1isiUimoM","action":"Normal GetUpdate request", "result":""}
{"logTime": "0824/042718", "correlationVector":"clKJmd6j2+Dbv1isiUimoM.1","action":"SyncServerConnectionManagerRequest", "result":"SYNC_SERVER_OK", "context":{"environment":"Prod_AustraliaEast", "server":"GENERAL01000002"}}
{"logTime": "0824/042718", "correlationVector":"clKJmd6j2+Dbv1isiUimoM.2","action":"GetUpdates Response", "result":"SERVER_MORE_TO_DOWNLOAD"}
{"logTime": "0824/042718", "correlationVector":"0stgm3XJdtXEoN9rhJQqRX","action":"Normal GetUpdate request", "result":""}
{"logTime": "0824/042718", "correlationVector":"0stgm3XJdtXEoN9rhJQqRX.1","action":"SyncServerConnectionManagerRequest", "result":"SYNC_SERVER_OK", "context":{"environment":"Prod_AustraliaEast", "server":"GENERAL01000001"}}
{"logTime": "0824/042718", "correlationVector":"0stgm3XJdtXEoN9rhJQqRX.2","action":"GetUpdates Response", "result":"SERVER_MORE_TO_DOWNLOAD"}
{"logTime": "0824/042718", "correlationVector":"yXyvUNMKhGEDYeNA9OPt1P","action":"Normal GetUpdate request", "result":""}
{"logTime": "0824/042718", "correlationVector":"yXyvUNMKhGEDYeNA9OPt1P.1","action":"SyncServerConnectionManagerRequest", "result":"SYNC_SERVER_OK", "context":{"environment":"Prod_AustraliaEast", "server":"GENERAL01000005"}}
{"logTime": "0824/042718", "correlationVector":"yXyvUNMKhGEDYeNA9OPt1P.2","action":"GetUpdates Response", "result":"SERVER_MORE_TO_DOWNLOAD"}
{"logTime": "0824/042718", "correlationVector":"WprG08Zv8BLpUxZYqa72Ts","action":"Normal GetUpdate request", "result":""}
{"logTime": "0824/042719", "correlationVector":"WprG08Zv8BLpUxZYqa72Ts.1","action":"SyncServerConnectionManagerRequest", "result":"SYNC_SERVER_OK", "context":{"environment":"Prod_AustraliaEast", "server":"GENERAL01000001"}}
{"logTime": "0824/042719", "correlationVector":"WprG08Zv8BLpUxZYqa72Ts.2","action":"GetUpdates Response", "result":"SERVER_MORE_TO_DOWNLOAD"}
{"logTime": "0824/042719", "correlationVector":"VBEJr9ndGxz8sw2AnkHUV/","action":"Normal GetUpdate request", "result":""}
{"logTime": "0824/042719", "correlationVector":"VBEJr9ndGxz8sw2AnkHUV/.1","action":"SyncServerConnectionManagerRequest", "result":"SYNC_SERVER_OK", "context":{"environment":"Prod_AustraliaEast", "server":"GENERAL01000007"}}
{"logTime": "0824/042719", "correlationVector":"VBEJr9ndGxz8sw2AnkHUV/.2","action":"GetUpdates Response", "result":"SERVER_MORE_TO_DOWNLOAD"}
{"logTime": "0824/042719", "correlationVector":"7R+Z/Pa5NBfEe6CU375zm6","action":"Normal GetUpdate request", "result":""}
{"logTime": "0824/042720", "correlationVector":"7R+Z/Pa5NBfEe6CU375zm6.1","action":"SyncServerConnectionManagerRequest", "result":"SYNC_SERVER_OK", "context":{"environment":"Prod_AustraliaEast", "server":"GENERAL01000006"}}
{"logTime": "0824/042720", "correlationVector":"7R+Z/Pa5NBfEe6CU375zm6.2","action":"GetUpdates Response", "result":"SERVER_MORE_TO_DOWNLOAD"}
{"logTime": "0824/042720", "correlationVector":"Yvb2tVp+F6dYk7F/5qVsU4","action":"Normal GetUpdate request", "result":""}
{"logTime": "0824/042720", "correlationVector":"Yvb2tVp+F6dYk7F/5qVsU4.1","action":"SyncServerConnectionManagerRequest", "result":"SYNC_SERVER_OK", "context":{"environment":"Prod_AustraliaEast", "server":"GENERAL01000002"}}
{"logTime": "0824/042720", "correlationVector":"Yvb2tVp+F6dYk7F/5qVsU4.2","action":"GetUpdates Response", "result":"SERVER_MORE_TO_DOWNLOAD"}
{"logTime": "0824/042720", "correlationVector":"LcfFHVqamzaIMlcsJMsZhE","action":"Normal GetUpdate request", "result":""}
{"logTime": "0824/042721", "correlationVector":"LcfFHVqamzaIMlcsJMsZhE.1","action":"SyncServerConnectionManagerRequest", "result":"SYNC_SERVER_OK", "context":{"environment":"Prod_AustraliaEast", "server":"GENERAL01000006"}}
{"logTime": "0824/042721", "correlationVector":"LcfFHVqamzaIMlcsJMsZhE.2","action":"GetUpdates Response", "result":"SERVER_MORE_TO_DOWNLOAD"}
{"logTime": "0824/042721", "correlationVector":"QKRJMr37Qpw2Qqo9yIvc7l","action":"Normal GetUpdate request", "result":""}
{"logTime": "0824/042721", "correlationVector":"QKRJMr37Qpw2Qqo9yIvc7l.1","action":"SyncServerConnectionManagerRequest", "result":"SYNC_SERVER_OK", "context":{"environment":"Prod_AustraliaEast", "server":"GENERAL01000008"}}
{"logTime": "0824/042721", "correlationVector":"QKRJMr37Qpw2Qqo9yIvc7l.2","action":"GetUpdates Response", "result":"SYNCER_OK"}
{"logTime": "0824/042721", "correlationVector":"CCdOx7By/zdCDHAVYl/AAX","action":"Commit Request", "result":""}
{"logTime": "0824/042721", "correlationVector":"CCdOx7By/zdCDHAVYl/AAX.1","action":"SyncServerConnectionManagerRequest", "result":"SYNC_SERVER_OK", "context":{"environment":"Prod_AustraliaEast", "server":"GENERAL01000007"}}
{"logTime": "0824/042721", "correlationVector":"CCdOx7By/zdCDHAVYl/AAX.2","action":"Commit Response", "result":"SYNCER_OK"}
{"logTime": "0824/042721", "correlationVector":"zvuE2Uvh7SfZPfxuVyAVZb","action":"Normal GetUpdate request", "result":""}
{"logTime": "0824/042722", "correlationVector":"zvuE2Uvh7SfZPfxuVyAVZb.1","action":"SyncServerConnectionManagerRequest", "result":"SYNC_SERVER_OK", "context":{"environment":"Prod_AustraliaEast", "server":"GENERAL01000002"}}
{"logTime": "0824/042722", "correlationVector":"zvuE2Uvh7SfZPfxuVyAVZb.2","action":"GetUpdates Response", "result":"SERVER_MORE_TO_DOWNLOAD"}
{"logTime": "0824/042722", "correlationVector":"d8JsNjbcG51MdkT8xsGBtp","action":"Normal GetUpdate request", "result":""}
{"logTime": "0824/042722", "correlationVector":"d8JsNjbcG51MdkT8xsGBtp.1","action":"SyncServerConnectionManagerRequest", "result":"SYNC_SERVER_OK", "context":{"environment":"Prod_AustraliaEast", "server":"GENERAL01000006"}}
{"logTime": "0824/042722", "correlationVector":"d8JsNjbcG51MdkT8xsGBtp.2","action":"GetUpdates Response", "result":"SERVER_MORE_TO_DOWNLOAD"}
{"logTime": "0824/042722", "correlationVector":"plJsnlvDA2CcP3DcBfQqaD","action":"Normal GetUpdate request", "result":""}
{"logTime": "0824/042723", "correlationVector":"plJsnlvDA2CcP3DcBfQqaD.1","action":"SyncServerConnectionManagerRequest", "result":"SYNC_SERVER_OK", "context":{"environment":"Prod_AustraliaEast", "server":"GENERAL01000008"}}
{"logTime": "0824/042723", "correlationVector":"plJsnlvDA2CcP3DcBfQqaD.2","action":"GetUpdates Response", "result":"SERVER_MORE_TO_DOWNLOAD"}
{"logTime": "0824/042723", "correlationVector":"/FOjIlCmjHMe4Hrnz+g4DK","action":"Normal GetUpdate request", "result":""}
{"logTime": "0824/042723", "correlationVector":"/FOjIlCmjHMe4Hrnz+g4DK.1","action":"SyncServerConnectionManagerRequest", "result":"SYNC_SERVER_OK", "context":{"environment":"Prod_AustraliaEast", "server":"GENERAL01000005"}}
{"logTime": "0824/042723", "correlationVector":"/FOjIlCmjHMe4Hrnz+g4DK.2","action":"GetUpdates Response", "result":"SERVER_MORE_TO_DOWNLOAD"}
{"logTime": "0824/042723", "correlationVector":"rbEO5ZCSEgezgJ7piXsuG4","action":"Normal GetUpdate request", "result":""}
{"logTime": "0824/042724", "correlationVector":"rbEO5ZCSEgezgJ7piXsuG4.1","action":"SyncServerConnectionManagerRequest", "result":"SYNC_SERVER_OK", "context":{"environment":"Prod_AustraliaEast", "server":"GENERAL01000004"}}
{"logTime": "0824/042724", "correlationVector":"rbEO5ZCSEgezgJ7piXsuG4.2","action":"GetUpdates Response", "result":"SERVER_MORE_TO_DOWNLOAD"}
{"logTime": "0824/042724", "correlationVector":"RqrNv/jf2IuLfC885uujUK","action":"Normal GetUpdate request", "result":""}
{"logTime": "0824/042724", "correlationVector":"RqrNv/jf2IuLfC885uujUK.1","action":"SyncServerConnectionManagerRequest", "result":"SYNC_SERVER_OK", "context":{"environment":"Prod_AustraliaEast", "server":"GENERAL01000008"}}
{"logTime": "0824/042724", "correlationVector":"RqrNv/jf2IuLfC885uujUK.2","action":"GetUpdates Response", "result":"SERVER_MORE_TO_DOWNLOAD"}
{"logTime": "0824/042724", "correlationVector":"06BkpHBzxgQ5RM70AX6c0Q","action":"Normal GetUpdate request", "result":""}
{"logTime": "0824/042725", "correlationVector":"06BkpHBzxgQ5RM70AX6c0Q.1","action":"SyncServerConnectionManagerRequest", "result":"SYNC_SERVER_OK", "context":{"environment":"Prod_AustraliaEast", "server":"GENERAL01000003"}}
{"logTime": "0824/042725", "correlationVector":"06BkpHBzxgQ5RM70AX6c0Q.2","action":"GetUpdates Response", "result":"SERVER_MORE_TO_DOWNLOAD"}
{"logTime": "0824/042725", "correlationVector":"GSj2HaA7EMHhaNGZ92opNu","action":"Normal GetUpdate request", "result":""}
{"logTime": "0824/042725", "correlationVector":"GSj2HaA7EMHhaNGZ92opNu.1","action":"SyncServerConnectionManagerRequest", "result":"SYNC_SERVER_OK", "context":{"environment":"Prod_AustraliaEast", "server":"GENERAL01000006"}}
{"logTime": "0824/042725", "correlationVector":"GSj2HaA7EMHhaNGZ92opNu.2","action":"GetUpdates Response", "result":"SERVER_MORE_TO_DOWNLOAD"}
{"logTime": "0824/042725", "correlationVector":"5fQ97eSZzT0EcV7af6a/QT","action":"Normal GetUpdate request", "result":""}
{"logTime": "0824/042725", "correlationVector":"5fQ97eSZzT0EcV7af6a/QT.1","action":"SyncServerConnectionManagerRequest", "result":"SYNC_SERVER_OK", "context":{"environment":"Prod_AustraliaEast", "server":"GENERAL01000001"}}
{"logTime": "0824/042725", "correlationVector":"5fQ97eSZzT0EcV7af6a/QT.2","action":"GetUpdates Response", "result":"SERVER_MORE_TO_DOWNLOAD"}
{"logTime": "0824/042725", "correlationVector":"I9/JtBxgXiLE6EScf8IPji","action":"Normal GetUpdate request", "result":""}
{"logTime": "0824/042726", "correlationVector":"I9/JtBxgXiLE6EScf8IPji.1","action":"SyncServerConnectionManagerRequest", "result":"SYNC_SERVER_OK", "context":{"environment":"Prod_AustraliaEast", "server":"GENERAL01000002"}}
{"logTime": "0824/042726", "correlationVector":"I9/JtBxgXiLE6EScf8IPji.2","action":"GetUpdates Response", "result":"SERVER_MORE_TO_DOWNLOAD"}
{"logTime": "0824/042726", "correlationVector":"IDqwvEAQmwR1x2SDdr97dx","action":"Normal GetUpdate request", "result":""}
{"logTime": "0824/042726", "correlationVector":"IDqwvEAQmwR1x2SDdr97dx.1","action":"SyncServerConnectionManagerRequest", "result":"SYNC_SERVER_OK", "context":{"environment":"Prod_AustraliaEast", "server":"GENERAL01000009"}}
{"logTime": "0824/042726", "correlationVector":"IDqwvEAQmwR1x2SDdr97dx.2","action":"GetUpdates Response", "result":"SERVER_MORE_TO_DOWNLOAD"}
{"logTime": "0824/042726", "correlationVector":"op8CQoUhvOjHfOHRzgg0pO","action":"Normal GetUpdate request", "result":""}
{"logTime": "0824/042727", "correlationVector":"op8CQoUhvOjHfOHRzgg0pO.1","action":"SyncServerConnectionManagerRequest", "result":"SYNC_SERVER_OK", "context":{"environment":"Prod_AustraliaEast", "server":"GENERAL01000002"}}
{"logTime": "0824/042727", "correlationVector":"op8CQoUhvOjHfOHRzgg0pO.2","action":"GetUpdates Response", "result":"SERVER_MORE_TO_DOWNLOAD"}
{"logTime": "0824/042727", "correlationVector":"VmYGhxtxIKNkg+wKCLl919","action":"Normal GetUpdate request", "result":""}
{"logTime": "0824/042727", "correlationVector":"VmYGhxtxIKNkg+wKCLl919.1","action":"SyncServerConnectionManagerRequest", "result":"SYNC_SERVER_OK", "context":{"environment":"Prod_AustraliaEast", "server":"GENERAL01000009"}}
{"logTime": "0824/042727", "correlationVector":"VmYGhxtxIKNkg+wKCLl919.2","action":"GetUpdates Response", "result":"SERVER_MORE_TO_DOWNLOAD"}
{"logTime": "0824/042727", "correlationVector":"xDhrKwCc77nt6GXa2IwiRJ","action":"Normal GetUpdate request", "result":""}
{"logTime": "0824/042728", "correlationVector":"xDhrKwCc77nt6GXa2IwiRJ.1","action":"SyncServerConnectionManagerRequest", "result":"SYNC_SERVER_OK", "context":{"environment":"Prod_AustraliaEast", "server":"GENERAL01000006"}}
{"logTime": "0824/042728", "correlationVector":"xDhrKwCc77nt6GXa2IwiRJ.2","action":"GetUpdates Response", "result":"SERVER_MORE_TO_DOWNLOAD"}
{"logTime": "0824/042728", "correlationVector":"8AzOmG0IJRDUv8mr+6RVvT","action":"Normal GetUpdate request", "result":""}
{"logTime": "0824/042728", "correlationVector":"8AzOmG0IJRDUv8mr+6RVvT.1","action":"SyncServerConnectionManagerRequest", "result":"SYNC_SERVER_OK", "context":{"environment":"Prod_AustraliaEast", "server":"GENERAL01000008"}}
{"logTime": "0824/042728", "correlationVector":"8AzOmG0IJRDUv8mr+6RVvT.2","action":"GetUpdates Response", "result":"SYNCER_OK"}
{"logTime": "0824/042728", "correlationVector":"p29BHTeDQfw95SnTH/OE7C","action":"Commit Request", "result":""}
{"logTime": "0824/042730", "correlationVector":"p29BHTeDQfw95SnTH/OE7C.1","action":"SyncServerConnectionManagerRequest", "result":"SYNC_SERVER_OK", "context":{"environment":"Prod_AustraliaEast", "server":"GENERAL01000001"}}
{"logTime": "0824/042730", "correlationVector":"p29BHTeDQfw95SnTH/OE7C.2","action":"Commit Response", "result":"SYNCER_OK"}
{"logTime": "0824/042730", "correlationVector":"p29BHTeDQfw95SnTH/OE7C.3","action":"Commit.Passwords", "result":"Conflict", "context":{"id":"4fdc855e-fe74-4664-ab1a-91561226f792", "isDeleted":"false", "size":"146", "version":"1653347167234"}}
{"logTime": "0824/042730", "correlationVector":"p29BHTeDQfw95SnTH/OE7C.4","action":"Commit.Passwords", "result":"Conflict", "context":{"id":"6026d746-f6cb-471c-b0e7-0f652c64727c", "isDeleted":"false", "size":"253", "version":"1653347167234"}}
{"logTime": "0824/042730", "correlationVector":"p29BHTeDQfw95SnTH/OE7C.5","action":"Commit.Passwords", "result":"Conflict", "context":{"id":"500494bf-9f59-4a9c-84ca-a48cd6a2eb7c", "isDeleted":"false", "size":"214", "version":"1653347167234"}}
{"logTime": "0824/042730", "correlationVector":"p29BHTeDQfw95SnTH/OE7C.6","action":"Commit.Passwords", "result":"Conflict", "context":{"id":"33756c1e-e249-4deb-855d-b5fc1a956d2e", "isDeleted":"false", "size":"162", "version":"1653347167234"}}
{"logTime": "0824/042730", "correlationVector":"p29BHTeDQfw95SnTH/OE7C.7","action":"Commit.Passwords", "result":"Conflict", "context":{"id":"577106df-e435-4a80-bba7-d212ed93c085", "isDeleted":"false", "size":"214", "version":"1653347209315"}}
{"logTime": "0824/042730", "correlationVector":"p29BHTeDQfw95SnTH/OE7C.8","action":"Commit.Passwords", "result":"Conflict", "context":{"id":"30ad0cf9-dc9f-4513-acfb-42bec6736243", "isDeleted":"false", "size":"121", "version":"1653347209315"}}
{"logTime": "0824/042730", "correlationVector":"p29BHTeDQfw95SnTH/OE7C.9","action":"Commit.Passwords", "result":"Conflict", "context":{"id":"416c5b1a-6e88-47c7-af8e-d15535b22eee", "isDeleted":"false", "size":"192", "version":"1660827212134"}}
{"logTime": "0824/042730", "correlationVector":"p29BHTeDQfw95SnTH/OE7C.10","action":"Commit.Passwords", "result":"Conflict", "context":{"id":"3f2551a3-3ee5-42ee-8283-45b8ffc0e42e", "isDeleted":"false", "size":"189", "version":"1653347244990"}}
{"logTime": "0824/042730", "correlationVector":"p29BHTeDQfw95SnTH/OE7C.11","action":"Commit.Passwords", "result":"Conflict", "context":{"id":"20f15e75-a160-4c54-9029-3ac25375c163", "isDeleted":"false", "size":"226", "version":"1653347244990"}}
{"logTime": "0824/042730", "correlationVector":"p29BHTeDQfw95SnTH/OE7C.12","action":"Commit.Passwords", "result":"Conflict", "context":{"id":"018a12aa-9f6c-4125-a638-6d856d313379", "isDeleted":"false", "size":"191", "version":"1653347244990"}}
{"logTime": "0824/042731", "correlationVector":"udRr1snU+yiOSq9TpO9unw","action":"Normal GetUpdate request", "result":""}
{"logTime": "0824/042731", "correlationVector":"udRr1snU+yiOSq9TpO9unw.1","action":"SyncServerConnectionManagerRequest", "result":"SYNC_SERVER_OK", "context":{"environment":"Prod_AustraliaEast", "server":"GENERAL01000005"}}
{"logTime": "0824/042731", "correlationVector":"udRr1snU+yiOSq9TpO9unw.2","action":"GetUpdates Response", "result":"SYNCER_OK"}
{"logTime": "0824/042944", "correlationVector":"PGgoxbdzzWpK/23n0Kc0Cq","action":"Normal GetUpdate request", "result":""}
{"logTime": "0824/042944", "correlationVector":"PGgoxbdzzWpK/23n0Kc0Cq.1","action":"SyncServerConnectionManagerRequest", "result":"SYNC_SERVER_OK", "context":{"environment":"Prod_AustraliaEast", "server":"GENERAL01000000"}}
{"logTime": "0824/042944", "correlationVector":"PGgoxbdzzWpK/23n0Kc0Cq.2","action":"GetUpdates Response", "result":"SYNCER_OK"}
{"logTime": "0824/043037", "correlationVector":"EwUw6m8incSI4gqBo0/gfi","action":"Normal GetUpdate request", "result":""}
{"logTime": "0824/043037", "correlationVector":"EwUw6m8incSI4gqBo0/gfi.1","action":"SyncServerConnectionManagerRequest", "result":"SYNC_SERVER_OK", "context":{"environment":"Prod_AustraliaEast", "server":"GENERAL01000008"}}
{"logTime": "0824/043037", "correlationVector":"EwUw6m8incSI4gqBo0/gfi.2","action":"GetUpdates Response", "result":"SYNCER_OK"}
{"logTime": "0824/043038", "correlationVector":"haOAnLurwVQw19aB8TnxEh","action":"Commit Request", "result":""}
{"logTime": "0824/043038", "correlationVector":"haOAnLurwVQw19aB8TnxEh.1","action":"SyncServerConnectionManagerRequest", "result":"SYNC_SERVER_OK", "context":{"environment":"Prod_AustraliaEast", "server":"GENERAL01000004"}}
{"logTime": "0824/043038", "correlationVector":"haOAnLurwVQw19aB8TnxEh.2","action":"Commit Response", "result":"SYNCER_OK"}
{"logTime": "0824/043038", "correlationVector":"haOAnLurwVQw19aB8TnxEh.3","action":"Commit.Passwords", "result":"Conflict", "context":{"id":"4f831af3-7a16-4730-8184-4b99456b433d", "isDeleted":"false", "size":"220", "version":"1653347244990"}}
{"logTime": "0824/043038", "correlationVector":"haOAnLurwVQw19aB8TnxEh.4","action":"Commit.Passwords", "result":"Conflict", "context":{"id":"fdca3405-b44b-4d4e-9b27-7cae020f1012", "isDeleted":"false", "size":"130", "version":"1653347274836"}}
{"logTime": "0824/043038", "correlationVector":"haOAnLurwVQw19aB8TnxEh.5","action":"Commit.Passwords", "result":"Conflict", "context":{"id":"2f01accf-6312-4e09-b0d7-160487851010", "isDeleted":"false", "size":"245", "version":"1653347274836"}}
{"logTime": "0824/043038", "correlationVector":"haOAnLurwVQw19aB8TnxEh.6","action":"Commit.Passwords", "result":"Conflict", "context":{"id":"814af47d-6dd8-49c3-a82c-0baa490ec9fc", "isDeleted":"false", "size":"225", "version":"1653347274836"}}
{"logTime": "0824/043038", "correlationVector":"haOAnLurwVQw19aB8TnxEh.7","action":"Commit.Passwords", "result":"Conflict", "context":{"id":"e9deddff-849b-4cc3-a31e-5fd41ab1fcc9", "isDeleted":"false", "size":"271", "version":"1653347274836"}}
{"logTime": "0824/043038", "correlationVector":"haOAnLurwVQw19aB8TnxEh.8","action":"Commit.Passwords", "result":"Conflict", "context":{"id":"5fa057c2-85fd-4078-8190-4d6d703457a7", "isDeleted":"false", "size":"236", "version":"1653347274836"}}
{"logTime": "0824/043038", "correlationVector":"haOAnLurwVQw19aB8TnxEh.9","action":"Commit.Passwords", "result":"Conflict", "context":{"id":"7061cfcc-af86-42a2-bfb9-5130e210832c", "isDeleted":"false", "size":"200", "version":"1653347274836"}}
{"logTime": "0824/043039", "correlationVector":"rVfJyMQ1ZXXygq+Lyx8Mqd","action":"Normal GetUpdate request", "result":""}
{"logTime": "0824/043039", "correlationVector":"rVfJyMQ1ZXXygq+Lyx8Mqd.1","action":"SyncServerConnectionManagerRequest", "result":"SYNC_SERVER_OK", "context":{"environment":"Prod_AustraliaEast", "server":"GENERAL01000005"}}
{"logTime": "0824/043039", "correlationVector":"rVfJyMQ1ZXXygq+Lyx8Mqd.2","action":"GetUpdates Response", "result":"SYNCER_OK"}
{"logTime": "0824/043341", "correlationVector":"sqpN08zLCp8NV1TfOLWgmG.0","action":"FeedSettingFetch_homeCloud", "result":"0", "context":{}}
{"logTime": "0824/043341", "correlationVector":"ySk8ZYcybL9ucc5u94etNE","action":"Normal GetUpdate request", "result":""}
{"logTime": "0824/043341", "correlationVector":"ySk8ZYcybL9ucc5u94etNE.1","action":"SyncServerConnectionManagerRequest", "result":"SYNC_SERVER_OK", "context":{"environment":"Prod_AustraliaEast", "server":"GENERAL01000004"}}
{"logTime": "0824/043341", "correlationVector":"ySk8ZYcybL9ucc5u94etNE.2","action":"GetUpdates Response", "result":"SYNCER_OK"}
{"logTime": "0824/043341", "correlationVector":"/P00KDKhTmhxT3TvIWVHyg","action":"Commit Request", "result":""}
{"logTime": "0824/043341", "correlationVector":"/P00KDKhTmhxT3TvIWVHyg.1","action":"SyncServerConnectionManagerRequest", "result":"SYNC_SERVER_OK", "context":{"environment":"Prod_AustraliaEast", "server":"GENERAL01000006"}}
{"logTime": "0824/043341", "correlationVector":"/P00KDKhTmhxT3TvIWVHyg.2","action":"Commit Response", "result":"SYNCER_OK"}
{"logTime": "0824/043349", "correlationVector":"OPECzFlzNChWTm08z4Rzwq","action":"Commit Request", "result":""}
{"logTime": "0824/043349", "correlationVector":"OPECzFlzNChWTm08z4Rzwq.1","action":"SyncServerConnectionManagerRequest", "result":"SYNC_SERVER_OK", "context":{"environment":"Prod_AustraliaEast", "server":"GENERAL01000000"}}
{"logTime": "0824/043349", "correlationVector":"OPECzFlzNChWTm08z4Rzwq.2","action":"Commit Response", "result":"SYNCER_OK"}
{"logTime": "0824/101520", "correlationVector":"9xRa9SqZV49kUGRZf/VOZj","action":"Commit Request", "result":""}
{"logTime": "0824/101520", "correlationVector":"9xRa9SqZV49kUGRZf/VOZj.1","action":"SyncServerConnectionManagerRequest", "result":"SYNC_AUTH_ERROR", "context":{"environment":"Prod_AustraliaEast", "server":"GENERAL01000003"}}
{"logTime": "0824/101520", "correlationVector":"9xRa9SqZV49kUGRZf/VOZj.2","action":"Commit Response", "result":"SYNC_AUTH_ERROR (HTTP 401)"}
{"logTime": "0824/102520", "correlationVector":"/yULZ3APdLWgOnfSIjJbaJ","action":"Commit Request", "result":""}
{"logTime": "0824/102520", "correlationVector":"/yULZ3APdLWgOnfSIjJbaJ.1","action":"SyncServerConnectionManagerRequest", "result":"SYNC_SERVER_OK", "context":{"environment":"Prod_AustraliaEast", "server":"GENERAL01000009"}}
{"logTime": "0824/102520", "correlationVector":"/yULZ3APdLWgOnfSIjJbaJ.2","action":"Commit Response", "result":"SYNCER_OK"}
{"logTime": "0824/122313", "correlationVector":"sYQ2NI6iro7SJyKrZy4Zxc","action":"Poll GetUpdate request", "result":""}
{"logTime": "0824/122313", "correlationVector":"sYQ2NI6iro7SJyKrZy4Zxc.1","action":"SyncServerConnectionManagerRequest", "result":"SYNC_AUTH_ERROR", "context":{"environment":"Prod_AustraliaEast", "server":"GENERAL01000007"}}
{"logTime": "0824/122313", "correlationVector":"sYQ2NI6iro7SJyKrZy4Zxc.2","action":"GetUpdates Response", "result":"SYNC_AUTH_ERROR (HTTP 401)"}
{"logTime": "0824/122314", "correlationVector":"ArpEedE2kljp4AkX2hMaN7","action":"Poll GetUpdate request", "result":""}
{"logTime": "0824/122314", "correlationVector":"ArpEedE2kljp4AkX2hMaN7.1","action":"SyncServerConnectionManagerRequest", "result":"SYNC_SERVER_OK", "context":{"environment":"Prod_AustraliaEast", "server":"GENERAL01000004"}}
{"logTime": "0824/122314", "correlationVector":"ArpEedE2kljp4AkX2hMaN7.2","action":"GetUpdates Response", "result":"SYNCER_OK"}
{"logTime": "0824/122314", "correlationVector":"p2A5JuYx2E8ViqQuf7139z","action":"Commit Request", "result":""}
{"logTime": "0824/122314", "correlationVector":"p2A5JuYx2E8ViqQuf7139z.1","action":"SyncServerConnectionManagerRequest", "result":"SYNC_SERVER_OK", "context":{"environment":"Prod_AustraliaEast", "server":"GENERAL01000006"}}
{"logTime": "0824/122314", "correlationVector":"p2A5JuYx2E8ViqQuf7139z.2","action":"Commit Response", "result":"SYNCER_OK"}
{"logTime": "0824/202314", "correlationVector":"Q2kIdDWgf7vndkoadE7q+A","action":"Poll GetUpdate request", "result":""}
{"logTime": "0824/202314", "correlationVector":"Q2kIdDWgf7vndkoadE7q+A.1","action":"SyncServerConnectionManagerRequest", "result":"SYNC_AUTH_ERROR", "context":{"environment":"Prod_AustraliaEast", "server":"GENERAL01000002"}}
{"logTime": "0824/202314", "correlationVector":"Q2kIdDWgf7vndkoadE7q+A.2","action":"GetUpdates Response", "result":"SYNC_AUTH_ERROR (HTTP 401)"}
{"logTime": "0824/202314", "correlationVector":"dQILDQQUKo/+ABtn0j/yCc","action":"Poll GetUpdate request", "result":""}
{"logTime": "0824/202314", "correlationVector":"dQILDQQUKo/+ABtn0j/yCc.1","action":"SyncServerConnectionManagerRequest", "result":"SYNC_SERVER_OK", "context":{"environment":"Prod_AustraliaEast", "server":"GENERAL01000008"}}
{"logTime": "0824/202314", "correlationVector":"dQILDQQUKo/+ABtn0j/yCc.2","action":"GetUpdates Response", "result":"SYNCER_OK"}
{"logTime": "0824/232210", "correlationVector":"CXWCN1vGmzdhUo5NJ8scgM","action":"Normal GetUpdate request", "result":""}
{"logTime": "0824/232210", "correlationVector":"CXWCN1vGmzdhUo5NJ8scgM.1","action":"SyncServerConnectionManagerRequest", "result":"SYNC_AUTH_ERROR", "context":{"environment":"Prod_AustraliaEast", "server":"GENERAL01000008"}}
{"logTime": "0824/232210", "correlationVector":"CXWCN1vGmzdhUo5NJ8scgM.2","action":"GetUpdates Response", "result":"SYNC_AUTH_ERROR (HTTP 401)"}
{"logTime": "0824/232211", "correlationVector":"CXmbTnvSSVEyuyRV2dKfnH","action":"Normal GetUpdate request", "result":""}
{"logTime": "0824/232211", "correlationVector":"CXmbTnvSSVEyuyRV2dKfnH.1","action":"SyncServerConnectionManagerRequest", "result":"SYNC_SERVER_OK", "context":{"environment":"Prod_AustraliaEast", "server":"GENERAL01000009"}}
{"logTime": "0824/232211", "correlationVector":"CXmbTnvSSVEyuyRV2dKfnH.2","action":"GetUpdates Response", "result":"SYNCER_OK"}
{"logTime": "0824/232621", "correlationVector":"gW8MHCRHl7RgCzabPrXiLA","action":"Normal GetUpdate request", "result":""}
{"logTime": "0824/232621", "correlationVector":"gW8MHCRHl7RgCzabPrXiLA.1","action":"SyncServerConnectionManagerRequest", "result":"SYNC_SERVER_OK", "context":{"environment":"Prod_AustraliaEast", "server":"GENERAL01000009"}}
{"logTime": "0824/232621", "correlationVector":"gW8MHCRHl7RgCzabPrXiLA.2","action":"GetUpdates Response", "result":"SYNCER_OK"}
{"logTime": "0824/232623", "correlationVector":"F7OnD3ChyXioX6U3t2Ph6i","action":"Normal GetUpdate request", "result":""}
{"logTime": "0824/232623", "correlationVector":"F7OnD3ChyXioX6U3t2Ph6i.1","action":"SyncServerConnectionManagerRequest", "result":"SYNC_SERVER_OK", "context":{"environment":"Prod_AustraliaEast", "server":"GENERAL01000002"}}
{"logTime": "0824/232623", "correlationVector":"F7OnD3ChyXioX6U3t2Ph6i.2","action":"GetUpdates Response", "result":"SYNCER_OK"}
{"logTime": "0825/001749", "correlationVector":"+Xl5LeVP9zXICB2HBpT4Gg","action":"Normal GetUpdate request", "result":""}
{"logTime": "0825/001749", "correlationVector":"+Xl5LeVP9zXICB2HBpT4Gg.1","action":"SyncServerConnectionManagerRequest", "result":"SYNC_SERVER_OK", "context":{"environment":"Prod_AustraliaEast", "server":"GENERAL01000000"}}
{"logTime": "0825/001749", "correlationVector":"+Xl5LeVP9zXICB2HBpT4Gg.2","action":"GetUpdates Response", "result":"SYNCER_OK"}
{"logTime": "0825/002214", "correlationVector":"BV63p1Q8y04eNeCNv9VJfD","action":"Normal GetUpdate request", "result":""}
{"logTime": "0825/002214", "correlationVector":"BV63p1Q8y04eNeCNv9VJfD.1","action":"SyncServerConnectionManagerRequest", "result":"SYNC_SERVER_OK", "context":{"environment":"Prod_AustraliaEast", "server":"GENERAL01000003"}}
{"logTime": "0825/002214", "correlationVector":"BV63p1Q8y04eNeCNv9VJfD.2","action":"GetUpdates Response", "result":"SYNCER_OK"}
{"logTime": "0825/002227", "correlationVector":"eD6Qi5Ea0a1Aa46VpUJwnJ","action":"Normal GetUpdate request", "result":""}
{"logTime": "0825/002227", "correlationVector":"eD6Qi5Ea0a1Aa46VpUJwnJ.1","action":"SyncServerConnectionManagerRequest", "result":"SYNC_SERVER_OK", "context":{"environment":"Prod_AustraliaEast", "server":"GENERAL01000008"}}
{"logTime": "0825/002227", "correlationVector":"eD6Qi5Ea0a1Aa46VpUJwnJ.2","action":"GetUpdates Response", "result":"SYNCER_OK"}
{"logTime": "0825/002229", "correlationVector":"yaSOEXSWFCCinxLkMh11RN","action":"Normal GetUpdate request", "result":""}
{"logTime": "0825/002229", "correlationVector":"yaSOEXSWFCCinxLkMh11RN.1","action":"SyncServerConnectionManagerRequest", "result":"SYNC_SERVER_OK", "context":{"environment":"Prod_AustraliaEast", "server":"GENERAL01000001"}}
{"logTime": "0825/002229", "correlationVector":"yaSOEXSWFCCinxLkMh11RN.2","action":"GetUpdates Response", "result":"SYNCER_OK"}
{"logTime": "0825/003240", "correlationVector":"L8FQHzB59e4owzKImYM018","action":"Normal GetUpdate request", "result":""}
{"logTime": "0825/003240", "correlationVector":"L8FQHzB59e4owzKImYM018.1","action":"SyncServerConnectionManagerRequest", "result":"SYNC_SERVER_OK", "context":{"environment":"Prod_AustraliaEast", "server":"GENERAL01000000"}}
{"logTime": "0825/003240", "correlationVector":"L8FQHzB59e4owzKImYM018.2","action":"GetUpdates Response", "result":"SYNCER_OK"}
{"logTime": "0825/003419", "correlationVector":"ONS2FzrNgDWOKdb+p85o6y","action":"Normal GetUpdate request", "result":""}
{"logTime": "0825/003419", "correlationVector":"ONS2FzrNgDWOKdb+p85o6y.1","action":"SyncServerConnectionManagerRequest", "result":"SYNC_SERVER_OK", "context":{"environment":"Prod_AustraliaEast", "server":"GENERAL01000006"}}
{"logTime": "0825/003419", "correlationVector":"ONS2FzrNgDWOKdb+p85o6y.2","action":"GetUpdates Response", "result":"SYNCER_OK"}
{"logTime": "0825/012818", "correlationVector":"GE9Fi5AR411D30mM9gQHKt","action":"Normal GetUpdate request", "result":""}
{"logTime": "0825/012818", "correlationVector":"GE9Fi5AR411D30mM9gQHKt.1","action":"SyncServerConnectionManagerRequest", "result":"SYNC_AUTH_ERROR", "context":{"environment":"Prod_AustraliaEast", "server":"GENERAL01000009"}}
{"logTime": "0825/012818", "correlationVector":"GE9Fi5AR411D30mM9gQHKt.2","action":"GetUpdates Response", "result":"SYNC_AUTH_ERROR (HTTP 401)"}
{"logTime": "0825/012819", "correlationVector":"0/3rLr0yaw6RbVIXj4EAoa","action":"Normal GetUpdate request", "result":""}
{"logTime": "0825/012819", "correlationVector":"0/3rLr0yaw6RbVIXj4EAoa.1","action":"SyncServerConnectionManagerRequest", "result":"SYNC_SERVER_OK", "context":{"environment":"Prod_AustraliaEast", "server":"GENERAL01000002"}}
{"logTime": "0825/012819", "correlationVector":"0/3rLr0yaw6RbVIXj4EAoa.2","action":"GetUpdates Response", "result":"SYNCER_OK"}
{"logTime": "0825/015415", "correlationVector":"H0ya5vay5fIeF4XO3bpSnW","action":"Normal GetUpdate request", "result":""}
{"logTime": "0825/015416", "correlationVector":"H0ya5vay5fIeF4XO3bpSnW.1","action":"SyncServerConnectionManagerRequest", "result":"SYNC_SERVER_OK", "context":{"environment":"Prod_AustraliaEast", "server":"GENERAL01000009"}}
{"logTime": "0825/015416", "correlationVector":"H0ya5vay5fIeF4XO3bpSnW.2","action":"GetUpdates Response", "result":"SYNCER_OK"}
{"logTime": "0825/022833", "correlationVector":"Kmsz3j8k9n9ZiC9fxGTSvO","action":"Normal GetUpdate request", "result":""}
{"logTime": "0825/022833", "correlationVector":"Kmsz3j8k9n9ZiC9fxGTSvO.1","action":"SyncServerConnectionManagerRequest", "result":"SYNC_SERVER_OK", "context":{"environment":"Prod_AustraliaEast", "server":"GENERAL01000007"}}
{"logTime": "0825/022833", "correlationVector":"Kmsz3j8k9n9ZiC9fxGTSvO.2","action":"GetUpdates Response", "result":"SYNCER_OK"}
{"logTime": "0825/040343", "correlationVector":"WQEyvuVwKsNjXHtoM7Jn4O","action":"Normal GetUpdate request", "result":""}
{"logTime": "0825/040343", "correlationVector":"WQEyvuVwKsNjXHtoM7Jn4O.1","action":"SyncServerConnectionManagerRequest", "result":"SYNC_AUTH_ERROR", "context":{"environment":"Prod_AustraliaEast", "server":"GENERAL01000002"}}
{"logTime": "0825/040343", "correlationVector":"WQEyvuVwKsNjXHtoM7Jn4O.2","action":"GetUpdates Response", "result":"SYNC_AUTH_ERROR (HTTP 401)"}
{"logTime": "0825/040343", "correlationVector":"i4wPzwwulMGdXQqaNnnpSi","action":"Normal GetUpdate request", "result":""}
{"logTime": "0825/040343", "correlationVector":"i4wPzwwulMGdXQqaNnnpSi.1","action":"SyncServerConnectionManagerRequest", "result":"SYNC_SERVER_OK", "context":{"environment":"Prod_AustraliaEast", "server":"GENERAL01000003"}}
{"logTime": "0825/040343", "correlationVector":"i4wPzwwulMGdXQqaNnnpSi.2","action":"GetUpdates Response", "result":"SYNCER_OK"}
{"logTime": "0825/041952", "correlationVector":"9qZwpDv12fn7BNqToOaKgL","action":"Normal GetUpdate request", "result":""}
{"logTime": "0825/041953", "correlationVector":"9qZwpDv12fn7BNqToOaKgL.1","action":"SyncServerConnectionManagerRequest", "result":"SYNC_SERVER_OK", "context":{"environment":"Prod_AustraliaEast", "server":"GENERAL01000006"}}
{"logTime": "0825/041953", "correlationVector":"9qZwpDv12fn7BNqToOaKgL.2","action":"GetUpdates Response", "result":"SYNCER_OK"}
{"logTime": "0825/042300", "correlationVector":"FqByVhaUBrB3gC8eXCZDu2","action":"Commit Request", "result":""}
{"logTime": "0825/042300", "correlationVector":"FqByVhaUBrB3gC8eXCZDu2.1","action":"SyncServerConnectionManagerRequest", "result":"SYNC_SERVER_OK", "context":{"environment":"Prod_AustraliaEast", "server":"GENERAL01000006"}}
{"logTime": "0825/042300", "correlationVector":"FqByVhaUBrB3gC8eXCZDu2.2","action":"Commit Response", "result":"SYNCER_OK"}
{"logTime": "0825/042314", "correlationVector":"enUOio7jKiPFg9TX70Iag7","action":"Poll GetUpdate request", "result":""}
{"logTime": "0825/042315", "correlationVector":"enUOio7jKiPFg9TX70Iag7.1","action":"SyncServerConnectionManagerRequest", "result":"SYNC_SERVER_OK", "context":{"environment":"Prod_AustraliaEast", "server":"GENERAL01000009"}}
{"logTime": "0825/042315", "correlationVector":"enUOio7jKiPFg9TX70Iag7.2","action":"GetUpdates Response", "result":"SYNCER_OK"}
{"logTime": "0825/042840", "correlationVector":"Iv72poeE68BqNyvAKE5/bY","action":"Normal GetUpdate request", "result":""}
{"logTime": "0825/042840", "correlationVector":"Iv72poeE68BqNyvAKE5/bY.1","action":"SyncServerConnectionManagerRequest", "result":"SYNC_SERVER_OK", "context":{"environment":"Prod_AustraliaEast", "server":"GENERAL01000009"}}
{"logTime": "0825/042840", "correlationVector":"Iv72poeE68BqNyvAKE5/bY.2","action":"GetUpdates Response", "result":"SYNCER_OK"}
{"logTime": "0825/044006", "correlationVector":"oh/g8xtXxTN60HdR0Gqm3R","action":"Normal GetUpdate request", "result":""}
{"logTime": "0825/044006", "correlationVector":"oh/g8xtXxTN60HdR0Gqm3R.1","action":"SyncServerConnectionManagerRequest", "result":"SYNC_SERVER_OK", "context":{"environment":"Prod_AustraliaEast", "server":"GENERAL01000008"}}
{"logTime": "0825/044006", "correlationVector":"oh/g8xtXxTN60HdR0Gqm3R.2","action":"GetUpdates Response", "result":"SYNCER_OK"}
{"logTime": "0825/045043", "correlationVector":"tszy3tT4E41jQKxnB1fUmJ","action":"Normal GetUpdate request", "result":""}
{"logTime": "0825/045044", "correlationVector":"tszy3tT4E41jQKxnB1fUmJ.1","action":"SyncServerConnectionManagerRequest", "result":"SYNC_SERVER_OK", "context":{"environment":"Prod_AustraliaEast", "server":"GENERAL01000005"}}
{"logTime": "0825/045044", "correlationVector":"tszy3tT4E41jQKxnB1fUmJ.2","action":"GetUpdates Response", "result":"SYNCER_OK"}
{"logTime": "0825/045650", "correlationVector":"H2FGPOpzN8aiQBe/LjoQIl","action":"Normal GetUpdate request", "result":""}
{"logTime": "0825/045650", "correlationVector":"H2FGPOpzN8aiQBe/LjoQIl.1","action":"SyncServerConnectionManagerRequest", "result":"SYNC_SERVER_OK", "context":{"environment":"Prod_AustraliaEast", "server":"GENERAL01000008"}}
{"logTime": "0825/045650", "correlationVector":"H2FGPOpzN8aiQBe/LjoQIl.2","action":"GetUpdates Response", "result":"SYNCER_OK"}
{"logTime": "0825/053558", "correlationVector":"UTrck7WaTz+B66XhpCEZ0j","action":"Normal GetUpdate request", "result":""}
{"logTime": "0825/053558", "correlationVector":"UTrck7WaTz+B66XhpCEZ0j.1","action":"SyncServerConnectionManagerRequest", "result":"SYNC_AUTH_ERROR", "context":{"environment":"Prod_AustraliaEast", "server":"GENERAL01000009"}}
{"logTime": "0825/053558", "correlationVector":"UTrck7WaTz+B66XhpCEZ0j.2","action":"GetUpdates Response", "result":"SYNC_AUTH_ERROR (HTTP 401)"}
{"logTime": "0825/053559", "correlationVector":"dBHVXpxV4VgmBYDwKjU/ia","action":"Normal GetUpdate request", "result":""}
{"logTime": "0825/053559", "correlationVector":"dBHVXpxV4VgmBYDwKjU/ia.1","action":"SyncServerConnectionManagerRequest", "result":"SYNC_SERVER_OK", "context":{"environment":"Prod_AustraliaEast", "server":"GENERAL01000003"}}
{"logTime": "0825/053559", "correlationVector":"dBHVXpxV4VgmBYDwKjU/ia.2","action":"GetUpdates Response", "result":"SYNCER_OK"}
{"logTime": "0825/062202", "correlationVector":"082m37E9Qhy9D1g71xUeCT","action":"Normal GetUpdate request", "result":""}
{"logTime": "0825/062202", "correlationVector":"082m37E9Qhy9D1g71xUeCT.1","action":"SyncServerConnectionManagerRequest", "result":"SYNC_SERVER_OK", "context":{"environment":"Prod_AustraliaEast", "server":"GENERAL01000002"}}
{"logTime": "0825/062202", "correlationVector":"082m37E9Qhy9D1g71xUeCT.2","action":"GetUpdates Response", "result":"SYNCER_OK"}
{"logTime": "0825/064250", "correlationVector":"cOJMd8rgxPsl7VcJcLKroV","action":"Normal GetUpdate request", "result":""}
{"logTime": "0825/064250", "correlationVector":"cOJMd8rgxPsl7VcJcLKroV.1","action":"SyncServerConnectionManagerRequest", "result":"SYNC_SERVER_OK", "context":{"environment":"Prod_AustraliaEast", "server":"GENERAL01000007"}}
{"logTime": "0825/064250", "correlationVector":"cOJMd8rgxPsl7VcJcLKroV.2","action":"GetUpdates Response", "result":"SYNCER_OK"}
{"logTime": "0825/122315", "correlationVector":"PjiaU4B8AmAxPUIbPY0uGv","action":"Poll GetUpdate request", "result":""}
{"logTime": "0825/122315", "correlationVector":"PjiaU4B8AmAxPUIbPY0uGv.1","action":"SyncServerConnectionManagerRequest", "result":"SYNC_AUTH_ERROR", "context":{"environment":"Prod_AustraliaEast", "server":"GENERAL01000005"}}
{"logTime": "0825/122315", "correlationVector":"PjiaU4B8AmAxPUIbPY0uGv.2","action":"GetUpdates Response", "result":"SYNC_AUTH_ERROR (HTTP 401)"}
{"logTime": "0825/122316", "correlationVector":"XwKEPx3P8AEpF+HsMka+8P","action":"Poll GetUpdate request", "result":""}
{"logTime": "0825/122316", "correlationVector":"XwKEPx3P8AEpF+HsMka+8P.1","action":"SyncServerConnectionManagerRequest", "result":"SYNC_SERVER_OK", "context":{"environment":"Prod_AustraliaEast", "server":"GENERAL01000007"}}
{"logTime": "0825/122316", "correlationVector":"XwKEPx3P8AEpF+HsMka+8P.2","action":"GetUpdates Response", "result":"SYNCER_OK"}
{"logTime": "0825/202316", "correlationVector":"btLX+0zilMf9XWyzQIc93d","action":"Poll GetUpdate request", "result":""}
{"logTime": "0825/202316", "correlationVector":"btLX+0zilMf9XWyzQIc93d","action":"SyncServerConnectionManagerRequest", "result":"CONNECTION_UNAVAILABLE", "context":{"error_type":"net_error_code", "error_value":"-105"}}
{"logTime": "0825/202316", "correlationVector":"wbpY0UH/3zBMULJAXJRdWR.0","action":"GetUpdates Response", "result":"NETWORK_ERROR_TRANSPORT (ERR_NAME_NOT_RESOLVED)"}
{"logTime": "0825/202431", "correlationVector":"kXDDcrKvK/MUoTHoYjp0l7","action":"Poll GetUpdate request", "result":""}
{"logTime": "0825/202431", "correlationVector":"kXDDcrKvK/MUoTHoYjp0l7","action":"SyncServerConnectionManagerRequest", "result":"CONNECTION_UNAVAILABLE", "context":{"error_type":"net_error_code", "error_value":"-105"}}
{"logTime": "0825/202431", "correlationVector":"+fz3iIs84RnIo4Q4n/M6il.0","action":"GetUpdates Response", "result":"NETWORK_ERROR_TRANSPORT (ERR_NAME_NOT_RESOLVED)"}
{"logTime": "0825/202738", "correlationVector":"ybuxUsA8WkiVfuMUiz9iJe","action":"Poll GetUpdate request", "result":""}
{"logTime": "0825/202738", "correlationVector":"ybuxUsA8WkiVfuMUiz9iJe","action":"SyncServerConnectionManagerRequest", "result":"CONNECTION_UNAVAILABLE", "context":{"error_type":"net_error_code", "error_value":"-105"}}
{"logTime": "0825/202738", "correlationVector":"IlhYxo6NlCxlmmNl6LRfPL.0","action":"GetUpdates Response", "result":"NETWORK_ERROR_TRANSPORT (ERR_NAME_NOT_RESOLVED)"}
{"logTime": "0825/203220", "correlationVector":"kXgPa7vLMV/OJPssC9mAqn","action":"Poll GetUpdate request", "result":""}
{"logTime": "0825/203220", "correlationVector":"kXgPa7vLMV/OJPssC9mAqn","action":"SyncServerConnectionManagerRequest", "result":"CONNECTION_UNAVAILABLE", "context":{"error_type":"net_error_code", "error_value":"-105"}}
{"logTime": "0825/203220", "correlationVector":"28YfV9Yx1HAXkzwpzpeMQz.0","action":"GetUpdates Response", "result":"NETWORK_ERROR_TRANSPORT (ERR_NAME_NOT_RESOLVED)"}
{"logTime": "0825/203922", "correlationVector":"twmucQCIAg08DjGd6ZCPsE","action":"Poll GetUpdate request", "result":""}
{"logTime": "0825/203922", "correlationVector":"twmucQCIAg08DjGd6ZCPsE","action":"SyncServerConnectionManagerRequest", "result":"CONNECTION_UNAVAILABLE", "context":{"error_type":"net_error_code", "error_value":"-105"}}
{"logTime": "0825/203922", "correlationVector":"HMH8+bdZvGoYCmdcfn5XAd.0","action":"GetUpdates Response", "result":"NETWORK_ERROR_TRANSPORT (ERR_NAME_NOT_RESOLVED)"}
{"logTime": "0825/204954", "correlationVector":"2DfvJmeKRWlBxemJYOXAOU","action":"Poll GetUpdate request", "result":""}
{"logTime": "0825/204954", "correlationVector":"2DfvJmeKRWlBxemJYOXAOU","action":"SyncServerConnectionManagerRequest", "result":"CONNECTION_UNAVAILABLE", "context":{"error_type":"net_error_code", "error_value":"-105"}}
{"logTime": "0825/204954", "correlationVector":"4u8OvPfw7OilTFtwpZ7Q4m.0","action":"GetUpdates Response", "result":"NETWORK_ERROR_TRANSPORT (ERR_NAME_NOT_RESOLVED)"}
{"logTime": "0825/211616", "correlationVector":"4q6ADfdodvZc1t/CLLvWW4","action":"Poll GetUpdate request", "result":""}
{"logTime": "0825/211616", "correlationVector":"4q6ADfdodvZc1t/CLLvWW4","action":"SyncServerConnectionManagerRequest", "result":"CONNECTION_UNAVAILABLE", "context":{"error_type":"net_error_code", "error_value":"-105"}}
{"logTime": "0825/211616", "correlationVector":"joZhd6mGEOtT+PB5zTiSjv.0","action":"GetUpdates Response", "result":"NETWORK_ERROR_TRANSPORT (ERR_NAME_NOT_RESOLVED)"}
{"logTime": "0825/215549", "correlationVector":"CvoC+fDq6549z7sSRGTORZ","action":"Poll GetUpdate request", "result":""}
{"logTime": "0825/215549", "correlationVector":"CvoC+fDq6549z7sSRGTORZ","action":"SyncServerConnectionManagerRequest", "result":"CONNECTION_UNAVAILABLE", "context":{"error_type":"net_error_code", "error_value":"-105"}}
{"logTime": "0825/215549", "correlationVector":"30FyKxZSAJ6Vove4VzdafO.0","action":"GetUpdates Response", "result":"NETWORK_ERROR_TRANSPORT (ERR_NAME_NOT_RESOLVED)"}
{"logTime": "0825/225509", "correlationVector":"8ZwNL4BrTAzS/X3J6U8Nah","action":"Poll GetUpdate request", "result":""}
{"logTime": "0825/225509", "correlationVector":"8ZwNL4BrTAzS/X3J6U8Nah","action":"SyncServerConnectionManagerRequest", "result":"CONNECTION_UNAVAILABLE", "context":{"error_type":"net_error_code", "error_value":"-105"}}
{"logTime": "0825/225509", "correlationVector":"4x9W1eBgds2NyHa7jN1VaO.0","action":"GetUpdates Response", "result":"NETWORK_ERROR_TRANSPORT (ERR_NAME_NOT_RESOLVED)"}
{"logTime": "0826/000109", "correlationVector":"0gpEb1xJ2XugIGqe32lkU+","action":"Poll GetUpdate request", "result":""}
{"logTime": "0826/000109", "correlationVector":"0gpEb1xJ2XugIGqe32lkU+","action":"SyncServerConnectionManagerRequest", "result":"CONNECTION_UNAVAILABLE", "context":{"error_type":"net_error_code", "error_value":"-105"}}
{"logTime": "0826/000109", "correlationVector":"bpzA6BwaUFLgewkL/kXgcP.0","action":"GetUpdates Response", "result":"NETWORK_ERROR_TRANSPORT (ERR_NAME_NOT_RESOLVED)"}
{"logTime": "0826/010709", "correlationVector":"eQbY1Ru4arRYcXZeFnZjgE","action":"Poll GetUpdate request", "result":""}
{"logTime": "0826/010709", "correlationVector":"eQbY1Ru4arRYcXZeFnZjgE","action":"SyncServerConnectionManagerRequest", "result":"CONNECTION_UNAVAILABLE", "context":{"error_type":"net_error_code", "error_value":"-105"}}
{"logTime": "0826/010709", "correlationVector":"4Cg3DxficeTQYXbA50DgeM.0","action":"GetUpdates Response", "result":"NETWORK_ERROR_TRANSPORT (ERR_NAME_NOT_RESOLVED)"}
{"logTime": "0826/021309", "correlationVector":"ncg/t/9YZWkqSaCSoZEC+U","action":"Poll GetUpdate request", "result":""}
{"logTime": "0826/021309", "correlationVector":"ncg/t/9YZWkqSaCSoZEC+U","action":"SyncServerConnectionManagerRequest", "result":"CONNECTION_UNAVAILABLE", "context":{"error_type":"net_error_code", "error_value":"-105"}}
{"logTime": "0826/021309", "correlationVector":"ppGJ451UG5UvGCwo8Q8CYc.0","action":"GetUpdates Response", "result":"NETWORK_ERROR_TRANSPORT (ERR_NAME_NOT_RESOLVED)"}
{"logTime": "0826/031909", "correlationVector":"PiG2ICnXmF+jfYGMJxJPwf","action":"Poll GetUpdate request", "result":""}
{"logTime": "0826/031909", "correlationVector":"PiG2ICnXmF+jfYGMJxJPwf","action":"SyncServerConnectionManagerRequest", "result":"CONNECTION_UNAVAILABLE", "context":{"error_type":"net_error_code", "error_value":"-105"}}
{"logTime": "0826/031909", "correlationVector":"PxhR2KH8dYtxEgJGmTms8m.0","action":"GetUpdates Response", "result":"NETWORK_ERROR_TRANSPORT (ERR_NAME_NOT_RESOLVED)"}
{"logTime": "0826/042509", "correlationVector":"E4gKAMym+63f8Za/6s/7p2","action":"Commit Request", "result":""}
{"logTime": "0826/042509", "correlationVector":"E4gKAMym+63f8Za/6s/7p2","action":"SyncServerConnectionManagerRequest", "result":"CONNECTION_UNAVAILABLE", "context":{"error_type":"net_error_code", "error_value":"-105"}}
{"logTime": "0826/042509", "correlationVector":"ApSfWr8AM5IiBzm2j1BI2e.0","action":"Commit Response", "result":"NETWORK_ERROR_TRANSPORT (ERR_NAME_NOT_RESOLVED)"}
{"logTime": "0826/053109", "correlationVector":"GuGfOX9JjqeSbT/8irs6QR","action":"Poll GetUpdate request", "result":""}
{"logTime": "0826/053109", "correlationVector":"GuGfOX9JjqeSbT/8irs6QR","action":"SyncServerConnectionManagerRequest", "result":"CONNECTION_UNAVAILABLE", "context":{"error_type":"net_error_code", "error_value":"-105"}}
{"logTime": "0826/053109", "correlationVector":"c8AZ99zPEjlbfqxZnt9Y7g.0","action":"GetUpdates Response", "result":"NETWORK_ERROR_TRANSPORT (ERR_NAME_NOT_RESOLVED)"}
{"logTime": "0826/053154", "correlationVector":"2zI//NTCyhrobp00GmJEt1","action":"Poll GetUpdate request", "result":""}
{"logTime": "0826/053154", "correlationVector":"2zI//NTCyhrobp00GmJEt1","action":"SyncServerConnectionManagerRequest", "result":"CONNECTION_UNAVAILABLE", "context":{"error_type":"net_error_code", "error_value":"-105"}}
{"logTime": "0826/053154", "correlationVector":"pVI9gpundVfIpPEIHCPN0c.0","action":"GetUpdates Response", "result":"NETWORK_ERROR_TRANSPORT (ERR_NAME_NOT_RESOLVED)"}
{"logTime": "0826/053347", "correlationVector":"oilRq0mEsYJsIqMMlVrHQc","action":"Poll GetUpdate request", "result":""}
{"logTime": "0826/053347", "correlationVector":"oilRq0mEsYJsIqMMlVrHQc","action":"SyncServerConnectionManagerRequest", "result":"CONNECTION_UNAVAILABLE", "context":{"error_type":"net_error_code", "error_value":"-105"}}
{"logTime": "0826/053347", "correlationVector":"ECradD38sh9q2RnbPPGyb5.0","action":"GetUpdates Response", "result":"NETWORK_ERROR_TRANSPORT (ERR_NAME_NOT_RESOLVED)"}
{"logTime": "0826/053828", "correlationVector":"PAw69yB70bZNdShZ2WgBv7","action":"Poll GetUpdate request", "result":""}
{"logTime": "0826/053828", "correlationVector":"PAw69yB70bZNdShZ2WgBv7","action":"SyncServerConnectionManagerRequest", "result":"CONNECTION_UNAVAILABLE", "context":{"error_type":"net_error_code", "error_value":"-105"}}
{"logTime": "0826/053828", "correlationVector":"vU1sevrUdvfFRzS+KSz7lj.0","action":"GetUpdates Response", "result":"NETWORK_ERROR_TRANSPORT (ERR_NAME_NOT_RESOLVED)"}
{"logTime": "0826/054530", "correlationVector":"EdDWKgs3RTN5OKh4YG9tCV","action":"Poll GetUpdate request", "result":""}
{"logTime": "0826/054530", "correlationVector":"EdDWKgs3RTN5OKh4YG9tCV","action":"SyncServerConnectionManagerRequest", "result":"CONNECTION_UNAVAILABLE", "context":{"error_type":"net_error_code", "error_value":"-105"}}
{"logTime": "0826/054530", "correlationVector":"ys61b59uaNgwdNOd5ScHuB.0","action":"GetUpdates Response", "result":"NETWORK_ERROR_TRANSPORT (ERR_NAME_NOT_RESOLVED)"}
{"logTime": "0826/060304", "correlationVector":"ypE9Fc32NJWuKbeYTUzclo","action":"Poll GetUpdate request", "result":""}
{"logTime": "0826/060304", "correlationVector":"ypE9Fc32NJWuKbeYTUzclo","action":"SyncServerConnectionManagerRequest", "result":"CONNECTION_UNAVAILABLE", "context":{"error_type":"net_error_code", "error_value":"-105"}}
{"logTime": "0826/060304", "correlationVector":"+IpEVD+ybVrHxEcQKTqpVP.0","action":"GetUpdates Response", "result":"NETWORK_ERROR_TRANSPORT (ERR_NAME_NOT_RESOLVED)"}
{"logTime": "0826/064701", "correlationVector":"etiuoN8CvHIo+AP5JYIb3l","action":"Poll GetUpdate request", "result":""}
{"logTime": "0826/064701", "correlationVector":"etiuoN8CvHIo+AP5JYIb3l","action":"SyncServerConnectionManagerRequest", "result":"CONNECTION_UNAVAILABLE", "context":{"error_type":"net_error_code", "error_value":"-105"}}
{"logTime": "0826/064701", "correlationVector":"ZaqZSVIXQqUNbCoU7ryfyQ.0","action":"GetUpdates Response", "result":"NETWORK_ERROR_TRANSPORT (ERR_NAME_NOT_RESOLVED)"}
{"logTime": "0826/075256", "correlationVector":"9stmmR9cZ4iT+XZbeDDFRF","action":"Poll GetUpdate request", "result":""}
{"logTime": "0826/075256", "correlationVector":"9stmmR9cZ4iT+XZbeDDFRF","action":"SyncServerConnectionManagerRequest", "result":"CONNECTION_UNAVAILABLE", "context":{"error_type":"net_error_code", "error_value":"-105"}}
{"logTime": "0826/075256", "correlationVector":"eoGU5WVM8MEDWhifCn6VaO.0","action":"GetUpdates Response", "result":"NETWORK_ERROR_TRANSPORT (ERR_NAME_NOT_RESOLVED)"}
{"logTime": "0826/085856", "correlationVector":"C6Ef2uMtvaTTco9qPYQWER","action":"Poll GetUpdate request", "result":""}
{"logTime": "0826/085856", "correlationVector":"C6Ef2uMtvaTTco9qPYQWER","action":"SyncServerConnectionManagerRequest", "result":"CONNECTION_UNAVAILABLE", "context":{"error_type":"net_error_code", "error_value":"-105"}}
{"logTime": "0826/085856", "correlationVector":"vn3TYdFmKQBhHFWPLmBpnX.0","action":"GetUpdates Response", "result":"NETWORK_ERROR_TRANSPORT (ERR_NAME_NOT_RESOLVED)"}
{"logTime": "0826/100456", "correlationVector":"QHwBMpfFdZTniWFpQmJb+/","action":"Poll GetUpdate request", "result":""}
{"logTime": "0826/100456", "correlationVector":"QHwBMpfFdZTniWFpQmJb+/","action":"SyncServerConnectionManagerRequest", "result":"CONNECTION_UNAVAILABLE", "context":{"error_type":"net_error_code", "error_value":"-105"}}
{"logTime": "0826/100456", "correlationVector":"A5ncw6TIXGDh00uaNy3Lt5.0","action":"GetUpdates Response", "result":"NETWORK_ERROR_TRANSPORT (ERR_NAME_NOT_RESOLVED)"}
{"logTime": "0826/104123", "correlationVector":"PLeyUrzlE7sDbfJwzacV7P","action":"Poll GetUpdate request", "result":""}
{"logTime": "0826/104123", "correlationVector":"PLeyUrzlE7sDbfJwzacV7P","action":"SyncServerConnectionManagerRequest", "result":"CONNECTION_UNAVAILABLE", "context":{"error_type":"net_error_code", "error_value":"-105"}}
{"logTime": "0826/104123", "correlationVector":"mDWpPNcJ8E5/0F/CYAoH0c.0","action":"GetUpdates Response", "result":"NETWORK_ERROR_TRANSPORT (ERR_NAME_NOT_RESOLVED)"}
{"logTime": "0826/111056", "correlationVector":"P7huNiD83nl8kHr1/Z6N40","action":"Normal GetUpdate request", "result":""}
{"logTime": "0826/111057", "correlationVector":"P7huNiD83nl8kHr1/Z6N40.1","action":"SyncServerConnectionManagerRequest", "result":"SYNC_AUTH_ERROR", "context":{"environment":"Prod_AustraliaEast", "server":"GENERAL01000003"}}
{"logTime": "0826/111057", "correlationVector":"P7huNiD83nl8kHr1/Z6N40.2","action":"GetUpdates Response", "result":"SYNC_AUTH_ERROR (HTTP 401)"}
{"logTime": "0826/111058", "correlationVector":"GDUckZIjnW3i9LzHOGWrwQ","action":"Normal GetUpdate request", "result":""}
{"logTime": "0826/111058", "correlationVector":"GDUckZIjnW3i9LzHOGWrwQ.1","action":"SyncServerConnectionManagerRequest", "result":"SYNC_SERVER_OK", "context":{"environment":"Prod_AustraliaEast", "server":"GENERAL01000004"}}
{"logTime": "0826/111058", "correlationVector":"GDUckZIjnW3i9LzHOGWrwQ.2","action":"GetUpdates Response", "result":"SYNCER_OK"}
{"logTime": "0826/111058", "correlationVector":"jwV/bx1MzZvvWQ1sxzi8RL","action":"Poll GetUpdate request", "result":""}
{"logTime": "0826/111058", "correlationVector":"jwV/bx1MzZvvWQ1sxzi8RL.1","action":"SyncServerConnectionManagerRequest", "result":"SYNC_SERVER_OK", "context":{"environment":"Prod_AustraliaEast", "server":"GENERAL01000000"}}
{"logTime": "0826/111058", "correlationVector":"jwV/bx1MzZvvWQ1sxzi8RL.2","action":"GetUpdates Response", "result":"SYNCER_OK"}
{"logTime": "0826/191058", "correlationVector":"8+RAtzpIBHvhL/CLG5lKsZ","action":"Poll GetUpdate request", "result":""}
{"logTime": "0826/191058", "correlationVector":"8+RAtzpIBHvhL/CLG5lKsZ.1","action":"SyncServerConnectionManagerRequest", "result":"SYNC_AUTH_ERROR", "context":{"environment":"Prod_AustraliaEast", "server":"GENERAL01000007"}}
{"logTime": "0826/191058", "correlationVector":"8+RAtzpIBHvhL/CLG5lKsZ.2","action":"GetUpdates Response", "result":"SYNC_AUTH_ERROR (HTTP 401)"}
{"logTime": "0826/191059", "correlationVector":"y5TXnJdmkkFNibRqFzfC8N","action":"Poll GetUpdate request", "result":""}
{"logTime": "0826/191059", "correlationVector":"y5TXnJdmkkFNibRqFzfC8N.1","action":"SyncServerConnectionManagerRequest", "result":"SYNC_SERVER_OK", "context":{"environment":"Prod_AustraliaEast", "server":"GENERAL01000009"}}
{"logTime": "0826/191059", "correlationVector":"y5TXnJdmkkFNibRqFzfC8N.2","action":"GetUpdates Response", "result":"SYNCER_OK"}
{"logTime": "0827/000737", "correlationVector":"mpnQcbHkKNn1CjJItMUZHC","action":"Commit Request", "result":""}
{"logTime": "0827/000738", "correlationVector":"mpnQcbHkKNn1CjJItMUZHC.1","action":"SyncServerConnectionManagerRequest", "result":"SYNC_AUTH_ERROR", "context":{"environment":"Prod_AustraliaEast", "server":"GENERAL01000001"}}
{"logTime": "0827/000738", "correlationVector":"mpnQcbHkKNn1CjJItMUZHC.2","action":"Commit Response", "result":"SYNC_AUTH_ERROR (HTTP 401)"}
{"logTime": "0827/031059", "correlationVector":"Z1jDwjrqGPZB+a4Ndj9KX8","action":"Poll GetUpdate request", "result":""}
{"logTime": "0827/031059", "correlationVector":"Z1jDwjrqGPZB+a4Ndj9KX8.1","action":"SyncServerConnectionManagerRequest", "result":"SYNC_AUTH_ERROR", "context":{"environment":"Prod_AustraliaEast", "server":"GENERAL01000003"}}
{"logTime": "0827/031059", "correlationVector":"Z1jDwjrqGPZB+a4Ndj9KX8.2","action":"GetUpdates Response", "result":"SYNC_AUTH_ERROR (HTTP 401)"}
{"logTime": "0827/031102", "correlationVector":"76W56NpXaBPBZgu3GRex+Z","action":"Poll GetUpdate request", "result":""}
{"logTime": "0827/031102", "correlationVector":"76W56NpXaBPBZgu3GRex+Z.1","action":"SyncServerConnectionManagerRequest", "result":"SYNC_SERVER_OK", "context":{"environment":"Prod_AustraliaEast", "server":"GENERAL01000001"}}
{"logTime": "0827/031102", "correlationVector":"76W56NpXaBPBZgu3GRex+Z.2","action":"GetUpdates Response", "result":"SYNCER_OK"}
{"logTime": "0827/042300", "correlationVector":"O0p4rNU0DTLYIJ2ezYHBUN","action":"Commit Request", "result":""}
{"logTime": "0827/042301", "correlationVector":"O0p4rNU0DTLYIJ2ezYHBUN.1","action":"SyncServerConnectionManagerRequest", "result":"SYNC_SERVER_OK", "context":{"environment":"Prod_AustraliaEast", "server":"GENERAL01000003"}}
{"logTime": "0827/042301", "correlationVector":"O0p4rNU0DTLYIJ2ezYHBUN.2","action":"Commit Response", "result":"SYNCER_OK"}
{"logTime": "0828/113408", "correlationVector":"Gc2zoIiCP1wN54xG0qE0OY.0","action":"FeedSettingFetch_homeCloud", "result":"0", "context":{}}
{"logTime": "0828/113408", "correlationVector":"epWmCDCjM16w38+GwanpzX","action":"Normal GetUpdate request", "result":""}
{"logTime": "0828/113408", "correlationVector":"epWmCDCjM16w38+GwanpzX.1","action":"SyncServerConnectionManagerRequest", "result":"SYNC_SERVER_OK", "context":{"environment":"Prod_AustraliaEast", "server":"GENERAL01000005"}}
{"logTime": "0828/113408", "correlationVector":"epWmCDCjM16w38+GwanpzX.2","action":"GetUpdates Response", "result":"SYNCER_OK"}
{"logTime": "0828/113408", "correlationVector":"hdSpJWxkkPVLUEbDmbwVZz","action":"Commit Request", "result":""}
{"logTime": "0828/113408", "correlationVector":"hdSpJWxkkPVLUEbDmbwVZz.1","action":"SyncServerConnectionManagerRequest", "result":"SYNC_SERVER_OK", "context":{"environment":"Prod_AustraliaEast", "server":"GENERAL01000002"}}
{"logTime": "0828/113408", "correlationVector":"hdSpJWxkkPVLUEbDmbwVZz.2","action":"Commit Response", "result":"SYNCER_OK"}
{"logTime": "0828/113408", "correlationVector":"aC83jX5SB2roVy6y2MT7Gv","action":"Commit Request", "result":""}
{"logTime": "0828/113408", "correlationVector":"aC83jX5SB2roVy6y2MT7Gv.1","action":"SyncServerConnectionManagerRequest", "result":"SYNC_SERVER_OK", "context":{"environment":"Prod_AustraliaEast", "server":"GENERAL01000009"}}
{"logTime": "0828/113408", "correlationVector":"aC83jX5SB2roVy6y2MT7Gv.3","action":"Commit.Autofill Profiles", "result":"Success", "context":{"id":"4027d074-daac-434a-b76f-43117bab00ae", "isDeleted":"true", "size":"0", "version":"1661315038005"}}
{"logTime": "0828/113408", "correlationVector":"aC83jX5SB2roVy6y2MT7Gv.2","action":"Commit Response", "result":"SYNCER_OK"}
{"logTime": "0828/113409", "correlationVector":"ZlRWGe00yJU4m8jq9V2c+L","action":"Normal GetUpdate request", "result":""}
{"logTime": "0828/113409", "correlationVector":"ZlRWGe00yJU4m8jq9V2c+L.1","action":"SyncServerConnectionManagerRequest", "result":"SYNC_SERVER_OK", "context":{"environment":"Prod_AustraliaEast", "server":"GENERAL01000004"}}
{"logTime": "0828/113409", "correlationVector":"ZlRWGe00yJU4m8jq9V2c+L.2","action":"GetUpdates", "result":"DeleteReceived", "context":{"id":"4027d074-daac-434a-b76f-43117bab00ae", "isDeleted:":"true", "version":"1661686447567"}}
{"logTime": "0828/113409", "correlationVector":"ZlRWGe00yJU4m8jq9V2c+L.3","action":"GetUpdates Response", "result":"SYNCER_OK"}
{"logTime": "0828/113415", "correlationVector":"GAwwJGE+wOcfADRyyZLLzf","action":"Commit Request", "result":""}
{"logTime": "0828/113415", "correlationVector":"GAwwJGE+wOcfADRyyZLLzf.1","action":"SyncServerConnectionManagerRequest", "result":"SYNC_SERVER_OK", "context":{"environment":"Prod_AustraliaEast", "server":"GENERAL01000003"}}
{"logTime": "0828/113415", "correlationVector":"GAwwJGE+wOcfADRyyZLLzf.2","action":"Commit Response", "result":"SYNCER_OK"}
{"logTime": "0828/113523", "correlationVector":"4fmaCtOX3miSCfVj1iGCu/","action":"Poll GetUpdate request", "result":""}
{"logTime": "0828/113523", "correlationVector":"4fmaCtOX3miSCfVj1iGCu/.1","action":"SyncServerConnectionManagerRequest", "result":"SYNC_SERVER_OK", "context":{"environment":"Prod_AustraliaEast", "server":"GENERAL01000006"}}
{"logTime": "0828/113523", "correlationVector":"4fmaCtOX3miSCfVj1iGCu/.2","action":"GetUpdates Response", "result":"SYNCER_OK"}
{"logTime": "0828/114314", "correlationVector":"jhm1tGeYRUYaP3PjUO9R29","action":"Commit Request", "result":""}
{"logTime": "0828/114314", "correlationVector":"jhm1tGeYRUYaP3PjUO9R29.1","action":"SyncServerConnectionManagerRequest", "result":"SYNC_SERVER_OK", "context":{"environment":"Prod_AustraliaEast", "server":"GENERAL01000006"}}
{"logTime": "0828/114314", "correlationVector":"jhm1tGeYRUYaP3PjUO9R29.2","action":"Commit Response", "result":"SYNCER_OK"}
{"logTime": "0828/115601", "correlationVector":"lHpJxtsThbL+/WLeW6BRZB","action":"Normal GetUpdate request", "result":""}
{"logTime": "0828/115601", "correlationVector":"lHpJxtsThbL+/WLeW6BRZB.1","action":"SyncServerConnectionManagerRequest", "result":"SYNC_SERVER_OK", "context":{"environment":"Prod_AustraliaEast", "server":"GENERAL01000003"}}
{"logTime": "0828/115601", "correlationVector":"lHpJxtsThbL+/WLeW6BRZB.2","action":"GetUpdates Response", "result":"SYNCER_OK"}
{"logTime": "0828/120927", "correlationVector":"f/W7JsO7fyh0dNJ7+Cv+Oi","action":"Normal GetUpdate request", "result":""}
{"logTime": "0828/120928", "correlationVector":"f/W7JsO7fyh0dNJ7+Cv+Oi.1","action":"SyncServerConnectionManagerRequest", "result":"SYNC_SERVER_OK", "context":{"environment":"Prod_AustraliaEast", "server":"GENERAL01000002"}}
{"logTime": "0828/120928", "correlationVector":"f/W7JsO7fyh0dNJ7+Cv+Oi.2","action":"GetUpdates Response", "result":"SYNCER_OK"}
{"logTime": "0828/120958", "correlationVector":"ZqNSUsksYNhlzX9Rv3NAtL","action":"Normal GetUpdate request", "result":""}
{"logTime": "0828/120958", "correlationVector":"ZqNSUsksYNhlzX9Rv3NAtL.1","action":"SyncServerConnectionManagerRequest", "result":"SYNC_SERVER_OK", "context":{"environment":"Prod_AustraliaEast", "server":"GENERAL01000003"}}
{"logTime": "0828/120958", "correlationVector":"ZqNSUsksYNhlzX9Rv3NAtL.2","action":"GetUpdates Response", "result":"SYNCER_OK"}
{"logTime": "0828/123144", "correlationVector":"nwtwIduol0oBv5Yy4EWLiJ","action":"Normal GetUpdate request", "result":""}
{"logTime": "0828/123144", "correlationVector":"nwtwIduol0oBv5Yy4EWLiJ.1","action":"SyncServerConnectionManagerRequest", "result":"SYNC_SERVER_OK", "context":{"environment":"Prod_AustraliaEast", "server":"GENERAL01000009"}}
{"logTime": "0828/123144", "correlationVector":"nwtwIduol0oBv5Yy4EWLiJ.2","action":"GetUpdates Response", "result":"SYNCER_OK"}
{"logTime": "0920/103345", "correlationVector":"/oS+sMwy3FsEA9EXcmH+i9.0","action":"FeedSettingFetch_homeCloud", "result":"0", "context":{}}
{"logTime": "0920/103345", "correlationVector":"jCe/fWEjHpL3k2DFItohgZ","action":"Initial GetUpdates", "result":"", "context":Reason: NEWLY_SUPPORTED_DATATYPE. cV=jCe/fWEjHpL3k2DFItohgZ}
{"logTime": "0920/103345", "correlationVector":"jCe/fWEjHpL3k2DFItohgZ.1","action":"SyncServerConnectionManagerRequest", "result":"SYNC_SERVER_OK", "context":{"environment":"Prod_AustraliaEast", "server":"GENERAL01000001"}}
{"logTime": "0920/103345", "correlationVector":"jCe/fWEjHpL3k2DFItohgZ.2","action":"GetUpdates Response", "result":"SYNCER_OK", "context":Received 1 update(s). cV=jCe/fWEjHpL3k2DFItohgZ.0;server=GENERAL01000001;cloudType=Multitenant;environment=Prod_AustraliaEast}
{"logTime": "0920/103345", "correlationVector":"pDpskXPyFYqrQiR3zCB221","action":"Normal GetUpdate request", "result":"", "context":cV=pDpskXPyFYqrQiR3zCB221
Nudged types: Autofill Profiles, Extension settings, Device Info
Refresh requested types: Bookmarks, Preferences, Passwords, Autofill Profiles, Autofill, Autofill Custom Data, Extensions, Extension settings, Device Info, User Consents, Send Tab To Self, Collection, Encryption Keys}
{"logTime": "0920/103345", "correlationVector":"pDpskXPyFYqrQiR3zCB221.1","action":"SyncServerConnectionManagerRequest", "result":"SYNC_SERVER_OK", "context":{"environment":"Prod_AustraliaEast", "server":"GENERAL01000009"}}
{"logTime": "0920/103345", "correlationVector":"pDpskXPyFYqrQiR3zCB221.2","action":"GetUpdates", "result":"DeleteReceived", "context":{"id":"5819a1e5-d521-4477-bf3e-024a630ef3ff", "isDeleted:":"true", "version":"1662636453201"}}
{"logTime": "0920/103345", "correlationVector":"pDpskXPyFYqrQiR3zCB221.3","action":"GetUpdates", "result":"DeleteReceived", "context":{"id":"c652e17c-f37c-4870-ada0-1c9ba7a2448a", "isDeleted:":"true", "version":"1662290606844"}}
{"logTime": "0920/103345", "correlationVector":"pDpskXPyFYqrQiR3zCB221.4","action":"GetUpdates", "result":"DeleteReceived", "context":{"id":"accdd050-9e97-48dc-a114-71df927501e3", "isDeleted:":"true", "version":"1662986673596"}}
{"logTime": "0920/103345", "correlationVector":"pDpskXPyFYqrQiR3zCB221.5","action":"GetUpdates Response", "result":"SYNCER_OK", "context":Received 119 update(s). cV=pDpskXPyFYqrQiR3zCB221.0;server=GENERAL01000009;cloudType=Multitenant;environment=Prod_AustraliaEast}
{"logTime": "0920/103345", "correlationVector":"rBEf1YEAU7kztIRDcudic9","action":"Commit Request", "result":"", "context":Item count: 1
Contributing types: Device Info}
{"logTime": "0920/103346", "correlationVector":"rBEf1YEAU7kztIRDcudic9.1","action":"SyncServerConnectionManagerRequest", "result":"SYNC_SERVER_OK", "context":{"environment":"Prod_AustraliaEast", "server":"GENERAL01000006"}}
{"logTime": "0920/103346", "correlationVector":"rBEf1YEAU7kztIRDcudic9.2","action":"Commit Response", "result":"SYNCER_OK", "context":Result: SYNCER_OK. cV=rBEf1YEAU7kztIRDcudic9.0;server=GENERAL01000006;cloudType=Multitenant;environment=Prod_AustraliaEast}
{"logTime": "0920/103346", "correlationVector":"As28raH4mZqwY1T/C06Q6t","action":"Commit Request", "result":"", "context":Item count: 5
Contributing types: Autofill Profiles}
{"logTime": "0920/103346", "correlationVector":"As28raH4mZqwY1T/C06Q6t.1","action":"SyncServerConnectionManagerRequest", "result":"SYNC_SERVER_OK", "context":{"environment":"Prod_AustraliaEast", "server":"GENERAL01000009"}}
{"logTime": "0920/103346", "correlationVector":"As28raH4mZqwY1T/C06Q6t.3","action":"Commit.Autofill Profiles", "result":"Success", "context":{"id":"02d7aa30-3b00-4af1-903e-adede3475dca", "isDeleted":"true", "size":"0", "version":"1661315036408"}}
{"logTime": "0920/103346", "correlationVector":"As28raH4mZqwY1T/C06Q6t.2","action":"Commit Response", "result":"SYNCER_OK", "context":Result: SYNCER_OK. cV=As28raH4mZqwY1T/C06Q6t.0;server=GENERAL01000009;cloudType=Multitenant;environment=Prod_AustraliaEast}
{"logTime": "0920/103346", "correlationVector":"As28raH4mZqwY1T/C06Q6t.4","action":"Commit.Autofill Profiles", "result":"Success", "context":{"id":"2d29e31d-2bd7-49de-9d88-f299e9a6a5e4", "isDeleted":"true", "size":"0", "version":"1661315036408"}}
{"logTime": "0920/103346", "correlationVector":"As28raH4mZqwY1T/C06Q6t.5","action":"Commit.Autofill Profiles", "result":"Success", "context":{"id":"27061edb-d4eb-421e-b3ce-06c95f05e7c5", "isDeleted":"true", "size":"0", "version":"1661315038005"}}
{"logTime": "0920/103346", "correlationVector":"As28raH4mZqwY1T/C06Q6t.6","action":"Commit.Autofill Profiles", "result":"Success", "context":{"id":"cf1ed40e-dd78-48a4-a4f5-1972a714c1f9", "isDeleted":"true", "size":"0", "version":"1661315038005"}}
{"logTime": "0920/103346", "correlationVector":"As28raH4mZqwY1T/C06Q6t.7","action":"Commit.Autofill Profiles", "result":"Success", "context":{"id":"b97fb7da-84c6-44cb-bebe-e53379eabb20", "isDeleted":"true", "size":"0", "version":"1661315038005"}}
{"logTime": "0920/103347", "correlationVector":"eWzKpo355SL16XXG1q6rty","action":"Commit Request", "result":"", "context":Item count: 1
Contributing types: Extension settings}
{"logTime": "0920/103347", "correlationVector":"eWzKpo355SL16XXG1q6rty.1","action":"SyncServerConnectionManagerRequest", "result":"SYNC_SERVER_OK", "context":{"environment":"Prod_AustraliaEast", "server":"GENERAL01000008"}}
{"logTime": "0920/103347", "correlationVector":"eWzKpo355SL16XXG1q6rty.2","action":"Commit Response", "result":"SYNCER_OK", "context":Result: SYNCER_OK. cV=eWzKpo355SL16XXG1q6rty.0;server=GENERAL01000008;cloudType=Multitenant;environment=Prod_AustraliaEast}
{"logTime": "0920/103349", "correlationVector":"fv9tmtee1DjGQvMj+AsnGd","action":"Commit Request", "result":"", "context":Item count: 1
Contributing types: Extension settings}
{"logTime": "0920/103349", "correlationVector":"fv9tmtee1DjGQvMj+AsnGd.1","action":"SyncServerConnectionManagerRequest", "result":"SYNC_SERVER_OK", "context":{"environment":"Prod_AustraliaEast", "server":"GENERAL01000007"}}
{"logTime": "0920/103349", "correlationVector":"fv9tmtee1DjGQvMj+AsnGd.2","action":"Commit Response", "result":"SYNCER_OK", "context":Result: SYNCER_OK. cV=fv9tmtee1DjGQvMj+AsnGd.0;server=GENERAL01000007;cloudType=Multitenant;environment=Prod_AustraliaEast}
{"logTime": "0920/103452", "correlationVector":"YXaRTH5HjtoJuF8sfj6ANO","action":"Poll GetUpdate request", "result":"", "context":cV=YXaRTH5HjtoJuF8sfj6ANO}
{"logTime": "0920/103452", "correlationVector":"YXaRTH5HjtoJuF8sfj6ANO.1","action":"SyncServerConnectionManagerRequest", "result":"SYNC_SERVER_OK", "context":{"environment":"Prod_AustraliaEast", "server":"GENERAL01000007"}}
{"logTime": "0920/103452", "correlationVector":"YXaRTH5HjtoJuF8sfj6ANO.2","action":"GetUpdates", "result":"DeleteReceived", "context":{"id":"02d7aa30-3b00-4af1-903e-adede3475dca", "isDeleted:":"true", "version":"1663670026316"}}
{"logTime": "0920/103452", "correlationVector":"YXaRTH5HjtoJuF8sfj6ANO.3","action":"GetUpdates", "result":"DeleteReceived", "context":{"id":"2d29e31d-2bd7-49de-9d88-f299e9a6a5e4", "isDeleted:":"true", "version":"1663670026316"}}
{"logTime": "0920/103452", "correlationVector":"YXaRTH5HjtoJuF8sfj6ANO.4","action":"GetUpdates", "result":"DeleteReceived", "context":{"id":"27061edb-d4eb-421e-b3ce-06c95f05e7c5", "isDeleted:":"true", "version":"1663670026316"}}
{"logTime": "0920/103452", "correlationVector":"YXaRTH5HjtoJuF8sfj6ANO.5","action":"GetUpdates", "result":"DeleteReceived", "context":{"id":"cf1ed40e-dd78-48a4-a4f5-1972a714c1f9", "isDeleted:":"true", "version":"1663670026316"}}
{"logTime": "0920/103452", "correlationVector":"YXaRTH5HjtoJuF8sfj6ANO.6","action":"GetUpdates", "result":"DeleteReceived", "context":{"id":"b97fb7da-84c6-44cb-bebe-e53379eabb20", "isDeleted:":"true", "version":"1663670026316"}}
{"logTime": "0920/103452", "correlationVector":"YXaRTH5HjtoJuF8sfj6ANO.7","action":"GetUpdates Response", "result":"SYNCER_OK", "context":Received 7 update(s). cV=YXaRTH5HjtoJuF8sfj6ANO.0;server=GENERAL01000007;cloudType=Multitenant;environment=Prod_AustraliaEast}
{"logTime": "0920/103748", "correlationVector":"6X82SqMmkdayfgrHnNhpYd","action":"Commit Request", "result":"", "context":Item count: 1
Contributing types: Extensions}
{"logTime": "0920/103748", "correlationVector":"6X82SqMmkdayfgrHnNhpYd.1","action":"SyncServerConnectionManagerRequest", "result":"SYNC_SERVER_OK", "context":{"environment":"Prod_AustraliaEast", "server":"GENERAL01000004"}}
{"logTime": "0920/103748", "correlationVector":"6X82SqMmkdayfgrHnNhpYd.2","action":"Commit Response", "result":"SYNCER_OK", "context":Result: SYNCER_OK. cV=6X82SqMmkdayfgrHnNhpYd.0;server=GENERAL01000004;cloudType=Multitenant;environment=Prod_AustraliaEast}
{"logTime": "0920/122620", "correlationVector":"QY3aaS9Sgajc4+S6h0eVCv","action":"Commit Request", "result":"", "context":Item count: 1
Contributing types: Extension settings}
{"logTime": "0920/122620", "correlationVector":"QY3aaS9Sgajc4+S6h0eVCv.1","action":"SyncServerConnectionManagerRequest", "result":"SYNC_AUTH_ERROR", "context":{"environment":"Prod_AustraliaEast", "server":"GENERAL01000005"}}
{"logTime": "0920/122620", "correlationVector":"QY3aaS9Sgajc4+S6h0eVCv.2","action":"Commit Response", "result":"SYNC_AUTH_ERROR (HTTP 401)", "context":Result: SYNC_AUTH_ERROR (HTTP 401). cV=QY3aaS9Sgajc4+S6h0eVCv.0;server=GENERAL01000005;cloudType=Undetermined;environment=Prod_AustraliaEast}
{"logTime": "0920/122623", "correlationVector":"1IhZVwcBWv2KSfbtKmOYu0","action":"Commit Request", "result":"", "context":Item count: 2
Contributing types: Passwords, Autofill}
{"logTime": "0920/122624", "correlationVector":"1IhZVwcBWv2KSfbtKmOYu0.1","action":"SyncServerConnectionManagerRequest", "result":"SYNC_SERVER_OK", "context":{"environment":"Prod_AustraliaEast", "server":"GENERAL01000004"}}
{"logTime": "0920/122624", "correlationVector":"1IhZVwcBWv2KSfbtKmOYu0.2","action":"Commit Response", "result":"SYNCER_OK", "context":Result: SYNCER_OK. cV=1IhZVwcBWv2KSfbtKmOYu0.0;server=GENERAL01000004;cloudType=Multitenant;environment=Prod_AustraliaEast}
{"logTime": "0924/082010", "correlationVector":"kXcdw9vN5tYlJjf6pk0DUc.0","action":"FeedSettingFetch_homeCloud", "result":"0", "context":{}}
{"logTime": "0924/082010", "correlationVector":"IiDODXX/82NlYEVIubDsv/","action":"Normal GetUpdate request", "result":"", "context":cV=IiDODXX/82NlYEVIubDsv/
Nudged types: Autofill Profiles, Extension settings, Device Info
Refresh requested types: Bookmarks, Preferences, Passwords, Autofill Profiles, Autofill, Autofill Custom Data, Extensions, Extension settings, Device Info, User Consents, Send Tab To Self, Collection, Encryption Keys}
{"logTime": "0924/082010", "correlationVector":"IiDODXX/82NlYEVIubDsv/.1","action":"SyncServerConnectionManagerRequest", "result":"SYNC_SERVER_OK", "context":{"environment":"Prod_AustraliaEast", "server":"GENERAL01000009"}}
{"logTime": "0924/082010", "correlationVector":"IiDODXX/82NlYEVIubDsv/.2","action":"GetUpdates Response", "result":"SYNCER_OK", "context":Received 5 update(s). cV=IiDODXX/82NlYEVIubDsv/.0;server=GENERAL01000009;cloudType=Multitenant;environment=Prod_AustraliaEast}
{"logTime": "0924/082010", "correlationVector":"lvV1aQ/lbhBQhhY0V2OgOo","action":"Commit Request", "result":"", "context":Item count: 1
Contributing types: Device Info}
{"logTime": "0924/082010", "correlationVector":"lvV1aQ/lbhBQhhY0V2OgOo.1","action":"SyncServerConnectionManagerRequest", "result":"SYNC_SERVER_OK", "context":{"environment":"Prod_AustraliaEast", "server":"GENERAL01000008"}}
{"logTime": "0924/082010", "correlationVector":"lvV1aQ/lbhBQhhY0V2OgOo.2","action":"Commit Response", "result":"SYNCER_OK", "context":Result: SYNCER_OK. cV=lvV1aQ/lbhBQhhY0V2OgOo.0;server=GENERAL01000008;cloudType=Multitenant;environment=Prod_AustraliaEast}
{"logTime": "0924/082010", "correlationVector":"oZ809Otor2qtPOEESuwZLm","action":"Commit Request", "result":"", "context":Item count: 2
Contributing types: Autofill Profiles}
{"logTime": "0924/082010", "correlationVector":"oZ809Otor2qtPOEESuwZLm.1","action":"SyncServerConnectionManagerRequest", "result":"SYNC_SERVER_OK", "context":{"environment":"Prod_AustraliaEast", "server":"GENERAL01000006"}}
{"logTime": "0924/082010", "correlationVector":"oZ809Otor2qtPOEESuwZLm.3","action":"Commit.Autofill Profiles", "result":"Success", "context":{"id":"d050fe13-8023-4ffb-b69a-89682a2dba78", "isDeleted":"true", "size":"0", "version":"1661315036408"}}
{"logTime": "0924/082010", "correlationVector":"oZ809Otor2qtPOEESuwZLm.2","action":"Commit Response", "result":"SYNCER_OK", "context":Result: SYNCER_OK. cV=oZ809Otor2qtPOEESuwZLm.0;server=GENERAL01000006;cloudType=Multitenant;environment=Prod_AustraliaEast}
{"logTime": "0924/082010", "correlationVector":"oZ809Otor2qtPOEESuwZLm.4","action":"Commit.Autofill Profiles", "result":"Success", "context":{"id":"910569fb-47d7-4957-890d-cc263cf5a53d", "isDeleted":"true", "size":"0", "version":"1661315038005"}}
{"logTime": "0924/082011", "correlationVector":"Doj+jQo3nWRh311qPzomNC","action":"Normal GetUpdate request", "result":"", "context":cV=Doj+jQo3nWRh311qPzomNC
Notified types: Device Info}
{"logTime": "0924/082011", "correlationVector":"Doj+jQo3nWRh311qPzomNC.1","action":"SyncServerConnectionManagerRequest", "result":"SYNC_SERVER_OK", "context":{"environment":"Prod_AustraliaEast", "server":"GENERAL01000007"}}
{"logTime": "0924/082011", "correlationVector":"Doj+jQo3nWRh311qPzomNC.2","action":"GetUpdates", "result":"DeleteReceived", "context":{"id":"d050fe13-8023-4ffb-b69a-89682a2dba78", "isDeleted:":"true", "version":"1664007610210"}}
{"logTime": "0924/082011", "correlationVector":"Doj+jQo3nWRh311qPzomNC.3","action":"GetUpdates", "result":"DeleteReceived", "context":{"id":"910569fb-47d7-4957-890d-cc263cf5a53d", "isDeleted:":"true", "version":"1664007610210"}}
{"logTime": "0924/082011", "correlationVector":"Doj+jQo3nWRh311qPzomNC.4","action":"GetUpdates Response", "result":"SYNCER_OK", "context":Received 3 update(s). cV=Doj+jQo3nWRh311qPzomNC.0;server=GENERAL01000007;cloudType=Multitenant;environment=Prod_AustraliaEast}
{"logTime": "0924/082011", "correlationVector":"Detx+MGLm6hM8oJxLyWzaA","action":"Commit Request", "result":"", "context":Item count: 3
Contributing types: Extension settings}
{"logTime": "0924/082012", "correlationVector":"Detx+MGLm6hM8oJxLyWzaA.1","action":"SyncServerConnectionManagerRequest", "result":"SYNC_SERVER_OK", "context":{"environment":"Prod_AustraliaEast", "server":"GENERAL01000005"}}
{"logTime": "0924/082012", "correlationVector":"Detx+MGLm6hM8oJxLyWzaA.2","action":"Commit Response", "result":"SYNCER_OK", "context":Result: SYNCER_OK. cV=Detx+MGLm6hM8oJxLyWzaA.0;server=GENERAL01000005;cloudType=Multitenant;environment=Prod_AustraliaEast}
{"logTime": "0924/082027", "correlationVector":"Q1m/P1hmREnKeGeJ0BomjA","action":"Poll GetUpdate request", "result":"", "context":cV=Q1m/P1hmREnKeGeJ0BomjA}
{"logTime": "0924/082027", "correlationVector":"Q1m/P1hmREnKeGeJ0BomjA.1","action":"SyncServerConnectionManagerRequest", "result":"SYNC_SERVER_OK", "context":{"environment":"Prod_AustraliaEast", "server":"GENERAL01000000"}}
{"logTime": "0924/082027", "correlationVector":"Q1m/P1hmREnKeGeJ0BomjA.2","action":"GetUpdates Response", "result":"SYNCER_OK", "context":Received 3 update(s). cV=Q1m/P1hmREnKeGeJ0BomjA.0;server=GENERAL01000000;cloudType=Multitenant;environment=Prod_AustraliaEast}
{"logTime": "0924/162020", "correlationVector":"0OAI/tqswDQ9xbEj/JBhI1","action":"Commit Request", "result":"", "context":Item count: 1
Contributing types: Extension settings}
{"logTime": "0924/162020", "correlationVector":"0OAI/tqswDQ9xbEj/JBhI1.1","action":"SyncServerConnectionManagerRequest", "result":"SYNC_AUTH_ERROR", "context":{"environment":"Prod_AustraliaEast", "server":"GENERAL01000006"}}
{"logTime": "0924/162020", "correlationVector":"0OAI/tqswDQ9xbEj/JBhI1.2","action":"Commit Response", "result":"SYNC_AUTH_ERROR (HTTP 401)", "context":Result: SYNC_AUTH_ERROR (HTTP 401). cV=0OAI/tqswDQ9xbEj/JBhI1.0;server=GENERAL01000006;cloudType=Undetermined;environment=Prod_AustraliaEast}
{"logTime": "0924/162027", "correlationVector":"LT9urfijGYKXRyGKMFjEsa","action":"Poll GetUpdate request", "result":"", "context":cV=LT9urfijGYKXRyGKMFjEsa}
{"logTime": "0924/162027", "correlationVector":"LT9urfijGYKXRyGKMFjEsa.1","action":"SyncServerConnectionManagerRequest", "result":"SYNC_SERVER_OK", "context":{"environment":"Prod_AustraliaEast", "server":"GENERAL01000005"}}
{"logTime": "0924/162027", "correlationVector":"LT9urfijGYKXRyGKMFjEsa.2","action":"GetUpdates Response", "result":"SYNCER_OK", "context":Received 0 update(s). cV=LT9urfijGYKXRyGKMFjEsa.0;server=GENERAL01000005;cloudType=Multitenant;environment=Prod_AustraliaEast}
{"logTime": "0925/002023", "correlationVector":"7MFb2KcQ6whcqEtEWDfpuB","action":"Commit Request", "result":"", "context":Item count: 1
Contributing types: Extension settings}
{"logTime": "0925/002024", "correlationVector":"7MFb2KcQ6whcqEtEWDfpuB.1","action":"SyncServerConnectionManagerRequest", "result":"SYNC_AUTH_ERROR", "context":{"environment":"Prod_AustraliaEast", "server":"general01000003"}}
{"logTime": "0925/002024", "correlationVector":"7MFb2KcQ6whcqEtEWDfpuB.2","action":"Commit Response", "result":"SYNC_AUTH_ERROR (HTTP 401)", "context":Result: SYNC_AUTH_ERROR (HTTP 401). cV=7MFb2KcQ6whcqEtEWDfpuB.0;server=general01000003;cloudType=Undetermined;environment=Prod_AustraliaEast}
{"logTime": "0925/002027", "correlationVector":"2+daJ2h+0o4ELQrmH35u1i","action":"Poll GetUpdate request", "result":"", "context":cV=2+daJ2h+0o4ELQrmH35u1i}
{"logTime": "0925/002027", "correlationVector":"2+daJ2h+0o4ELQrmH35u1i.1","action":"SyncServerConnectionManagerRequest", "result":"SYNC_SERVER_OK", "context":{"environment":"Prod_AustraliaEast", "server":"GENERAL01000001"}}
{"logTime": "0925/002027", "correlationVector":"2+daJ2h+0o4ELQrmH35u1i.2","action":"GetUpdates Response", "result":"SYNCER_OK", "context":Received 0 update(s). cV=2+daJ2h+0o4ELQrmH35u1i.0;server=GENERAL01000001;cloudType=Multitenant;environment=Prod_AustraliaEast}
{"logTime": "0925/082008", "correlationVector":"OuOX1A0IfeMuKnXVfOf58n","action":"Commit Request", "result":"", "context":Item count: 1
Contributing types: Device Info}
{"logTime": "0925/082008", "correlationVector":"OuOX1A0IfeMuKnXVfOf58n.1","action":"SyncServerConnectionManagerRequest", "result":"SYNC_AUTH_ERROR", "context":{"environment":"Prod_AustraliaEast", "server":"general01000003"}}
{"logTime": "0925/082008", "correlationVector":"OuOX1A0IfeMuKnXVfOf58n.2","action":"Commit Response", "result":"SYNC_AUTH_ERROR (HTTP 401)", "context":Result: SYNC_AUTH_ERROR (HTTP 401). cV=OuOX1A0IfeMuKnXVfOf58n.0;server=general01000003;cloudType=Undetermined;environment=Prod_AustraliaEast}
{"logTime": "0925/082026", "correlationVector":"qpoO5d13I0SVOOuJ6zq4CR","action":"Commit Request", "result":"", "context":Item count: 1
Contributing types: Extension settings}
{"logTime": "0925/082026", "correlationVector":"qpoO5d13I0SVOOuJ6zq4CR.1","action":"SyncServerConnectionManagerRequest", "result":"SYNC_SERVER_OK", "context":{"environment":"Prod_AustraliaEast", "server":"GENERAL01000000"}}
{"logTime": "0925/082026", "correlationVector":"qpoO5d13I0SVOOuJ6zq4CR.2","action":"Commit Response", "result":"SYNCER_OK", "context":Result: SYNCER_OK. cV=qpoO5d13I0SVOOuJ6zq4CR.0;server=GENERAL01000000;cloudType=Multitenant;environment=Prod_AustraliaEast}
{"logTime": "0925/082027", "correlationVector":"bsKqd5C5rU/zQBlKXHJe+N","action":"Poll GetUpdate request", "result":"", "context":cV=bsKqd5C5rU/zQBlKXHJe+N}
{"logTime": "0925/082028", "correlationVector":"bsKqd5C5rU/zQBlKXHJe+N.1","action":"SyncServerConnectionManagerRequest", "result":"SYNC_SERVER_OK", "context":{"environment":"Prod_AustraliaEast", "server":"GENERAL01000004"}}
{"logTime": "0925/082028", "correlationVector":"bsKqd5C5rU/zQBlKXHJe+N.2","action":"GetUpdates Response", "result":"SYNCER_OK", "context":Received 1 update(s). cV=bsKqd5C5rU/zQBlKXHJe+N.0;server=GENERAL01000004;cloudType=Multitenant;environment=Prod_AustraliaEast}
{"logTime": "0925/090522", "correlationVector":"X1DOl+QZpwNVAvpWHf2dyY","action":"Commit Request", "result":"", "context":Item count: 1
Contributing types: Extensions}
{"logTime": "0925/090522", "correlationVector":"X1DOl+QZpwNVAvpWHf2dyY.1","action":"SyncServerConnectionManagerRequest", "result":"SYNC_SERVER_OK", "context":{"environment":"Prod_AustraliaEast", "server":"general01000003"}}
{"logTime": "0925/090522", "correlationVector":"X1DOl+QZpwNVAvpWHf2dyY.2","action":"Commit Response", "result":"SYNCER_OK", "context":Result: SYNCER_OK. cV=X1DOl+QZpwNVAvpWHf2dyY.0;server=general01000003;cloudType=Multitenant;environment=Prod_AustraliaEast}
{"logTime": "0926/112848", "correlationVector":"n5Q4ADC2cl+EFpa5rYAGxI.0","action":"FeedSettingFetch_homeCloud", "result":"0", "context":{}}
{"logTime": "0926/112848", "correlationVector":"3+6tro7RGXvCDhboaETxpD","action":"Normal GetUpdate request", "result":"", "context":cV=3+6tro7RGXvCDhboaETxpD
Nudged types: Device Info
Refresh requested types: Bookmarks, Preferences, Passwords, Autofill Profiles, Autofill, Autofill Custom Data, Extensions, Extension settings, Device Info, User Consents, Send Tab To Self, Collection, Encryption Keys}
{"logTime": "0926/112848", "correlationVector":"3+6tro7RGXvCDhboaETxpD.1","action":"SyncServerConnectionManagerRequest", "result":"SYNC_SERVER_OK", "context":{"environment":"Prod_AustraliaEast", "server":"general01000003"}}
{"logTime": "0926/112848", "correlationVector":"3+6tro7RGXvCDhboaETxpD.2","action":"GetUpdates Response", "result":"SYNCER_OK", "context":Received 16 update(s). cV=3+6tro7RGXvCDhboaETxpD.0;server=general01000003;cloudType=Multitenant;environment=Prod_AustraliaEast}
{"logTime": "0926/112848", "correlationVector":"3L/VXwoWw0nhEKsXz56hyE","action":"Commit Request", "result":"", "context":Item count: 1
Contributing types: Device Info}
{"logTime": "0926/112848", "correlationVector":"3L/VXwoWw0nhEKsXz56hyE.1","action":"SyncServerConnectionManagerRequest", "result":"SYNC_SERVER_OK", "context":{"environment":"Prod_AustraliaEast", "server":"GENERAL01000002"}}
{"logTime": "0926/112848", "correlationVector":"3L/VXwoWw0nhEKsXz56hyE.2","action":"Commit Response", "result":"SYNCER_OK", "context":Result: SYNCER_OK. cV=3L/VXwoWw0nhEKsXz56hyE.0;server=GENERAL01000002;cloudType=Multitenant;environment=Prod_AustraliaEast}
{"logTime": "0926/112849", "correlationVector":"yoAjKmfiIgFUnBuVUimDpX","action":"Commit Request", "result":"", "context":Item count: 1
Contributing types: Extensions}
{"logTime": "0926/112850", "correlationVector":"yoAjKmfiIgFUnBuVUimDpX.1","action":"SyncServerConnectionManagerRequest", "result":"SYNC_SERVER_OK", "context":{"environment":"Prod_AustraliaEast", "server":"GENERAL01000008"}}
{"logTime": "0926/112850", "correlationVector":"yoAjKmfiIgFUnBuVUimDpX.2","action":"Commit Response", "result":"SYNCER_OK", "context":Result: SYNCER_OK. cV=yoAjKmfiIgFUnBuVUimDpX.0;server=GENERAL01000008;cloudType=Multitenant;environment=Prod_AustraliaEast}
{"logTime": "0926/112850", "correlationVector":"1QPR/QqXrc4OGfqhKFdnFR","action":"Normal GetUpdate request", "result":"", "context":cV=1QPR/QqXrc4OGfqhKFdnFR
Notified types: Autofill}
{"logTime": "0926/112850", "correlationVector":"1QPR/QqXrc4OGfqhKFdnFR.1","action":"SyncServerConnectionManagerRequest", "result":"SYNC_SERVER_OK", "context":{"environment":"Prod_AustraliaEast", "server":"GENERAL01000002"}}
{"logTime": "0926/112850", "correlationVector":"1QPR/QqXrc4OGfqhKFdnFR.2","action":"GetUpdates Response", "result":"SYNCER_OK", "context":Received 2 update(s). cV=1QPR/QqXrc4OGfqhKFdnFR.0;server=GENERAL01000002;cloudType=Multitenant;environment=Prod_AustraliaEast}
{"logTime": "0926/112854", "correlationVector":"3Vs9nEEnq1TAQGdTYzSy1S","action":"Commit Request", "result":"", "context":Item count: 1
Contributing types: Extension settings}
{"logTime": "0926/112854", "correlationVector":"3Vs9nEEnq1TAQGdTYzSy1S.1","action":"SyncServerConnectionManagerRequest", "result":"SYNC_SERVER_OK", "context":{"environment":"Prod_AustraliaEast", "server":"GENERAL01000001"}}
{"logTime": "0926/112854", "correlationVector":"3Vs9nEEnq1TAQGdTYzSy1S.2","action":"Commit Response", "result":"SYNCER_OK", "context":Result: SYNCER_OK. cV=3Vs9nEEnq1TAQGdTYzSy1S.0;server=GENERAL01000001;cloudType=Multitenant;environment=Prod_AustraliaEast}
{"logTime": "0926/113012", "correlationVector":"D4zSXEHKLQB7WMrkjAIHXT","action":"Poll GetUpdate request", "result":"", "context":cV=D4zSXEHKLQB7WMrkjAIHXT}
{"logTime": "0926/113012", "correlationVector":"D4zSXEHKLQB7WMrkjAIHXT.1","action":"SyncServerConnectionManagerRequest", "result":"SYNC_SERVER_OK", "context":{"environment":"Prod_AustraliaEast", "server":"GENERAL01000000"}}
{"logTime": "0926/113012", "correlationVector":"D4zSXEHKLQB7WMrkjAIHXT.2","action":"GetUpdates Response", "result":"SYNCER_OK", "context":Received 1 update(s). cV=D4zSXEHKLQB7WMrkjAIHXT.0;server=GENERAL01000000;cloudType=Multitenant;environment=Prod_AustraliaEast}
{"logTime": "0926/123043", "correlationVector":"9xEBYd7wJjXdyE24CzzUOd","action":"Commit Request", "result":"", "context":Item count: 1
Contributing types: Extension settings}
{"logTime": "0926/123043", "correlationVector":"9xEBYd7wJjXdyE24CzzUOd.1","action":"SyncServerConnectionManagerRequest", "result":"SYNC_SERVER_OK", "context":{"environment":"Prod_AustraliaEast", "server":"GENERAL01000004"}}
{"logTime": "0926/123043", "correlationVector":"9xEBYd7wJjXdyE24CzzUOd.2","action":"Commit Response", "result":"SYNCER_OK", "context":Result: SYNCER_OK. cV=9xEBYd7wJjXdyE24CzzUOd.0;server=GENERAL01000004;cloudType=Multitenant;environment=Prod_AustraliaEast}
{"logTime": "0926/140144", "correlationVector":"KiSD3OMRnm62RuzBgGP++f","action":"Normal GetUpdate request", "result":"", "context":cV=KiSD3OMRnm62RuzBgGP++f
Notified types: Extension settings}
{"logTime": "0926/140144", "correlationVector":"KiSD3OMRnm62RuzBgGP++f.1","action":"SyncServerConnectionManagerRequest", "result":"SYNC_AUTH_ERROR", "context":{"environment":"Prod_AustraliaEast", "server":"GENERAL01000001"}}
{"logTime": "0926/140144", "correlationVector":"KiSD3OMRnm62RuzBgGP++f.2","action":"GetUpdates Response", "result":"SYNC_AUTH_ERROR (HTTP 401)", "context":Received 0 update(s).  Some updates remain. cV=KiSD3OMRnm62RuzBgGP++f.0;server=GENERAL01000001;cloudType=Undetermined;environment=Prod_AustraliaEast}
{"logTime": "0926/140145", "correlationVector":"3FamL354/VOfLraahksjzL","action":"Normal GetUpdate request", "result":"", "context":cV=3FamL354/VOfLraahksjzL
Notified types: Extension settings}
{"logTime": "0926/140145", "correlationVector":"3FamL354/VOfLraahksjzL.1","action":"SyncServerConnectionManagerRequest", "result":"SYNC_SERVER_OK", "context":{"environment":"Prod_AustraliaEast", "server":"GENERAL01000006"}}
{"logTime": "0926/140145", "correlationVector":"3FamL354/VOfLraahksjzL.2","action":"GetUpdates Response", "result":"SYNCER_OK", "context":Received 1 update(s). cV=3FamL354/VOfLraahksjzL.0;server=GENERAL01000006;cloudType=Multitenant;environment=Prod_AustraliaEast}
