2022-10-08 12:34:51 Loading main app package /usr/lib/obsidian/obsidian.asar
2022-10-08 12:34:51 Checking for update using Github
2022-10-08 12:34:51 Success.
2022-10-08 12:34:51 Latest version is 0.15.9
2022-10-08 12:34:51 App is up to date.
2022-10-15 13:48:20 Loading main app package /usr/lib/obsidian/obsidian.asar
2022-10-15 13:48:20 Checking for update using Github
2022-10-15 13:48:21 Success.
2022-10-15 13:48:21 Latest version is 1.0.0
2022-10-15 13:48:21 App is up to date.
2022-10-17 10:40:47 Loading main app package /usr/lib/obsidian/obsidian.asar
2022-10-17 10:40:47 Checking for update using Github
2022-10-17 10:40:48 Success.
2022-10-17 10:40:48 Latest version is 1.0.0
2022-10-17 10:40:48 App is up to date.
2022-10-17 10:45:32 Loading main app package /usr/lib/obsidian/obsidian.asar
2022-10-17 10:45:32 Checking for update using Github
2022-10-17 10:45:32 Success.
2022-10-17 10:45:32 Latest version is 1.0.0
2022-10-17 10:45:32 App is up to date.
2022-10-17 11:45:32 Checking for update using Github
2022-10-17 11:45:32 Success.
2022-10-17 11:45:32 Latest version is 1.0.0
2022-10-17 11:45:32 App is up to date.
2022-10-18 10:21:40 Loading main app package /usr/lib/obsidian/obsidian.asar
2022-10-18 10:21:40 Checking for update using Github
2022-10-18 10:21:40 Success.
2022-10-18 10:21:40 Latest version is 1.0.0
2022-10-18 10:21:40 App is up to date.
2022-10-18 11:21:40 Checking for update using Github
2022-10-18 11:21:40 Success.
2022-10-18 11:21:40 Latest version is 1.0.0
2022-10-18 11:21:40 App is up to date.
2022-10-18 12:21:40 Checking for update using Github
2022-10-18 12:21:44 Success.
2022-10-18 12:21:44 Latest version is 1.0.0
2022-10-18 12:21:44 App is up to date.
2022-10-18 13:21:40 Checking for update using Github
2022-10-18 13:21:40 Success.
2022-10-18 13:21:40 Latest version is 1.0.0
2022-10-18 13:21:40 App is up to date.
2022-10-18 14:21:40 Checking for update using Github
2022-10-18 14:21:40 Success.
2022-10-18 14:21:40 Latest version is 1.0.0
2022-10-18 14:21:40 App is up to date.
2022-10-18 15:21:40 Checking for update using Github
2022-10-18 15:21:40 Success.
2022-10-18 15:21:40 Latest version is 1.0.0
2022-10-18 15:21:40 App is up to date.
2022-10-18 16:21:40 Checking for update using Github
2022-10-18 16:21:41 Success.
2022-10-18 16:21:41 Latest version is 1.0.0
2022-10-18 16:21:41 App is up to date.
2022-10-18 17:21:40 Checking for update using Github
2022-10-18 17:21:40 Success.
2022-10-18 17:21:40 Latest version is 1.0.0
2022-10-18 17:21:40 App is up to date.
2022-10-18 18:21:40 Checking for update using Github
2022-10-18 18:21:41 Success.
2022-10-18 18:21:41 Latest version is 1.0.0
2022-10-18 18:21:41 App is up to date.
2022-10-18 19:21:40 Checking for update using Github
2022-10-18 19:21:40 Success.
2022-10-18 19:21:40 Latest version is 1.0.0
2022-10-18 19:21:40 App is up to date.
2022-10-18 20:21:40 Checking for update using Github
2022-10-18 20:21:40 Success.
2022-10-18 20:21:40 Latest version is 1.0.0
2022-10-18 20:21:40 App is up to date.
2022-10-18 21:21:40 Checking for update using Github
2022-10-18 21:21:41 Success.
2022-10-18 21:21:41 Latest version is 1.0.0
2022-10-18 21:21:41 App is up to date.
2022-10-18 22:21:40 Checking for update using Github
2022-10-18 22:21:40 Success.
2022-10-18 22:21:40 Latest version is 1.0.0
2022-10-18 22:21:40 App is up to date.
2022-10-18 23:21:41 Checking for update using Github
2022-10-18 23:21:41 Success.
2022-10-18 23:21:41 Latest version is 1.0.0
2022-10-18 23:21:41 App is up to date.
2022-10-19 00:21:41 Checking for update using Github
2022-10-19 00:21:41 Success.
2022-10-19 00:21:41 Latest version is 1.0.0
2022-10-19 00:21:41 App is up to date.
2022-10-19 01:21:41 Checking for update using Github
2022-10-19 01:21:41 Success.
2022-10-19 01:21:41 Latest version is 1.0.0
2022-10-19 01:21:41 App is up to date.
2022-10-19 02:21:41 Checking for update using Github
2022-10-19 02:21:41 Success.
2022-10-19 02:21:41 Latest version is 1.0.0
2022-10-19 02:21:41 App is up to date.
2022-10-19 03:21:41 Checking for update using Github
2022-10-19 03:21:42 Success.
2022-10-19 03:21:42 Latest version is 1.0.0
2022-10-19 03:21:42 App is up to date.
2022-10-19 04:21:41 Checking for update using Github
2022-10-19 04:21:41 Success.
2022-10-19 04:21:41 Latest version is 1.0.0
2022-10-19 04:21:41 App is up to date.
2022-10-19 05:21:41 Checking for update using Github
2022-10-19 05:21:42 Success.
2022-10-19 05:21:42 Latest version is 1.0.0
2022-10-19 05:21:42 App is up to date.
2022-10-19 06:21:41 Checking for update using Github
2022-10-19 06:21:41 Success.
2022-10-19 06:21:41 Latest version is 1.0.0
2022-10-19 06:21:41 App is up to date.
2022-10-19 07:21:41 Checking for update using Github
2022-10-19 07:21:41 Success.
2022-10-19 07:21:41 Latest version is 1.0.0
2022-10-19 07:21:41 App is up to date.
2022-10-19 08:21:41 Checking for update using Github
2022-10-19 08:21:41 Success.
2022-10-19 08:21:41 Latest version is 1.0.0
2022-10-19 08:21:41 App is up to date.
2022-10-19 09:21:41 Checking for update using Github
2022-10-19 09:21:42 Success.
2022-10-19 09:21:42 Latest version is 1.0.0
2022-10-19 09:21:42 App is up to date.
2022-10-19 10:21:41 Checking for update using Github
2022-10-19 10:21:42 Success.
2022-10-19 10:21:42 Latest version is 1.0.0
2022-10-19 10:21:42 App is up to date.
2022-10-19 11:21:41 Checking for update using Github
2022-10-19 11:21:41 Success.
2022-10-19 11:21:41 Latest version is 1.0.0
2022-10-19 11:21:41 App is up to date.
2022-10-19 12:21:41 Checking for update using Github
2022-10-19 12:21:42 Success.
2022-10-19 12:21:42 Latest version is 1.0.0
2022-10-19 12:21:42 App is up to date.
2022-10-19 13:21:41 Checking for update using Github
2022-10-19 13:21:42 Success.
2022-10-19 13:21:42 Latest version is 1.0.0
2022-10-19 13:21:42 App is up to date.
2022-10-19 14:21:41 Checking for update using Github
2022-10-19 14:21:42 Success.
2022-10-19 14:21:42 Latest version is 1.0.0
2022-10-19 14:21:42 App is up to date.
2022-10-19 15:21:41 Checking for update using Github
2022-10-19 15:21:42 Success.
2022-10-19 15:21:42 Latest version is 1.0.0
2022-10-19 15:21:42 App is up to date.
2022-10-19 16:21:42 Checking for update using Github
2022-10-19 16:21:42 Success.
2022-10-19 16:21:42 Latest version is 1.0.0
2022-10-19 16:21:42 App is up to date.
2022-10-19 17:21:42 Checking for update using Github
2022-10-19 17:21:42 Success.
2022-10-19 17:21:42 Latest version is 1.0.0
2022-10-19 17:21:42 App is up to date.
2022-10-19 18:21:42 Checking for update using Github
2022-10-19 18:21:42 Success.
2022-10-19 18:21:42 Latest version is 1.0.0
2022-10-19 18:21:42 App is up to date.
2022-10-19 19:21:42 Checking for update using Github
2022-10-19 19:21:42 Success.
2022-10-19 19:21:42 Latest version is 1.0.0
2022-10-19 19:21:42 App is up to date.
2022-10-19 20:21:42 Checking for update using Github
2022-10-19 20:21:42 Success.
2022-10-19 20:21:42 Latest version is 1.0.0
2022-10-19 20:21:42 App is up to date.
2022-10-19 21:21:42 Checking for update using Github
2022-10-19 21:21:43 Success.
2022-10-19 21:21:43 Latest version is 1.0.0
2022-10-19 21:21:43 App is up to date.
2022-10-19 22:21:42 Checking for update using Github
2022-10-19 22:21:43 Success.
2022-10-19 22:21:43 Latest version is 1.0.0
2022-10-19 22:21:43 App is up to date.
2022-10-19 23:21:42 Checking for update using Github
2022-10-19 23:21:43 Success.
2022-10-19 23:21:43 Latest version is 1.0.0
2022-10-19 23:21:43 App is up to date.
2022-10-20 00:21:42 Checking for update using Github
2022-10-20 00:21:43 Success.
2022-10-20 00:21:43 Latest version is 1.0.0
2022-10-20 00:21:43 App is up to date.
2022-10-20 01:21:42 Checking for update using Github
2022-10-20 01:21:42 Success.
2022-10-20 01:21:42 Latest version is 1.0.0
2022-10-20 01:21:42 App is up to date.
2022-10-20 02:21:42 Checking for update using Github
2022-10-20 02:21:43 Success.
2022-10-20 02:21:43 Latest version is 1.0.0
2022-10-20 02:21:43 App is up to date.
2022-10-20 03:21:42 Checking for update using Github
2022-10-20 03:21:42 Success.
2022-10-20 03:21:42 Latest version is 1.0.0
2022-10-20 03:21:42 App is up to date.
2022-10-20 04:21:42 Checking for update using Github
2022-10-20 04:21:43 Success.
2022-10-20 04:21:43 Latest version is 1.0.0
2022-10-20 04:21:43 App is up to date.
2022-10-20 05:21:42 Checking for update using Github
2022-10-20 05:21:43 Success.
2022-10-20 05:21:43 Latest version is 1.0.0
2022-10-20 05:21:43 App is up to date.
2022-10-20 06:21:43 Checking for update using Github
2022-10-20 06:21:43 Success.
2022-10-20 06:21:43 Latest version is 1.0.0
2022-10-20 06:21:43 App is up to date.
2022-10-20 07:21:43 Checking for update using Github
2022-10-20 07:21:43 Success.
2022-10-20 07:21:43 Latest version is 1.0.0
2022-10-20 07:21:43 App is up to date.
2022-10-20 08:21:43 Checking for update using Github
2022-10-20 08:21:43 Success.
2022-10-20 08:21:43 Latest version is 1.0.0
2022-10-20 08:21:43 App is up to date.
2022-10-20 09:21:43 Checking for update using Github
2022-10-20 09:21:43 Success.
2022-10-20 09:21:43 Latest version is 1.0.0
2022-10-20 09:21:43 App is up to date.
2022-10-20 10:51:36 Loading main app package /usr/lib/obsidian/obsidian.asar
2022-10-20 10:51:36 Checking for update using Github
2022-10-20 10:51:36 Success.
2022-10-20 10:51:36 Latest version is 1.0.0
2022-10-20 10:51:36 App is up to date.
2022-10-20 11:51:36 Checking for update using Github
2022-10-20 11:51:36 Success.
2022-10-20 11:51:36 Latest version is 1.0.0
2022-10-20 11:51:36 App is up to date.
2022-10-23 10:19:31 Loading main app package /usr/lib/obsidian/obsidian.asar
2022-10-23 10:19:31 Checking for update using Github
2022-10-23 10:19:31 Success.
2022-10-23 10:19:31 Latest version is 1.0.0
2022-10-23 10:19:31 App is up to date.
2022-10-23 11:19:31 Checking for update using Github
2022-10-23 11:19:31 Success.
2022-10-23 11:19:31 Latest version is 1.0.0
2022-10-23 11:19:31 App is up to date.
2022-10-23 12:19:31 Checking for update using Github
2022-10-23 12:19:31 Success.
2022-10-23 12:19:31 Latest version is 1.0.0
2022-10-23 12:19:31 App is up to date.
2022-10-23 13:19:31 Checking for update using Github
2022-10-23 13:19:31 Success.
2022-10-23 13:19:31 Latest version is 1.0.0
2022-10-23 13:19:31 App is up to date.
2022-10-23 14:19:31 Checking for update using Github
2022-10-23 14:19:31 Success.
2022-10-23 14:19:31 Latest version is 1.0.0
2022-10-23 14:19:31 App is up to date.
2022-10-23 15:19:31 Checking for update using Github
2022-10-23 15:19:31 Success.
2022-10-23 15:19:31 Latest version is 1.0.0
2022-10-23 15:19:31 App is up to date.
2022-10-23 16:19:31 Checking for update using Github
2022-10-23 16:19:31 Success.
2022-10-23 16:19:31 Latest version is 1.0.0
2022-10-23 16:19:31 App is up to date.
2022-10-23 17:19:31 Checking for update using Github
2022-10-23 17:19:32 Success.
2022-10-23 17:19:32 Latest version is 1.0.0
2022-10-23 17:19:32 App is up to date.
2022-10-23 18:19:31 Checking for update using Github
2022-10-23 18:19:31 Success.
2022-10-23 18:19:31 Latest version is 1.0.0
2022-10-23 18:19:31 App is up to date.
2022-10-23 19:19:31 Checking for update using Github
2022-10-23 19:19:32 Success.
2022-10-23 19:19:32 Latest version is 1.0.0
2022-10-23 19:19:32 App is up to date.
2022-10-23 20:19:31 Checking for update using Github
2022-10-23 20:19:31 Success.
2022-10-23 20:19:31 Latest version is 1.0.0
2022-10-23 20:19:31 App is up to date.
2022-10-23 21:19:31 Checking for update using Github
2022-10-23 21:19:32 Success.
2022-10-23 21:19:32 Latest version is 1.0.0
2022-10-23 21:19:32 App is up to date.
2022-10-23 22:19:31 Checking for update using Github
2022-10-23 22:19:31 Success.
2022-10-23 22:19:31 Latest version is 1.0.0
2022-10-23 22:19:31 App is up to date.
2022-10-23 23:19:31 Checking for update using Github
2022-10-23 23:19:32 Success.
2022-10-23 23:19:32 Latest version is 1.0.0
2022-10-23 23:19:32 App is up to date.
2022-10-24 00:19:31 Checking for update using Github
2022-10-24 00:19:31 Success.
2022-10-24 00:19:31 Latest version is 1.0.0
2022-10-24 00:19:31 App is up to date.
2022-10-24 01:19:31 Checking for update using Github
2022-10-24 01:19:31 Success.
2022-10-24 01:19:31 Latest version is 1.0.0
2022-10-24 01:19:31 App is up to date.
2022-10-24 02:19:32 Checking for update using Github
2022-10-24 02:19:32 Success.
2022-10-24 02:19:32 Latest version is 1.0.0
2022-10-24 02:19:32 App is up to date.
2022-10-24 03:19:32 Checking for update using Github
2022-10-24 03:19:32 Success.
2022-10-24 03:19:32 Latest version is 1.0.0
2022-10-24 03:19:32 App is up to date.
2022-10-24 04:19:32 Checking for update using Github
2022-10-24 04:19:32 Success.
2022-10-24 04:19:32 Latest version is 1.0.0
2022-10-24 04:19:32 App is up to date.
2022-10-24 05:19:32 Checking for update using Github
2022-10-24 05:19:32 Success.
2022-10-24 05:19:32 Latest version is 1.0.0
2022-10-24 05:19:32 App is up to date.
2022-10-24 06:19:32 Checking for update using Github
2022-10-24 06:19:32 Success.
2022-10-24 06:19:32 Latest version is 1.0.0
2022-10-24 06:19:32 App is up to date.
2022-10-24 07:19:32 Checking for update using Github
2022-10-24 07:19:32 Success.
2022-10-24 07:19:32 Latest version is 1.0.0
2022-10-24 07:19:32 App is up to date.
2022-10-24 08:19:32 Checking for update using Github
2022-10-24 08:19:32 Success.
2022-10-24 08:19:32 Latest version is 1.0.0
2022-10-24 08:19:32 App is up to date.
2022-10-24 09:19:32 Checking for update using Github
2022-10-24 09:19:32 Success.
2022-10-24 09:19:32 Latest version is 1.0.0
2022-10-24 09:19:32 App is up to date.
2022-10-24 10:19:32 Checking for update using Github
2022-10-24 10:19:33 Success.
2022-10-24 10:19:33 Latest version is 1.0.0
2022-10-24 10:19:33 App is up to date.
2022-10-24 11:19:32 Checking for update using Github
2022-10-24 11:19:32 Success.
2022-10-24 11:19:32 Latest version is 1.0.0
2022-10-24 11:19:32 App is up to date.
2022-10-24 12:23:46 Loading main app package /usr/lib/obsidian/obsidian.asar
2022-10-24 12:23:47 Checking for update using Github
2022-10-24 12:23:47 Success.
2022-10-24 12:23:47 Latest version is 1.0.0
2022-10-24 12:23:47 App is up to date.
2022-10-29 10:32:14 Loading main app package /usr/lib/obsidian/obsidian.asar
2022-10-29 10:32:14 Checking for update using Github
2022-10-29 10:32:15 Success.
2022-10-29 10:32:15 Latest version is 1.0.3
2022-10-29 10:32:15 Downloading update from https://github.com/obsidianmd/obsidian-releases/releases/download/v1.0.3/obsidian-1.0.3.asar.gz
2022-10-29 10:32:21 Verifying hash & signature. Size= 5638132
2022-10-29 10:32:21 Saving file
2022-10-29 10:32:21 Update complete.
2022-10-29 11:32:15 Checking for update using Github
2022-10-29 11:32:15 Success.
2022-10-29 11:32:15 Latest version is 1.0.3
2022-10-29 11:32:15 An update is already downloaded.
2022-10-29 12:32:15 Checking for update using Github
2022-10-29 12:32:15 Success.
2022-10-29 12:32:15 Latest version is 1.0.3
2022-10-29 12:32:15 An update is already downloaded.
2022-10-29 13:32:15 Checking for update using Github
2022-10-29 13:32:15 Success.
2022-10-29 13:32:15 Latest version is 1.0.3
2022-10-29 13:32:15 An update is already downloaded.
2022-10-29 14:32:15 Checking for update using Github
2022-10-29 14:32:15 Success.
2022-10-29 14:32:15 Latest version is 1.0.3
2022-10-29 14:32:15 An update is already downloaded.
2022-10-29 15:32:15 Checking for update using Github
2022-10-29 15:32:15 Success.
2022-10-29 15:32:15 Latest version is 1.0.3
2022-10-29 15:32:15 An update is already downloaded.
2022-10-29 16:32:15 Checking for update using Github
2022-10-29 16:32:15 Success.
2022-10-29 16:32:15 Latest version is 1.0.3
2022-10-29 16:32:15 An update is already downloaded.
2022-10-29 17:32:15 Checking for update using Github
2022-10-29 17:32:16 Success.
2022-10-29 17:32:16 Latest version is 1.0.3
2022-10-29 17:32:16 An update is already downloaded.
2022-10-29 18:32:15 Checking for update using Github
2022-10-29 18:32:15 Success.
2022-10-29 18:32:15 Latest version is 1.0.3
2022-10-29 18:32:15 An update is already downloaded.
2022-10-29 19:32:15 Checking for update using Github
2022-10-29 19:32:15 Success.
2022-10-29 19:32:15 Latest version is 1.0.3
2022-10-29 19:32:15 An update is already downloaded.
2022-10-29 20:32:15 Checking for update using Github
2022-10-29 20:32:15 Success.
2022-10-29 20:32:15 Latest version is 1.0.3
2022-10-29 20:32:15 An update is already downloaded.
2022-10-29 21:32:15 Checking for update using Github
2022-10-29 21:32:16 Success.
2022-10-29 21:32:16 Latest version is 1.0.3
2022-10-29 21:32:16 An update is already downloaded.
2022-10-29 22:32:15 Checking for update using Github
2022-10-29 22:32:15 Success.
2022-10-29 22:32:15 Latest version is 1.0.3
2022-10-29 22:32:15 An update is already downloaded.
2022-10-29 23:32:15 Checking for update using Github
2022-10-29 23:32:16 Success.
2022-10-29 23:32:16 Latest version is 1.0.3
2022-10-29 23:32:16 An update is already downloaded.
2022-10-30 00:32:15 Checking for update using Github
2022-10-30 00:32:16 Success.
2022-10-30 00:32:16 Latest version is 1.0.3
2022-10-30 00:32:16 An update is already downloaded.
2022-10-30 01:32:16 Checking for update using Github
2022-10-30 01:32:16 Success.
2022-10-30 01:32:16 Latest version is 1.0.3
2022-10-30 01:32:16 An update is already downloaded.
2022-10-30 02:32:16 Checking for update using Github
2022-10-30 02:32:16 Success.
2022-10-30 02:32:16 Latest version is 1.0.3
2022-10-30 02:32:16 An update is already downloaded.
2022-10-30 03:32:16 Checking for update using Github
2022-10-30 03:32:16 Success.
2022-10-30 03:32:16 Latest version is 1.0.3
2022-10-30 03:32:16 An update is already downloaded.
2022-10-30 04:32:16 Checking for update using Github
2022-10-30 04:32:16 Success.
2022-10-30 04:32:16 Latest version is 1.0.3
2022-10-30 04:32:16 An update is already downloaded.
2022-10-30 05:32:16 Checking for update using Github
2022-10-30 05:32:16 Success.
2022-10-30 05:32:16 Latest version is 1.0.3
2022-10-30 05:32:16 An update is already downloaded.
2022-10-30 06:32:16 Checking for update using Github
2022-10-30 06:32:16 Success.
2022-10-30 06:32:16 Latest version is 1.0.3
2022-10-30 06:32:16 An update is already downloaded.
2022-10-30 07:32:16 Checking for update using Github
2022-10-30 07:32:16 Success.
2022-10-30 07:32:16 Latest version is 1.0.3
2022-10-30 07:32:16 An update is already downloaded.
2022-10-30 08:32:16 Checking for update using Github
2022-10-30 08:32:17 Success.
2022-10-30 08:32:17 Latest version is 1.0.3
2022-10-30 08:32:17 An update is already downloaded.
2022-10-30 09:32:16 Checking for update using Github
2022-10-30 09:32:16 Success.
2022-10-30 09:32:16 Latest version is 1.0.3
2022-10-30 09:32:16 An update is already downloaded.
2022-10-30 10:32:16 Checking for update using Github
2022-10-30 10:32:17 Success.
2022-10-30 10:32:17 Latest version is 1.0.3
2022-10-30 10:32:17 An update is already downloaded.
2022-10-30 11:32:16 Checking for update using Github
2022-10-30 11:32:17 Success.
2022-10-30 11:32:17 Latest version is 1.0.3
2022-10-30 11:32:17 An update is already downloaded.
2022-10-30 12:32:16 Checking for update using Github
2022-10-30 12:32:17 Success.
2022-10-30 12:32:17 Latest version is 1.0.3
2022-10-30 12:32:17 An update is already downloaded.
2022-10-30 13:32:16 Checking for update using Github
2022-10-30 13:32:16 Success.
2022-10-30 13:32:16 Latest version is 1.0.3
2022-10-30 13:32:16 An update is already downloaded.
2022-10-30 14:32:16 Checking for update using Github
2022-10-30 14:32:17 Success.
2022-10-30 14:32:17 Latest version is 1.0.3
2022-10-30 14:32:17 An update is already downloaded.
2022-10-30 15:32:16 Checking for update using Github
2022-10-30 15:32:16 Success.
2022-10-30 15:32:16 Latest version is 1.0.3
2022-10-30 15:32:16 An update is already downloaded.
2022-10-30 16:32:17 Checking for update using Github
2022-10-30 16:32:17 Success.
2022-10-30 16:32:17 Latest version is 1.0.3
2022-10-30 16:32:17 An update is already downloaded.
2022-10-30 17:32:17 Checking for update using Github
2022-10-30 17:32:17 Success.
2022-10-30 17:32:17 Latest version is 1.0.3
2022-10-30 17:32:17 An update is already downloaded.
2022-10-30 18:32:17 Checking for update using Github
2022-10-30 18:32:17 Success.
2022-10-30 18:32:17 Latest version is 1.0.3
2022-10-30 18:32:17 An update is already downloaded.
2022-10-30 19:32:17 Checking for update using Github
2022-10-30 19:32:17 Success.
2022-10-30 19:32:17 Latest version is 1.0.3
2022-10-30 19:32:17 An update is already downloaded.
2022-10-30 20:32:17 Checking for update using Github
2022-10-30 20:32:17 Success.
2022-10-30 20:32:17 Latest version is 1.0.3
2022-10-30 20:32:17 An update is already downloaded.
2022-10-30 21:32:17 Checking for update using Github
2022-10-30 21:32:17 Success.
2022-10-30 21:32:17 Latest version is 1.0.3
2022-10-30 21:32:17 An update is already downloaded.
2022-10-30 22:32:17 Checking for update using Github
2022-10-30 22:32:17 Success.
2022-10-30 22:32:17 Latest version is 1.0.3
2022-10-30 22:32:17 An update is already downloaded.
2022-10-30 23:32:17 Checking for update using Github
2022-10-30 23:32:17 Success.
2022-10-30 23:32:17 Latest version is 1.0.3
2022-10-30 23:32:17 An update is already downloaded.
2022-10-31 00:32:17 Checking for update using Github
2022-10-31 00:32:17 Success.
2022-10-31 00:32:17 Latest version is 1.0.3
2022-10-31 00:32:17 An update is already downloaded.
2022-10-31 01:32:17 Checking for update using Github
2022-10-31 01:32:17 Success.
2022-10-31 01:32:17 Latest version is 1.0.3
2022-10-31 01:32:17 An update is already downloaded.
2022-10-31 02:32:17 Checking for update using Github
2022-10-31 02:32:18 Success.
2022-10-31 02:32:18 Latest version is 1.0.3
2022-10-31 02:32:18 An update is already downloaded.
2022-10-31 03:32:17 Checking for update using Github
2022-10-31 03:32:17 Success.
2022-10-31 03:32:17 Latest version is 1.0.3
2022-10-31 03:32:17 An update is already downloaded.
2022-10-31 04:32:17 Checking for update using Github
2022-10-31 04:32:17 Success.
2022-10-31 04:32:17 Latest version is 1.0.3
2022-10-31 04:32:17 An update is already downloaded.
2022-10-31 05:32:17 Checking for update using Github
2022-10-31 05:32:17 Success.
2022-10-31 05:32:17 Latest version is 1.0.3
2022-10-31 05:32:17 An update is already downloaded.
2022-10-31 06:32:17 Checking for update using Github
2022-10-31 06:32:18 Success.
2022-10-31 06:32:18 Latest version is 1.0.3
2022-10-31 06:32:18 An update is already downloaded.
2022-10-31 07:32:17 Checking for update using Github
2022-10-31 07:32:18 Success.
2022-10-31 07:32:18 Latest version is 1.0.3
2022-10-31 07:32:18 An update is already downloaded.
2022-10-31 08:32:17 Checking for update using Github
2022-10-31 08:32:18 Success.
2022-10-31 08:32:18 Latest version is 1.0.3
2022-10-31 08:32:18 An update is already downloaded.
2022-10-31 09:32:18 Checking for update using Github
2022-10-31 09:32:18 Success.
2022-10-31 09:32:18 Latest version is 1.0.3
2022-10-31 09:32:18 An update is already downloaded.
2022-10-31 10:32:18 Checking for update using Github
2022-10-31 10:32:18 Success.
2022-10-31 10:32:18 Latest version is 1.0.3
2022-10-31 10:32:18 An update is already downloaded.
2022-10-31 11:32:18 Checking for update using Github
2022-10-31 11:32:18 Success.
2022-10-31 11:32:18 Latest version is 1.0.3
2022-10-31 11:32:18 An update is already downloaded.
2022-10-31 12:53:17 Loading updated app package /home/bazza/.config/obsidian/obsidian-1.0.3.asar
2022-10-31 12:53:17 Checking for update using Github
2022-10-31 12:53:17 Success.
2022-10-31 12:53:17 Latest version is 1.0.3
2022-10-31 12:53:17 App is up to date.
2022-11-02 10:01:21 Loading updated app package /home/bazza/.config/obsidian/obsidian-1.0.3.asar
2022-11-02 10:01:21 Checking for update using Github
2022-11-02 10:01:22 Success.
2022-11-02 10:01:22 Latest version is 1.0.3
2022-11-02 10:01:22 App is up to date.
2022-11-02 11:01:21 Checking for update using Github
2022-11-02 11:01:26 Failed to check for update using Github (net::ERR_NETWORK_CHANGED)
2022-11-02 11:01:26 Checking for update using obsidian.md
2022-11-02 11:02:16 Failed to check for update using obsidian.md (net::ERR_NAME_NOT_RESOLVED)
2022-11-07 12:09:06 Loading main app package /usr/lib/obsidian/obsidian.asar
2022-11-07 12:09:06 Checking for update using Github
2022-11-07 12:09:07 Success.
2022-11-07 12:09:07 Latest version is 1.0.3
2022-11-07 12:09:07 App is up to date.
2022-11-13 01:46:51 Loading main app package /usr/lib/obsidian/obsidian.asar
2022-11-13 01:46:52 Checking for update using Github
2022-11-13 01:46:52 Success.
2022-11-13 01:46:52 Latest version is 1.0.3
2022-11-13 01:46:52 App is up to date.
2022-11-13 02:46:51 Checking for update using Github
2022-11-13 02:46:51 Success.
2022-11-13 02:46:51 Latest version is 1.0.3
2022-11-13 02:46:51 App is up to date.
2022-11-13 03:46:51 Checking for update using Github
2022-11-13 03:46:51 Success.
2022-11-13 03:46:51 Latest version is 1.0.3
2022-11-13 03:46:51 App is up to date.
2022-11-13 04:46:51 Checking for update using Github
2022-11-13 04:46:52 Success.
2022-11-13 04:46:52 Latest version is 1.0.3
2022-11-13 04:46:52 App is up to date.
2022-11-13 05:46:51 Checking for update using Github
2022-11-13 05:46:51 Success.
2022-11-13 05:46:51 Latest version is 1.0.3
2022-11-13 05:46:51 App is up to date.
2022-11-13 06:46:52 Checking for update using Github
2022-11-13 06:46:52 Success.
2022-11-13 06:46:52 Latest version is 1.0.3
2022-11-13 06:46:52 App is up to date.
2022-11-13 07:46:52 Checking for update using Github
2022-11-13 07:46:52 Success.
2022-11-13 07:46:52 Latest version is 1.0.3
2022-11-13 07:46:52 App is up to date.
2022-11-13 08:46:52 Checking for update using Github
2022-11-13 08:46:52 Success.
2022-11-13 08:46:52 Latest version is 1.0.3
2022-11-13 08:46:52 App is up to date.
2022-11-13 09:46:52 Checking for update using Github
2022-11-13 09:46:52 Success.
2022-11-13 09:46:52 Latest version is 1.0.3
2022-11-13 09:46:52 App is up to date.
2022-11-17 11:39:15 Loading main app package /usr/lib/obsidian/obsidian.asar
2022-11-17 11:39:15 Checking for update using Github
2022-11-17 11:39:15 Success.
2022-11-17 11:39:15 Latest version is 1.0.3
2022-11-17 11:39:15 App is up to date.
2022-11-17 12:39:15 Checking for update using Github
2022-11-17 12:39:15 Success.
2022-11-17 12:39:15 Latest version is 1.0.3
2022-11-17 12:39:15 App is up to date.
2022-11-17 13:39:15 Checking for update using Github
2022-11-17 13:39:15 Success.
2022-11-17 13:39:15 Latest version is 1.0.3
2022-11-17 13:39:15 App is up to date.
2022-11-17 14:39:15 Checking for update using Github
2022-11-17 14:39:15 Success.
2022-11-17 14:39:15 Latest version is 1.0.3
2022-11-17 14:39:15 App is up to date.
2022-11-17 15:39:15 Checking for update using Github
2022-11-17 15:39:15 Success.
2022-11-17 15:39:15 Latest version is 1.0.3
2022-11-17 15:39:15 App is up to date.
2022-11-17 16:39:15 Checking for update using Github
2022-11-17 16:39:15 Success.
2022-11-17 16:39:15 Latest version is 1.0.3
2022-11-17 16:39:15 App is up to date.
2022-11-17 17:39:15 Checking for update using Github
2022-11-17 17:39:16 Success.
2022-11-17 17:39:16 Latest version is 1.0.3
2022-11-17 17:39:16 App is up to date.
2022-11-17 18:39:15 Checking for update using Github
2022-11-17 18:39:16 Success.
2022-11-17 18:39:16 Latest version is 1.0.3
2022-11-17 18:39:16 App is up to date.
2022-11-17 19:39:15 Checking for update using Github
2022-11-17 19:39:16 Success.
2022-11-17 19:39:16 Latest version is 1.0.3
2022-11-17 19:39:16 App is up to date.
2022-11-17 20:39:16 Checking for update using Github
2022-11-17 20:39:16 Success.
2022-11-17 20:39:16 Latest version is 1.0.3
2022-11-17 20:39:16 App is up to date.
2022-11-17 21:39:16 Checking for update using Github
2022-11-17 21:39:16 Success.
2022-11-17 21:39:16 Latest version is 1.0.3
2022-11-17 21:39:16 App is up to date.
2022-11-17 22:39:16 Checking for update using Github
2022-11-17 22:39:16 Success.
2022-11-17 22:39:16 Latest version is 1.0.3
2022-11-17 22:39:16 App is up to date.
2022-11-17 23:39:16 Checking for update using Github
2022-11-17 23:39:16 Success.
2022-11-17 23:39:16 Latest version is 1.0.3
2022-11-17 23:39:16 App is up to date.
2022-11-18 00:39:16 Checking for update using Github
2022-11-18 00:39:16 Success.
2022-11-18 00:39:16 Latest version is 1.0.3
2022-11-18 00:39:16 App is up to date.
2022-11-18 01:39:16 Checking for update using Github
2022-11-18 01:39:16 Success.
2022-11-18 01:39:16 Latest version is 1.0.3
2022-11-18 01:39:16 App is up to date.
2022-11-18 02:39:16 Checking for update using Github
2022-11-18 02:39:16 Success.
2022-11-18 02:39:16 Latest version is 1.0.3
2022-11-18 02:39:16 App is up to date.
2022-11-18 03:39:16 Checking for update using Github
2022-11-18 03:39:17 Success.
2022-11-18 03:39:17 Latest version is 1.0.3
2022-11-18 03:39:17 App is up to date.
2022-11-18 04:39:16 Checking for update using Github
2022-11-18 04:39:17 Success.
2022-11-18 04:39:17 Latest version is 1.0.3
2022-11-18 04:39:17 App is up to date.
2022-11-18 05:39:17 Checking for update using Github
2022-11-18 05:39:17 Success.
2022-11-18 05:39:17 Latest version is 1.0.3
2022-11-18 05:39:17 App is up to date.
2022-11-18 06:39:17 Checking for update using Github
2022-11-18 06:39:17 Success.
2022-11-18 06:39:17 Latest version is 1.0.3
2022-11-18 06:39:17 App is up to date.
2022-11-18 07:39:17 Checking for update using Github
2022-11-18 07:39:17 Success.
2022-11-18 07:39:17 Latest version is 1.0.3
2022-11-18 07:39:17 App is up to date.
2022-11-18 08:39:17 Checking for update using Github
2022-11-18 08:39:17 Success.
2022-11-18 08:39:17 Latest version is 1.0.3
2022-11-18 08:39:17 App is up to date.
2022-11-18 09:39:17 Checking for update using Github
2022-11-18 09:39:17 Success.
2022-11-18 09:39:17 Latest version is 1.0.3
2022-11-18 09:39:17 App is up to date.
2022-11-18 10:39:17 Checking for update using Github
2022-11-18 10:39:17 Success.
2022-11-18 10:39:17 Latest version is 1.0.3
2022-11-18 10:39:17 App is up to date.
2022-11-18 11:39:17 Checking for update using Github
2022-11-18 11:39:17 Success.
2022-11-18 11:39:17 Latest version is 1.0.3
2022-11-18 11:39:17 App is up to date.
2022-11-18 12:39:17 Checking for update using Github
2022-11-18 12:39:17 Success.
2022-11-18 12:39:17 Latest version is 1.0.3
2022-11-18 12:39:17 App is up to date.
2022-11-18 13:39:17 Checking for update using Github
2022-11-18 13:39:17 Success.
2022-11-18 13:39:17 Latest version is 1.0.3
2022-11-18 13:39:17 App is up to date.
2022-11-18 14:39:17 Checking for update using Github
2022-11-18 14:39:17 Success.
2022-11-18 14:39:17 Latest version is 1.0.3
2022-11-18 14:39:17 App is up to date.
2022-11-18 15:39:17 Checking for update using Github
2022-11-18 15:39:18 Success.
2022-11-18 15:39:18 Latest version is 1.0.3
2022-11-18 15:39:18 App is up to date.
2022-11-18 16:39:17 Checking for update using Github
2022-11-18 16:39:18 Success.
2022-11-18 16:39:18 Latest version is 1.0.3
2022-11-18 16:39:18 App is up to date.
2022-11-18 17:39:18 Checking for update using Github
2022-11-18 17:39:18 Success.
2022-11-18 17:39:18 Latest version is 1.0.3
2022-11-18 17:39:18 App is up to date.
2022-11-18 18:39:18 Checking for update using Github
2022-11-18 18:39:18 Success.
2022-11-18 18:39:18 Latest version is 1.0.3
2022-11-18 18:39:18 App is up to date.
2022-11-18 19:39:18 Checking for update using Github
2022-11-18 19:39:18 Success.
2022-11-18 19:39:18 Latest version is 1.0.3
2022-11-18 19:39:18 App is up to date.
2022-11-18 20:39:18 Checking for update using Github
2022-11-18 20:39:18 Success.
2022-11-18 20:39:18 Latest version is 1.0.3
2022-11-18 20:39:18 App is up to date.
2022-11-18 21:39:18 Checking for update using Github
2022-11-18 21:39:18 Success.
2022-11-18 21:39:18 Latest version is 1.0.3
2022-11-18 21:39:18 App is up to date.
2022-11-18 22:39:18 Checking for update using Github
2022-11-18 22:39:18 Success.
2022-11-18 22:39:18 Latest version is 1.0.3
2022-11-18 22:39:18 App is up to date.
2022-11-18 23:39:18 Checking for update using Github
2022-11-18 23:39:18 Success.
2022-11-18 23:39:18 Latest version is 1.0.3
2022-11-18 23:39:18 App is up to date.
2022-11-19 00:39:18 Checking for update using Github
2022-11-19 00:39:18 Success.
2022-11-19 00:39:18 Latest version is 1.0.3
2022-11-19 00:39:18 App is up to date.
2022-11-19 01:39:18 Checking for update using Github
2022-11-19 01:39:19 Success.
2022-11-19 01:39:19 Latest version is 1.0.3
2022-11-19 01:39:19 App is up to date.
2022-11-19 02:39:18 Checking for update using Github
2022-11-19 02:39:19 Success.
2022-11-19 02:39:19 Latest version is 1.0.3
2022-11-19 02:39:19 App is up to date.
2022-11-19 03:39:19 Checking for update using Github
2022-11-19 03:39:19 Success.
2022-11-19 03:39:19 Latest version is 1.0.3
2022-11-19 03:39:19 App is up to date.
2022-11-19 04:39:19 Checking for update using Github
2022-11-19 04:39:19 Success.
2022-11-19 04:39:19 Latest version is 1.0.3
2022-11-19 04:39:19 App is up to date.
2022-11-19 05:39:19 Checking for update using Github
2022-11-19 05:39:19 Success.
2022-11-19 05:39:19 Latest version is 1.0.3
2022-11-19 05:39:19 App is up to date.
2022-11-19 06:39:19 Checking for update using Github
2022-11-19 06:39:19 Success.
2022-11-19 06:39:19 Latest version is 1.0.3
2022-11-19 06:39:19 App is up to date.
2022-11-26 22:31:58 Loading main app package /usr/lib/obsidian/obsidian.asar
2022-11-26 22:31:58 Checking for update using Github
2022-11-26 22:31:59 Success.
2022-11-26 22:31:59 Latest version is 1.0.3
2022-11-26 22:31:59 App is up to date.
2022-11-26 23:31:58 Checking for update using Github
2022-11-26 23:31:58 Success.
2022-11-26 23:31:58 Latest version is 1.0.3
2022-11-26 23:31:58 App is up to date.
2022-11-27 00:31:58 Checking for update using Github
2022-11-27 00:31:58 Success.
2022-11-27 00:31:58 Latest version is 1.0.3
2022-11-27 00:31:58 App is up to date.
2022-11-27 01:31:58 Checking for update using Github
2022-11-27 01:31:58 Success.
2022-11-27 01:31:58 Latest version is 1.0.3
2022-11-27 01:31:58 App is up to date.
2022-11-27 02:31:58 Checking for update using Github
2022-11-27 02:31:58 Success.
2022-11-27 02:31:58 Latest version is 1.0.3
2022-11-27 02:31:58 App is up to date.
2022-11-27 03:31:58 Checking for update using Github
2022-11-27 03:31:59 Success.
2022-11-27 03:31:59 Latest version is 1.0.3
2022-11-27 03:31:59 App is up to date.
2022-11-27 04:31:58 Checking for update using Github
2022-11-27 04:31:59 Success.
2022-11-27 04:31:59 Latest version is 1.0.3
2022-11-27 04:31:59 App is up to date.
2022-11-27 05:31:59 Checking for update using Github
2022-11-27 05:31:59 Success.
2022-11-27 05:31:59 Latest version is 1.0.3
2022-11-27 05:31:59 App is up to date.
2022-11-27 06:31:59 Checking for update using Github
2022-11-27 06:31:59 Success.
2022-11-27 06:31:59 Latest version is 1.0.3
2022-11-27 06:31:59 App is up to date.
2022-11-27 07:31:59 Checking for update using Github
2022-11-27 07:31:59 Success.
2022-11-27 07:31:59 Latest version is 1.0.3
2022-11-27 07:31:59 App is up to date.
2022-11-27 08:31:59 Checking for update using Github
2022-11-27 08:31:59 Success.
2022-11-27 08:31:59 Latest version is 1.0.3
2022-11-27 08:31:59 App is up to date.
2022-11-27 09:31:59 Checking for update using Github
2022-11-27 09:31:59 Success.
2022-11-27 09:31:59 Latest version is 1.0.3
2022-11-27 09:31:59 App is up to date.
2022-11-30 00:56:46 Loading main app package /usr/lib/obsidian/obsidian.asar
2022-11-30 00:56:46 Checking for update using Github
2022-11-30 00:56:47 Success.
2022-11-30 00:56:47 Latest version is 1.0.3
2022-11-30 00:56:47 App is up to date.
2022-11-30 01:56:46 Checking for update using Github
2022-11-30 01:56:47 Success.
2022-11-30 01:56:47 Latest version is 1.0.3
2022-11-30 01:56:47 App is up to date.
2022-11-30 02:56:47 Checking for update using Github
2022-11-30 02:56:47 Success.
2022-11-30 02:56:47 Latest version is 1.0.3
2022-11-30 02:56:47 App is up to date.
2022-11-30 04:35:22 Loading main app package /usr/lib/obsidian/obsidian.asar
2022-11-30 04:35:22 Checking for update using Github
2022-11-30 04:35:22 Success.
2022-11-30 04:35:22 Latest version is 1.0.3
2022-11-30 04:35:22 App is up to date.
2022-11-30 05:35:22 Checking for update using Github
2022-11-30 05:35:22 Success.
2022-11-30 05:35:22 Latest version is 1.0.3
2022-11-30 05:35:22 App is up to date.
2022-11-30 06:35:22 Checking for update using Github
2022-11-30 06:35:22 Success.
2022-11-30 06:35:22 Latest version is 1.0.3
2022-11-30 06:35:22 App is up to date.
2022-11-30 10:13:03 Loading main app package /usr/lib/obsidian/obsidian.asar
2022-11-30 10:13:03 Checking for update using Github
2022-11-30 10:13:03 Success.
2022-11-30 10:13:03 Latest version is 1.0.3
2022-11-30 10:13:03 App is up to date.
2022-11-30 11:13:03 Checking for update using Github
2022-11-30 11:13:03 Success.
2022-11-30 11:13:03 Latest version is 1.0.3
2022-11-30 11:13:03 App is up to date.
2022-12-10 12:16:27 Loading main app package /usr/lib/obsidian/obsidian.asar
2022-12-10 12:16:27 Checking for update using Github
2022-12-10 12:16:27 Success.
2022-12-10 12:16:27 Latest version is 1.0.3
2022-12-10 12:16:27 App is up to date.
2022-12-17 09:35:04 Loading main app package /usr/lib/obsidian/obsidian.asar
2022-12-17 09:35:04 Checking for update using Github
2022-12-17 09:35:04 Success.
2022-12-17 09:35:04 Latest version is 1.0.3
2022-12-17 09:35:04 App is up to date.
2022-12-17 10:35:04 Checking for update using Github
2022-12-17 10:35:04 Success.
2022-12-17 10:35:04 Latest version is 1.0.3
2022-12-17 10:35:04 App is up to date.
2022-12-17 11:35:04 Checking for update using Github
2022-12-17 11:35:04 Success.
2022-12-17 11:35:04 Latest version is 1.0.3
2022-12-17 11:35:04 App is up to date.
2022-12-17 12:35:04 Checking for update using Github
2022-12-17 12:35:04 Success.
2022-12-17 12:35:04 Latest version is 1.0.3
2022-12-17 12:35:04 App is up to date.
2022-12-17 13:35:04 Checking for update using Github
2022-12-17 13:35:04 Success.
2022-12-17 13:35:04 Latest version is 1.0.3
2022-12-17 13:35:04 App is up to date.
2022-12-17 14:35:04 Checking for update using Github
2022-12-17 14:35:04 Success.
2022-12-17 14:35:04 Latest version is 1.0.3
2022-12-17 14:35:04 App is up to date.
2022-12-17 15:35:04 Checking for update using Github
2022-12-17 15:35:05 Success.
2022-12-17 15:35:05 Latest version is 1.0.3
2022-12-17 15:35:05 App is up to date.
2022-12-17 16:35:04 Checking for update using Github
2022-12-17 16:35:04 Success.
2022-12-17 16:35:04 Latest version is 1.0.3
2022-12-17 16:35:04 App is up to date.
2022-12-17 17:35:04 Checking for update using Github
2022-12-17 17:35:05 Success.
2022-12-17 17:35:05 Latest version is 1.0.3
2022-12-17 17:35:05 App is up to date.
2022-12-17 18:35:04 Checking for update using Github
2022-12-17 18:35:05 Success.
2022-12-17 18:35:05 Latest version is 1.0.3
2022-12-17 18:35:05 App is up to date.
2022-12-17 19:35:04 Checking for update using Github
2022-12-17 19:35:05 Success.
2022-12-17 19:35:05 Latest version is 1.0.3
2022-12-17 19:35:05 App is up to date.
2022-12-17 20:35:05 Checking for update using Github
2022-12-17 20:35:05 Success.
2022-12-17 20:35:05 Latest version is 1.0.3
2022-12-17 20:35:05 App is up to date.
2022-12-17 21:35:05 Checking for update using Github
2022-12-17 21:35:05 Success.
2022-12-17 21:35:05 Latest version is 1.0.3
2022-12-17 21:35:05 App is up to date.
2022-12-17 22:35:05 Checking for update using Github
2022-12-17 22:35:05 Success.
2022-12-17 22:35:05 Latest version is 1.0.3
2022-12-17 22:35:05 App is up to date.
2022-12-17 23:35:05 Checking for update using Github
2022-12-17 23:35:05 Success.
2022-12-17 23:35:05 Latest version is 1.0.3
2022-12-17 23:35:05 App is up to date.
2022-12-17 23:49:41 Loading main app package /usr/lib/obsidian/obsidian.asar
2022-12-17 23:49:41 Checking for update using Github
2022-12-17 23:49:41 Success.
2022-12-17 23:49:41 Latest version is 1.0.3
2022-12-17 23:49:41 App is up to date.
2022-12-18 00:49:41 Checking for update using Github
2022-12-18 00:49:41 Success.
2022-12-18 00:49:41 Latest version is 1.0.3
2022-12-18 00:49:41 App is up to date.
2022-12-18 01:49:41 Checking for update using Github
2022-12-18 01:49:41 Success.
2022-12-18 01:49:41 Latest version is 1.0.3
2022-12-18 01:49:41 App is up to date.
2022-12-18 02:49:41 Checking for update using Github
2022-12-18 02:49:41 Success.
2022-12-18 02:49:41 Latest version is 1.0.3
2022-12-18 02:49:41 App is up to date.
2022-12-18 03:49:41 Checking for update using Github
2022-12-18 03:49:41 Success.
2022-12-18 03:49:41 Latest version is 1.0.3
2022-12-18 03:49:41 App is up to date.
2022-12-18 04:49:41 Checking for update using Github
2022-12-18 04:49:41 Success.
2022-12-18 04:49:41 Latest version is 1.0.3
2022-12-18 04:49:41 App is up to date.
2022-12-18 05:49:41 Checking for update using Github
2022-12-18 05:49:41 Success.
2022-12-18 05:49:41 Latest version is 1.0.3
2022-12-18 05:49:41 App is up to date.
2022-12-20 11:56:15 Loading main app package /usr/lib/obsidian/obsidian.asar
2022-12-20 11:56:15 Checking for update using Github
2022-12-20 11:56:16 Success.
2022-12-20 11:56:16 Latest version is 1.0.3
2022-12-20 11:56:16 App is up to date.
2022-12-20 11:58:30 Loading main app package /usr/lib/obsidian/obsidian.asar
2022-12-20 11:58:30 Checking for update using Github
2022-12-20 11:58:30 Success.
2022-12-20 11:58:30 Latest version is 1.0.3
2022-12-20 11:58:30 App is up to date.
2022-12-20 12:58:30 Checking for update using Github
2022-12-20 12:58:30 Success.
2022-12-20 12:58:30 Latest version is 1.0.3
2022-12-20 12:58:30 App is up to date.
2022-12-20 13:58:30 Checking for update using Github
2022-12-20 13:58:30 Success.
2022-12-20 13:58:30 Latest version is 1.0.3
2022-12-20 13:58:30 App is up to date.
2022-12-20 14:58:30 Checking for update using Github
2022-12-20 14:58:30 Success.
2022-12-20 14:58:30 Latest version is 1.1.8
2022-12-20 14:58:30 Downloading update from https://github.com/obsidianmd/obsidian-releases/releases/download/v1.1.8/obsidian-1.1.8.asar.gz
2022-12-20 14:58:33 Verifying hash & signature. Size= 5753499
2022-12-20 14:58:33 Saving file
2022-12-20 14:58:33 Update complete.
2022-12-20 15:58:30 Checking for update using Github
2022-12-20 15:58:30 Success.
2022-12-20 15:58:30 Latest version is 1.1.8
2022-12-20 15:58:30 An update is already downloaded.
2022-12-20 16:58:30 Checking for update using Github
2022-12-20 16:58:31 Success.
2022-12-20 16:58:31 Latest version is 1.1.8
2022-12-20 16:58:31 An update is already downloaded.
2022-12-20 17:58:30 Checking for update using Github
2022-12-20 17:58:31 Success.
2022-12-20 17:58:31 Latest version is 1.1.8
2022-12-20 17:58:31 An update is already downloaded.
2022-12-20 18:58:31 Checking for update using Github
2022-12-20 18:58:31 Success.
2022-12-20 18:58:31 Latest version is 1.1.8
2022-12-20 18:58:31 An update is already downloaded.
2022-12-20 19:58:31 Checking for update using Github
2022-12-20 19:58:31 Success.
2022-12-20 19:58:31 Latest version is 1.1.8
2022-12-20 19:58:31 An update is already downloaded.
2022-12-20 20:58:31 Checking for update using Github
2022-12-20 20:58:31 Success.
2022-12-20 20:58:31 Latest version is 1.1.8
2022-12-20 20:58:31 An update is already downloaded.
2022-12-20 21:58:31 Checking for update using Github
2022-12-20 21:58:31 Success.
2022-12-20 21:58:31 Latest version is 1.1.8
2022-12-20 21:58:31 An update is already downloaded.
2022-12-20 22:58:31 Checking for update using Github
2022-12-20 22:58:31 Success.
2022-12-20 22:58:31 Latest version is 1.1.8
2022-12-20 22:58:31 An update is already downloaded.
2022-12-20 23:58:31 Checking for update using Github
2022-12-20 23:58:31 Success.
2022-12-20 23:58:31 Latest version is 1.1.8
2022-12-20 23:58:31 An update is already downloaded.
2022-12-21 00:58:31 Checking for update using Github
2022-12-21 00:58:31 Success.
2022-12-21 00:58:31 Latest version is 1.1.8
2022-12-21 00:58:31 An update is already downloaded.
2022-12-21 01:58:31 Checking for update using Github
2022-12-21 01:58:31 Success.
2022-12-21 01:58:31 Latest version is 1.1.8
2022-12-21 01:58:31 An update is already downloaded.
2022-12-21 02:58:31 Checking for update using Github
2022-12-21 02:58:32 Success.
2022-12-21 02:58:32 Latest version is 1.1.8
2022-12-21 02:58:32 An update is already downloaded.
2022-12-21 03:58:31 Checking for update using Github
2022-12-21 03:58:31 Success.
2022-12-21 03:58:31 Latest version is 1.1.8
2022-12-21 03:58:31 An update is already downloaded.
2022-12-21 04:58:31 Checking for update using Github
2022-12-21 04:58:37 Success.
2022-12-21 04:58:37 Latest version is 1.1.8
2022-12-21 04:58:37 An update is already downloaded.
2022-12-21 05:58:32 Checking for update using Github
2022-12-21 05:58:32 Success.
2022-12-21 05:58:32 Latest version is 1.1.8
2022-12-21 05:58:32 An update is already downloaded.
2022-12-21 06:58:32 Checking for update using Github
2022-12-21 06:58:32 Success.
2022-12-21 06:58:32 Latest version is 1.1.8
2022-12-21 06:58:32 An update is already downloaded.
2022-12-21 07:58:32 Checking for update using Github
2022-12-21 07:58:32 Success.
2022-12-21 07:58:32 Latest version is 1.1.8
2022-12-21 07:58:32 An update is already downloaded.
2022-12-21 08:58:32 Checking for update using Github
2022-12-21 08:58:32 Success.
2022-12-21 08:58:32 Latest version is 1.1.8
2022-12-21 08:58:32 An update is already downloaded.
2022-12-21 09:58:32 Checking for update using Github
2022-12-21 09:58:32 Success.
2022-12-21 09:58:32 Latest version is 1.1.8
2022-12-21 09:58:32 An update is already downloaded.
2022-12-21 10:58:32 Checking for update using Github
2022-12-21 10:58:32 Success.
2022-12-21 10:58:32 Latest version is 1.1.8
2022-12-21 10:58:32 An update is already downloaded.
2022-12-21 11:58:32 Checking for update using Github
2022-12-21 11:58:32 Success.
2022-12-21 11:58:32 Latest version is 1.1.8
2022-12-21 11:58:32 An update is already downloaded.
2022-12-21 12:58:32 Checking for update using Github
2022-12-21 12:58:33 Success.
2022-12-21 12:58:33 Latest version is 1.1.8
2022-12-21 12:58:33 An update is already downloaded.
2022-12-21 13:58:32 Checking for update using Github
2022-12-21 13:58:32 Success.
2022-12-21 13:58:32 Latest version is 1.1.8
2022-12-21 13:58:32 An update is already downloaded.
2022-12-21 14:58:32 Checking for update using Github
2022-12-21 14:58:32 Success.
2022-12-21 14:58:32 Latest version is 1.1.8
2022-12-21 14:58:32 An update is already downloaded.
2022-12-21 15:58:32 Checking for update using Github
2022-12-21 15:58:33 Success.
2022-12-21 15:58:33 Latest version is 1.1.8
2022-12-21 15:58:33 An update is already downloaded.
2022-12-21 16:58:32 Checking for update using Github
2022-12-21 16:58:33 Success.
2022-12-21 16:58:33 Latest version is 1.1.8
2022-12-21 16:58:33 An update is already downloaded.
2022-12-21 17:58:33 Checking for update using Github
2022-12-21 17:58:33 Success.
2022-12-21 17:58:33 Latest version is 1.1.8
2022-12-21 17:58:33 An update is already downloaded.
2022-12-21 18:58:33 Checking for update using Github
2022-12-21 18:58:33 Success.
2022-12-21 18:58:33 Latest version is 1.1.8
2022-12-21 18:58:33 An update is already downloaded.
2022-12-21 19:58:33 Checking for update using Github
2022-12-21 19:58:33 Success.
2022-12-21 19:58:33 Latest version is 1.1.8
2022-12-21 19:58:33 An update is already downloaded.
2022-12-21 20:58:33 Checking for update using Github
2022-12-21 20:58:33 Success.
2022-12-21 20:58:33 Latest version is 1.1.8
2022-12-21 20:58:33 An update is already downloaded.
2022-12-21 21:58:33 Checking for update using Github
2022-12-21 21:58:33 Success.
2022-12-21 21:58:33 Latest version is 1.1.8
2022-12-21 21:58:33 An update is already downloaded.
2022-12-21 22:58:33 Checking for update using Github
2022-12-21 22:58:33 Success.
2022-12-21 22:58:33 Latest version is 1.1.8
2022-12-21 22:58:33 An update is already downloaded.
2022-12-21 23:58:33 Checking for update using Github
2022-12-21 23:58:33 Success.
2022-12-21 23:58:33 Latest version is 1.1.8
2022-12-21 23:58:33 An update is already downloaded.
2022-12-22 00:58:33 Checking for update using Github
2022-12-22 00:58:33 Success.
2022-12-22 00:58:33 Latest version is 1.1.8
2022-12-22 00:58:33 An update is already downloaded.
2022-12-22 01:58:33 Checking for update using Github
2022-12-22 01:58:33 Success.
2022-12-22 01:58:33 Latest version is 1.1.8
2022-12-22 01:58:33 An update is already downloaded.
2022-12-22 02:58:33 Checking for update using Github
2022-12-22 02:58:34 Success.
2022-12-22 02:58:34 Latest version is 1.1.8
2022-12-22 02:58:34 An update is already downloaded.
2022-12-22 03:58:34 Checking for update using Github
2022-12-22 03:58:34 Success.
2022-12-22 03:58:34 Latest version is 1.1.8
2022-12-22 03:58:34 An update is already downloaded.
2022-12-22 04:58:34 Checking for update using Github
2022-12-22 04:58:34 Success.
2022-12-22 04:58:34 Latest version is 1.1.8
2022-12-22 04:58:34 An update is already downloaded.
2022-12-22 05:58:34 Checking for update using Github
2022-12-22 05:58:34 Success.
2022-12-22 05:58:34 Latest version is 1.1.8
2022-12-22 05:58:34 An update is already downloaded.
2022-12-22 06:58:34 Checking for update using Github
2022-12-22 06:58:34 Success.
2022-12-22 06:58:34 Latest version is 1.1.8
2022-12-22 06:58:34 An update is already downloaded.
2022-12-22 07:58:34 Checking for update using Github
2022-12-22 07:58:34 Success.
2022-12-22 07:58:34 Latest version is 1.1.8
2022-12-22 07:58:34 An update is already downloaded.
2022-12-22 08:58:34 Checking for update using Github
2022-12-22 08:58:34 Success.
2022-12-22 08:58:34 Latest version is 1.1.8
2022-12-22 08:58:34 An update is already downloaded.
2022-12-22 09:58:34 Checking for update using Github
2022-12-22 09:58:34 Success.
2022-12-22 09:58:34 Latest version is 1.1.8
2022-12-22 09:58:34 An update is already downloaded.
2022-12-22 10:58:34 Checking for update using Github
2022-12-22 10:58:34 Success.
2022-12-22 10:58:34 Latest version is 1.1.8
2022-12-22 10:58:34 An update is already downloaded.
2022-12-22 11:58:34 Checking for update using Github
2022-12-22 11:58:34 Success.
2022-12-22 11:58:34 Latest version is 1.1.8
2022-12-22 11:58:34 An update is already downloaded.
2022-12-22 12:58:34 Checking for update using Github
2022-12-22 12:58:34 Success.
2022-12-22 12:58:34 Latest version is 1.1.8
2022-12-22 12:58:34 An update is already downloaded.
2022-12-22 13:58:34 Checking for update using Github
2022-12-22 13:58:35 Success.
2022-12-22 13:58:35 Latest version is 1.1.8
2022-12-22 13:58:35 An update is already downloaded.
2022-12-22 14:58:35 Checking for update using Github
2022-12-22 14:58:35 Success.
2022-12-22 14:58:35 Latest version is 1.1.8
2022-12-22 14:58:35 An update is already downloaded.
2022-12-22 15:58:35 Checking for update using Github
2022-12-22 15:58:35 Success.
2022-12-22 15:58:35 Latest version is 1.1.8
2022-12-22 15:58:35 An update is already downloaded.
2022-12-22 16:58:35 Checking for update using Github
2022-12-22 16:58:35 Success.
2022-12-22 16:58:35 Latest version is 1.1.8
2022-12-22 16:58:35 An update is already downloaded.
2022-12-22 17:58:35 Checking for update using Github
2022-12-22 17:58:35 Success.
2022-12-22 17:58:35 Latest version is 1.1.8
2022-12-22 17:58:35 An update is already downloaded.
2022-12-22 18:58:35 Checking for update using Github
2022-12-22 18:58:35 Success.
2022-12-22 18:58:35 Latest version is 1.1.8
2022-12-22 18:58:35 An update is already downloaded.
2022-12-22 19:58:35 Checking for update using Github
2022-12-22 19:58:35 Success.
2022-12-22 19:58:35 Latest version is 1.1.8
2022-12-22 19:58:35 An update is already downloaded.
2022-12-22 20:58:35 Checking for update using Github
2022-12-22 20:58:35 Success.
2022-12-22 20:58:35 Latest version is 1.1.8
2022-12-22 20:58:35 An update is already downloaded.
2022-12-22 21:58:35 Checking for update using Github
2022-12-22 21:58:35 Success.
2022-12-22 21:58:35 Latest version is 1.1.8
2022-12-22 21:58:35 An update is already downloaded.
2022-12-22 22:58:35 Checking for update using Github
2022-12-22 22:58:36 Success.
2022-12-22 22:58:36 Latest version is 1.1.8
2022-12-22 22:58:36 An update is already downloaded.
2022-12-22 23:58:35 Checking for update using Github
2022-12-22 23:58:35 Success.
2022-12-22 23:58:35 Latest version is 1.1.8
2022-12-22 23:58:35 An update is already downloaded.
2022-12-23 00:58:35 Checking for update using Github
2022-12-23 00:58:36 Success.
2022-12-23 00:58:36 Latest version is 1.1.8
2022-12-23 00:58:36 An update is already downloaded.
2022-12-23 01:58:36 Checking for update using Github
2022-12-23 01:58:36 Success.
2022-12-23 01:58:36 Latest version is 1.1.8
2022-12-23 01:58:36 An update is already downloaded.
2022-12-23 02:58:36 Checking for update using Github
2022-12-23 02:58:36 Success.
2022-12-23 02:58:36 Latest version is 1.1.8
2022-12-23 02:58:36 An update is already downloaded.
2022-12-23 03:58:36 Checking for update using Github
2022-12-23 03:58:36 Success.
2022-12-23 03:58:36 Latest version is 1.1.8
2022-12-23 03:58:36 An update is already downloaded.
2022-12-23 04:58:36 Checking for update using Github
2022-12-23 04:58:36 Success.
2022-12-23 04:58:36 Latest version is 1.1.8
2022-12-23 04:58:36 An update is already downloaded.
2022-12-23 05:58:36 Checking for update using Github
2022-12-23 05:58:36 Success.
2022-12-23 05:58:36 Latest version is 1.1.8
2022-12-23 05:58:36 An update is already downloaded.
2022-12-23 06:58:36 Checking for update using Github
2022-12-23 06:58:36 Success.
2022-12-23 06:58:36 Latest version is 1.1.8
2022-12-23 06:58:36 An update is already downloaded.
2022-12-23 07:58:36 Checking for update using Github
2022-12-23 07:58:36 Success.
2022-12-23 07:58:36 Latest version is 1.1.8
2022-12-23 07:58:36 An update is already downloaded.
2022-12-23 08:58:36 Checking for update using Github
2022-12-23 08:58:36 Success.
2022-12-23 08:58:36 Latest version is 1.1.8
2022-12-23 08:58:36 An update is already downloaded.
2022-12-23 09:58:36 Checking for update using Github
2022-12-23 09:58:37 Success.
2022-12-23 09:58:37 Latest version is 1.1.8
2022-12-23 09:58:37 An update is already downloaded.
2022-12-23 10:58:36 Checking for update using Github
2022-12-23 10:58:47 Success.
2022-12-23 10:58:47 Latest version is 1.1.8
2022-12-23 10:58:47 An update is already downloaded.
2022-12-23 11:58:37 Checking for update using Github
2022-12-23 11:58:37 Success.
2022-12-23 11:58:37 Latest version is 1.1.8
2022-12-23 11:58:37 An update is already downloaded.
2022-12-23 12:58:37 Checking for update using Github
2022-12-23 12:58:37 Success.
2022-12-23 12:58:37 Latest version is 1.1.8
2022-12-23 12:58:37 An update is already downloaded.
2022-12-23 13:58:37 Checking for update using Github
2022-12-23 13:58:37 Success.
2022-12-23 13:58:37 Latest version is 1.1.8
2022-12-23 13:58:37 An update is already downloaded.
2022-12-23 14:58:37 Checking for update using Github
2022-12-23 14:58:37 Success.
2022-12-23 14:58:37 Latest version is 1.1.8
2022-12-23 14:58:37 An update is already downloaded.
2022-12-23 15:58:37 Checking for update using Github
2022-12-23 15:58:37 Success.
2022-12-23 15:58:37 Latest version is 1.1.8
2022-12-23 15:58:37 An update is already downloaded.
2022-12-23 16:58:37 Checking for update using Github
2022-12-23 16:58:37 Success.
2022-12-23 16:58:37 Latest version is 1.1.8
2022-12-23 16:58:37 An update is already downloaded.
2022-12-23 17:58:37 Checking for update using Github
2022-12-23 17:58:37 Success.
2022-12-23 17:58:37 Latest version is 1.1.9
2022-12-23 17:58:37 Downloading update from https://github.com/obsidianmd/obsidian-releases/releases/download/v1.1.9/obsidian-1.1.9.asar.gz
2022-12-23 17:58:38 Verifying hash & signature. Size= 5753685
2022-12-23 17:58:38 Saving file
2022-12-23 17:58:38 Update complete.
2022-12-23 18:58:37 Checking for update using Github
2022-12-23 18:58:37 Success.
2022-12-23 18:58:37 Latest version is 1.1.9
2022-12-23 18:58:37 An update is already downloaded.
2022-12-23 19:58:37 Checking for update using Github
2022-12-23 19:58:38 Success.
2022-12-23 19:58:38 Latest version is 1.1.9
2022-12-23 19:58:38 An update is already downloaded.
2022-12-23 20:58:37 Checking for update using Github
2022-12-23 20:58:38 Success.
2022-12-23 20:58:38 Latest version is 1.1.9
2022-12-23 20:58:38 An update is already downloaded.
2022-12-23 21:58:38 Checking for update using Github
2022-12-23 21:58:38 Success.
2022-12-23 21:58:38 Latest version is 1.1.9
2022-12-23 21:58:38 An update is already downloaded.
2022-12-23 22:58:38 Checking for update using Github
2022-12-23 22:58:38 Success.
2022-12-23 22:58:38 Latest version is 1.1.9
2022-12-23 22:58:38 An update is already downloaded.
2022-12-23 23:58:38 Checking for update using Github
2022-12-23 23:58:38 Success.
2022-12-23 23:58:38 Latest version is 1.1.9
2022-12-23 23:58:38 An update is already downloaded.
2022-12-24 00:58:38 Checking for update using Github
2022-12-24 00:58:38 Success.
2022-12-24 00:58:38 Latest version is 1.1.9
2022-12-24 00:58:38 An update is already downloaded.
2022-12-24 01:58:38 Checking for update using Github
2022-12-24 01:58:38 Success.
2022-12-24 01:58:38 Latest version is 1.1.9
2022-12-24 01:58:38 An update is already downloaded.
2022-12-24 02:58:38 Checking for update using Github
2022-12-24 02:58:38 Success.
2022-12-24 02:58:38 Latest version is 1.1.9
2022-12-24 02:58:38 An update is already downloaded.
2022-12-24 03:58:38 Checking for update using Github
2022-12-24 03:58:38 Success.
2022-12-24 03:58:38 Latest version is 1.1.9
2022-12-24 03:58:38 An update is already downloaded.
2022-12-24 04:58:38 Checking for update using Github
2022-12-24 04:58:38 Success.
2022-12-24 04:58:38 Latest version is 1.1.9
2022-12-24 04:58:38 An update is already downloaded.
2022-12-24 05:58:38 Checking for update using Github
2022-12-24 05:58:39 Success.
2022-12-24 05:58:39 Latest version is 1.1.9
2022-12-24 05:58:39 An update is already downloaded.
2022-12-24 06:58:38 Checking for update using Github
2022-12-24 06:58:39 Success.
2022-12-24 06:58:39 Latest version is 1.1.9
2022-12-24 06:58:39 An update is already downloaded.
2022-12-24 07:58:38 Checking for update using Github
2022-12-24 07:58:39 Success.
2022-12-24 07:58:39 Latest version is 1.1.9
2022-12-24 07:58:39 An update is already downloaded.
2022-12-24 08:58:39 Checking for update using Github
2022-12-24 08:58:39 Success.
2022-12-24 08:58:39 Latest version is 1.1.9
2022-12-24 08:58:39 An update is already downloaded.
2022-12-24 09:58:39 Checking for update using Github
2022-12-24 09:58:39 Success.
2022-12-24 09:58:39 Latest version is 1.1.9
2022-12-24 09:58:39 An update is already downloaded.
2022-12-24 10:58:39 Checking for update using Github
2022-12-24 10:58:39 Success.
2022-12-24 10:58:39 Latest version is 1.1.9
2022-12-24 10:58:39 An update is already downloaded.
2022-12-24 11:58:39 Checking for update using Github
2022-12-24 11:58:39 Success.
2022-12-24 11:58:39 Latest version is 1.1.9
2022-12-24 11:58:39 An update is already downloaded.
2022-12-24 12:58:39 Checking for update using Github
2022-12-24 12:58:39 Success.
2022-12-24 12:58:39 Latest version is 1.1.9
2022-12-24 12:58:39 An update is already downloaded.
2022-12-24 13:58:39 Checking for update using Github
2022-12-24 13:58:39 Success.
2022-12-24 13:58:39 Latest version is 1.1.9
2022-12-24 13:58:39 An update is already downloaded.
2022-12-24 14:58:39 Checking for update using Github
2022-12-24 14:58:39 Success.
2022-12-24 14:58:39 Latest version is 1.1.9
2022-12-24 14:58:39 An update is already downloaded.
2022-12-24 15:58:39 Checking for update using Github
2022-12-24 15:58:39 Success.
2022-12-24 15:58:39 Latest version is 1.1.9
2022-12-24 15:58:39 An update is already downloaded.
2022-12-24 16:58:39 Checking for update using Github
2022-12-24 16:58:40 Success.
2022-12-24 16:58:40 Latest version is 1.1.9
2022-12-24 16:58:40 An update is already downloaded.
2022-12-24 17:58:39 Checking for update using Github
2022-12-24 17:58:40 Success.
2022-12-24 17:58:40 Latest version is 1.1.9
2022-12-24 17:58:40 An update is already downloaded.
2022-12-24 18:58:40 Checking for update using Github
2022-12-24 18:58:40 Success.
2022-12-24 18:58:40 Latest version is 1.1.9
2022-12-24 18:58:40 An update is already downloaded.
2022-12-24 19:58:40 Checking for update using Github
2022-12-24 19:58:40 Success.
2022-12-24 19:58:40 Latest version is 1.1.9
2022-12-24 19:58:40 An update is already downloaded.
2022-12-24 20:58:40 Checking for update using Github
2022-12-24 20:58:40 Success.
2022-12-24 20:58:40 Latest version is 1.1.9
2022-12-24 20:58:40 An update is already downloaded.
2022-12-24 21:58:40 Checking for update using Github
2022-12-24 21:58:40 Success.
2022-12-24 21:58:40 Latest version is 1.1.9
2022-12-24 21:58:40 An update is already downloaded.
2022-12-24 22:58:40 Checking for update using Github
2022-12-24 22:58:40 Success.
2022-12-24 22:58:40 Latest version is 1.1.9
2022-12-24 22:58:40 An update is already downloaded.
2022-12-24 23:58:40 Checking for update using Github
2022-12-24 23:58:40 Success.
2022-12-24 23:58:40 Latest version is 1.1.9
2022-12-24 23:58:40 An update is already downloaded.
2022-12-25 00:58:40 Checking for update using Github
2022-12-25 00:58:40 Success.
2022-12-25 00:58:40 Latest version is 1.1.9
2022-12-25 00:58:40 An update is already downloaded.
2022-12-25 01:58:40 Checking for update using Github
2022-12-25 01:58:40 Success.
2022-12-25 01:58:40 Latest version is 1.1.9
2022-12-25 01:58:40 An update is already downloaded.
2022-12-25 02:58:40 Checking for update using Github
2022-12-25 02:58:41 Success.
2022-12-25 02:58:41 Latest version is 1.1.9
2022-12-25 02:58:41 An update is already downloaded.
2022-12-25 03:58:40 Checking for update using Github
2022-12-25 03:58:41 Success.
2022-12-25 03:58:41 Latest version is 1.1.9
2022-12-25 03:58:41 An update is already downloaded.
2022-12-25 04:58:41 Checking for update using Github
2022-12-25 04:58:41 Success.
2022-12-25 04:58:41 Latest version is 1.1.9
2022-12-25 04:58:41 An update is already downloaded.
2022-12-25 05:58:41 Checking for update using Github
2022-12-25 05:58:41 Success.
2022-12-25 05:58:41 Latest version is 1.1.9
2022-12-25 05:58:41 An update is already downloaded.
2022-12-25 06:58:41 Checking for update using Github
2022-12-25 06:58:41 Success.
2022-12-25 06:58:41 Latest version is 1.1.9
2022-12-25 06:58:41 An update is already downloaded.
2022-12-25 07:58:41 Checking for update using Github
2022-12-25 07:58:41 Success.
2022-12-25 07:58:41 Latest version is 1.1.9
2022-12-25 07:58:41 An update is already downloaded.
2022-12-25 08:58:41 Checking for update using Github
2022-12-25 08:58:41 Success.
2022-12-25 08:58:41 Latest version is 1.1.9
2022-12-25 08:58:41 An update is already downloaded.
2022-12-25 09:58:41 Checking for update using Github
2022-12-25 09:58:41 Success.
2022-12-25 09:58:41 Latest version is 1.1.9
2022-12-25 09:58:41 An update is already downloaded.
2022-12-25 10:58:41 Checking for update using Github
2022-12-25 10:58:41 Success.
2022-12-25 10:58:41 Latest version is 1.1.9
2022-12-25 10:58:41 An update is already downloaded.
2022-12-25 11:58:41 Checking for update using Github
2022-12-25 11:58:41 Success.
2022-12-25 11:58:41 Latest version is 1.1.9
2022-12-25 11:58:41 An update is already downloaded.
2022-12-25 12:58:41 Checking for update using Github
2022-12-25 12:58:42 Success.
2022-12-25 12:58:42 Latest version is 1.1.9
2022-12-25 12:58:42 An update is already downloaded.
2022-12-25 13:58:42 Checking for update using Github
2022-12-25 13:58:42 Success.
2022-12-25 13:58:42 Latest version is 1.1.9
2022-12-25 13:58:42 An update is already downloaded.
2022-12-25 14:58:42 Checking for update using Github
2022-12-25 14:58:42 Success.
2022-12-25 14:58:42 Latest version is 1.1.9
2022-12-25 14:58:42 An update is already downloaded.
2022-12-25 15:58:42 Checking for update using Github
2022-12-25 15:58:42 Success.
2022-12-25 15:58:42 Latest version is 1.1.9
2022-12-25 15:58:42 An update is already downloaded.
2022-12-25 16:58:42 Checking for update using Github
2022-12-25 16:58:42 Success.
2022-12-25 16:58:42 Latest version is 1.1.9
2022-12-25 16:58:42 An update is already downloaded.
2022-12-25 17:58:42 Checking for update using Github
2022-12-25 17:58:42 Success.
2022-12-25 17:58:42 Latest version is 1.1.9
2022-12-25 17:58:42 An update is already downloaded.
2022-12-25 18:58:42 Checking for update using Github
2022-12-25 18:58:42 Success.
2022-12-25 18:58:42 Latest version is 1.1.9
2022-12-25 18:58:42 An update is already downloaded.
2022-12-25 19:58:42 Checking for update using Github
2022-12-25 19:58:42 Success.
2022-12-25 19:58:42 Latest version is 1.1.9
2022-12-25 19:58:42 An update is already downloaded.
2022-12-25 20:58:42 Checking for update using Github
2022-12-25 20:58:42 Success.
2022-12-25 20:58:42 Latest version is 1.1.9
2022-12-25 20:58:42 An update is already downloaded.
2022-12-25 21:58:42 Checking for update using Github
2022-12-25 21:58:43 Success.
2022-12-25 21:58:43 Latest version is 1.1.9
2022-12-25 21:58:43 An update is already downloaded.
2022-12-25 22:58:42 Checking for update using Github
2022-12-25 22:58:43 Success.
2022-12-25 22:58:43 Latest version is 1.1.9
2022-12-25 22:58:43 An update is already downloaded.
2022-12-25 23:58:43 Checking for update using Github
2022-12-25 23:58:43 Success.
2022-12-25 23:58:43 Latest version is 1.1.9
2022-12-25 23:58:43 An update is already downloaded.
2022-12-26 00:58:43 Checking for update using Github
2022-12-26 00:58:43 Success.
2022-12-26 00:58:43 Latest version is 1.1.9
2022-12-26 00:58:43 An update is already downloaded.
2022-12-26 01:58:43 Checking for update using Github
2022-12-26 01:58:43 Success.
2022-12-26 01:58:43 Latest version is 1.1.9
2022-12-26 01:58:43 An update is already downloaded.
2022-12-26 02:58:43 Checking for update using Github
2022-12-26 02:58:43 Success.
2022-12-26 02:58:43 Latest version is 1.1.9
2022-12-26 02:58:43 An update is already downloaded.
2022-12-26 03:58:43 Checking for update using Github
2022-12-26 03:58:43 Success.
2022-12-26 03:58:43 Latest version is 1.1.9
2022-12-26 03:58:43 An update is already downloaded.
2022-12-26 04:58:43 Checking for update using Github
2022-12-26 04:58:43 Success.
2022-12-26 04:58:43 Latest version is 1.1.9
2022-12-26 04:58:43 An update is already downloaded.
2022-12-26 05:58:43 Checking for update using Github
2022-12-26 05:58:43 Success.
2022-12-26 05:58:43 Latest version is 1.1.9
2022-12-26 05:58:43 An update is already downloaded.
2022-12-26 06:58:43 Checking for update using Github
2022-12-26 06:58:44 Success.
2022-12-26 06:58:44 Latest version is 1.1.9
2022-12-26 06:58:44 An update is already downloaded.
2022-12-26 07:58:43 Checking for update using Github
2022-12-26 07:58:44 Success.
2022-12-26 07:58:44 Latest version is 1.1.9
2022-12-26 07:58:44 An update is already downloaded.
2022-12-26 08:58:44 Checking for update using Github
2022-12-26 08:58:44 Success.
2022-12-26 08:58:44 Latest version is 1.1.9
2022-12-26 08:58:44 An update is already downloaded.
2022-12-26 09:58:44 Checking for update using Github
2022-12-26 09:58:44 Success.
2022-12-26 09:58:44 Latest version is 1.1.9
2022-12-26 09:58:44 An update is already downloaded.
2022-12-26 10:58:44 Checking for update using Github
2022-12-26 10:58:44 Success.
2022-12-26 10:58:44 Latest version is 1.1.9
2022-12-26 10:58:44 An update is already downloaded.
2022-12-26 11:58:44 Checking for update using Github
2022-12-26 11:58:44 Success.
2022-12-26 11:58:44 Latest version is 1.1.9
2022-12-26 11:58:44 An update is already downloaded.
2022-12-26 12:58:44 Checking for update using Github
2022-12-26 12:58:44 Success.
2022-12-26 12:58:44 Latest version is 1.1.9
2022-12-26 12:58:44 An update is already downloaded.
2022-12-26 13:58:44 Checking for update using Github
2022-12-26 13:58:44 Success.
2022-12-26 13:58:44 Latest version is 1.1.9
2022-12-26 13:58:44 An update is already downloaded.
2022-12-26 14:58:44 Checking for update using Github
2022-12-26 14:58:44 Success.
2022-12-26 14:58:44 Latest version is 1.1.9
2022-12-26 14:58:44 An update is already downloaded.
2022-12-26 15:58:44 Checking for update using Github
2022-12-26 15:58:45 Success.
2022-12-26 15:58:45 Latest version is 1.1.9
2022-12-26 15:58:45 An update is already downloaded.
2022-12-26 16:58:44 Checking for update using Github
2022-12-26 16:58:45 Success.
2022-12-26 16:58:45 Latest version is 1.1.9
2022-12-26 16:58:45 An update is already downloaded.
2022-12-26 17:58:44 Checking for update using Github
2022-12-26 17:58:45 Success.
2022-12-26 17:58:45 Latest version is 1.1.9
2022-12-26 17:58:45 An update is already downloaded.
2022-12-26 18:58:45 Checking for update using Github
2022-12-26 18:58:45 Success.
2022-12-26 18:58:45 Latest version is 1.1.9
2022-12-26 18:58:45 An update is already downloaded.
2022-12-26 19:58:45 Checking for update using Github
2022-12-26 19:58:45 Success.
2022-12-26 19:58:45 Latest version is 1.1.9
2022-12-26 19:58:45 An update is already downloaded.
2022-12-26 20:58:45 Checking for update using Github
2022-12-26 20:58:45 Success.
2022-12-26 20:58:45 Latest version is 1.1.9
2022-12-26 20:58:45 An update is already downloaded.
2023-01-02 11:12:33 Loading updated app package /home/bazza/.config/obsidian/obsidian-1.1.9.asar
2023-01-02 11:12:33 Checking for update using Github
2023-01-02 11:12:33 Success.
2023-01-02 11:12:33 Latest version is 1.1.9
2023-01-02 11:12:33 App is up to date.
2023-01-02 12:12:33 Checking for update using Github
2023-01-02 12:12:33 Success.
2023-01-02 12:12:33 Latest version is 1.1.9
2023-01-02 12:12:33 App is up to date.
