00:00:00.000726 main     VirtualBox XPCOM Server 7.0.6 r155176 linux.amd64 (Jan 17 2023 21:23:05) release log
00:00:00.000729 main     Log opened 2023-03-15T11:39:45.452160000Z
00:00:00.000730 main     Build Type: release
00:00:00.000732 main     OS Product: Linux
00:00:00.000734 main     OS Release: 6.2.1-arch1-1
00:00:00.000735 main     OS Version: #1 SMP PREEMPT_DYNAMIC Sun, 26 Feb 2023 03:39:23 +0000
00:00:00.000754 main     DMI Product Name: System Product Name
00:00:00.000759 main     DMI Product Version: System Version
00:00:00.000763 main     Firmware type: UEFI
00:00:00.000861 main     Secure Boot: Disabled
00:00:00.000889 main     Host RAM: 23313MB (22.7GB) total, 12114MB (11.8GB) available
00:00:00.000891 main     Executable: /usr/lib/virtualbox/VBoxSVC
00:00:00.000892 main     Process ID: 3495275
00:00:00.000894 main     Package type: LINUX_64BITS_GENERIC (OSE)
00:00:00.001853 main     IPC socket path: /tmp/.vbox-bazza-ipc/ipcd
00:00:00.105610 nspr-2   VirtualBox: object creation starts
00:00:00.105731 nspr-2   Home directory: '/home/bazza/.config/VirtualBox'
00:00:00.114330 nspr-2   Loading settings file "/home/bazza/.config/VirtualBox/VirtualBox.xml" with version "1.12-linux"
00:00:00.116176 nspr-2   USB: Unknown USB device detected (idVendor: 0x8087, idProduct: 0x0029)
00:00:00.116283 nspr-2   Successfully initialised host USB using sysfs
00:00:00.130893 nspr-2   NetIfAdpCtlOut: VBoxNetAdpCtl: Error while retrieving link status for vmnet1: VBoxNetAdpCtl: ioctl failed: Operation not supported
00:00:00.136541 nspr-2   NetIfAdpCtlOut: VBoxNetAdpCtl: Error while retrieving link status for vmnet2: VBoxNetAdpCtl: ioctl failed: Operation not supported
00:00:00.142398 nspr-2   NetIfAdpCtlOut: VBoxNetAdpCtl: Error while retrieving link status for vmnet3: VBoxNetAdpCtl: ioctl failed: Operation not supported
00:00:00.148150 nspr-2   NetIfAdpCtlOut: VBoxNetAdpCtl: Error while retrieving link status for vmnet4: VBoxNetAdpCtl: ioctl failed: Operation not supported
00:00:00.154149 nspr-2   NetIfAdpCtlOut: VBoxNetAdpCtl: Error while retrieving link status for vmnet5: VBoxNetAdpCtl: ioctl failed: Operation not supported
00:00:00.159794 nspr-2   NetIfAdpCtlOut: VBoxNetAdpCtl: Error while retrieving link status for vmnet6: VBoxNetAdpCtl: ioctl failed: Operation not supported
00:00:00.165415 nspr-2   NetIfAdpCtlOut: VBoxNetAdpCtl: Error while retrieving link status for vmnet7: VBoxNetAdpCtl: ioctl failed: Operation not supported
00:00:00.171307 nspr-2   NetIfAdpCtlOut: VBoxNetAdpCtl: Error while retrieving link status for vmnet8: VBoxNetAdpCtl: ioctl failed: Operation not supported
00:00:00.171854 nspr-2   HostDnsMonitor: initializing
00:00:00.172032 nspr-2   NAT: resolv.conf: nameserver 192.168.1.1
00:00:00.172045 nspr-2   NAT: resolv.conf: nameserver 2401:d002:6102:300:2e2:69ff:fe52:f9cc
00:00:00.172055 nspr-2   HostDnsMonitor: updating information
00:00:00.172067 nspr-2   HostDnsMonitor: old information
00:00:00.172071 nspr-2     no server entries
00:00:00.172075 nspr-2     no domain set
00:00:00.172079 nspr-2     no search string entries
00:00:00.172083 nspr-2   HostDnsMonitor: new information
00:00:00.172086 nspr-2     server 1: 192.168.1.1
00:00:00.172091 nspr-2     server 2: 2401:d002:6102:300:2e2:69ff:fe52:f9cc
00:00:00.172095 nspr-2     domain: home.phoenix
00:00:00.172098 nspr-2     search string 1: home.phoenix
00:00:00.173976 nspr-2   VD: VDInit finished with VINF_SUCCESS
00:00:00.174939 nspr-2   ERROR [COM]: aRC=NS_ERROR_FAILURE (0x80004005) aIID={300763af-5d6b-46e6-aa96-273eac15538a} aComponent={MachineWrap} aText={Runtime error opening '/home/bazza/VirtualBox VMs/Maui/Maui.vbox' for reading VERR_FILE_NOT_FOUND (File not found.).
00:00:00.174944 nspr-2   /build/virtualbox/src/VirtualBox-7.0.6/src/VBox/Main/src-server/MachineImpl.cpp[1025] (nsresult Machine::i_registeredInit())}, preserve=false aResultDetail=0
00:00:00.236850 nspr-2   Loading settings file "/mythz/VMs/virtb/win11/WinDev2212Eval/WinDev2212Eval.vbox" with version "1.19-linux"
00:00:00.237880 nspr-2   VirtualBox: object created
00:00:00.565788 nspr-5   ERROR [COM]: aRC=NS_ERROR_FAILURE (0x80004005) aIID={300763af-5d6b-46e6-aa96-273eac15538a} aComponent={MachineWrap} aText={Runtime error opening '/home/bazza/VirtualBox VMs/Maui/Maui.vbox' for reading VERR_FILE_NOT_FOUND (File not found.).
00:00:00.565795 nspr-5   /build/virtualbox/src/VirtualBox-7.0.6/src/VBox/Main/src-server/MachineImpl.cpp[1025] (nsresult Machine::i_registeredInit())}, preserve=false aResultDetail=0
00:00:00.566184 nspr-4   ERROR [COM]: aRC=NS_ERROR_FAILURE (0x80004005) aIID={300763af-5d6b-46e6-aa96-273eac15538a} aComponent={MachineWrap} aText={Runtime error opening '/home/bazza/VirtualBox VMs/Maui/Maui.vbox' for reading VERR_FILE_NOT_FOUND (File not found.).
00:00:00.566188 nspr-4   /build/virtualbox/src/VirtualBox-7.0.6/src/VBox/Main/src-server/MachineImpl.cpp[1025] (nsresult Machine::i_registeredInit())}, preserve=false aResultDetail=0
00:00:00.566707 nspr-4   ERROR [COM]: aRC=NS_ERROR_FAILURE (0x80004005) aIID={300763af-5d6b-46e6-aa96-273eac15538a} aComponent={MachineWrap} aText={Runtime error opening '/home/bazza/VirtualBox VMs/Maui/Maui.vbox' for reading VERR_FILE_NOT_FOUND (File not found.).
00:00:00.566710 nspr-4   /build/virtualbox/src/VirtualBox-7.0.6/src/VBox/Main/src-server/MachineImpl.cpp[1025] (nsresult Machine::i_registeredInit())}, preserve=false aResultDetail=0
00:00:00.628051 nspr-4   ERROR [COM]: aRC=E_ACCESSDENIED (0x80070005) aIID={300763af-5d6b-46e6-aa96-273eac15538a} aComponent={MachineWrap} aText={The object functionality is limited}, preserve=false aResultDetail=0
00:00:00.631777 nspr-4   ERROR [COM]: aRC=NS_ERROR_FAILURE (0x80004005) aIID={300763af-5d6b-46e6-aa96-273eac15538a} aComponent={MachineWrap} aText={Runtime error opening '/home/bazza/VirtualBox VMs/Maui/Maui.vbox' for reading VERR_FILE_NOT_FOUND (File not found.).
00:00:00.631784 nspr-4   /build/virtualbox/src/VirtualBox-7.0.6/src/VBox/Main/src-server/MachineImpl.cpp[1025] (nsresult Machine::i_registeredInit())}, preserve=false aResultDetail=0
00:00:00.651036 nspr-5   ERROR [COM]: aRC=NS_ERROR_FAILURE (0x80004005) aIID={300763af-5d6b-46e6-aa96-273eac15538a} aComponent={MachineWrap} aText={Runtime error opening '/home/bazza/VirtualBox VMs/Maui/Maui.vbox' for reading VERR_FILE_NOT_FOUND (File not found.).
00:00:00.651045 nspr-5   /build/virtualbox/src/VirtualBox-7.0.6/src/VBox/Main/src-server/MachineImpl.cpp[1025] (nsresult Machine::i_registeredInit())}, preserve=false aResultDetail=0
00:00:00.708359 nspr-4   ERROR [COM]: aRC=NS_ERROR_FAILURE (0x80004005) aIID={300763af-5d6b-46e6-aa96-273eac15538a} aComponent={MachineWrap} aText={Runtime error opening '/home/bazza/VirtualBox VMs/Maui/Maui.vbox' for reading VERR_FILE_NOT_FOUND (File not found.).
00:00:00.708366 nspr-4   /build/virtualbox/src/VirtualBox-7.0.6/src/VBox/Main/src-server/MachineImpl.cpp[1025] (nsresult Machine::i_registeredInit())}, preserve=false aResultDetail=0
00:00:00.708565 nspr-5   ERROR [COM]: aRC=E_ACCESSDENIED (0x80070005) aIID={300763af-5d6b-46e6-aa96-273eac15538a} aComponent={MachineWrap} aText={The object functionality is limited}, preserve=false aResultDetail=0
00:00:00.709245 nspr-4   ERROR [COM]: aRC=E_ACCESSDENIED (0x80070005) aIID={300763af-5d6b-46e6-aa96-273eac15538a} aComponent={MachineWrap} aText={The object functionality is limited}, preserve=false aResultDetail=0
00:00:00.710126 nspr-5   ERROR [COM]: aRC=E_ACCESSDENIED (0x80070005) aIID={300763af-5d6b-46e6-aa96-273eac15538a} aComponent={MachineWrap} aText={The object functionality is limited}, preserve=false aResultDetail=0
00:00:00.710761 nspr-4   ERROR [COM]: aRC=E_ACCESSDENIED (0x80070005) aIID={300763af-5d6b-46e6-aa96-273eac15538a} aComponent={MachineWrap} aText={The object functionality is limited}, preserve=false aResultDetail=0
00:00:00.712073 nspr-5   ERROR [COM]: aRC=NS_ERROR_FAILURE (0x80004005) aIID={300763af-5d6b-46e6-aa96-273eac15538a} aComponent={MachineWrap} aText={Runtime error opening '/home/bazza/VirtualBox VMs/Maui/Maui.vbox' for reading VERR_FILE_NOT_FOUND (File not found.).
00:00:00.712075 nspr-5   /build/virtualbox/src/VirtualBox-7.0.6/src/VBox/Main/src-server/MachineImpl.cpp[1025] (nsresult Machine::i_registeredInit())}, preserve=false aResultDetail=0
00:00:00.712909 nspr-4   ERROR [COM]: aRC=NS_ERROR_FAILURE (0x80004005) aIID={300763af-5d6b-46e6-aa96-273eac15538a} aComponent={MachineWrap} aText={Runtime error opening '/home/bazza/VirtualBox VMs/Maui/Maui.vbox' for reading VERR_FILE_NOT_FOUND (File not found.).
00:00:00.712910 nspr-4   /build/virtualbox/src/VirtualBox-7.0.6/src/VBox/Main/src-server/MachineImpl.cpp[1025] (nsresult Machine::i_registeredInit())}, preserve=false aResultDetail=0
00:00:00.713703 nspr-5   ERROR [COM]: aRC=NS_ERROR_FAILURE (0x80004005) aIID={300763af-5d6b-46e6-aa96-273eac15538a} aComponent={MachineWrap} aText={Runtime error opening '/home/bazza/VirtualBox VMs/Maui/Maui.vbox' for reading VERR_FILE_NOT_FOUND (File not found.).
00:00:00.713706 nspr-5   /build/virtualbox/src/VirtualBox-7.0.6/src/VBox/Main/src-server/MachineImpl.cpp[1025] (nsresult Machine::i_registeredInit())}, preserve=false aResultDetail=0
00:00:00.714470 nspr-4   ERROR [COM]: aRC=NS_ERROR_FAILURE (0x80004005) aIID={300763af-5d6b-46e6-aa96-273eac15538a} aComponent={MachineWrap} aText={Runtime error opening '/home/bazza/VirtualBox VMs/Maui/Maui.vbox' for reading VERR_FILE_NOT_FOUND (File not found.).
00:00:00.714472 nspr-4   /build/virtualbox/src/VirtualBox-7.0.6/src/VBox/Main/src-server/MachineImpl.cpp[1025] (nsresult Machine::i_registeredInit())}, preserve=false aResultDetail=0
00:00:00.716104 nspr-5   ERROR [COM]: aRC=NS_ERROR_FAILURE (0x80004005) aIID={300763af-5d6b-46e6-aa96-273eac15538a} aComponent={MachineWrap} aText={Runtime error opening '/home/bazza/VirtualBox VMs/Maui/Maui.vbox' for reading VERR_FILE_NOT_FOUND (File not found.).
00:00:00.716107 nspr-5   /build/virtualbox/src/VirtualBox-7.0.6/src/VBox/Main/src-server/MachineImpl.cpp[1025] (nsresult Machine::i_registeredInit())}, preserve=false aResultDetail=0
00:00:00.717303 nspr-4   ERROR [COM]: aRC=NS_ERROR_FAILURE (0x80004005) aIID={300763af-5d6b-46e6-aa96-273eac15538a} aComponent={MachineWrap} aText={Runtime error opening '/home/bazza/VirtualBox VMs/Maui/Maui.vbox' for reading VERR_FILE_NOT_FOUND (File not found.).
00:00:00.717306 nspr-4   /build/virtualbox/src/VirtualBox-7.0.6/src/VBox/Main/src-server/MachineImpl.cpp[1025] (nsresult Machine::i_registeredInit())}, preserve=false aResultDetail=0
00:00:02.483070 nspr-2   Saving settings file "/home/bazza/.config/VirtualBox/VirtualBox.xml" with version "1.12-linux"
00:00:02.507603 nspr-2   Finished saving settings file "/home/bazza/.config/VirtualBox/VirtualBox.xml"
00:00:02.531565 nspr-3   ERROR [COM]: aRC=VBOX_E_INVALID_VM_STATE (0x80bb0002) aIID={300763af-5d6b-46e6-aa96-273eac15538a} aComponent={MachineWrap} aText={The machine is not mutable (state is PoweredOff)}, preserve=false aResultDetail=0
00:00:05.482972 nspr-3   Launched VM: 2818580784 pid: 3495464 (0x355628) frontend: GUI/Qt name: WinDev2212Eval
00:00:05.495682 nspr-2   ERROR [COM]: aRC=VBOX_E_INVALID_VM_STATE (0x80bb0002) aIID={300763af-5d6b-46e6-aa96-273eac15538a} aComponent={MachineWrap} aText={The machine is not mutable (state is PoweredOff)}, preserve=false aResultDetail=0
00:00:05.638407 nspr-6   ERROR [COM]: aRC=VBOX_E_INVALID_VM_STATE (0x80bb0002) aIID={300763af-5d6b-46e6-aa96-273eac15538a} aComponent={MachineWrap} aText={The machine is not mutable (state is PoweredOff)}, preserve=false aResultDetail=0
00:00:05.954733 nspr-6   ERROR [COM]: aRC=VBOX_E_OBJECT_NOT_FOUND (0x80bb0001) aIID={70401eef-c8e9-466b-9660-45cb3e9979e4} aComponent={ExtPackManagerWrap} aText={No extension pack by the name 'Oracle VM VirtualBox Extension Pack' was found}, preserve=false aResultDetail=0
00:00:05.997861 nspr-6   ERROR [COM]: aRC=VBOX_E_IPRT_ERROR (0x80bb0005) aIID={300763af-5d6b-46e6-aa96-273eac15538a} aComponent={SessionMachine} aText={Saved screenshot data is not available (VERR_NOT_SUPPORTED)}, preserve=false aResultDetail=-37
00:00:06.022613 nspr-3   NetIfAdpCtlOut: VBoxNetAdpCtl: Error while retrieving link status for vmnet1: VBoxNetAdpCtl: ioctl failed: Operation not supported
00:00:06.028450 nspr-3   NetIfAdpCtlOut: VBoxNetAdpCtl: Error while retrieving link status for vmnet2: VBoxNetAdpCtl: ioctl failed: Operation not supported
00:00:06.034108 nspr-3   NetIfAdpCtlOut: VBoxNetAdpCtl: Error while retrieving link status for vmnet3: VBoxNetAdpCtl: ioctl failed: Operation not supported
00:00:06.040174 nspr-3   NetIfAdpCtlOut: VBoxNetAdpCtl: Error while retrieving link status for vmnet4: VBoxNetAdpCtl: ioctl failed: Operation not supported
00:00:06.045960 nspr-3   NetIfAdpCtlOut: VBoxNetAdpCtl: Error while retrieving link status for vmnet5: VBoxNetAdpCtl: ioctl failed: Operation not supported
00:00:06.051606 nspr-3   NetIfAdpCtlOut: VBoxNetAdpCtl: Error while retrieving link status for vmnet6: VBoxNetAdpCtl: ioctl failed: Operation not supported
00:00:06.057793 nspr-3   NetIfAdpCtlOut: VBoxNetAdpCtl: Error while retrieving link status for vmnet7: VBoxNetAdpCtl: ioctl failed: Operation not supported
00:00:06.063583 nspr-3   NetIfAdpCtlOut: VBoxNetAdpCtl: Error while retrieving link status for vmnet8: VBoxNetAdpCtl: ioctl failed: Operation not supported
00:00:06.196960 nspr-2   ERROR [COM]: aRC=VBOX_E_INVALID_VM_STATE (0x80bb0002) aIID={300763af-5d6b-46e6-aa96-273eac15538a} aComponent={MachineWrap} aText={The machine is not mutable (state is Starting)}, preserve=false aResultDetail=0
00:00:06.442268 nspr-2   ERROR [COM]: aRC=VBOX_E_OBJECT_NOT_FOUND (0x80bb0001) aIID={ad47ad09-787b-44ab-b343-a082a3f2dfb1} aComponent={MediumWrap} aText={Property 'CRYPT/KeyId' does not exist}, preserve=false aResultDetail=0
00:00:06.477656 nspr-2   ERROR [COM]: aRC=VBOX_E_INVALID_VM_STATE (0x80bb0002) aIID={300763af-5d6b-46e6-aa96-273eac15538a} aComponent={MachineWrap} aText={The machine is not mutable (state is Running)}, preserve=false aResultDetail=0
00:00:06.779150 nspr-6   Saving settings file "/home/bazza/.config/VirtualBox/VirtualBox.xml" with version "1.12-linux"
00:00:06.810816 nspr-6   Finished saving settings file "/home/bazza/.config/VirtualBox/VirtualBox.xml"
00:00:10.515547 nspr-8   Saving settings file "/home/bazza/.config/VirtualBox/VirtualBox.xml" with version "1.12-linux"
00:00:10.548553 nspr-8   Finished saving settings file "/home/bazza/.config/VirtualBox/VirtualBox.xml"
00:15:35.825136 nspr-5   ERROR [COM]: aRC=VBOX_E_INVALID_VM_STATE (0x80bb0002) aIID={300763af-5d6b-46e6-aa96-273eac15538a} aComponent={MachineWrap} aText={The machine is not mutable (state is Paused)}, preserve=false aResultDetail=0
00:15:50.421191 nspr-7   Saving settings file "/mythz/VMs/virtb/win11/WinDev2212Eval/WinDev2212Eval.vbox" with version "1.19-linux"
00:15:50.530824 nspr-7   Finished saving settings file "/mythz/VMs/virtb/win11/WinDev2212Eval/WinDev2212Eval.vbox"
00:15:50.565132 nspr-6   ERROR [COM]: aRC=VBOX_E_INVALID_VM_STATE (0x80bb0002) aIID={300763af-5d6b-46e6-aa96-273eac15538a} aComponent={MachineWrap} aText={The machine is not mutable (state is Running)}, preserve=false aResultDetail=0
00:19:09.893577 nspr-6   ERROR [COM]: aRC=VBOX_E_INVALID_VM_STATE (0x80bb0002) aIID={300763af-5d6b-46e6-aa96-273eac15538a} aComponent={MachineWrap} aText={The machine is not mutable (state is Stopping)}, preserve=false aResultDetail=0
00:19:10.099932 nspr-6   Saving settings file "/mythz/VMs/virtb/win11/WinDev2212Eval/WinDev2212Eval.vbox" with version "1.19-linux"
00:19:10.209474 nspr-6   Finished saving settings file "/mythz/VMs/virtb/win11/WinDev2212Eval/WinDev2212Eval.vbox"
00:19:10.228112 nspr-3   ERROR [COM]: aRC=VBOX_E_INVALID_VM_STATE (0x80bb0002) aIID={300763af-5d6b-46e6-aa96-273eac15538a} aComponent={MachineWrap} aText={The machine is not mutable (state is PoweredOff)}, preserve=false aResultDetail=0
00:19:11.615014 nspr-8   ERROR [COM]: aRC=VBOX_E_INVALID_VM_STATE (0x80bb0002) aIID={300763af-5d6b-46e6-aa96-273eac15538a} aComponent={MachineWrap} aText={The machine is not mutable (state is PoweredOff)}, preserve=false aResultDetail=0
00:29:55.055649 main     VirtualBox: object deletion starts
00:29:55.057630 main     ERROR [COM]: aRC=VBOX_E_OBJECT_IN_USE (0x80bb000c) aIID={ad47ad09-787b-44ab-b343-a082a3f2dfb1} aComponent={MediumWrap} aText={Medium '/mythz/VMs/virtb/win11/WinDev2212Eval/WinDev2212Eval-disk001.vdi' cannot be closed because it is still attached to 1 virtual machines}, preserve=false aResultDetail=0
00:29:55.058717 main     HostDnsMonitor: shutting down ...
00:29:55.058909 main     HostDnsMonitor: shut down
00:29:55.081388 Watcher  ERROR [COM]: aRC=E_ACCESSDENIED (0x80070005) aIID={7682d5eb-f00e-44f1-8ca2-99d08b1cd607} aComponent={VirtualBoxWrap} aText={The object is not ready}, preserve=false aResultDetail=0
00:29:55.081533 main     VirtualBox: object deleted
